<?xml version="1.0" encoding="utf-8"?><testsuites name="pytest tests"><testsuite name="pytest" errors="3" failures="4" skipped="0" tests="43" time="348.211" timestamp="2025-12-09T13:07:38.249484+00:00" hostname="ph-B650M-GAMING-WIFI"><testcase classname="" name="hub.apps.contracts.tests.test_edge_cases_phase15" time="0.000"><error message="collection failure">ImportError while importing test module '/home/ph/Desktop/DataInteroperabilityHub/hub/apps/contracts/tests/test_edge_cases_phase15.py'.
Hint: make sure your test modules/packages have valid Python names.
Traceback:
/home/linuxbrew/.linuxbrew/opt/python@3.14/lib/python3.14/importlib/__init__.py:88: in import_module
    return _bootstrap._gcd_import(name[level:], package, level)
           ^^^^^^^^^^^^^^^^^^^^^^^^^^^^^^^^^^^^^^^^^^^^^^^^^^^^
hub/apps/contracts/tests/test_edge_cases_phase15.py:16: in &lt;module&gt;
    from hub.apps.contracts.lineage import LineageTraverser, LineageReference, resolve_lineage_reference
E   ImportError: cannot import name 'resolve_lineage_reference' from 'hub.apps.contracts.lineage' (/home/ph/Desktop/DataInteroperabilityHub/hub/apps/contracts/lineage.py)</error></testcase><testcase classname="" name="hub.apps.contracts.tests.test_index_performance_phase15" time="0.000"><error message="collection failure">ImportError while importing test module '/home/ph/Desktop/DataInteroperabilityHub/hub/apps/contracts/tests/test_index_performance_phase15.py'.
Hint: make sure your test modules/packages have valid Python names.
Traceback:
/home/linuxbrew/.linuxbrew/opt/python@3.14/lib/python3.14/importlib/__init__.py:88: in import_module
    return _bootstrap._gcd_import(name[level:], package, level)
           ^^^^^^^^^^^^^^^^^^^^^^^^^^^^^^^^^^^^^^^^^^^^^^^^^^^^
hub/apps/contracts/tests/test_index_performance_phase15.py:21: in &lt;module&gt;
    from tests.factories import TenantFactory, UserFactory, AssetFactory
E   ImportError: cannot import name 'UserFactory' from 'tests.factories' (/home/ph/Desktop/DataInteroperabilityHub/tests/factories.py)</error></testcase><testcase classname="hub.apps.contracts.tests.test_performance.NormalizationPerformanceTest" name="test_field_property_extraction_performance" time="299.254" /><testcase classname="hub.apps.contracts.tests.test_performance.NormalizationPerformanceTest" name="test_normalization_large_contract_performance" time="0.021" /><testcase classname="hub.apps.contracts.tests.test_performance.NormalizationPerformanceTest" name="test_normalization_medium_contract_performance" time="0.005" /><testcase classname="hub.apps.contracts.tests.test_performance.NormalizationPerformanceTest" name="test_normalization_small_contract_performance" time="0.004" /><testcase classname="hub.apps.contracts.tests.test_performance.RDFMappingPerformanceTest" name="test_rdf_mapping_large_contract_performance" time="0.011" /><testcase classname="hub.apps.contracts.tests.test_performance.RDFMappingPerformanceTest" name="test_rdf_mapping_medium_contract_performance" time="0.004" /><testcase classname="hub.apps.contracts.tests.test_performance.RDFMappingPerformanceTest" name="test_rdf_mapping_small_contract_performance" time="0.003" /><testcase classname="hub.apps.contracts.tests.test_performance.APIPerformanceTest" name="test_contract_list_performance" time="34.110"><failure message="NameError: name 'settings' is not defined">hub/apps/contracts/tests/test_performance.py:504: in test_contract_list_performance
    response = self.client.get('/api/v1/contracts/')
               ^^^^^^^^^^^^^^^^^^^^^^^^^^^^^^^^^^^^^
venv-python312-test/lib/python3.14/site-packages/rest_framework/test.py:292: in get
    response = super().get(path, data=data, **extra)
               ^^^^^^^^^^^^^^^^^^^^^^^^^^^^^^^^^^^^^
venv-python312-test/lib/python3.14/site-packages/rest_framework/test.py:209: in get
    return self.generic('GET', path, **r)
           ^^^^^^^^^^^^^^^^^^^^^^^^^^^^^^
venv-python312-test/lib/python3.14/site-packages/rest_framework/test.py:237: in generic
    return super().generic(
venv-python312-test/lib/python3.14/site-packages/django/test/client.py:671: in generic
    return self.request(**r)
           ^^^^^^^^^^^^^^^^^
venv-python312-test/lib/python3.14/site-packages/rest_framework/test.py:289: in request
    return super().request(**kwargs)
           ^^^^^^^^^^^^^^^^^^^^^^^^^
venv-python312-test/lib/python3.14/site-packages/rest_framework/test.py:241: in request
    request = super().request(**kwargs)
              ^^^^^^^^^^^^^^^^^^^^^^^^^
venv-python312-test/lib/python3.14/site-packages/django/test/client.py:1082: in request
    response = self.handler(environ)
               ^^^^^^^^^^^^^^^^^^^^^
venv-python312-test/lib/python3.14/site-packages/django/test/client.py:173: in __call__
    self.load_middleware()
venv-python312-test/lib/python3.14/site-packages/django/core/handlers/base.py:41: in load_middleware
    middleware = import_string(middleware_path)
                 ^^^^^^^^^^^^^^^^^^^^^^^^^^^^^^
venv-python312-test/lib/python3.14/site-packages/django/utils/module_loading.py:30: in import_string
    return cached_import(module_path, class_name)
           ^^^^^^^^^^^^^^^^^^^^^^^^^^^^^^^^^^^^^^
venv-python312-test/lib/python3.14/site-packages/django/utils/module_loading.py:15: in cached_import
    module = import_module(module_path)
             ^^^^^^^^^^^^^^^^^^^^^^^^^^
/home/linuxbrew/.linuxbrew/opt/python@3.14/lib/python3.14/importlib/__init__.py:88: in import_module
    return _bootstrap._gcd_import(name[level:], package, level)
           ^^^^^^^^^^^^^^^^^^^^^^^^^^^^^^^^^^^^^^^^^^^^^^^^^^^^
&lt;frozen importlib._bootstrap&gt;:1398: in _gcd_import
    ???
&lt;frozen importlib._bootstrap&gt;:1371: in _find_and_load
    ???
&lt;frozen importlib._bootstrap&gt;:1342: in _find_and_load_unlocked
    ???
&lt;frozen importlib._bootstrap&gt;:938: in _load_unlocked
    ???
&lt;frozen importlib._bootstrap_external&gt;:762: in exec_module
    ???
&lt;frozen importlib._bootstrap&gt;:491: in _call_with_frames_removed
    ???
hub/apps/governance/middleware.py:8: in &lt;module&gt;
    from .access_analytics import AccessAnalyticsService, AccessLog
hub/apps/governance/access_analytics.py:19: in &lt;module&gt;
    class AccessLog(models.Model):
hub/apps/governance/access_analytics.py:31: in AccessLog
    settings.AUTH_USER_MODEL,
    ^^^^^^^^
E   NameError: name 'settings' is not defined</failure></testcase><testcase classname="hub.apps.contracts.tests.test_normalization_metrics.NormalizationMetricsTestCase" name="test_record_all_normalization_metrics" time="299.712" /><testcase classname="hub.apps.contracts.tests.test_normalization_metrics.NormalizationMetricsTestCase" name="test_record_broken_lineage_links" time="0.005" /><testcase classname="hub.apps.contracts.tests.test_normalization_metrics.NormalizationMetricsTestCase" name="test_record_broken_lineage_links_with_empty_list" time="0.001" /><testcase classname="hub.apps.contracts.tests.test_normalization_metrics.NormalizationMetricsTestCase" name="test_record_broken_lineage_links_with_none" time="0.001" /><testcase classname="hub.apps.contracts.tests.test_normalization_metrics.NormalizationMetricsTestCase" name="test_record_contract_json_size" time="0.006" /><testcase classname="hub.apps.contracts.tests.test_normalization_metrics.NormalizationMetricsTestCase" name="test_record_metrics_with_empty_contract" time="0.001" /><testcase classname="hub.apps.contracts.tests.test_normalization_metrics.NormalizationMetricsTestCase" name="test_record_metrics_with_none_contract" time="0.001" /><testcase classname="hub.apps.contracts.tests.test_normalization_metrics.NormalizationMetricsTestCase" name="test_record_metrics_without_tenant_id" time="0.001" /><testcase classname="hub.apps.contracts.tests.test_normalization_metrics.NormalizationMetricsTestCase" name="test_record_missing_objects" time="0.005" /><testcase classname="hub.apps.contracts.tests.test_normalization_metrics.NormalizationMetricsTestCase" name="test_record_normalization_coverage" time="0.005" /><testcase classname="hub.apps.contracts.tests.test_error_reporting.ErrorReportingTest" name="test_multiple_severities" time="0.014" /><testcase classname="hub.apps.contracts.tests.test_error_reporting.ErrorReportingTest" name="test_warning_structure" time="0.002" /><testcase classname="hub.apps.contracts.tests.test_cli_client.DataContractCLIClientTest" name="test_convert" time="0.011" /><testcase classname="hub.apps.contracts.tests.test_cli_client.DataContractCLIClientTest" name="test_health_check" time="0.002" /><testcase classname="hub.apps.contracts.tests.test_cli_client.DataContractCLIClientTest" name="test_lint" time="0.002" /><testcase classname="hub.apps.contracts.tests.test_cli_client.InterpretValidationStatusTest" name="test_interpret_mixed_errors_and_warnings" time="0.006" /><testcase classname="hub.apps.contracts.tests.test_cli_client.InterpretValidationStatusTest" name="test_interpret_valid_status" time="0.001" /><testcase classname="hub.apps.contracts.tests.test_cli_client.InterpretValidationStatusTest" name="test_interpret_warning_only" time="0.001" /><testcase classname="hub.apps.contracts.tests.test_cli_client.GroupErrorsByCategoryTest" name="test_group_errors_by_category" time="0.007" /><testcase classname="hub.apps.contracts.tests.test_cli_client.GroupErrorsByCategoryTest" name="test_group_errors_with_unknown_category" time="0.002" /><testcase classname="hub.apps.contracts.tests.test_error_reporting.ErrorReportingTest" name="test_error_structure" time="0.006" /><testcase classname="hub.apps.contracts.tests.test_error_reporting.ErrorReportingTest" name="test_missing_fields_in_issue" time="0.001" /><testcase classname="hub.apps.contracts.tests.test_cli_client.DataContractCLIClientTest" name="test_validate_with_errors" time="0.008" /><testcase classname="hub.apps.contracts.tests.test_cli_client.InterpretValidationStatusTest" name="test_interpret_invalid_with_errors" time="0.007" /><testcase classname="hub.apps.contracts.tests.test_performance.APIPerformanceTest" name="test_contract_list_with_sorting_performance" time="3.189"><failure message="NameError: name 'settings' is not defined">hub/apps/contracts/tests/test_performance.py:534: in test_contract_list_with_sorting_performance
    response = self.client.get('/api/v1/contracts/', {
venv-python312-test/lib/python3.14/site-packages/rest_framework/test.py:292: in get
    response = super().get(path, data=data, **extra)
               ^^^^^^^^^^^^^^^^^^^^^^^^^^^^^^^^^^^^^
venv-python312-test/lib/python3.14/site-packages/rest_framework/test.py:209: in get
    return self.generic('GET', path, **r)
           ^^^^^^^^^^^^^^^^^^^^^^^^^^^^^^
venv-python312-test/lib/python3.14/site-packages/rest_framework/test.py:237: in generic
    return super().generic(
venv-python312-test/lib/python3.14/site-packages/django/test/client.py:671: in generic
    return self.request(**r)
           ^^^^^^^^^^^^^^^^^
venv-python312-test/lib/python3.14/site-packages/rest_framework/test.py:289: in request
    return super().request(**kwargs)
           ^^^^^^^^^^^^^^^^^^^^^^^^^
venv-python312-test/lib/python3.14/site-packages/rest_framework/test.py:241: in request
    request = super().request(**kwargs)
              ^^^^^^^^^^^^^^^^^^^^^^^^^
venv-python312-test/lib/python3.14/site-packages/django/test/client.py:1082: in request
    response = self.handler(environ)
               ^^^^^^^^^^^^^^^^^^^^^
venv-python312-test/lib/python3.14/site-packages/django/test/client.py:173: in __call__
    self.load_middleware()
venv-python312-test/lib/python3.14/site-packages/django/core/handlers/base.py:41: in load_middleware
    middleware = import_string(middleware_path)
                 ^^^^^^^^^^^^^^^^^^^^^^^^^^^^^^
venv-python312-test/lib/python3.14/site-packages/django/utils/module_loading.py:30: in import_string
    return cached_import(module_path, class_name)
           ^^^^^^^^^^^^^^^^^^^^^^^^^^^^^^^^^^^^^^
venv-python312-test/lib/python3.14/site-packages/django/utils/module_loading.py:15: in cached_import
    module = import_module(module_path)
             ^^^^^^^^^^^^^^^^^^^^^^^^^^
/home/linuxbrew/.linuxbrew/opt/python@3.14/lib/python3.14/importlib/__init__.py:88: in import_module
    return _bootstrap._gcd_import(name[level:], package, level)
           ^^^^^^^^^^^^^^^^^^^^^^^^^^^^^^^^^^^^^^^^^^^^^^^^^^^^
&lt;frozen importlib._bootstrap&gt;:1398: in _gcd_import
    ???
&lt;frozen importlib._bootstrap&gt;:1371: in _find_and_load
    ???
&lt;frozen importlib._bootstrap&gt;:1342: in _find_and_load_unlocked
    ???
&lt;frozen importlib._bootstrap&gt;:938: in _load_unlocked
    ???
&lt;frozen importlib._bootstrap_external&gt;:762: in exec_module
    ???
&lt;frozen importlib._bootstrap&gt;:491: in _call_with_frames_removed
    ???
hub/apps/governance/middleware.py:8: in &lt;module&gt;
    from .access_analytics import AccessAnalyticsService, AccessLog
hub/apps/governance/access_analytics.py:19: in &lt;module&gt;
    class AccessLog(models.Model):
hub/apps/governance/access_analytics.py:31: in AccessLog
    settings.AUTH_USER_MODEL,
    ^^^^^^^^
E   NameError: name 'settings' is not defined</failure></testcase><testcase classname="hub.apps.contracts.tests.test_performance.APIPerformanceTest" name="test_contract_retrieval_performance" time="304.224"><failure message="NameError: name 'settings' is not defined">hub/apps/contracts/tests/test_performance.py:469: in test_contract_retrieval_performance
    response = self.client.get(f'/api/v1/contracts/{self.contract.id}/')
               ^^^^^^^^^^^^^^^^^^^^^^^^^^^^^^^^^^^^^^^^^^^^^^^^^^^^^^^^^
venv-python312-test/lib/python3.14/site-packages/rest_framework/test.py:292: in get
    response = super().get(path, data=data, **extra)
               ^^^^^^^^^^^^^^^^^^^^^^^^^^^^^^^^^^^^^
venv-python312-test/lib/python3.14/site-packages/rest_framework/test.py:209: in get
    return self.generic('GET', path, **r)
           ^^^^^^^^^^^^^^^^^^^^^^^^^^^^^^
venv-python312-test/lib/python3.14/site-packages/rest_framework/test.py:237: in generic
    return super().generic(
venv-python312-test/lib/python3.14/site-packages/django/test/client.py:671: in generic
    return self.request(**r)
           ^^^^^^^^^^^^^^^^^
venv-python312-test/lib/python3.14/site-packages/rest_framework/test.py:289: in request
    return super().request(**kwargs)
           ^^^^^^^^^^^^^^^^^^^^^^^^^
venv-python312-test/lib/python3.14/site-packages/rest_framework/test.py:241: in request
    request = super().request(**kwargs)
              ^^^^^^^^^^^^^^^^^^^^^^^^^
venv-python312-test/lib/python3.14/site-packages/django/test/client.py:1082: in request
    response = self.handler(environ)
               ^^^^^^^^^^^^^^^^^^^^^
venv-python312-test/lib/python3.14/site-packages/django/test/client.py:173: in __call__
    self.load_middleware()
venv-python312-test/lib/python3.14/site-packages/django/core/handlers/base.py:41: in load_middleware
    middleware = import_string(middleware_path)
                 ^^^^^^^^^^^^^^^^^^^^^^^^^^^^^^
venv-python312-test/lib/python3.14/site-packages/django/utils/module_loading.py:30: in import_string
    return cached_import(module_path, class_name)
           ^^^^^^^^^^^^^^^^^^^^^^^^^^^^^^^^^^^^^^
venv-python312-test/lib/python3.14/site-packages/django/utils/module_loading.py:15: in cached_import
    module = import_module(module_path)
             ^^^^^^^^^^^^^^^^^^^^^^^^^^
/home/linuxbrew/.linuxbrew/opt/python@3.14/lib/python3.14/importlib/__init__.py:88: in import_module
    return _bootstrap._gcd_import(name[level:], package, level)
           ^^^^^^^^^^^^^^^^^^^^^^^^^^^^^^^^^^^^^^^^^^^^^^^^^^^^
&lt;frozen importlib._bootstrap&gt;:1398: in _gcd_import
    ???
&lt;frozen importlib._bootstrap&gt;:1371: in _find_and_load
    ???
&lt;frozen importlib._bootstrap&gt;:1342: in _find_and_load_unlocked
    ???
&lt;frozen importlib._bootstrap&gt;:938: in _load_unlocked
    ???
&lt;frozen importlib._bootstrap_external&gt;:762: in exec_module
    ???
&lt;frozen importlib._bootstrap&gt;:491: in _call_with_frames_removed
    ???
hub/apps/governance/middleware.py:8: in &lt;module&gt;
    from .access_analytics import AccessAnalyticsService, AccessLog
hub/apps/governance/access_analytics.py:19: in &lt;module&gt;
    class AccessLog(models.Model):
hub/apps/governance/access_analytics.py:31: in AccessLog
    settings.AUTH_USER_MODEL,
    ^^^^^^^^
E   NameError: name 'settings' is not defined</failure></testcase><testcase classname="hub.apps.contracts.tests.test_cli_client.DataContractCLIClientTest" name="test_validate_retry_on_timeout" time="302.051" /><testcase classname="hub.apps.contracts.tests.test_cli_client.DataContractCLIClientTest" name="test_validate_success" time="0.002" /><testcase classname="hub.apps.contracts.tests.test_cli_client.DataContractCLIClientTest" name="test_validate_with_cache" time="43.467" /><testcase classname="hub.apps.contracts.tests.test_error_reporting.ErrorReportingTest" name="test_error_grouping_structure" time="42.447" /><testcase classname="hub.apps.contracts.tests.test_error_reporting.ErrorReportingTest" name="test_empty_issues" time="41.082" /><testcase classname="hub.apps.contracts.tests.test_performance.APIPerformanceTest" name="test_contract_list_with_filtering_performance" time="11.984"><failure message="NameError: name 'settings' is not defined">hub/apps/contracts/tests/test_performance.py:520: in test_contract_list_with_filtering_performance
    response = self.client.get('/api/v1/contracts/', {
venv-python312-test/lib/python3.14/site-packages/rest_framework/test.py:292: in get
    response = super().get(path, data=data, **extra)
               ^^^^^^^^^^^^^^^^^^^^^^^^^^^^^^^^^^^^^
venv-python312-test/lib/python3.14/site-packages/rest_framework/test.py:209: in get
    return self.generic('GET', path, **r)
           ^^^^^^^^^^^^^^^^^^^^^^^^^^^^^^
venv-python312-test/lib/python3.14/site-packages/rest_framework/test.py:237: in generic
    return super().generic(
venv-python312-test/lib/python3.14/site-packages/django/test/client.py:671: in generic
    return self.request(**r)
           ^^^^^^^^^^^^^^^^^
venv-python312-test/lib/python3.14/site-packages/rest_framework/test.py:289: in request
    return super().request(**kwargs)
           ^^^^^^^^^^^^^^^^^^^^^^^^^
venv-python312-test/lib/python3.14/site-packages/rest_framework/test.py:241: in request
    request = super().request(**kwargs)
              ^^^^^^^^^^^^^^^^^^^^^^^^^
venv-python312-test/lib/python3.14/site-packages/django/test/client.py:1082: in request
    response = self.handler(environ)
               ^^^^^^^^^^^^^^^^^^^^^
venv-python312-test/lib/python3.14/site-packages/django/test/client.py:173: in __call__
    self.load_middleware()
venv-python312-test/lib/python3.14/site-packages/django/core/handlers/base.py:41: in load_middleware
    middleware = import_string(middleware_path)
                 ^^^^^^^^^^^^^^^^^^^^^^^^^^^^^^
venv-python312-test/lib/python3.14/site-packages/django/utils/module_loading.py:30: in import_string
    return cached_import(module_path, class_name)
           ^^^^^^^^^^^^^^^^^^^^^^^^^^^^^^^^^^^^^^
venv-python312-test/lib/python3.14/site-packages/django/utils/module_loading.py:15: in cached_import
    module = import_module(module_path)
             ^^^^^^^^^^^^^^^^^^^^^^^^^^
/home/linuxbrew/.linuxbrew/opt/python@3.14/lib/python3.14/importlib/__init__.py:88: in import_module
    return _bootstrap._gcd_import(name[level:], package, level)
           ^^^^^^^^^^^^^^^^^^^^^^^^^^^^^^^^^^^^^^^^^^^^^^^^^^^^
&lt;frozen importlib._bootstrap&gt;:1398: in _gcd_import
    ???
&lt;frozen importlib._bootstrap&gt;:1371: in _find_and_load
    ???
&lt;frozen importlib._bootstrap&gt;:1342: in _find_and_load_unlocked
    ???
&lt;frozen importlib._bootstrap&gt;:938: in _load_unlocked
    ???
&lt;frozen importlib._bootstrap_external&gt;:762: in exec_module
    ???
&lt;frozen importlib._bootstrap&gt;:491: in _call_with_frames_removed
    ???
hub/apps/governance/middleware.py:8: in &lt;module&gt;
    from .access_analytics import AccessAnalyticsService, AccessLog
hub/apps/governance/access_analytics.py:19: in &lt;module&gt;
    class AccessLog(models.Model):
hub/apps/governance/access_analytics.py:31: in AccessLog
    settings.AUTH_USER_MODEL,
    ^^^^^^^^
E   NameError: name 'settings' is not defined</failure></testcase><testcase classname="pytest" name="internal" time="0.000"><error message="internal error">Traceback (most recent call last):
  File "/home/ph/Desktop/DataInteroperabilityHub/venv-python312-test/lib/python3.14/site-packages/coverage/sqlitedb.py", line 122, in _execute
    return self.con.execute(sql, parameters)  # type: ignore[arg-type]
           ~~~~~~~~~~~~~~~~^^^^^^^^^^^^^^^^^
sqlite3.OperationalError: no such table: file

During handling of the above exception, another exception occurred:

Traceback (most recent call last):
  File "/home/ph/Desktop/DataInteroperabilityHub/venv-python312-test/lib/python3.14/site-packages/coverage/sqlitedb.py", line 127, in _execute
    return self.con.execute(sql, parameters)  # type: ignore[arg-type]
           ~~~~~~~~~~~~~~~~^^^^^^^^^^^^^^^^^
sqlite3.OperationalError: no such table: file

The above exception was the direct cause of the following exception:

Traceback (most recent call last):
  File "/home/ph/Desktop/DataInteroperabilityHub/venv-python312-test/lib/python3.14/site-packages/_pytest/main.py", line 318, in wrap_session
    session.exitstatus = doit(config, session) or 0
                         ~~~~^^^^^^^^^^^^^^^^^
  File "/home/ph/Desktop/DataInteroperabilityHub/venv-python312-test/lib/python3.14/site-packages/_pytest/main.py", line 372, in _main
    config.hook.pytest_runtestloop(session=session)
    ~~~~~~~~~~~~~~~~~~~~~~~~~~~~~~^^^^^^^^^^^^^^^^^
  File "/home/ph/Desktop/DataInteroperabilityHub/venv-python312-test/lib/python3.14/site-packages/pluggy/_hooks.py", line 512, in __call__
    return self._hookexec(self.name, self._hookimpls.copy(), kwargs, firstresult)
           ~~~~~~~~~~~~~~^^^^^^^^^^^^^^^^^^^^^^^^^^^^^^^^^^^^^^^^^^^^^^^^^^^^^^^^
  File "/home/ph/Desktop/DataInteroperabilityHub/venv-python312-test/lib/python3.14/site-packages/pluggy/_manager.py", line 120, in _hookexec
    return self._inner_hookexec(hook_name, methods, kwargs, firstresult)
           ~~~~~~~~~~~~~~~~~~~~^^^^^^^^^^^^^^^^^^^^^^^^^^^^^^^^^^^^^^^^^
  File "/home/ph/Desktop/DataInteroperabilityHub/venv-python312-test/lib/python3.14/site-packages/pluggy/_callers.py", line 167, in _multicall
    raise exception
  File "/home/ph/Desktop/DataInteroperabilityHub/venv-python312-test/lib/python3.14/site-packages/pluggy/_callers.py", line 139, in _multicall
    teardown.throw(exception)
    ~~~~~~~~~~~~~~^^^^^^^^^^^
  File "/home/ph/Desktop/DataInteroperabilityHub/venv-python312-test/lib/python3.14/site-packages/_pytest/logging.py", line 801, in pytest_runtestloop
    return (yield)  # Run all the tests.
            ^^^^^
  File "/home/ph/Desktop/DataInteroperabilityHub/venv-python312-test/lib/python3.14/site-packages/pluggy/_callers.py", line 139, in _multicall
    teardown.throw(exception)
    ~~~~~~~~~~~~~~^^^^^^^^^^^
  File "/home/ph/Desktop/DataInteroperabilityHub/venv-python312-test/lib/python3.14/site-packages/_pytest/terminal.py", line 714, in pytest_runtestloop
    result = yield
             ^^^^^
  File "/home/ph/Desktop/DataInteroperabilityHub/venv-python312-test/lib/python3.14/site-packages/pluggy/_callers.py", line 152, in _multicall
    teardown.send(result)
    ~~~~~~~~~~~~~^^^^^^^^
  File "/home/ph/Desktop/DataInteroperabilityHub/venv-python312-test/lib/python3.14/site-packages/pytest_cov/plugin.py", line 349, in pytest_runtestloop
    self.cov_controller.finish()
    ~~~~~~~~~~~~~~~~~~~~~~~~~~^^
  File "/home/ph/Desktop/DataInteroperabilityHub/venv-python312-test/lib/python3.14/site-packages/pytest_cov/engine.py", line 55, in ensure_topdir_wrapper
    return meth(self, *args, **kwargs)
  File "/home/ph/Desktop/DataInteroperabilityHub/venv-python312-test/lib/python3.14/site-packages/pytest_cov/engine.py", line 386, in finish
    self.cov.save()
    ~~~~~~~~~~~~~^^
  File "/home/ph/Desktop/DataInteroperabilityHub/venv-python312-test/lib/python3.14/site-packages/coverage/control.py", line 847, in save
    data = self.get_data()
  File "/home/ph/Desktop/DataInteroperabilityHub/venv-python312-test/lib/python3.14/site-packages/coverage/control.py", line 928, in get_data
    self._post_save_work()
    ~~~~~~~~~~~~~~~~~~~~^^
  File "/home/ph/Desktop/DataInteroperabilityHub/venv-python312-test/lib/python3.14/site-packages/coverage/control.py", line 959, in _post_save_work
    self._data.touch_files(paths, plugin_name)
    ~~~~~~~~~~~~~~~~~~~~~~^^^^^^^^^^^^^^^^^^^^
  File "/home/ph/Desktop/DataInteroperabilityHub/venv-python312-test/lib/python3.14/site-packages/coverage/sqldata.py", line 662, in touch_files
    self._file_id(filename, add=True)
    ~~~~~~~~~~~~~^^^^^^^^^^^^^^^^^^^^
  File "/home/ph/Desktop/DataInteroperabilityHub/venv-python312-test/lib/python3.14/site-packages/coverage/sqldata.py", line 444, in _file_id
    self._file_map[filename] = con.execute_for_rowid(
                               ~~~~~~~~~~~~~~~~~~~~~^
        "INSERT OR REPLACE INTO file (path) VALUES (?)",
        ^^^^^^^^^^^^^^^^^^^^^^^^^^^^^^^^^^^^^^^^^^^^^^^^
        (filename,),
        ^^^^^^^^^^^^
    )
    ^
  File "/home/ph/Desktop/DataInteroperabilityHub/venv-python312-test/lib/python3.14/site-packages/coverage/sqlitedb.py", line 178, in execute_for_rowid
    with self.execute(sql, parameters) as cur:
         ~~~~~~~~~~~~^^^^^^^^^^^^^^^^^
  File "/home/linuxbrew/.linuxbrew/opt/python@3.14/lib/python3.14/contextlib.py", line 141, in __enter__
    return next(self.gen)
  File "/home/ph/Desktop/DataInteroperabilityHub/venv-python312-test/lib/python3.14/site-packages/coverage/sqlitedb.py", line 157, in execute
    cur = self._execute(sql, parameters)
  File "/home/ph/Desktop/DataInteroperabilityHub/venv-python312-test/lib/python3.14/site-packages/coverage/sqlitedb.py", line 145, in _execute
    raise DataError(f"Couldn't use data file {self.filename!r}: {msg}") from exc
coverage.exceptions.DataError: Couldn't use data file '/home/ph/Desktop/DataInteroperabilityHub/.coverage.ph-B650M-GAMING-WIFI.1687026.XQAoUtox': no such table: file</error></testcase></testsuite></testsuites>