<?xml version="1.0" encoding="utf-8"?><testsuites name="pytest tests"><testsuite name="pytest" errors="0" failures="83" skipped="0" tests="95" time="302.572" timestamp="2025-12-09T15:30:17.625012+00:00" hostname="ph-B650M-GAMING-WIFI"><testcase classname="test_persona_data_consumer.DataConsumerPersonaTest" name="test_data_consumer_rate_limit_per_user" time="186.751" /><testcase classname="test_persona_data_provider.DataProviderPersonaTest" name="test_data_provider_subject_to_rate_limits" time="186.669" /><testcase classname="test_persona_auditor.AuditorPersonaTest" name="test_auditor_can_read_audit_logs" time="186.674"><failure message="NameError: name 'settings' is not defined">tests/e2e/test_persona_auditor.py:207: in test_auditor_can_read_audit_logs
    response = self.client.get("/api/v1/audit/events/")
               ^^^^^^^^^^^^^^^^^^^^^^^^^^^^^^^^^^^^^^^^
venv-python312-test/lib/python3.14/site-packages/rest_framework/test.py:292: in get
    response = super().get(path, data=data, **extra)
               ^^^^^^^^^^^^^^^^^^^^^^^^^^^^^^^^^^^^^
venv-python312-test/lib/python3.14/site-packages/rest_framework/test.py:209: in get
    return self.generic('GET', path, **r)
           ^^^^^^^^^^^^^^^^^^^^^^^^^^^^^^
venv-python312-test/lib/python3.14/site-packages/rest_framework/test.py:237: in generic
    return super().generic(
venv-python312-test/lib/python3.14/site-packages/django/test/client.py:671: in generic
    return self.request(**r)
           ^^^^^^^^^^^^^^^^^
venv-python312-test/lib/python3.14/site-packages/rest_framework/test.py:289: in request
    return super().request(**kwargs)
           ^^^^^^^^^^^^^^^^^^^^^^^^^
venv-python312-test/lib/python3.14/site-packages/rest_framework/test.py:241: in request
    request = super().request(**kwargs)
              ^^^^^^^^^^^^^^^^^^^^^^^^^
venv-python312-test/lib/python3.14/site-packages/django/test/client.py:1082: in request
    response = self.handler(environ)
               ^^^^^^^^^^^^^^^^^^^^^
venv-python312-test/lib/python3.14/site-packages/django/test/client.py:173: in __call__
    self.load_middleware()
venv-python312-test/lib/python3.14/site-packages/django/core/handlers/base.py:41: in load_middleware
    middleware = import_string(middleware_path)
                 ^^^^^^^^^^^^^^^^^^^^^^^^^^^^^^
venv-python312-test/lib/python3.14/site-packages/django/utils/module_loading.py:30: in import_string
    return cached_import(module_path, class_name)
           ^^^^^^^^^^^^^^^^^^^^^^^^^^^^^^^^^^^^^^
venv-python312-test/lib/python3.14/site-packages/django/utils/module_loading.py:15: in cached_import
    module = import_module(module_path)
             ^^^^^^^^^^^^^^^^^^^^^^^^^^
/home/linuxbrew/.linuxbrew/opt/python@3.14/lib/python3.14/importlib/__init__.py:88: in import_module
    return _bootstrap._gcd_import(name[level:], package, level)
           ^^^^^^^^^^^^^^^^^^^^^^^^^^^^^^^^^^^^^^^^^^^^^^^^^^^^
&lt;frozen importlib._bootstrap&gt;:1398: in _gcd_import
    ???
&lt;frozen importlib._bootstrap&gt;:1371: in _find_and_load
    ???
&lt;frozen importlib._bootstrap&gt;:1342: in _find_and_load_unlocked
    ???
&lt;frozen importlib._bootstrap&gt;:938: in _load_unlocked
    ???
&lt;frozen importlib._bootstrap_external&gt;:762: in exec_module
    ???
&lt;frozen importlib._bootstrap&gt;:491: in _call_with_frames_removed
    ???
hub/apps/governance/middleware.py:8: in &lt;module&gt;
    from .access_analytics import AccessAnalyticsService, AccessLog
hub/apps/governance/access_analytics.py:19: in &lt;module&gt;
    class AccessLog(models.Model):
hub/apps/governance/access_analytics.py:31: in AccessLog
    settings.AUTH_USER_MODEL,
    ^^^^^^^^
E   NameError: name 'settings' is not defined</failure></testcase><testcase classname="test_persona_tenant_admin.TenantAdminPersonaTest" name="test_tenant_admin_can_patch_own_tenant_config" time="186.883"><failure message="NameError: name 'settings' is not defined">tests/e2e/test_persona_tenant_admin.py:84: in test_tenant_admin_can_patch_own_tenant_config
    response = self.client.patch(
venv-python312-test/lib/python3.14/site-packages/rest_framework/test.py:315: in patch
    response = super().patch(
venv-python312-test/lib/python3.14/site-packages/rest_framework/test.py:221: in patch
    return self.generic('PATCH', path, data, content_type, **extra)
           ^^^^^^^^^^^^^^^^^^^^^^^^^^^^^^^^^^^^^^^^^^^^^^^^^^^^^^^^
venv-python312-test/lib/python3.14/site-packages/rest_framework/test.py:237: in generic
    return super().generic(
venv-python312-test/lib/python3.14/site-packages/django/test/client.py:671: in generic
    return self.request(**r)
           ^^^^^^^^^^^^^^^^^
venv-python312-test/lib/python3.14/site-packages/rest_framework/test.py:289: in request
    return super().request(**kwargs)
           ^^^^^^^^^^^^^^^^^^^^^^^^^
venv-python312-test/lib/python3.14/site-packages/rest_framework/test.py:241: in request
    request = super().request(**kwargs)
              ^^^^^^^^^^^^^^^^^^^^^^^^^
venv-python312-test/lib/python3.14/site-packages/django/test/client.py:1082: in request
    response = self.handler(environ)
               ^^^^^^^^^^^^^^^^^^^^^
venv-python312-test/lib/python3.14/site-packages/django/test/client.py:173: in __call__
    self.load_middleware()
venv-python312-test/lib/python3.14/site-packages/django/core/handlers/base.py:41: in load_middleware
    middleware = import_string(middleware_path)
                 ^^^^^^^^^^^^^^^^^^^^^^^^^^^^^^
venv-python312-test/lib/python3.14/site-packages/django/utils/module_loading.py:30: in import_string
    return cached_import(module_path, class_name)
           ^^^^^^^^^^^^^^^^^^^^^^^^^^^^^^^^^^^^^^
venv-python312-test/lib/python3.14/site-packages/django/utils/module_loading.py:15: in cached_import
    module = import_module(module_path)
             ^^^^^^^^^^^^^^^^^^^^^^^^^^
/home/linuxbrew/.linuxbrew/opt/python@3.14/lib/python3.14/importlib/__init__.py:88: in import_module
    return _bootstrap._gcd_import(name[level:], package, level)
           ^^^^^^^^^^^^^^^^^^^^^^^^^^^^^^^^^^^^^^^^^^^^^^^^^^^^
&lt;frozen importlib._bootstrap&gt;:1398: in _gcd_import
    ???
&lt;frozen importlib._bootstrap&gt;:1371: in _find_and_load
    ???
&lt;frozen importlib._bootstrap&gt;:1342: in _find_and_load_unlocked
    ???
&lt;frozen importlib._bootstrap&gt;:938: in _load_unlocked
    ???
&lt;frozen importlib._bootstrap_external&gt;:762: in exec_module
    ???
&lt;frozen importlib._bootstrap&gt;:491: in _call_with_frames_removed
    ???
hub/apps/governance/middleware.py:8: in &lt;module&gt;
    from .access_analytics import AccessAnalyticsService, AccessLog
hub/apps/governance/access_analytics.py:19: in &lt;module&gt;
    class AccessLog(models.Model):
hub/apps/governance/access_analytics.py:31: in AccessLog
    settings.AUTH_USER_MODEL,
    ^^^^^^^^
E   NameError: name 'settings' is not defined</failure></testcase><testcase classname="test_persona_platform_admin.PlatformAdminPersonaTest" name="test_platform_admin_can_configure_platform_defaults" time="0.374"><failure message="NameError: name 'settings' is not defined">tests/e2e/test_persona_platform_admin.py:155: in test_platform_admin_can_configure_platform_defaults
    response = self.client.patch(
venv-python312-test/lib/python3.14/site-packages/rest_framework/test.py:315: in patch
    response = super().patch(
venv-python312-test/lib/python3.14/site-packages/rest_framework/test.py:221: in patch
    return self.generic('PATCH', path, data, content_type, **extra)
           ^^^^^^^^^^^^^^^^^^^^^^^^^^^^^^^^^^^^^^^^^^^^^^^^^^^^^^^^
venv-python312-test/lib/python3.14/site-packages/rest_framework/test.py:237: in generic
    return super().generic(
venv-python312-test/lib/python3.14/site-packages/django/test/client.py:671: in generic
    return self.request(**r)
           ^^^^^^^^^^^^^^^^^
venv-python312-test/lib/python3.14/site-packages/rest_framework/test.py:289: in request
    return super().request(**kwargs)
           ^^^^^^^^^^^^^^^^^^^^^^^^^
venv-python312-test/lib/python3.14/site-packages/rest_framework/test.py:241: in request
    request = super().request(**kwargs)
              ^^^^^^^^^^^^^^^^^^^^^^^^^
venv-python312-test/lib/python3.14/site-packages/django/test/client.py:1082: in request
    response = self.handler(environ)
               ^^^^^^^^^^^^^^^^^^^^^
venv-python312-test/lib/python3.14/site-packages/django/test/client.py:173: in __call__
    self.load_middleware()
venv-python312-test/lib/python3.14/site-packages/django/core/handlers/base.py:41: in load_middleware
    middleware = import_string(middleware_path)
                 ^^^^^^^^^^^^^^^^^^^^^^^^^^^^^^
venv-python312-test/lib/python3.14/site-packages/django/utils/module_loading.py:30: in import_string
    return cached_import(module_path, class_name)
           ^^^^^^^^^^^^^^^^^^^^^^^^^^^^^^^^^^^^^^
venv-python312-test/lib/python3.14/site-packages/django/utils/module_loading.py:15: in cached_import
    module = import_module(module_path)
             ^^^^^^^^^^^^^^^^^^^^^^^^^^
/home/linuxbrew/.linuxbrew/opt/python@3.14/lib/python3.14/importlib/__init__.py:88: in import_module
    return _bootstrap._gcd_import(name[level:], package, level)
           ^^^^^^^^^^^^^^^^^^^^^^^^^^^^^^^^^^^^^^^^^^^^^^^^^^^^
&lt;frozen importlib._bootstrap&gt;:1398: in _gcd_import
    ???
&lt;frozen importlib._bootstrap&gt;:1371: in _find_and_load
    ???
&lt;frozen importlib._bootstrap&gt;:1342: in _find_and_load_unlocked
    ???
&lt;frozen importlib._bootstrap&gt;:938: in _load_unlocked
    ???
&lt;frozen importlib._bootstrap_external&gt;:762: in exec_module
    ???
&lt;frozen importlib._bootstrap&gt;:491: in _call_with_frames_removed
    ???
hub/apps/governance/middleware.py:8: in &lt;module&gt;
    from .access_analytics import AccessAnalyticsService, AccessLog
hub/apps/governance/access_analytics.py:19: in &lt;module&gt;
    class AccessLog(models.Model):
hub/apps/governance/access_analytics.py:31: in AccessLog
    settings.AUTH_USER_MODEL,
    ^^^^^^^^
E   NameError: name 'settings' is not defined</failure></testcase><testcase classname="test_persona_data_consumer.DataConsumerPersonaTest" name="test_data_consumer_rate_limit_platform_defaults" time="0.378" /><testcase classname="test_persona_auditor.AuditorPersonaTest" name="test_auditor_can_read_compliance_runs" time="0.359"><failure message="NameError: name 'settings' is not defined">tests/e2e/test_persona_auditor.py:173: in test_auditor_can_read_compliance_runs
    response = self.client.get("/api/v1/compliance/runs/")
               ^^^^^^^^^^^^^^^^^^^^^^^^^^^^^^^^^^^^^^^^^^^
venv-python312-test/lib/python3.14/site-packages/rest_framework/test.py:292: in get
    response = super().get(path, data=data, **extra)
               ^^^^^^^^^^^^^^^^^^^^^^^^^^^^^^^^^^^^^
venv-python312-test/lib/python3.14/site-packages/rest_framework/test.py:209: in get
    return self.generic('GET', path, **r)
           ^^^^^^^^^^^^^^^^^^^^^^^^^^^^^^
venv-python312-test/lib/python3.14/site-packages/rest_framework/test.py:237: in generic
    return super().generic(
venv-python312-test/lib/python3.14/site-packages/django/test/client.py:671: in generic
    return self.request(**r)
           ^^^^^^^^^^^^^^^^^
venv-python312-test/lib/python3.14/site-packages/rest_framework/test.py:289: in request
    return super().request(**kwargs)
           ^^^^^^^^^^^^^^^^^^^^^^^^^
venv-python312-test/lib/python3.14/site-packages/rest_framework/test.py:241: in request
    request = super().request(**kwargs)
              ^^^^^^^^^^^^^^^^^^^^^^^^^
venv-python312-test/lib/python3.14/site-packages/django/test/client.py:1082: in request
    response = self.handler(environ)
               ^^^^^^^^^^^^^^^^^^^^^
venv-python312-test/lib/python3.14/site-packages/django/test/client.py:173: in __call__
    self.load_middleware()
venv-python312-test/lib/python3.14/site-packages/django/core/handlers/base.py:41: in load_middleware
    middleware = import_string(middleware_path)
                 ^^^^^^^^^^^^^^^^^^^^^^^^^^^^^^
venv-python312-test/lib/python3.14/site-packages/django/utils/module_loading.py:30: in import_string
    return cached_import(module_path, class_name)
           ^^^^^^^^^^^^^^^^^^^^^^^^^^^^^^^^^^^^^^
venv-python312-test/lib/python3.14/site-packages/django/utils/module_loading.py:15: in cached_import
    module = import_module(module_path)
             ^^^^^^^^^^^^^^^^^^^^^^^^^^
/home/linuxbrew/.linuxbrew/opt/python@3.14/lib/python3.14/importlib/__init__.py:88: in import_module
    return _bootstrap._gcd_import(name[level:], package, level)
           ^^^^^^^^^^^^^^^^^^^^^^^^^^^^^^^^^^^^^^^^^^^^^^^^^^^^
&lt;frozen importlib._bootstrap&gt;:1398: in _gcd_import
    ???
&lt;frozen importlib._bootstrap&gt;:1371: in _find_and_load
    ???
&lt;frozen importlib._bootstrap&gt;:1342: in _find_and_load_unlocked
    ???
&lt;frozen importlib._bootstrap&gt;:938: in _load_unlocked
    ???
&lt;frozen importlib._bootstrap_external&gt;:762: in exec_module
    ???
&lt;frozen importlib._bootstrap&gt;:491: in _call_with_frames_removed
    ???
hub/apps/governance/middleware.py:8: in &lt;module&gt;
    from .access_analytics import AccessAnalyticsService, AccessLog
hub/apps/governance/access_analytics.py:19: in &lt;module&gt;
    class AccessLog(models.Model):
hub/apps/governance/access_analytics.py:31: in AccessLog
    settings.AUTH_USER_MODEL,
    ^^^^^^^^
E   NameError: name 'settings' is not defined</failure></testcase><testcase classname="test_persona_tenant_admin.TenantAdminPersonaTest" name="test_tenant_admin_can_view_all_config_fields" time="1.444"><failure message="NameError: name 'settings' is not defined">tests/e2e/test_persona_tenant_admin.py:313: in test_tenant_admin_can_view_all_config_fields
    response = self.client.get(f"/api/v1/tenants/tenants/{self.tenant.id}/config/")
               ^^^^^^^^^^^^^^^^^^^^^^^^^^^^^^^^^^^^^^^^^^^^^^^^^^^^^^^^^^^^^^^^^^^^
venv-python312-test/lib/python3.14/site-packages/rest_framework/test.py:292: in get
    response = super().get(path, data=data, **extra)
               ^^^^^^^^^^^^^^^^^^^^^^^^^^^^^^^^^^^^^
venv-python312-test/lib/python3.14/site-packages/rest_framework/test.py:209: in get
    return self.generic('GET', path, **r)
           ^^^^^^^^^^^^^^^^^^^^^^^^^^^^^^
venv-python312-test/lib/python3.14/site-packages/rest_framework/test.py:237: in generic
    return super().generic(
venv-python312-test/lib/python3.14/site-packages/django/test/client.py:671: in generic
    return self.request(**r)
           ^^^^^^^^^^^^^^^^^
venv-python312-test/lib/python3.14/site-packages/rest_framework/test.py:289: in request
    return super().request(**kwargs)
           ^^^^^^^^^^^^^^^^^^^^^^^^^
venv-python312-test/lib/python3.14/site-packages/rest_framework/test.py:241: in request
    request = super().request(**kwargs)
              ^^^^^^^^^^^^^^^^^^^^^^^^^
venv-python312-test/lib/python3.14/site-packages/django/test/client.py:1082: in request
    response = self.handler(environ)
               ^^^^^^^^^^^^^^^^^^^^^
venv-python312-test/lib/python3.14/site-packages/django/test/client.py:173: in __call__
    self.load_middleware()
venv-python312-test/lib/python3.14/site-packages/django/core/handlers/base.py:41: in load_middleware
    middleware = import_string(middleware_path)
                 ^^^^^^^^^^^^^^^^^^^^^^^^^^^^^^
venv-python312-test/lib/python3.14/site-packages/django/utils/module_loading.py:30: in import_string
    return cached_import(module_path, class_name)
           ^^^^^^^^^^^^^^^^^^^^^^^^^^^^^^^^^^^^^^
venv-python312-test/lib/python3.14/site-packages/django/utils/module_loading.py:15: in cached_import
    module = import_module(module_path)
             ^^^^^^^^^^^^^^^^^^^^^^^^^^
/home/linuxbrew/.linuxbrew/opt/python@3.14/lib/python3.14/importlib/__init__.py:88: in import_module
    return _bootstrap._gcd_import(name[level:], package, level)
           ^^^^^^^^^^^^^^^^^^^^^^^^^^^^^^^^^^^^^^^^^^^^^^^^^^^^
&lt;frozen importlib._bootstrap&gt;:1398: in _gcd_import
    ???
&lt;frozen importlib._bootstrap&gt;:1371: in _find_and_load
    ???
&lt;frozen importlib._bootstrap&gt;:1342: in _find_and_load_unlocked
    ???
&lt;frozen importlib._bootstrap&gt;:938: in _load_unlocked
    ???
&lt;frozen importlib._bootstrap_external&gt;:762: in exec_module
    ???
&lt;frozen importlib._bootstrap&gt;:491: in _call_with_frames_removed
    ???
hub/apps/governance/middleware.py:8: in &lt;module&gt;
    from .access_analytics import AccessAnalyticsService, AccessLog
hub/apps/governance/access_analytics.py:19: in &lt;module&gt;
    class AccessLog(models.Model):
hub/apps/governance/access_analytics.py:31: in AccessLog
    settings.AUTH_USER_MODEL,
    ^^^^^^^^
E   NameError: name 'settings' is not defined</failure></testcase><testcase classname="test_persona_data_consumer.DataConsumerPersonaTest" name="test_data_consumer_rate_limit_retry_after" time="1.319"><failure message="NameError: name 'settings' is not defined">tests/e2e/test_persona_data_consumer.py:248: in test_data_consumer_rate_limit_retry_after
    response = self.client.get("/api/v1/contracts/contracts/")
               ^^^^^^^^^^^^^^^^^^^^^^^^^^^^^^^^^^^^^^^^^^^^^^^
venv-python312-test/lib/python3.14/site-packages/rest_framework/test.py:292: in get
    response = super().get(path, data=data, **extra)
               ^^^^^^^^^^^^^^^^^^^^^^^^^^^^^^^^^^^^^
venv-python312-test/lib/python3.14/site-packages/rest_framework/test.py:209: in get
    return self.generic('GET', path, **r)
           ^^^^^^^^^^^^^^^^^^^^^^^^^^^^^^
venv-python312-test/lib/python3.14/site-packages/rest_framework/test.py:237: in generic
    return super().generic(
venv-python312-test/lib/python3.14/site-packages/django/test/client.py:671: in generic
    return self.request(**r)
           ^^^^^^^^^^^^^^^^^
venv-python312-test/lib/python3.14/site-packages/rest_framework/test.py:289: in request
    return super().request(**kwargs)
           ^^^^^^^^^^^^^^^^^^^^^^^^^
venv-python312-test/lib/python3.14/site-packages/rest_framework/test.py:241: in request
    request = super().request(**kwargs)
              ^^^^^^^^^^^^^^^^^^^^^^^^^
venv-python312-test/lib/python3.14/site-packages/django/test/client.py:1082: in request
    response = self.handler(environ)
               ^^^^^^^^^^^^^^^^^^^^^
venv-python312-test/lib/python3.14/site-packages/django/test/client.py:173: in __call__
    self.load_middleware()
venv-python312-test/lib/python3.14/site-packages/django/core/handlers/base.py:41: in load_middleware
    middleware = import_string(middleware_path)
                 ^^^^^^^^^^^^^^^^^^^^^^^^^^^^^^
venv-python312-test/lib/python3.14/site-packages/django/utils/module_loading.py:30: in import_string
    return cached_import(module_path, class_name)
           ^^^^^^^^^^^^^^^^^^^^^^^^^^^^^^^^^^^^^^
venv-python312-test/lib/python3.14/site-packages/django/utils/module_loading.py:15: in cached_import
    module = import_module(module_path)
             ^^^^^^^^^^^^^^^^^^^^^^^^^^
/home/linuxbrew/.linuxbrew/opt/python@3.14/lib/python3.14/importlib/__init__.py:88: in import_module
    return _bootstrap._gcd_import(name[level:], package, level)
           ^^^^^^^^^^^^^^^^^^^^^^^^^^^^^^^^^^^^^^^^^^^^^^^^^^^^
&lt;frozen importlib._bootstrap&gt;:1398: in _gcd_import
    ???
&lt;frozen importlib._bootstrap&gt;:1371: in _find_and_load
    ???
&lt;frozen importlib._bootstrap&gt;:1342: in _find_and_load_unlocked
    ???
&lt;frozen importlib._bootstrap&gt;:938: in _load_unlocked
    ???
&lt;frozen importlib._bootstrap_external&gt;:762: in exec_module
    ???
&lt;frozen importlib._bootstrap&gt;:491: in _call_with_frames_removed
    ???
hub/apps/governance/middleware.py:8: in &lt;module&gt;
    from .access_analytics import AccessAnalyticsService, AccessLog
hub/apps/governance/access_analytics.py:19: in &lt;module&gt;
    class AccessLog(models.Model):
hub/apps/governance/access_analytics.py:31: in AccessLog
    settings.AUTH_USER_MODEL,
    ^^^^^^^^
E   NameError: name 'settings' is not defined</failure></testcase><testcase classname="test_persona_platform_admin.PlatformAdminPersonaTest" name="test_platform_admin_can_create_tenant" time="1.273"><failure message="NameError: name 'settings' is not defined">tests/e2e/test_persona_platform_admin.py:109: in test_platform_admin_can_create_tenant
    response = self.client.post(
venv-python312-test/lib/python3.14/site-packages/rest_framework/test.py:299: in post
    response = super().post(
venv-python312-test/lib/python3.14/site-packages/rest_framework/test.py:213: in post
    return self.generic('POST', path, data, content_type, **extra)
           ^^^^^^^^^^^^^^^^^^^^^^^^^^^^^^^^^^^^^^^^^^^^^^^^^^^^^^^
venv-python312-test/lib/python3.14/site-packages/rest_framework/test.py:237: in generic
    return super().generic(
venv-python312-test/lib/python3.14/site-packages/django/test/client.py:671: in generic
    return self.request(**r)
           ^^^^^^^^^^^^^^^^^
venv-python312-test/lib/python3.14/site-packages/rest_framework/test.py:289: in request
    return super().request(**kwargs)
           ^^^^^^^^^^^^^^^^^^^^^^^^^
venv-python312-test/lib/python3.14/site-packages/rest_framework/test.py:241: in request
    request = super().request(**kwargs)
              ^^^^^^^^^^^^^^^^^^^^^^^^^
venv-python312-test/lib/python3.14/site-packages/django/test/client.py:1082: in request
    response = self.handler(environ)
               ^^^^^^^^^^^^^^^^^^^^^
venv-python312-test/lib/python3.14/site-packages/django/test/client.py:173: in __call__
    self.load_middleware()
venv-python312-test/lib/python3.14/site-packages/django/core/handlers/base.py:41: in load_middleware
    middleware = import_string(middleware_path)
                 ^^^^^^^^^^^^^^^^^^^^^^^^^^^^^^
venv-python312-test/lib/python3.14/site-packages/django/utils/module_loading.py:30: in import_string
    return cached_import(module_path, class_name)
           ^^^^^^^^^^^^^^^^^^^^^^^^^^^^^^^^^^^^^^
venv-python312-test/lib/python3.14/site-packages/django/utils/module_loading.py:15: in cached_import
    module = import_module(module_path)
             ^^^^^^^^^^^^^^^^^^^^^^^^^^
/home/linuxbrew/.linuxbrew/opt/python@3.14/lib/python3.14/importlib/__init__.py:88: in import_module
    return _bootstrap._gcd_import(name[level:], package, level)
           ^^^^^^^^^^^^^^^^^^^^^^^^^^^^^^^^^^^^^^^^^^^^^^^^^^^^
&lt;frozen importlib._bootstrap&gt;:1398: in _gcd_import
    ???
&lt;frozen importlib._bootstrap&gt;:1371: in _find_and_load
    ???
&lt;frozen importlib._bootstrap&gt;:1342: in _find_and_load_unlocked
    ???
&lt;frozen importlib._bootstrap&gt;:938: in _load_unlocked
    ???
&lt;frozen importlib._bootstrap_external&gt;:762: in exec_module
    ???
&lt;frozen importlib._bootstrap&gt;:491: in _call_with_frames_removed
    ???
hub/apps/governance/middleware.py:8: in &lt;module&gt;
    from .access_analytics import AccessAnalyticsService, AccessLog
hub/apps/governance/access_analytics.py:19: in &lt;module&gt;
    class AccessLog(models.Model):
hub/apps/governance/access_analytics.py:31: in AccessLog
    settings.AUTH_USER_MODEL,
    ^^^^^^^^
E   NameError: name 'settings' is not defined</failure></testcase><testcase classname="test_persona_auditor.AuditorPersonaTest" name="test_auditor_can_read_contracts" time="1.231"><failure message="NameError: name 'settings' is not defined">tests/e2e/test_persona_auditor.py:69: in test_auditor_can_read_contracts
    response = self.client.get("/api/v1/contracts/contracts/")
               ^^^^^^^^^^^^^^^^^^^^^^^^^^^^^^^^^^^^^^^^^^^^^^^
venv-python312-test/lib/python3.14/site-packages/rest_framework/test.py:292: in get
    response = super().get(path, data=data, **extra)
               ^^^^^^^^^^^^^^^^^^^^^^^^^^^^^^^^^^^^^
venv-python312-test/lib/python3.14/site-packages/rest_framework/test.py:209: in get
    return self.generic('GET', path, **r)
           ^^^^^^^^^^^^^^^^^^^^^^^^^^^^^^
venv-python312-test/lib/python3.14/site-packages/rest_framework/test.py:237: in generic
    return super().generic(
venv-python312-test/lib/python3.14/site-packages/django/test/client.py:671: in generic
    return self.request(**r)
           ^^^^^^^^^^^^^^^^^
venv-python312-test/lib/python3.14/site-packages/rest_framework/test.py:289: in request
    return super().request(**kwargs)
           ^^^^^^^^^^^^^^^^^^^^^^^^^
venv-python312-test/lib/python3.14/site-packages/rest_framework/test.py:241: in request
    request = super().request(**kwargs)
              ^^^^^^^^^^^^^^^^^^^^^^^^^
venv-python312-test/lib/python3.14/site-packages/django/test/client.py:1082: in request
    response = self.handler(environ)
               ^^^^^^^^^^^^^^^^^^^^^
venv-python312-test/lib/python3.14/site-packages/django/test/client.py:173: in __call__
    self.load_middleware()
venv-python312-test/lib/python3.14/site-packages/django/core/handlers/base.py:41: in load_middleware
    middleware = import_string(middleware_path)
                 ^^^^^^^^^^^^^^^^^^^^^^^^^^^^^^
venv-python312-test/lib/python3.14/site-packages/django/utils/module_loading.py:30: in import_string
    return cached_import(module_path, class_name)
           ^^^^^^^^^^^^^^^^^^^^^^^^^^^^^^^^^^^^^^
venv-python312-test/lib/python3.14/site-packages/django/utils/module_loading.py:15: in cached_import
    module = import_module(module_path)
             ^^^^^^^^^^^^^^^^^^^^^^^^^^
/home/linuxbrew/.linuxbrew/opt/python@3.14/lib/python3.14/importlib/__init__.py:88: in import_module
    return _bootstrap._gcd_import(name[level:], package, level)
           ^^^^^^^^^^^^^^^^^^^^^^^^^^^^^^^^^^^^^^^^^^^^^^^^^^^^
&lt;frozen importlib._bootstrap&gt;:1398: in _gcd_import
    ???
&lt;frozen importlib._bootstrap&gt;:1371: in _find_and_load
    ???
&lt;frozen importlib._bootstrap&gt;:1342: in _find_and_load_unlocked
    ???
&lt;frozen importlib._bootstrap&gt;:938: in _load_unlocked
    ???
&lt;frozen importlib._bootstrap_external&gt;:762: in exec_module
    ???
&lt;frozen importlib._bootstrap&gt;:491: in _call_with_frames_removed
    ???
hub/apps/governance/middleware.py:8: in &lt;module&gt;
    from .access_analytics import AccessAnalyticsService, AccessLog
hub/apps/governance/access_analytics.py:19: in &lt;module&gt;
    class AccessLog(models.Model):
hub/apps/governance/access_analytics.py:31: in AccessLog
    settings.AUTH_USER_MODEL,
    ^^^^^^^^
E   NameError: name 'settings' is not defined</failure></testcase><testcase classname="test_persona_tenant_admin.TenantAdminPersonaTest" name="test_tenant_admin_can_view_tenant_usage_metrics" time="0.496"><failure message="NameError: name 'settings' is not defined">tests/e2e/test_persona_tenant_admin.py:202: in test_tenant_admin_can_view_tenant_usage_metrics
    response = self.client.get(f"/api/v1/tenants/tenants/{self.tenant.id}/config/")
               ^^^^^^^^^^^^^^^^^^^^^^^^^^^^^^^^^^^^^^^^^^^^^^^^^^^^^^^^^^^^^^^^^^^^
venv-python312-test/lib/python3.14/site-packages/rest_framework/test.py:292: in get
    response = super().get(path, data=data, **extra)
               ^^^^^^^^^^^^^^^^^^^^^^^^^^^^^^^^^^^^^
venv-python312-test/lib/python3.14/site-packages/rest_framework/test.py:209: in get
    return self.generic('GET', path, **r)
           ^^^^^^^^^^^^^^^^^^^^^^^^^^^^^^
venv-python312-test/lib/python3.14/site-packages/rest_framework/test.py:237: in generic
    return super().generic(
venv-python312-test/lib/python3.14/site-packages/django/test/client.py:671: in generic
    return self.request(**r)
           ^^^^^^^^^^^^^^^^^
venv-python312-test/lib/python3.14/site-packages/rest_framework/test.py:289: in request
    return super().request(**kwargs)
           ^^^^^^^^^^^^^^^^^^^^^^^^^
venv-python312-test/lib/python3.14/site-packages/rest_framework/test.py:241: in request
    request = super().request(**kwargs)
              ^^^^^^^^^^^^^^^^^^^^^^^^^
venv-python312-test/lib/python3.14/site-packages/django/test/client.py:1082: in request
    response = self.handler(environ)
               ^^^^^^^^^^^^^^^^^^^^^
venv-python312-test/lib/python3.14/site-packages/django/test/client.py:173: in __call__
    self.load_middleware()
venv-python312-test/lib/python3.14/site-packages/django/core/handlers/base.py:41: in load_middleware
    middleware = import_string(middleware_path)
                 ^^^^^^^^^^^^^^^^^^^^^^^^^^^^^^
venv-python312-test/lib/python3.14/site-packages/django/utils/module_loading.py:30: in import_string
    return cached_import(module_path, class_name)
           ^^^^^^^^^^^^^^^^^^^^^^^^^^^^^^^^^^^^^^
venv-python312-test/lib/python3.14/site-packages/django/utils/module_loading.py:15: in cached_import
    module = import_module(module_path)
             ^^^^^^^^^^^^^^^^^^^^^^^^^^
/home/linuxbrew/.linuxbrew/opt/python@3.14/lib/python3.14/importlib/__init__.py:88: in import_module
    return _bootstrap._gcd_import(name[level:], package, level)
           ^^^^^^^^^^^^^^^^^^^^^^^^^^^^^^^^^^^^^^^^^^^^^^^^^^^^
&lt;frozen importlib._bootstrap&gt;:1398: in _gcd_import
    ???
&lt;frozen importlib._bootstrap&gt;:1371: in _find_and_load
    ???
&lt;frozen importlib._bootstrap&gt;:1342: in _find_and_load_unlocked
    ???
&lt;frozen importlib._bootstrap&gt;:938: in _load_unlocked
    ???
&lt;frozen importlib._bootstrap_external&gt;:762: in exec_module
    ???
&lt;frozen importlib._bootstrap&gt;:491: in _call_with_frames_removed
    ???
hub/apps/governance/middleware.py:8: in &lt;module&gt;
    from .access_analytics import AccessAnalyticsService, AccessLog
hub/apps/governance/access_analytics.py:19: in &lt;module&gt;
    class AccessLog(models.Model):
hub/apps/governance/access_analytics.py:31: in AccessLog
    settings.AUTH_USER_MODEL,
    ^^^^^^^^
E   NameError: name 'settings' is not defined</failure></testcase><testcase classname="test_persona_auditor.AuditorPersonaTest" name="test_auditor_can_read_dq_runs" time="0.356"><failure message="NameError: name 'settings' is not defined">tests/e2e/test_persona_auditor.py:139: in test_auditor_can_read_dq_runs
    response = self.client.get("/api/v1/dq/runs/")
               ^^^^^^^^^^^^^^^^^^^^^^^^^^^^^^^^^^^
venv-python312-test/lib/python3.14/site-packages/rest_framework/test.py:292: in get
    response = super().get(path, data=data, **extra)
               ^^^^^^^^^^^^^^^^^^^^^^^^^^^^^^^^^^^^^
venv-python312-test/lib/python3.14/site-packages/rest_framework/test.py:209: in get
    return self.generic('GET', path, **r)
           ^^^^^^^^^^^^^^^^^^^^^^^^^^^^^^
venv-python312-test/lib/python3.14/site-packages/rest_framework/test.py:237: in generic
    return super().generic(
venv-python312-test/lib/python3.14/site-packages/django/test/client.py:671: in generic
    return self.request(**r)
           ^^^^^^^^^^^^^^^^^
venv-python312-test/lib/python3.14/site-packages/rest_framework/test.py:289: in request
    return super().request(**kwargs)
           ^^^^^^^^^^^^^^^^^^^^^^^^^
venv-python312-test/lib/python3.14/site-packages/rest_framework/test.py:241: in request
    request = super().request(**kwargs)
              ^^^^^^^^^^^^^^^^^^^^^^^^^
venv-python312-test/lib/python3.14/site-packages/django/test/client.py:1082: in request
    response = self.handler(environ)
               ^^^^^^^^^^^^^^^^^^^^^
venv-python312-test/lib/python3.14/site-packages/django/test/client.py:173: in __call__
    self.load_middleware()
venv-python312-test/lib/python3.14/site-packages/django/core/handlers/base.py:41: in load_middleware
    middleware = import_string(middleware_path)
                 ^^^^^^^^^^^^^^^^^^^^^^^^^^^^^^
venv-python312-test/lib/python3.14/site-packages/django/utils/module_loading.py:30: in import_string
    return cached_import(module_path, class_name)
           ^^^^^^^^^^^^^^^^^^^^^^^^^^^^^^^^^^^^^^
venv-python312-test/lib/python3.14/site-packages/django/utils/module_loading.py:15: in cached_import
    module = import_module(module_path)
             ^^^^^^^^^^^^^^^^^^^^^^^^^^
/home/linuxbrew/.linuxbrew/opt/python@3.14/lib/python3.14/importlib/__init__.py:88: in import_module
    return _bootstrap._gcd_import(name[level:], package, level)
           ^^^^^^^^^^^^^^^^^^^^^^^^^^^^^^^^^^^^^^^^^^^^^^^^^^^^
&lt;frozen importlib._bootstrap&gt;:1398: in _gcd_import
    ???
&lt;frozen importlib._bootstrap&gt;:1371: in _find_and_load
    ???
&lt;frozen importlib._bootstrap&gt;:1342: in _find_and_load_unlocked
    ???
&lt;frozen importlib._bootstrap&gt;:938: in _load_unlocked
    ???
&lt;frozen importlib._bootstrap_external&gt;:762: in exec_module
    ???
&lt;frozen importlib._bootstrap&gt;:491: in _call_with_frames_removed
    ???
hub/apps/governance/middleware.py:8: in &lt;module&gt;
    from .access_analytics import AccessAnalyticsService, AccessLog
hub/apps/governance/access_analytics.py:19: in &lt;module&gt;
    class AccessLog(models.Model):
hub/apps/governance/access_analytics.py:31: in AccessLog
    settings.AUTH_USER_MODEL,
    ^^^^^^^^
E   NameError: name 'settings' is not defined</failure></testcase><testcase classname="test_persona_platform_admin.PlatformAdminPersonaTest" name="test_platform_admin_can_get_other_tenant_config" time="0.363"><failure message="NameError: name 'settings' is not defined">tests/e2e/test_persona_platform_admin.py:59: in test_platform_admin_can_get_other_tenant_config
    response = self.client.get(f"/api/v1/tenants/tenants/{self.other_tenant.id}/config/")
               ^^^^^^^^^^^^^^^^^^^^^^^^^^^^^^^^^^^^^^^^^^^^^^^^^^^^^^^^^^^^^^^^^^^^^^^^^^
venv-python312-test/lib/python3.14/site-packages/rest_framework/test.py:292: in get
    response = super().get(path, data=data, **extra)
               ^^^^^^^^^^^^^^^^^^^^^^^^^^^^^^^^^^^^^
venv-python312-test/lib/python3.14/site-packages/rest_framework/test.py:209: in get
    return self.generic('GET', path, **r)
           ^^^^^^^^^^^^^^^^^^^^^^^^^^^^^^
venv-python312-test/lib/python3.14/site-packages/rest_framework/test.py:237: in generic
    return super().generic(
venv-python312-test/lib/python3.14/site-packages/django/test/client.py:671: in generic
    return self.request(**r)
           ^^^^^^^^^^^^^^^^^
venv-python312-test/lib/python3.14/site-packages/rest_framework/test.py:289: in request
    return super().request(**kwargs)
           ^^^^^^^^^^^^^^^^^^^^^^^^^
venv-python312-test/lib/python3.14/site-packages/rest_framework/test.py:241: in request
    request = super().request(**kwargs)
              ^^^^^^^^^^^^^^^^^^^^^^^^^
venv-python312-test/lib/python3.14/site-packages/django/test/client.py:1082: in request
    response = self.handler(environ)
               ^^^^^^^^^^^^^^^^^^^^^
venv-python312-test/lib/python3.14/site-packages/django/test/client.py:173: in __call__
    self.load_middleware()
venv-python312-test/lib/python3.14/site-packages/django/core/handlers/base.py:41: in load_middleware
    middleware = import_string(middleware_path)
                 ^^^^^^^^^^^^^^^^^^^^^^^^^^^^^^
venv-python312-test/lib/python3.14/site-packages/django/utils/module_loading.py:30: in import_string
    return cached_import(module_path, class_name)
           ^^^^^^^^^^^^^^^^^^^^^^^^^^^^^^^^^^^^^^
venv-python312-test/lib/python3.14/site-packages/django/utils/module_loading.py:15: in cached_import
    module = import_module(module_path)
             ^^^^^^^^^^^^^^^^^^^^^^^^^^
/home/linuxbrew/.linuxbrew/opt/python@3.14/lib/python3.14/importlib/__init__.py:88: in import_module
    return _bootstrap._gcd_import(name[level:], package, level)
           ^^^^^^^^^^^^^^^^^^^^^^^^^^^^^^^^^^^^^^^^^^^^^^^^^^^^
&lt;frozen importlib._bootstrap&gt;:1398: in _gcd_import
    ???
&lt;frozen importlib._bootstrap&gt;:1371: in _find_and_load
    ???
&lt;frozen importlib._bootstrap&gt;:1342: in _find_and_load_unlocked
    ???
&lt;frozen importlib._bootstrap&gt;:938: in _load_unlocked
    ???
&lt;frozen importlib._bootstrap_external&gt;:762: in exec_module
    ???
&lt;frozen importlib._bootstrap&gt;:491: in _call_with_frames_removed
    ???
hub/apps/governance/middleware.py:8: in &lt;module&gt;
    from .access_analytics import AccessAnalyticsService, AccessLog
hub/apps/governance/access_analytics.py:19: in &lt;module&gt;
    class AccessLog(models.Model):
hub/apps/governance/access_analytics.py:31: in AccessLog
    settings.AUTH_USER_MODEL,
    ^^^^^^^^
E   NameError: name 'settings' is not defined</failure></testcase><testcase classname="test_persona_data_consumer.DataConsumerPersonaTest" name="test_data_consumer_rate_limit_tenant_override" time="0.371" /><testcase classname="test_persona_auditor.AuditorPersonaTest" name="test_auditor_cannot_create_compliance_runs" time="0.376"><failure message="NameError: name 'settings' is not defined">tests/e2e/test_persona_auditor.py:181: in test_auditor_cannot_create_compliance_runs
    asset_id = self.create_asset(key='compliance-test-asset', name='Compliance Test Asset')
               ^^^^^^^^^^^^^^^^^^^^^^^^^^^^^^^^^^^^^^^^^^^^^^^^^^^^^^^^^^^^^^^^^^^^^^^^^^^^
tests/e2e/conftest.py:404: in create_asset
    response = self.client.post(
venv-python312-test/lib/python3.14/site-packages/rest_framework/test.py:299: in post
    response = super().post(
venv-python312-test/lib/python3.14/site-packages/rest_framework/test.py:213: in post
    return self.generic('POST', path, data, content_type, **extra)
           ^^^^^^^^^^^^^^^^^^^^^^^^^^^^^^^^^^^^^^^^^^^^^^^^^^^^^^^
venv-python312-test/lib/python3.14/site-packages/rest_framework/test.py:237: in generic
    return super().generic(
venv-python312-test/lib/python3.14/site-packages/django/test/client.py:671: in generic
    return self.request(**r)
           ^^^^^^^^^^^^^^^^^
venv-python312-test/lib/python3.14/site-packages/rest_framework/test.py:289: in request
    return super().request(**kwargs)
           ^^^^^^^^^^^^^^^^^^^^^^^^^
venv-python312-test/lib/python3.14/site-packages/rest_framework/test.py:241: in request
    request = super().request(**kwargs)
              ^^^^^^^^^^^^^^^^^^^^^^^^^
venv-python312-test/lib/python3.14/site-packages/django/test/client.py:1082: in request
    response = self.handler(environ)
               ^^^^^^^^^^^^^^^^^^^^^
venv-python312-test/lib/python3.14/site-packages/django/test/client.py:173: in __call__
    self.load_middleware()
venv-python312-test/lib/python3.14/site-packages/django/core/handlers/base.py:41: in load_middleware
    middleware = import_string(middleware_path)
                 ^^^^^^^^^^^^^^^^^^^^^^^^^^^^^^
venv-python312-test/lib/python3.14/site-packages/django/utils/module_loading.py:30: in import_string
    return cached_import(module_path, class_name)
           ^^^^^^^^^^^^^^^^^^^^^^^^^^^^^^^^^^^^^^
venv-python312-test/lib/python3.14/site-packages/django/utils/module_loading.py:15: in cached_import
    module = import_module(module_path)
             ^^^^^^^^^^^^^^^^^^^^^^^^^^
/home/linuxbrew/.linuxbrew/opt/python@3.14/lib/python3.14/importlib/__init__.py:88: in import_module
    return _bootstrap._gcd_import(name[level:], package, level)
           ^^^^^^^^^^^^^^^^^^^^^^^^^^^^^^^^^^^^^^^^^^^^^^^^^^^^
&lt;frozen importlib._bootstrap&gt;:1398: in _gcd_import
    ???
&lt;frozen importlib._bootstrap&gt;:1371: in _find_and_load
    ???
&lt;frozen importlib._bootstrap&gt;:1342: in _find_and_load_unlocked
    ???
&lt;frozen importlib._bootstrap&gt;:938: in _load_unlocked
    ???
&lt;frozen importlib._bootstrap_external&gt;:762: in exec_module
    ???
&lt;frozen importlib._bootstrap&gt;:491: in _call_with_frames_removed
    ???
hub/apps/governance/middleware.py:8: in &lt;module&gt;
    from .access_analytics import AccessAnalyticsService, AccessLog
hub/apps/governance/access_analytics.py:19: in &lt;module&gt;
    class AccessLog(models.Model):
hub/apps/governance/access_analytics.py:31: in AccessLog
    settings.AUTH_USER_MODEL,
    ^^^^^^^^
E   NameError: name 'settings' is not defined</failure></testcase><testcase classname="test_persona_platform_admin.PlatformAdminPersonaTest" name="test_platform_admin_can_get_own_tenant_config" time="0.387"><failure message="NameError: name 'settings' is not defined">tests/e2e/test_persona_platform_admin.py:52: in test_platform_admin_can_get_own_tenant_config
    response = self.client.get(f"/api/v1/tenants/tenants/{self.tenant.id}/config/")
               ^^^^^^^^^^^^^^^^^^^^^^^^^^^^^^^^^^^^^^^^^^^^^^^^^^^^^^^^^^^^^^^^^^^^
venv-python312-test/lib/python3.14/site-packages/rest_framework/test.py:292: in get
    response = super().get(path, data=data, **extra)
               ^^^^^^^^^^^^^^^^^^^^^^^^^^^^^^^^^^^^^
venv-python312-test/lib/python3.14/site-packages/rest_framework/test.py:209: in get
    return self.generic('GET', path, **r)
           ^^^^^^^^^^^^^^^^^^^^^^^^^^^^^^
venv-python312-test/lib/python3.14/site-packages/rest_framework/test.py:237: in generic
    return super().generic(
venv-python312-test/lib/python3.14/site-packages/django/test/client.py:671: in generic
    return self.request(**r)
           ^^^^^^^^^^^^^^^^^
venv-python312-test/lib/python3.14/site-packages/rest_framework/test.py:289: in request
    return super().request(**kwargs)
           ^^^^^^^^^^^^^^^^^^^^^^^^^
venv-python312-test/lib/python3.14/site-packages/rest_framework/test.py:241: in request
    request = super().request(**kwargs)
              ^^^^^^^^^^^^^^^^^^^^^^^^^
venv-python312-test/lib/python3.14/site-packages/django/test/client.py:1082: in request
    response = self.handler(environ)
               ^^^^^^^^^^^^^^^^^^^^^
venv-python312-test/lib/python3.14/site-packages/django/test/client.py:173: in __call__
    self.load_middleware()
venv-python312-test/lib/python3.14/site-packages/django/core/handlers/base.py:41: in load_middleware
    middleware = import_string(middleware_path)
                 ^^^^^^^^^^^^^^^^^^^^^^^^^^^^^^
venv-python312-test/lib/python3.14/site-packages/django/utils/module_loading.py:30: in import_string
    return cached_import(module_path, class_name)
           ^^^^^^^^^^^^^^^^^^^^^^^^^^^^^^^^^^^^^^
venv-python312-test/lib/python3.14/site-packages/django/utils/module_loading.py:15: in cached_import
    module = import_module(module_path)
             ^^^^^^^^^^^^^^^^^^^^^^^^^^
/home/linuxbrew/.linuxbrew/opt/python@3.14/lib/python3.14/importlib/__init__.py:88: in import_module
    return _bootstrap._gcd_import(name[level:], package, level)
           ^^^^^^^^^^^^^^^^^^^^^^^^^^^^^^^^^^^^^^^^^^^^^^^^^^^^
&lt;frozen importlib._bootstrap&gt;:1398: in _gcd_import
    ???
&lt;frozen importlib._bootstrap&gt;:1371: in _find_and_load
    ???
&lt;frozen importlib._bootstrap&gt;:1342: in _find_and_load_unlocked
    ???
&lt;frozen importlib._bootstrap&gt;:938: in _load_unlocked
    ???
&lt;frozen importlib._bootstrap_external&gt;:762: in exec_module
    ???
&lt;frozen importlib._bootstrap&gt;:491: in _call_with_frames_removed
    ???
hub/apps/governance/middleware.py:8: in &lt;module&gt;
    from .access_analytics import AccessAnalyticsService, AccessLog
hub/apps/governance/access_analytics.py:19: in &lt;module&gt;
    class AccessLog(models.Model):
hub/apps/governance/access_analytics.py:31: in AccessLog
    settings.AUTH_USER_MODEL,
    ^^^^^^^^
E   NameError: name 'settings' is not defined</failure></testcase><testcase classname="test_persona_data_consumer.DataConsumerPersonaTest" name="test_data_consumer_subject_to_rate_limits" time="0.373" /><testcase classname="test_persona_tenant_admin.TenantAdminPersonaTest" name="test_tenant_admin_cannot_access_other_tenant_config" time="0.493"><failure message="NameError: name 'settings' is not defined">tests/e2e/test_persona_tenant_admin.py:96: in test_tenant_admin_cannot_access_other_tenant_config
    response = self.client.get(f"/api/v1/tenants/tenants/{self.other_tenant.id}/config/")
               ^^^^^^^^^^^^^^^^^^^^^^^^^^^^^^^^^^^^^^^^^^^^^^^^^^^^^^^^^^^^^^^^^^^^^^^^^^
venv-python312-test/lib/python3.14/site-packages/rest_framework/test.py:292: in get
    response = super().get(path, data=data, **extra)
               ^^^^^^^^^^^^^^^^^^^^^^^^^^^^^^^^^^^^^
venv-python312-test/lib/python3.14/site-packages/rest_framework/test.py:209: in get
    return self.generic('GET', path, **r)
           ^^^^^^^^^^^^^^^^^^^^^^^^^^^^^^
venv-python312-test/lib/python3.14/site-packages/rest_framework/test.py:237: in generic
    return super().generic(
venv-python312-test/lib/python3.14/site-packages/django/test/client.py:671: in generic
    return self.request(**r)
           ^^^^^^^^^^^^^^^^^
venv-python312-test/lib/python3.14/site-packages/rest_framework/test.py:289: in request
    return super().request(**kwargs)
           ^^^^^^^^^^^^^^^^^^^^^^^^^
venv-python312-test/lib/python3.14/site-packages/rest_framework/test.py:241: in request
    request = super().request(**kwargs)
              ^^^^^^^^^^^^^^^^^^^^^^^^^
venv-python312-test/lib/python3.14/site-packages/django/test/client.py:1082: in request
    response = self.handler(environ)
               ^^^^^^^^^^^^^^^^^^^^^
venv-python312-test/lib/python3.14/site-packages/django/test/client.py:173: in __call__
    self.load_middleware()
venv-python312-test/lib/python3.14/site-packages/django/core/handlers/base.py:41: in load_middleware
    middleware = import_string(middleware_path)
                 ^^^^^^^^^^^^^^^^^^^^^^^^^^^^^^
venv-python312-test/lib/python3.14/site-packages/django/utils/module_loading.py:30: in import_string
    return cached_import(module_path, class_name)
           ^^^^^^^^^^^^^^^^^^^^^^^^^^^^^^^^^^^^^^
venv-python312-test/lib/python3.14/site-packages/django/utils/module_loading.py:15: in cached_import
    module = import_module(module_path)
             ^^^^^^^^^^^^^^^^^^^^^^^^^^
/home/linuxbrew/.linuxbrew/opt/python@3.14/lib/python3.14/importlib/__init__.py:88: in import_module
    return _bootstrap._gcd_import(name[level:], package, level)
           ^^^^^^^^^^^^^^^^^^^^^^^^^^^^^^^^^^^^^^^^^^^^^^^^^^^^
&lt;frozen importlib._bootstrap&gt;:1398: in _gcd_import
    ???
&lt;frozen importlib._bootstrap&gt;:1371: in _find_and_load
    ???
&lt;frozen importlib._bootstrap&gt;:1342: in _find_and_load_unlocked
    ???
&lt;frozen importlib._bootstrap&gt;:938: in _load_unlocked
    ???
&lt;frozen importlib._bootstrap_external&gt;:762: in exec_module
    ???
&lt;frozen importlib._bootstrap&gt;:491: in _call_with_frames_removed
    ???
hub/apps/governance/middleware.py:8: in &lt;module&gt;
    from .access_analytics import AccessAnalyticsService, AccessLog
hub/apps/governance/access_analytics.py:19: in &lt;module&gt;
    class AccessLog(models.Model):
hub/apps/governance/access_analytics.py:31: in AccessLog
    settings.AUTH_USER_MODEL,
    ^^^^^^^^
E   NameError: name 'settings' is not defined</failure></testcase><testcase classname="test_persona_data_provider.DataProviderPersonaTest" name="test_data_provider_can_access_contracts" time="0.386"><failure message="NameError: name 'settings' is not defined">tests/e2e/test_persona_data_provider.py:118: in test_data_provider_can_access_contracts
    response = self.client.get("/api/v1/contracts/contracts/")
               ^^^^^^^^^^^^^^^^^^^^^^^^^^^^^^^^^^^^^^^^^^^^^^^
venv-python312-test/lib/python3.14/site-packages/rest_framework/test.py:292: in get
    response = super().get(path, data=data, **extra)
               ^^^^^^^^^^^^^^^^^^^^^^^^^^^^^^^^^^^^^
venv-python312-test/lib/python3.14/site-packages/rest_framework/test.py:209: in get
    return self.generic('GET', path, **r)
           ^^^^^^^^^^^^^^^^^^^^^^^^^^^^^^
venv-python312-test/lib/python3.14/site-packages/rest_framework/test.py:237: in generic
    return super().generic(
venv-python312-test/lib/python3.14/site-packages/django/test/client.py:671: in generic
    return self.request(**r)
           ^^^^^^^^^^^^^^^^^
venv-python312-test/lib/python3.14/site-packages/rest_framework/test.py:289: in request
    return super().request(**kwargs)
           ^^^^^^^^^^^^^^^^^^^^^^^^^
venv-python312-test/lib/python3.14/site-packages/rest_framework/test.py:241: in request
    request = super().request(**kwargs)
              ^^^^^^^^^^^^^^^^^^^^^^^^^
venv-python312-test/lib/python3.14/site-packages/django/test/client.py:1082: in request
    response = self.handler(environ)
               ^^^^^^^^^^^^^^^^^^^^^
venv-python312-test/lib/python3.14/site-packages/django/test/client.py:173: in __call__
    self.load_middleware()
venv-python312-test/lib/python3.14/site-packages/django/core/handlers/base.py:41: in load_middleware
    middleware = import_string(middleware_path)
                 ^^^^^^^^^^^^^^^^^^^^^^^^^^^^^^
venv-python312-test/lib/python3.14/site-packages/django/utils/module_loading.py:30: in import_string
    return cached_import(module_path, class_name)
           ^^^^^^^^^^^^^^^^^^^^^^^^^^^^^^^^^^^^^^
venv-python312-test/lib/python3.14/site-packages/django/utils/module_loading.py:15: in cached_import
    module = import_module(module_path)
             ^^^^^^^^^^^^^^^^^^^^^^^^^^
/home/linuxbrew/.linuxbrew/opt/python@3.14/lib/python3.14/importlib/__init__.py:88: in import_module
    return _bootstrap._gcd_import(name[level:], package, level)
           ^^^^^^^^^^^^^^^^^^^^^^^^^^^^^^^^^^^^^^^^^^^^^^^^^^^^
&lt;frozen importlib._bootstrap&gt;:1398: in _gcd_import
    ???
&lt;frozen importlib._bootstrap&gt;:1371: in _find_and_load
    ???
&lt;frozen importlib._bootstrap&gt;:1342: in _find_and_load_unlocked
    ???
&lt;frozen importlib._bootstrap&gt;:938: in _load_unlocked
    ???
&lt;frozen importlib._bootstrap_external&gt;:762: in exec_module
    ???
&lt;frozen importlib._bootstrap&gt;:491: in _call_with_frames_removed
    ???
hub/apps/governance/middleware.py:8: in &lt;module&gt;
    from .access_analytics import AccessAnalyticsService, AccessLog
hub/apps/governance/access_analytics.py:19: in &lt;module&gt;
    class AccessLog(models.Model):
hub/apps/governance/access_analytics.py:31: in AccessLog
    settings.AUTH_USER_MODEL,
    ^^^^^^^^
E   NameError: name 'settings' is not defined</failure></testcase><testcase classname="test_persona_platform_admin.PlatformAdminPersonaTest" name="test_platform_admin_can_list_all_tenants" time="0.364"><failure message="NameError: name 'settings' is not defined">tests/e2e/test_persona_platform_admin.py:92: in test_platform_admin_can_list_all_tenants
    response = self.client.get("/api/v1/tenants/tenants/")
               ^^^^^^^^^^^^^^^^^^^^^^^^^^^^^^^^^^^^^^^^^^^
venv-python312-test/lib/python3.14/site-packages/rest_framework/test.py:292: in get
    response = super().get(path, data=data, **extra)
               ^^^^^^^^^^^^^^^^^^^^^^^^^^^^^^^^^^^^^
venv-python312-test/lib/python3.14/site-packages/rest_framework/test.py:209: in get
    return self.generic('GET', path, **r)
           ^^^^^^^^^^^^^^^^^^^^^^^^^^^^^^
venv-python312-test/lib/python3.14/site-packages/rest_framework/test.py:237: in generic
    return super().generic(
venv-python312-test/lib/python3.14/site-packages/django/test/client.py:671: in generic
    return self.request(**r)
           ^^^^^^^^^^^^^^^^^
venv-python312-test/lib/python3.14/site-packages/rest_framework/test.py:289: in request
    return super().request(**kwargs)
           ^^^^^^^^^^^^^^^^^^^^^^^^^
venv-python312-test/lib/python3.14/site-packages/rest_framework/test.py:241: in request
    request = super().request(**kwargs)
              ^^^^^^^^^^^^^^^^^^^^^^^^^
venv-python312-test/lib/python3.14/site-packages/django/test/client.py:1082: in request
    response = self.handler(environ)
               ^^^^^^^^^^^^^^^^^^^^^
venv-python312-test/lib/python3.14/site-packages/django/test/client.py:173: in __call__
    self.load_middleware()
venv-python312-test/lib/python3.14/site-packages/django/core/handlers/base.py:41: in load_middleware
    middleware = import_string(middleware_path)
                 ^^^^^^^^^^^^^^^^^^^^^^^^^^^^^^
venv-python312-test/lib/python3.14/site-packages/django/utils/module_loading.py:30: in import_string
    return cached_import(module_path, class_name)
           ^^^^^^^^^^^^^^^^^^^^^^^^^^^^^^^^^^^^^^
venv-python312-test/lib/python3.14/site-packages/django/utils/module_loading.py:15: in cached_import
    module = import_module(module_path)
             ^^^^^^^^^^^^^^^^^^^^^^^^^^
/home/linuxbrew/.linuxbrew/opt/python@3.14/lib/python3.14/importlib/__init__.py:88: in import_module
    return _bootstrap._gcd_import(name[level:], package, level)
           ^^^^^^^^^^^^^^^^^^^^^^^^^^^^^^^^^^^^^^^^^^^^^^^^^^^^
&lt;frozen importlib._bootstrap&gt;:1398: in _gcd_import
    ???
&lt;frozen importlib._bootstrap&gt;:1371: in _find_and_load
    ???
&lt;frozen importlib._bootstrap&gt;:1342: in _find_and_load_unlocked
    ???
&lt;frozen importlib._bootstrap&gt;:938: in _load_unlocked
    ???
&lt;frozen importlib._bootstrap_external&gt;:762: in exec_module
    ???
&lt;frozen importlib._bootstrap&gt;:491: in _call_with_frames_removed
    ???
hub/apps/governance/middleware.py:8: in &lt;module&gt;
    from .access_analytics import AccessAnalyticsService, AccessLog
hub/apps/governance/access_analytics.py:19: in &lt;module&gt;
    class AccessLog(models.Model):
hub/apps/governance/access_analytics.py:31: in AccessLog
    settings.AUTH_USER_MODEL,
    ^^^^^^^^
E   NameError: name 'settings' is not defined</failure></testcase><testcase classname="test_persona_auditor.AuditorPersonaTest" name="test_auditor_cannot_create_contracts" time="0.365"><failure message="NameError: name 'settings' is not defined">tests/e2e/test_persona_auditor.py:82: in test_auditor_cannot_create_contracts
    response = self.client.post(
venv-python312-test/lib/python3.14/site-packages/rest_framework/test.py:299: in post
    response = super().post(
venv-python312-test/lib/python3.14/site-packages/rest_framework/test.py:213: in post
    return self.generic('POST', path, data, content_type, **extra)
           ^^^^^^^^^^^^^^^^^^^^^^^^^^^^^^^^^^^^^^^^^^^^^^^^^^^^^^^
venv-python312-test/lib/python3.14/site-packages/rest_framework/test.py:237: in generic
    return super().generic(
venv-python312-test/lib/python3.14/site-packages/django/test/client.py:671: in generic
    return self.request(**r)
           ^^^^^^^^^^^^^^^^^
venv-python312-test/lib/python3.14/site-packages/rest_framework/test.py:289: in request
    return super().request(**kwargs)
           ^^^^^^^^^^^^^^^^^^^^^^^^^
venv-python312-test/lib/python3.14/site-packages/rest_framework/test.py:241: in request
    request = super().request(**kwargs)
              ^^^^^^^^^^^^^^^^^^^^^^^^^
venv-python312-test/lib/python3.14/site-packages/django/test/client.py:1082: in request
    response = self.handler(environ)
               ^^^^^^^^^^^^^^^^^^^^^
venv-python312-test/lib/python3.14/site-packages/django/test/client.py:173: in __call__
    self.load_middleware()
venv-python312-test/lib/python3.14/site-packages/django/core/handlers/base.py:41: in load_middleware
    middleware = import_string(middleware_path)
                 ^^^^^^^^^^^^^^^^^^^^^^^^^^^^^^
venv-python312-test/lib/python3.14/site-packages/django/utils/module_loading.py:30: in import_string
    return cached_import(module_path, class_name)
           ^^^^^^^^^^^^^^^^^^^^^^^^^^^^^^^^^^^^^^
venv-python312-test/lib/python3.14/site-packages/django/utils/module_loading.py:15: in cached_import
    module = import_module(module_path)
             ^^^^^^^^^^^^^^^^^^^^^^^^^^
/home/linuxbrew/.linuxbrew/opt/python@3.14/lib/python3.14/importlib/__init__.py:88: in import_module
    return _bootstrap._gcd_import(name[level:], package, level)
           ^^^^^^^^^^^^^^^^^^^^^^^^^^^^^^^^^^^^^^^^^^^^^^^^^^^^
&lt;frozen importlib._bootstrap&gt;:1398: in _gcd_import
    ???
&lt;frozen importlib._bootstrap&gt;:1371: in _find_and_load
    ???
&lt;frozen importlib._bootstrap&gt;:1342: in _find_and_load_unlocked
    ???
&lt;frozen importlib._bootstrap&gt;:938: in _load_unlocked
    ???
&lt;frozen importlib._bootstrap_external&gt;:762: in exec_module
    ???
&lt;frozen importlib._bootstrap&gt;:491: in _call_with_frames_removed
    ???
hub/apps/governance/middleware.py:8: in &lt;module&gt;
    from .access_analytics import AccessAnalyticsService, AccessLog
hub/apps/governance/access_analytics.py:19: in &lt;module&gt;
    class AccessLog(models.Model):
hub/apps/governance/access_analytics.py:31: in AccessLog
    settings.AUTH_USER_MODEL,
    ^^^^^^^^
E   NameError: name 'settings' is not defined</failure></testcase><testcase classname="test_persona_tenant_admin.TenantAdminPersonaTest" name="test_tenant_admin_cannot_delete_config" time="0.489"><failure message="NameError: name 'settings' is not defined">tests/e2e/test_persona_tenant_admin.py:378: in test_tenant_admin_cannot_delete_config
    response = self.client.delete(f"/api/v1/tenants/tenants/{self.tenant.id}/config/")
               ^^^^^^^^^^^^^^^^^^^^^^^^^^^^^^^^^^^^^^^^^^^^^^^^^^^^^^^^^^^^^^^^^^^^^^^
venv-python312-test/lib/python3.14/site-packages/rest_framework/test.py:323: in delete
    response = super().delete(
venv-python312-test/lib/python3.14/site-packages/rest_framework/test.py:225: in delete
    return self.generic('DELETE', path, data, content_type, **extra)
           ^^^^^^^^^^^^^^^^^^^^^^^^^^^^^^^^^^^^^^^^^^^^^^^^^^^^^^^^^
venv-python312-test/lib/python3.14/site-packages/rest_framework/test.py:237: in generic
    return super().generic(
venv-python312-test/lib/python3.14/site-packages/django/test/client.py:671: in generic
    return self.request(**r)
           ^^^^^^^^^^^^^^^^^
venv-python312-test/lib/python3.14/site-packages/rest_framework/test.py:289: in request
    return super().request(**kwargs)
           ^^^^^^^^^^^^^^^^^^^^^^^^^
venv-python312-test/lib/python3.14/site-packages/rest_framework/test.py:241: in request
    request = super().request(**kwargs)
              ^^^^^^^^^^^^^^^^^^^^^^^^^
venv-python312-test/lib/python3.14/site-packages/django/test/client.py:1082: in request
    response = self.handler(environ)
               ^^^^^^^^^^^^^^^^^^^^^
venv-python312-test/lib/python3.14/site-packages/django/test/client.py:173: in __call__
    self.load_middleware()
venv-python312-test/lib/python3.14/site-packages/django/core/handlers/base.py:41: in load_middleware
    middleware = import_string(middleware_path)
                 ^^^^^^^^^^^^^^^^^^^^^^^^^^^^^^
venv-python312-test/lib/python3.14/site-packages/django/utils/module_loading.py:30: in import_string
    return cached_import(module_path, class_name)
           ^^^^^^^^^^^^^^^^^^^^^^^^^^^^^^^^^^^^^^
venv-python312-test/lib/python3.14/site-packages/django/utils/module_loading.py:15: in cached_import
    module = import_module(module_path)
             ^^^^^^^^^^^^^^^^^^^^^^^^^^
/home/linuxbrew/.linuxbrew/opt/python@3.14/lib/python3.14/importlib/__init__.py:88: in import_module
    return _bootstrap._gcd_import(name[level:], package, level)
           ^^^^^^^^^^^^^^^^^^^^^^^^^^^^^^^^^^^^^^^^^^^^^^^^^^^^
&lt;frozen importlib._bootstrap&gt;:1398: in _gcd_import
    ???
&lt;frozen importlib._bootstrap&gt;:1371: in _find_and_load
    ???
&lt;frozen importlib._bootstrap&gt;:1342: in _find_and_load_unlocked
    ???
&lt;frozen importlib._bootstrap&gt;:938: in _load_unlocked
    ???
&lt;frozen importlib._bootstrap_external&gt;:762: in exec_module
    ???
&lt;frozen importlib._bootstrap&gt;:491: in _call_with_frames_removed
    ???
hub/apps/governance/middleware.py:8: in &lt;module&gt;
    from .access_analytics import AccessAnalyticsService, AccessLog
hub/apps/governance/access_analytics.py:19: in &lt;module&gt;
    class AccessLog(models.Model):
hub/apps/governance/access_analytics.py:31: in AccessLog
    settings.AUTH_USER_MODEL,
    ^^^^^^^^
E   NameError: name 'settings' is not defined</failure></testcase><testcase classname="test_persona_data_provider.DataProviderPersonaTest" name="test_data_provider_can_create_contracts" time="0.361"><failure message="NameError: name 'settings' is not defined">tests/e2e/test_persona_data_provider.py:129: in test_data_provider_can_create_contracts
    response = self.client.post(
venv-python312-test/lib/python3.14/site-packages/rest_framework/test.py:299: in post
    response = super().post(
venv-python312-test/lib/python3.14/site-packages/rest_framework/test.py:213: in post
    return self.generic('POST', path, data, content_type, **extra)
           ^^^^^^^^^^^^^^^^^^^^^^^^^^^^^^^^^^^^^^^^^^^^^^^^^^^^^^^
venv-python312-test/lib/python3.14/site-packages/rest_framework/test.py:237: in generic
    return super().generic(
venv-python312-test/lib/python3.14/site-packages/django/test/client.py:671: in generic
    return self.request(**r)
           ^^^^^^^^^^^^^^^^^
venv-python312-test/lib/python3.14/site-packages/rest_framework/test.py:289: in request
    return super().request(**kwargs)
           ^^^^^^^^^^^^^^^^^^^^^^^^^
venv-python312-test/lib/python3.14/site-packages/rest_framework/test.py:241: in request
    request = super().request(**kwargs)
              ^^^^^^^^^^^^^^^^^^^^^^^^^
venv-python312-test/lib/python3.14/site-packages/django/test/client.py:1082: in request
    response = self.handler(environ)
               ^^^^^^^^^^^^^^^^^^^^^
venv-python312-test/lib/python3.14/site-packages/django/test/client.py:173: in __call__
    self.load_middleware()
venv-python312-test/lib/python3.14/site-packages/django/core/handlers/base.py:41: in load_middleware
    middleware = import_string(middleware_path)
                 ^^^^^^^^^^^^^^^^^^^^^^^^^^^^^^
venv-python312-test/lib/python3.14/site-packages/django/utils/module_loading.py:30: in import_string
    return cached_import(module_path, class_name)
           ^^^^^^^^^^^^^^^^^^^^^^^^^^^^^^^^^^^^^^
venv-python312-test/lib/python3.14/site-packages/django/utils/module_loading.py:15: in cached_import
    module = import_module(module_path)
             ^^^^^^^^^^^^^^^^^^^^^^^^^^
/home/linuxbrew/.linuxbrew/opt/python@3.14/lib/python3.14/importlib/__init__.py:88: in import_module
    return _bootstrap._gcd_import(name[level:], package, level)
           ^^^^^^^^^^^^^^^^^^^^^^^^^^^^^^^^^^^^^^^^^^^^^^^^^^^^
&lt;frozen importlib._bootstrap&gt;:1398: in _gcd_import
    ???
&lt;frozen importlib._bootstrap&gt;:1371: in _find_and_load
    ???
&lt;frozen importlib._bootstrap&gt;:1342: in _find_and_load_unlocked
    ???
&lt;frozen importlib._bootstrap&gt;:938: in _load_unlocked
    ???
&lt;frozen importlib._bootstrap_external&gt;:762: in exec_module
    ???
&lt;frozen importlib._bootstrap&gt;:491: in _call_with_frames_removed
    ???
hub/apps/governance/middleware.py:8: in &lt;module&gt;
    from .access_analytics import AccessAnalyticsService, AccessLog
hub/apps/governance/access_analytics.py:19: in &lt;module&gt;
    class AccessLog(models.Model):
hub/apps/governance/access_analytics.py:31: in AccessLog
    settings.AUTH_USER_MODEL,
    ^^^^^^^^
E   NameError: name 'settings' is not defined</failure></testcase><testcase classname="test_persona_auditor.AuditorPersonaTest" name="test_auditor_cannot_create_dq_runs" time="0.363"><failure message="NameError: name 'settings' is not defined">tests/e2e/test_persona_auditor.py:147: in test_auditor_cannot_create_dq_runs
    asset_id = self.create_asset(key='dq-test-asset', name='DQ Test Asset')
               ^^^^^^^^^^^^^^^^^^^^^^^^^^^^^^^^^^^^^^^^^^^^^^^^^^^^^^^^^^^^
tests/e2e/conftest.py:404: in create_asset
    response = self.client.post(
venv-python312-test/lib/python3.14/site-packages/rest_framework/test.py:299: in post
    response = super().post(
venv-python312-test/lib/python3.14/site-packages/rest_framework/test.py:213: in post
    return self.generic('POST', path, data, content_type, **extra)
           ^^^^^^^^^^^^^^^^^^^^^^^^^^^^^^^^^^^^^^^^^^^^^^^^^^^^^^^
venv-python312-test/lib/python3.14/site-packages/rest_framework/test.py:237: in generic
    return super().generic(
venv-python312-test/lib/python3.14/site-packages/django/test/client.py:671: in generic
    return self.request(**r)
           ^^^^^^^^^^^^^^^^^
venv-python312-test/lib/python3.14/site-packages/rest_framework/test.py:289: in request
    return super().request(**kwargs)
           ^^^^^^^^^^^^^^^^^^^^^^^^^
venv-python312-test/lib/python3.14/site-packages/rest_framework/test.py:241: in request
    request = super().request(**kwargs)
              ^^^^^^^^^^^^^^^^^^^^^^^^^
venv-python312-test/lib/python3.14/site-packages/django/test/client.py:1082: in request
    response = self.handler(environ)
               ^^^^^^^^^^^^^^^^^^^^^
venv-python312-test/lib/python3.14/site-packages/django/test/client.py:173: in __call__
    self.load_middleware()
venv-python312-test/lib/python3.14/site-packages/django/core/handlers/base.py:41: in load_middleware
    middleware = import_string(middleware_path)
                 ^^^^^^^^^^^^^^^^^^^^^^^^^^^^^^
venv-python312-test/lib/python3.14/site-packages/django/utils/module_loading.py:30: in import_string
    return cached_import(module_path, class_name)
           ^^^^^^^^^^^^^^^^^^^^^^^^^^^^^^^^^^^^^^
venv-python312-test/lib/python3.14/site-packages/django/utils/module_loading.py:15: in cached_import
    module = import_module(module_path)
             ^^^^^^^^^^^^^^^^^^^^^^^^^^
/home/linuxbrew/.linuxbrew/opt/python@3.14/lib/python3.14/importlib/__init__.py:88: in import_module
    return _bootstrap._gcd_import(name[level:], package, level)
           ^^^^^^^^^^^^^^^^^^^^^^^^^^^^^^^^^^^^^^^^^^^^^^^^^^^^
&lt;frozen importlib._bootstrap&gt;:1398: in _gcd_import
    ???
&lt;frozen importlib._bootstrap&gt;:1371: in _find_and_load
    ???
&lt;frozen importlib._bootstrap&gt;:1342: in _find_and_load_unlocked
    ???
&lt;frozen importlib._bootstrap&gt;:938: in _load_unlocked
    ???
&lt;frozen importlib._bootstrap_external&gt;:762: in exec_module
    ???
&lt;frozen importlib._bootstrap&gt;:491: in _call_with_frames_removed
    ???
hub/apps/governance/middleware.py:8: in &lt;module&gt;
    from .access_analytics import AccessAnalyticsService, AccessLog
hub/apps/governance/access_analytics.py:19: in &lt;module&gt;
    class AccessLog(models.Model):
hub/apps/governance/access_analytics.py:31: in AccessLog
    settings.AUTH_USER_MODEL,
    ^^^^^^^^
E   NameError: name 'settings' is not defined</failure></testcase><testcase classname="test_persona_platform_admin.PlatformAdminPersonaTest" name="test_platform_admin_can_manage_tenant_kyc" time="0.367"><failure message="NameError: name 'settings' is not defined">tests/e2e/test_persona_platform_admin.py:242: in test_platform_admin_can_manage_tenant_kyc
    response = self.client.patch(
venv-python312-test/lib/python3.14/site-packages/rest_framework/test.py:315: in patch
    response = super().patch(
venv-python312-test/lib/python3.14/site-packages/rest_framework/test.py:221: in patch
    return self.generic('PATCH', path, data, content_type, **extra)
           ^^^^^^^^^^^^^^^^^^^^^^^^^^^^^^^^^^^^^^^^^^^^^^^^^^^^^^^^
venv-python312-test/lib/python3.14/site-packages/rest_framework/test.py:237: in generic
    return super().generic(
venv-python312-test/lib/python3.14/site-packages/django/test/client.py:671: in generic
    return self.request(**r)
           ^^^^^^^^^^^^^^^^^
venv-python312-test/lib/python3.14/site-packages/rest_framework/test.py:289: in request
    return super().request(**kwargs)
           ^^^^^^^^^^^^^^^^^^^^^^^^^
venv-python312-test/lib/python3.14/site-packages/rest_framework/test.py:241: in request
    request = super().request(**kwargs)
              ^^^^^^^^^^^^^^^^^^^^^^^^^
venv-python312-test/lib/python3.14/site-packages/django/test/client.py:1082: in request
    response = self.handler(environ)
               ^^^^^^^^^^^^^^^^^^^^^
venv-python312-test/lib/python3.14/site-packages/django/test/client.py:173: in __call__
    self.load_middleware()
venv-python312-test/lib/python3.14/site-packages/django/core/handlers/base.py:41: in load_middleware
    middleware = import_string(middleware_path)
                 ^^^^^^^^^^^^^^^^^^^^^^^^^^^^^^
venv-python312-test/lib/python3.14/site-packages/django/utils/module_loading.py:30: in import_string
    return cached_import(module_path, class_name)
           ^^^^^^^^^^^^^^^^^^^^^^^^^^^^^^^^^^^^^^
venv-python312-test/lib/python3.14/site-packages/django/utils/module_loading.py:15: in cached_import
    module = import_module(module_path)
             ^^^^^^^^^^^^^^^^^^^^^^^^^^
/home/linuxbrew/.linuxbrew/opt/python@3.14/lib/python3.14/importlib/__init__.py:88: in import_module
    return _bootstrap._gcd_import(name[level:], package, level)
           ^^^^^^^^^^^^^^^^^^^^^^^^^^^^^^^^^^^^^^^^^^^^^^^^^^^^
&lt;frozen importlib._bootstrap&gt;:1398: in _gcd_import
    ???
&lt;frozen importlib._bootstrap&gt;:1371: in _find_and_load
    ???
&lt;frozen importlib._bootstrap&gt;:1342: in _find_and_load_unlocked
    ???
&lt;frozen importlib._bootstrap&gt;:938: in _load_unlocked
    ???
&lt;frozen importlib._bootstrap_external&gt;:762: in exec_module
    ???
&lt;frozen importlib._bootstrap&gt;:491: in _call_with_frames_removed
    ???
hub/apps/governance/middleware.py:8: in &lt;module&gt;
    from .access_analytics import AccessAnalyticsService, AccessLog
hub/apps/governance/access_analytics.py:19: in &lt;module&gt;
    class AccessLog(models.Model):
hub/apps/governance/access_analytics.py:31: in AccessLog
    settings.AUTH_USER_MODEL,
    ^^^^^^^^
E   NameError: name 'settings' is not defined</failure></testcase><testcase classname="test_persona_tenant_admin.TenantAdminPersonaTest" name="test_tenant_admin_cannot_patch_other_tenant_config" time="0.518"><failure message="NameError: name 'settings' is not defined">tests/e2e/test_persona_tenant_admin.py:105: in test_tenant_admin_cannot_patch_other_tenant_config
    response = self.client.patch(
venv-python312-test/lib/python3.14/site-packages/rest_framework/test.py:315: in patch
    response = super().patch(
venv-python312-test/lib/python3.14/site-packages/rest_framework/test.py:221: in patch
    return self.generic('PATCH', path, data, content_type, **extra)
           ^^^^^^^^^^^^^^^^^^^^^^^^^^^^^^^^^^^^^^^^^^^^^^^^^^^^^^^^
venv-python312-test/lib/python3.14/site-packages/rest_framework/test.py:237: in generic
    return super().generic(
venv-python312-test/lib/python3.14/site-packages/django/test/client.py:671: in generic
    return self.request(**r)
           ^^^^^^^^^^^^^^^^^
venv-python312-test/lib/python3.14/site-packages/rest_framework/test.py:289: in request
    return super().request(**kwargs)
           ^^^^^^^^^^^^^^^^^^^^^^^^^
venv-python312-test/lib/python3.14/site-packages/rest_framework/test.py:241: in request
    request = super().request(**kwargs)
              ^^^^^^^^^^^^^^^^^^^^^^^^^
venv-python312-test/lib/python3.14/site-packages/django/test/client.py:1082: in request
    response = self.handler(environ)
               ^^^^^^^^^^^^^^^^^^^^^
venv-python312-test/lib/python3.14/site-packages/django/test/client.py:173: in __call__
    self.load_middleware()
venv-python312-test/lib/python3.14/site-packages/django/core/handlers/base.py:41: in load_middleware
    middleware = import_string(middleware_path)
                 ^^^^^^^^^^^^^^^^^^^^^^^^^^^^^^
venv-python312-test/lib/python3.14/site-packages/django/utils/module_loading.py:30: in import_string
    return cached_import(module_path, class_name)
           ^^^^^^^^^^^^^^^^^^^^^^^^^^^^^^^^^^^^^^
venv-python312-test/lib/python3.14/site-packages/django/utils/module_loading.py:15: in cached_import
    module = import_module(module_path)
             ^^^^^^^^^^^^^^^^^^^^^^^^^^
/home/linuxbrew/.linuxbrew/opt/python@3.14/lib/python3.14/importlib/__init__.py:88: in import_module
    return _bootstrap._gcd_import(name[level:], package, level)
           ^^^^^^^^^^^^^^^^^^^^^^^^^^^^^^^^^^^^^^^^^^^^^^^^^^^^
&lt;frozen importlib._bootstrap&gt;:1398: in _gcd_import
    ???
&lt;frozen importlib._bootstrap&gt;:1371: in _find_and_load
    ???
&lt;frozen importlib._bootstrap&gt;:1342: in _find_and_load_unlocked
    ???
&lt;frozen importlib._bootstrap&gt;:938: in _load_unlocked
    ???
&lt;frozen importlib._bootstrap_external&gt;:762: in exec_module
    ???
&lt;frozen importlib._bootstrap&gt;:491: in _call_with_frames_removed
    ???
hub/apps/governance/middleware.py:8: in &lt;module&gt;
    from .access_analytics import AccessAnalyticsService, AccessLog
hub/apps/governance/access_analytics.py:19: in &lt;module&gt;
    class AccessLog(models.Model):
hub/apps/governance/access_analytics.py:31: in AccessLog
    settings.AUTH_USER_MODEL,
    ^^^^^^^^
E   NameError: name 'settings' is not defined</failure></testcase><testcase classname="test_persona_data_provider.DataProviderPersonaTest" name="test_data_provider_can_use_cli_for_contracts" time="0.393"><failure message="NameError: name 'settings' is not defined">tests/e2e/test_persona_data_provider.py:228: in test_data_provider_can_use_cli_for_contracts
    response = self.client.get("/api/v1/contracts/contracts/")
               ^^^^^^^^^^^^^^^^^^^^^^^^^^^^^^^^^^^^^^^^^^^^^^^
venv-python312-test/lib/python3.14/site-packages/rest_framework/test.py:292: in get
    response = super().get(path, data=data, **extra)
               ^^^^^^^^^^^^^^^^^^^^^^^^^^^^^^^^^^^^^
venv-python312-test/lib/python3.14/site-packages/rest_framework/test.py:209: in get
    return self.generic('GET', path, **r)
           ^^^^^^^^^^^^^^^^^^^^^^^^^^^^^^
venv-python312-test/lib/python3.14/site-packages/rest_framework/test.py:237: in generic
    return super().generic(
venv-python312-test/lib/python3.14/site-packages/django/test/client.py:671: in generic
    return self.request(**r)
           ^^^^^^^^^^^^^^^^^
venv-python312-test/lib/python3.14/site-packages/rest_framework/test.py:289: in request
    return super().request(**kwargs)
           ^^^^^^^^^^^^^^^^^^^^^^^^^
venv-python312-test/lib/python3.14/site-packages/rest_framework/test.py:241: in request
    request = super().request(**kwargs)
              ^^^^^^^^^^^^^^^^^^^^^^^^^
venv-python312-test/lib/python3.14/site-packages/django/test/client.py:1082: in request
    response = self.handler(environ)
               ^^^^^^^^^^^^^^^^^^^^^
venv-python312-test/lib/python3.14/site-packages/django/test/client.py:173: in __call__
    self.load_middleware()
venv-python312-test/lib/python3.14/site-packages/django/core/handlers/base.py:41: in load_middleware
    middleware = import_string(middleware_path)
                 ^^^^^^^^^^^^^^^^^^^^^^^^^^^^^^
venv-python312-test/lib/python3.14/site-packages/django/utils/module_loading.py:30: in import_string
    return cached_import(module_path, class_name)
           ^^^^^^^^^^^^^^^^^^^^^^^^^^^^^^^^^^^^^^
venv-python312-test/lib/python3.14/site-packages/django/utils/module_loading.py:15: in cached_import
    module = import_module(module_path)
             ^^^^^^^^^^^^^^^^^^^^^^^^^^
/home/linuxbrew/.linuxbrew/opt/python@3.14/lib/python3.14/importlib/__init__.py:88: in import_module
    return _bootstrap._gcd_import(name[level:], package, level)
           ^^^^^^^^^^^^^^^^^^^^^^^^^^^^^^^^^^^^^^^^^^^^^^^^^^^^
&lt;frozen importlib._bootstrap&gt;:1398: in _gcd_import
    ???
&lt;frozen importlib._bootstrap&gt;:1371: in _find_and_load
    ???
&lt;frozen importlib._bootstrap&gt;:1342: in _find_and_load_unlocked
    ???
&lt;frozen importlib._bootstrap&gt;:938: in _load_unlocked
    ???
&lt;frozen importlib._bootstrap_external&gt;:762: in exec_module
    ???
&lt;frozen importlib._bootstrap&gt;:491: in _call_with_frames_removed
    ???
hub/apps/governance/middleware.py:8: in &lt;module&gt;
    from .access_analytics import AccessAnalyticsService, AccessLog
hub/apps/governance/access_analytics.py:19: in &lt;module&gt;
    class AccessLog(models.Model):
hub/apps/governance/access_analytics.py:31: in AccessLog
    settings.AUTH_USER_MODEL,
    ^^^^^^^^
E   NameError: name 'settings' is not defined</failure></testcase><testcase classname="test_persona_platform_admin.PlatformAdminPersonaTest" name="test_platform_admin_can_patch_any_tenant_config" time="0.364"><failure message="NameError: name 'settings' is not defined">tests/e2e/test_persona_platform_admin.py:68: in test_platform_admin_can_patch_any_tenant_config
    response = self.client.patch(
venv-python312-test/lib/python3.14/site-packages/rest_framework/test.py:315: in patch
    response = super().patch(
venv-python312-test/lib/python3.14/site-packages/rest_framework/test.py:221: in patch
    return self.generic('PATCH', path, data, content_type, **extra)
           ^^^^^^^^^^^^^^^^^^^^^^^^^^^^^^^^^^^^^^^^^^^^^^^^^^^^^^^^
venv-python312-test/lib/python3.14/site-packages/rest_framework/test.py:237: in generic
    return super().generic(
venv-python312-test/lib/python3.14/site-packages/django/test/client.py:671: in generic
    return self.request(**r)
           ^^^^^^^^^^^^^^^^^
venv-python312-test/lib/python3.14/site-packages/rest_framework/test.py:289: in request
    return super().request(**kwargs)
           ^^^^^^^^^^^^^^^^^^^^^^^^^
venv-python312-test/lib/python3.14/site-packages/rest_framework/test.py:241: in request
    request = super().request(**kwargs)
              ^^^^^^^^^^^^^^^^^^^^^^^^^
venv-python312-test/lib/python3.14/site-packages/django/test/client.py:1082: in request
    response = self.handler(environ)
               ^^^^^^^^^^^^^^^^^^^^^
venv-python312-test/lib/python3.14/site-packages/django/test/client.py:173: in __call__
    self.load_middleware()
venv-python312-test/lib/python3.14/site-packages/django/core/handlers/base.py:41: in load_middleware
    middleware = import_string(middleware_path)
                 ^^^^^^^^^^^^^^^^^^^^^^^^^^^^^^
venv-python312-test/lib/python3.14/site-packages/django/utils/module_loading.py:30: in import_string
    return cached_import(module_path, class_name)
           ^^^^^^^^^^^^^^^^^^^^^^^^^^^^^^^^^^^^^^
venv-python312-test/lib/python3.14/site-packages/django/utils/module_loading.py:15: in cached_import
    module = import_module(module_path)
             ^^^^^^^^^^^^^^^^^^^^^^^^^^
/home/linuxbrew/.linuxbrew/opt/python@3.14/lib/python3.14/importlib/__init__.py:88: in import_module
    return _bootstrap._gcd_import(name[level:], package, level)
           ^^^^^^^^^^^^^^^^^^^^^^^^^^^^^^^^^^^^^^^^^^^^^^^^^^^^
&lt;frozen importlib._bootstrap&gt;:1398: in _gcd_import
    ???
&lt;frozen importlib._bootstrap&gt;:1371: in _find_and_load
    ???
&lt;frozen importlib._bootstrap&gt;:1342: in _find_and_load_unlocked
    ???
&lt;frozen importlib._bootstrap&gt;:938: in _load_unlocked
    ???
&lt;frozen importlib._bootstrap_external&gt;:762: in exec_module
    ???
&lt;frozen importlib._bootstrap&gt;:491: in _call_with_frames_removed
    ???
hub/apps/governance/middleware.py:8: in &lt;module&gt;
    from .access_analytics import AccessAnalyticsService, AccessLog
hub/apps/governance/access_analytics.py:19: in &lt;module&gt;
    class AccessLog(models.Model):
hub/apps/governance/access_analytics.py:31: in AccessLog
    settings.AUTH_USER_MODEL,
    ^^^^^^^^
E   NameError: name 'settings' is not defined</failure></testcase><testcase classname="test_persona_auditor.AuditorPersonaTest" name="test_auditor_cannot_delete_contracts" time="4.437"><failure message="NameError: name 'settings' is not defined">tests/e2e/test_persona_auditor.py:132: in test_auditor_cannot_delete_contracts
    response = self.client.delete(f"/api/v1/contracts/contracts/{contract.id}/")
               ^^^^^^^^^^^^^^^^^^^^^^^^^^^^^^^^^^^^^^^^^^^^^^^^^^^^^^^^^^^^^^^^^
venv-python312-test/lib/python3.14/site-packages/rest_framework/test.py:323: in delete
    response = super().delete(
venv-python312-test/lib/python3.14/site-packages/rest_framework/test.py:225: in delete
    return self.generic('DELETE', path, data, content_type, **extra)
           ^^^^^^^^^^^^^^^^^^^^^^^^^^^^^^^^^^^^^^^^^^^^^^^^^^^^^^^^^
venv-python312-test/lib/python3.14/site-packages/rest_framework/test.py:237: in generic
    return super().generic(
venv-python312-test/lib/python3.14/site-packages/django/test/client.py:671: in generic
    return self.request(**r)
           ^^^^^^^^^^^^^^^^^
venv-python312-test/lib/python3.14/site-packages/rest_framework/test.py:289: in request
    return super().request(**kwargs)
           ^^^^^^^^^^^^^^^^^^^^^^^^^
venv-python312-test/lib/python3.14/site-packages/rest_framework/test.py:241: in request
    request = super().request(**kwargs)
              ^^^^^^^^^^^^^^^^^^^^^^^^^
venv-python312-test/lib/python3.14/site-packages/django/test/client.py:1082: in request
[...]
&lt;frozen importlib._bootstrap&gt;:1371: in _find_and_load
    ???
&lt;frozen importlib._bootstrap&gt;:1342: in _find_and_load_unlocked
    ???
&lt;frozen importlib._bootstrap&gt;:938: in _load_unlocked
    ???
&lt;frozen importlib._bootstrap_external&gt;:762: in exec_module
    ???
&lt;frozen importlib._bootstrap&gt;:491: in _call_with_frames_removed
    ???
hub/apps/governance/middleware.py:8: in &lt;module&gt;
    from .access_analytics import AccessAnalyticsService, AccessLog
hub/apps/governance/access_analytics.py:19: in &lt;module&gt;
    class AccessLog(models.Model):
hub/apps/governance/access_analytics.py:31: in AccessLog
    settings.AUTH_USER_MODEL,
    ^^^^^^^^
E   NameError: name 'settings' is not defined</failure></testcase><testcase classname="test_persona_data_consumer.DataConsumerPersonaTest" name="test_data_consumer_rate_limit_headers" time="0.677"><failure message="NameError: name 'settings' is not defined">tests/e2e/test_persona_data_consumer.py:90: in test_data_consumer_rate_limit_headers
    response = self.client.get("/api/v1/contracts/contracts/")
               ^^^^^^^^^^^^^^^^^^^^^^^^^^^^^^^^^^^^^^^^^^^^^^^
venv-python312-test/lib/python3.14/site-packages/rest_framework/test.py:292: in get
    response = super().get(path, data=data, **extra)
               ^^^^^^^^^^^^^^^^^^^^^^^^^^^^^^^^^^^^^
venv-python312-test/lib/python3.14/site-packages/rest_framework/test.py:209: in get
    return self.generic('GET', path, **r)
           ^^^^^^^^^^^^^^^^^^^^^^^^^^^^^^
venv-python312-test/lib/python3.14/site-packages/rest_framework/test.py:237: in generic
    return super().generic(
venv-python312-test/lib/python3.14/site-packages/django/test/client.py:671: in generic
    return self.request(**r)
           ^^^^^^^^^^^^^^^^^
venv-python312-test/lib/python3.14/site-packages/rest_framework/test.py:289: in request
    return super().request(**kwargs)
           ^^^^^^^^^^^^^^^^^^^^^^^^^
venv-python312-test/lib/python3.14/site-packages/rest_framework/test.py:241: in request
    request = super().request(**kwargs)
              ^^^^^^^^^^^^^^^^^^^^^^^^^
venv-python312-test/lib/python3.14/site-packages/django/test/client.py:1082: in request
    response = self.handler(environ)
               ^^^^^^^^^^^^^^^^^^^^^
venv-python312-test/lib/python3.14/site-packages/django/test/client.py:173: in __call__
    self.load_middleware()
venv-python312-test/lib/python3.14/site-packages/django/core/handlers/base.py:41: in load_middleware
    middleware = import_string(middleware_path)
                 ^^^^^^^^^^^^^^^^^^^^^^^^^^^^^^
venv-python312-test/lib/python3.14/site-packages/django/utils/module_loading.py:30: in import_string
    return cached_import(module_path, class_name)
           ^^^^^^^^^^^^^^^^^^^^^^^^^^^^^^^^^^^^^^
venv-python312-test/lib/python3.14/site-packages/django/utils/module_loading.py:15: in cached_import
    module = import_module(module_path)
             ^^^^^^^^^^^^^^^^^^^^^^^^^^
/home/linuxbrew/.linuxbrew/opt/python@3.14/lib/python3.14/importlib/__init__.py:88: in import_module
    return _bootstrap._gcd_import(name[level:], package, level)
           ^^^^^^^^^^^^^^^^^^^^^^^^^^^^^^^^^^^^^^^^^^^^^^^^^^^^
&lt;frozen importlib._bootstrap&gt;:1398: in _gcd_import
    ???
&lt;frozen importlib._bootstrap&gt;:1371: in _find_and_load
    ???
&lt;frozen importlib._bootstrap&gt;:1342: in _find_and_load_unlocked
    ???
&lt;frozen importlib._bootstrap&gt;:938: in _load_unlocked
    ???
&lt;frozen importlib._bootstrap_external&gt;:762: in exec_module
    ???
&lt;frozen importlib._bootstrap&gt;:491: in _call_with_frames_removed
    ???
hub/apps/governance/middleware.py:8: in &lt;module&gt;
    from .access_analytics import AccessAnalyticsService, AccessLog
hub/apps/governance/access_analytics.py:19: in &lt;module&gt;
    class AccessLog(models.Model):
hub/apps/governance/access_analytics.py:31: in AccessLog
    settings.AUTH_USER_MODEL,
    ^^^^^^^^
E   NameError: name 'settings' is not defined</failure></testcase><testcase classname="test_persona_tenant_admin.TenantAdminPersonaTest" name="test_tenant_admin_config_with_empty_values" time="0.508"><failure message="NameError: name 'settings' is not defined">tests/e2e/test_persona_tenant_admin.py:393: in test_tenant_admin_config_with_empty_values
    self.client.patch(
venv-python312-test/lib/python3.14/site-packages/rest_framework/test.py:315: in patch
    response = super().patch(
venv-python312-test/lib/python3.14/site-packages/rest_framework/test.py:221: in patch
    return self.generic('PATCH', path, data, content_type, **extra)
           ^^^^^^^^^^^^^^^^^^^^^^^^^^^^^^^^^^^^^^^^^^^^^^^^^^^^^^^^
venv-python312-test/lib/python3.14/site-packages/rest_framework/test.py:237: in generic
    return super().generic(
venv-python312-test/lib/python3.14/site-packages/django/test/client.py:671: in generic
    return self.request(**r)
           ^^^^^^^^^^^^^^^^^
venv-python312-test/lib/python3.14/site-packages/rest_framework/test.py:289: in request
    return super().request(**kwargs)
           ^^^^^^^^^^^^^^^^^^^^^^^^^
venv-python312-test/lib/python3.14/site-packages/rest_framework/test.py:241: in request
    request = super().request(**kwargs)
              ^^^^^^^^^^^^^^^^^^^^^^^^^
venv-python312-test/lib/python3.14/site-packages/django/test/client.py:1082: in request
    response = self.handler(environ)
               ^^^^^^^^^^^^^^^^^^^^^
venv-python312-test/lib/python3.14/site-packages/django/test/client.py:173: in __call__
    self.load_middleware()
venv-python312-test/lib/python3.14/site-packages/django/core/handlers/base.py:41: in load_middleware
    middleware = import_string(middleware_path)
                 ^^^^^^^^^^^^^^^^^^^^^^^^^^^^^^
venv-python312-test/lib/python3.14/site-packages/django/utils/module_loading.py:30: in import_string
    return cached_import(module_path, class_name)
           ^^^^^^^^^^^^^^^^^^^^^^^^^^^^^^^^^^^^^^
venv-python312-test/lib/python3.14/site-packages/django/utils/module_loading.py:15: in cached_import
    module = import_module(module_path)
             ^^^^^^^^^^^^^^^^^^^^^^^^^^
/home/linuxbrew/.linuxbrew/opt/python@3.14/lib/python3.14/importlib/__init__.py:88: in import_module
    return _bootstrap._gcd_import(name[level:], package, level)
           ^^^^^^^^^^^^^^^^^^^^^^^^^^^^^^^^^^^^^^^^^^^^^^^^^^^^
&lt;frozen importlib._bootstrap&gt;:1398: in _gcd_import
    ???
&lt;frozen importlib._bootstrap&gt;:1371: in _find_and_load
    ???
&lt;frozen importlib._bootstrap&gt;:1342: in _find_and_load_unlocked
    ???
&lt;frozen importlib._bootstrap&gt;:938: in _load_unlocked
    ???
&lt;frozen importlib._bootstrap_external&gt;:762: in exec_module
    ???
&lt;frozen importlib._bootstrap&gt;:491: in _call_with_frames_removed
    ???
hub/apps/governance/middleware.py:8: in &lt;module&gt;
    from .access_analytics import AccessAnalyticsService, AccessLog
hub/apps/governance/access_analytics.py:19: in &lt;module&gt;
    class AccessLog(models.Model):
hub/apps/governance/access_analytics.py:31: in AccessLog
    settings.AUTH_USER_MODEL,
    ^^^^^^^^
E   NameError: name 'settings' is not defined</failure></testcase><testcase classname="test_persona_data_consumer.DataConsumerPersonaTest" name="test_data_consumer_rate_limit_per_endpoint" time="77.094"><failure message="NameError: name 'settings' is not defined">tests/e2e/test_persona_data_consumer.py:155: in test_data_consumer_rate_limit_per_endpoint
    response = self.client.get(endpoint)
               ^^^^^^^^^^^^^^^^^^^^^^^^^
venv-python312-test/lib/python3.14/site-packages/rest_framework/test.py:292: in get
    response = super().get(path, data=data, **extra)
               ^^^^^^^^^^^^^^^^^^^^^^^^^^^^^^^^^^^^^
venv-python312-test/lib/python3.14/site-packages/rest_framework/test.py:209: in get
    return self.generic('GET', path, **r)
           ^^^^^^^^^^^^^^^^^^^^^^^^^^^^^^
venv-python312-test/lib/python3.14/site-packages/rest_framework/test.py:237: in generic
    return super().generic(
venv-python312-test/lib/python3.14/site-packages/django/test/client.py:671: in generic
    return self.request(**r)
           ^^^^^^^^^^^^^^^^^
venv-python312-test/lib/python3.14/site-packages/rest_framework/test.py:289: in request
    return super().request(**kwargs)
           ^^^^^^^^^^^^^^^^^^^^^^^^^
venv-python312-test/lib/python3.14/site-packages/rest_framework/test.py:241: in request
    request = super().request(**kwargs)
              ^^^^^^^^^^^^^^^^^^^^^^^^^
venv-python312-test/lib/python3.14/site-packages/django/test/client.py:1082: in request
    response = self.handler(environ)
               ^^^^^^^^^^^^^^^^^^^^^
venv-python312-test/lib/python3.14/site-packages/django/test/client.py:173: in __call__
    self.load_middleware()
venv-python312-test/lib/python3.14/site-packages/django/core/handlers/base.py:41: in load_middleware
    middleware = import_string(middleware_path)
                 ^^^^^^^^^^^^^^^^^^^^^^^^^^^^^^
venv-python312-test/lib/python3.14/site-packages/django/utils/module_loading.py:30: in import_string
    return cached_import(module_path, class_name)
           ^^^^^^^^^^^^^^^^^^^^^^^^^^^^^^^^^^^^^^
venv-python312-test/lib/python3.14/site-packages/django/utils/module_loading.py:15: in cached_import
    module = import_module(module_path)
             ^^^^^^^^^^^^^^^^^^^^^^^^^^
/home/linuxbrew/.linuxbrew/opt/python@3.14/lib/python3.14/importlib/__init__.py:88: in import_module
    return _bootstrap._gcd_import(name[level:], package, level)
           ^^^^^^^^^^^^^^^^^^^^^^^^^^^^^^^^^^^^^^^^^^^^^^^^^^^^
&lt;frozen importlib._bootstrap&gt;:1398: in _gcd_import
    ???
&lt;frozen importlib._bootstrap&gt;:1371: in _find_and_load
    ???
&lt;frozen importlib._bootstrap&gt;:1342: in _find_and_load_unlocked
    ???
&lt;frozen importlib._bootstrap&gt;:938: in _load_unlocked
    ???
&lt;frozen importlib._bootstrap_external&gt;:762: in exec_module
    ???
&lt;frozen importlib._bootstrap&gt;:491: in _call_with_frames_removed
    ???
hub/apps/governance/middleware.py:8: in &lt;module&gt;
    from .access_analytics import AccessAnalyticsService, AccessLog
hub/apps/governance/access_analytics.py:19: in &lt;module&gt;
    class AccessLog(models.Model):
hub/apps/governance/access_analytics.py:31: in AccessLog
    settings.AUTH_USER_MODEL,
    ^^^^^^^^
E   NameError: name 'settings' is not defined</failure></testcase><testcase classname="test_persona_tenant_admin.TenantAdminPersonaTest" name="test_tenant_admin_partial_config_update" time="99.162"><failure message="NameError: name 'settings' is not defined">tests/e2e/test_persona_tenant_admin.py:243: in test_tenant_admin_partial_config_update
    self.client.patch(
venv-python312-test/lib/python3.14/site-packages/rest_framework/test.py:315: in patch
    response = super().patch(
venv-python312-test/lib/python3.14/site-packages/rest_framework/test.py:221: in patch
    return self.generic('PATCH', path, data, content_type, **extra)
           ^^^^^^^^^^^^^^^^^^^^^^^^^^^^^^^^^^^^^^^^^^^^^^^^^^^^^^^^
venv-python312-test/lib/python3.14/site-packages/rest_framework/test.py:237: in generic
    return super().generic(
venv-python312-test/lib/python3.14/site-packages/django/test/client.py:671: in generic
    return self.request(**r)
           ^^^^^^^^^^^^^^^^^
venv-python312-test/lib/python3.14/site-packages/rest_framework/test.py:289: in request
    return super().request(**kwargs)
           ^^^^^^^^^^^^^^^^^^^^^^^^^
venv-python312-test/lib/python3.14/site-packages/rest_framework/test.py:241: in request
    request = super().request(**kwargs)
              ^^^^^^^^^^^^^^^^^^^^^^^^^
venv-python312-test/lib/python3.14/site-packages/django/test/client.py:1082: in request
    response = self.handler(environ)
               ^^^^^^^^^^^^^^^^^^^^^
venv-python312-test/lib/python3.14/site-packages/django/test/client.py:173: in __call__
    self.load_middleware()
venv-python312-test/lib/python3.14/site-packages/django/core/handlers/base.py:41: in load_middleware
    middleware = import_string(middleware_path)
                 ^^^^^^^^^^^^^^^^^^^^^^^^^^^^^^
venv-python312-test/lib/python3.14/site-packages/django/utils/module_loading.py:30: in import_string
    return cached_import(module_path, class_name)
           ^^^^^^^^^^^^^^^^^^^^^^^^^^^^^^^^^^^^^^
venv-python312-test/lib/python3.14/site-packages/django/utils/module_loading.py:15: in cached_import
    module = import_module(module_path)
             ^^^^^^^^^^^^^^^^^^^^^^^^^^
/home/linuxbrew/.linuxbrew/opt/python@3.14/lib/python3.14/importlib/__init__.py:88: in import_module
    return _bootstrap._gcd_import(name[level:], package, level)
           ^^^^^^^^^^^^^^^^^^^^^^^^^^^^^^^^^^^^^^^^^^^^^^^^^^^^
&lt;frozen importlib._bootstrap&gt;:1398: in _gcd_import
    ???
&lt;frozen importlib._bootstrap&gt;:1371: in _find_and_load
    ???
&lt;frozen importlib._bootstrap&gt;:1342: in _find_and_load_unlocked
    ???
&lt;frozen importlib._bootstrap&gt;:938: in _load_unlocked
    ???
&lt;frozen importlib._bootstrap_external&gt;:762: in exec_module
    ???
&lt;frozen importlib._bootstrap&gt;:491: in _call_with_frames_removed
    ???
hub/apps/governance/middleware.py:8: in &lt;module&gt;
    from .access_analytics import AccessAnalyticsService, AccessLog
hub/apps/governance/access_analytics.py:19: in &lt;module&gt;
    class AccessLog(models.Model):
hub/apps/governance/access_analytics.py:31: in AccessLog
    settings.AUTH_USER_MODEL,
    ^^^^^^^^
E   NameError: name 'settings' is not defined</failure></testcase><testcase classname="test_persona_data_consumer.DataConsumerPersonaTest" name="test_data_consumer_cannot_modify_tenant_config_via_cli" time="98.714"><failure message="NameError: name 'settings' is not defined">tests/e2e/test_persona_data_consumer.py:236: in test_data_consumer_cannot_modify_tenant_config_via_cli
    response = self.client.patch(
venv-python312-test/lib/python3.14/site-packages/rest_framework/test.py:315: in patch
    response = super().patch(
venv-python312-test/lib/python3.14/site-packages/rest_framework/test.py:221: in patch
    return self.generic('PATCH', path, data, content_type, **extra)
           ^^^^^^^^^^^^^^^^^^^^^^^^^^^^^^^^^^^^^^^^^^^^^^^^^^^^^^^^
venv-python312-test/lib/python3.14/site-packages/rest_framework/test.py:237: in generic
    return super().generic(
venv-python312-test/lib/python3.14/site-packages/django/test/client.py:671: in generic
    return self.request(**r)
           ^^^^^^^^^^^^^^^^^
venv-python312-test/lib/python3.14/site-packages/rest_framework/test.py:289: in request
    return super().request(**kwargs)
           ^^^^^^^^^^^^^^^^^^^^^^^^^
venv-python312-test/lib/python3.14/site-packages/rest_framework/test.py:241: in request
    request = super().request(**kwargs)
              ^^^^^^^^^^^^^^^^^^^^^^^^^
venv-python312-test/lib/python3.14/site-packages/django/test/client.py:1082: in request
    response = self.handler(environ)
               ^^^^^^^^^^^^^^^^^^^^^
venv-python312-test/lib/python3.14/site-packages/django/test/client.py:173: in __call__
    self.load_middleware()
venv-python312-test/lib/python3.14/site-packages/django/core/handlers/base.py:41: in load_middleware
    middleware = import_string(middleware_path)
                 ^^^^^^^^^^^^^^^^^^^^^^^^^^^^^^
venv-python312-test/lib/python3.14/site-packages/django/utils/module_loading.py:30: in import_string
    return cached_import(module_path, class_name)
           ^^^^^^^^^^^^^^^^^^^^^^^^^^^^^^^^^^^^^^
venv-python312-test/lib/python3.14/site-packages/django/utils/module_loading.py:15: in cached_import
    module = import_module(module_path)
             ^^^^^^^^^^^^^^^^^^^^^^^^^^
/home/linuxbrew/.linuxbrew/opt/python@3.14/lib/python3.14/importlib/__init__.py:88: in import_module
    return _bootstrap._gcd_import(name[level:], package, level)
           ^^^^^^^^^^^^^^^^^^^^^^^^^^^^^^^^^^^^^^^^^^^^^^^^^^^^
&lt;frozen importlib._bootstrap&gt;:1398: in _gcd_import
    ???
&lt;frozen importlib._bootstrap&gt;:1371: in _find_and_load
    ???
&lt;frozen importlib._bootstrap&gt;:1342: in _find_and_load_unlocked
    ???
&lt;frozen importlib._bootstrap&gt;:938: in _load_unlocked
    ???
&lt;frozen importlib._bootstrap_external&gt;:762: in exec_module
    ???
&lt;frozen importlib._bootstrap&gt;:491: in _call_with_frames_removed
    ???
hub/apps/governance/middleware.py:8: in &lt;module&gt;
    from .access_analytics import AccessAnalyticsService, AccessLog
hub/apps/governance/access_analytics.py:19: in &lt;module&gt;
    class AccessLog(models.Model):
hub/apps/governance/access_analytics.py:31: in AccessLog
    settings.AUTH_USER_MODEL,
    ^^^^^^^^
E   NameError: name 'settings' is not defined</failure></testcase><testcase classname="test_persona_data_consumer.DataConsumerPersonaTest" name="test_data_consumer_cannot_get_tenant_config" time="99.551"><failure message="NameError: name 'settings' is not defined">tests/e2e/test_persona_data_consumer.py:52: in test_data_consumer_cannot_get_tenant_config
    response = self.client.get(f"/api/v1/tenants/tenants/{self.tenant.id}/config/")
               ^^^^^^^^^^^^^^^^^^^^^^^^^^^^^^^^^^^^^^^^^^^^^^^^^^^^^^^^^^^^^^^^^^^^
venv-python312-test/lib/python3.14/site-packages/rest_framework/test.py:292: in get
    response = super().get(path, data=data, **extra)
               ^^^^^^^^^^^^^^^^^^^^^^^^^^^^^^^^^^^^^
venv-python312-test/lib/python3.14/site-packages/rest_framework/test.py:209: in get
    return self.generic('GET', path, **r)
           ^^^^^^^^^^^^^^^^^^^^^^^^^^^^^^
venv-python312-test/lib/python3.14/site-packages/rest_framework/test.py:237: in generic
    return super().generic(
venv-python312-test/lib/python3.14/site-packages/django/test/client.py:671: in generic
    return self.request(**r)
           ^^^^^^^^^^^^^^^^^
venv-python312-test/lib/python3.14/site-packages/rest_framework/test.py:289: in request
    return super().request(**kwargs)
           ^^^^^^^^^^^^^^^^^^^^^^^^^
venv-python312-test/lib/python3.14/site-packages/rest_framework/test.py:241: in request
    request = super().request(**kwargs)
              ^^^^^^^^^^^^^^^^^^^^^^^^^
venv-python312-test/lib/python3.14/site-packages/django/test/client.py:1082: in request
    response = self.handler(environ)
               ^^^^^^^^^^^^^^^^^^^^^
venv-python312-test/lib/python3.14/site-packages/django/test/client.py:173: in __call__
    self.load_middleware()
venv-python312-test/lib/python3.14/site-packages/django/core/handlers/base.py:41: in load_middleware
    middleware = import_string(middleware_path)
                 ^^^^^^^^^^^^^^^^^^^^^^^^^^^^^^
venv-python312-test/lib/python3.14/site-packages/django/utils/module_loading.py:30: in import_string
    return cached_import(module_path, class_name)
           ^^^^^^^^^^^^^^^^^^^^^^^^^^^^^^^^^^^^^^
venv-python312-test/lib/python3.14/site-packages/django/utils/module_loading.py:15: in cached_import
    module = import_module(module_path)
             ^^^^^^^^^^^^^^^^^^^^^^^^^^
/home/linuxbrew/.linuxbrew/opt/python@3.14/lib/python3.14/importlib/__init__.py:88: in import_module
    return _bootstrap._gcd_import(name[level:], package, level)
           ^^^^^^^^^^^^^^^^^^^^^^^^^^^^^^^^^^^^^^^^^^^^^^^^^^^^
&lt;frozen importlib._bootstrap&gt;:1398: in _gcd_import
    ???
&lt;frozen importlib._bootstrap&gt;:1371: in _find_and_load
    ???
&lt;frozen importlib._bootstrap&gt;:1342: in _find_and_load_unlocked
    ???
&lt;frozen importlib._bootstrap&gt;:938: in _load_unlocked
    ???
&lt;frozen importlib._bootstrap_external&gt;:762: in exec_module
    ???
&lt;frozen importlib._bootstrap&gt;:491: in _call_with_frames_removed
    ???
hub/apps/governance/middleware.py:8: in &lt;module&gt;
    from .access_analytics import AccessAnalyticsService, AccessLog
hub/apps/governance/access_analytics.py:19: in &lt;module&gt;
    class AccessLog(models.Model):
hub/apps/governance/access_analytics.py:31: in AccessLog
    settings.AUTH_USER_MODEL,
    ^^^^^^^^
E   NameError: name 'settings' is not defined</failure></testcase></testsuite></testsuites>