<?xml version="1.0" encoding="utf-8"?><testsuites name="pytest tests"><testsuite name="pytest" errors="0" failures="86" skipped="1" tests="180" time="129.315" timestamp="2026-02-25T10:27:04.570066+00:00" hostname="94488bcd45a6"><testcase classname="tests.integration.test_api_endpoints_comprehensive.RESTAPIEndpointsTest" name="test_assets_endpoints" time="81.582"><failure message="AssertionError: 403 not found in [201, 400, 404, 405]">tests/integration/test_api_endpoints_comprehensive.py:64: in test_assets_endpoints
    self.assertIn(create_response.status_code, [201, 400, 404, 405])
E   AssertionError: 403 not found in [201, 400, 404, 405]</failure></testcase><testcase classname="tests.integration.test_api_endpoints_comprehensive.RESTAPIEndpointsTest" name="test_contracts_endpoints" time="0.132"><failure message="AssertionError: 403 not found in [201, 400, 404, 405]">tests/integration/test_api_endpoints_comprehensive.py:94: in test_contracts_endpoints
    self.assertIn(create_response.status_code, [201, 400, 404, 405])
E   AssertionError: 403 not found in [201, 400, 404, 405]</failure></testcase><testcase classname="tests.integration.test_api_endpoints_comprehensive.RESTAPIEndpointsTest" name="test_files_endpoints" time="0.128"><failure message="AssertionError: 403 not found in [200, 201, 400, 404, 405]">tests/integration/test_api_endpoints_comprehensive.py:108: in test_files_endpoints
    self.assertIn(init_response.status_code, [200, 201, 400, 404, 405])
E   AssertionError: 403 not found in [200, 201, 400, 404, 405]</failure></testcase><testcase classname="tests.integration.test_api_endpoints_comprehensive.RESTAPIEndpointsTest" name="test_health_endpoint" time="0.128" /><testcase classname="tests.integration.test_api_endpoints_comprehensive.RESTAPIEndpointsTest" name="test_jobs_endpoints" time="0.130"><failure message="AssertionError: 403 not found in [201, 400, 404, 405]">tests/integration/test_api_endpoints_comprehensive.py:130: in test_jobs_endpoints
    self.assertIn(create_response.status_code, [201, 400, 404, 405])
E   AssertionError: 403 not found in [201, 400, 404, 405]</failure></testcase><testcase classname="tests.integration.test_api_endpoints_comprehensive.RESTAPIEndpointsTest" name="test_tenants_endpoints" time="0.159" /><testcase classname="tests.integration.test_api_endpoints_comprehensive.GraphQLEndpointsTest" name="test_graphql_assets_query" time="0.141"><failure message="AssertionError: 403 not found in [200, 404]">tests/integration/test_api_endpoints_comprehensive.py:206: in test_graphql_assets_query
    self.assertIn(response.status_code, [200, 404])
E   AssertionError: 403 not found in [200, 404]</failure></testcase><testcase classname="tests.integration.test_api_endpoints_comprehensive.GraphQLEndpointsTest" name="test_graphql_introspection" time="0.126"><failure message="AssertionError: 403 not found in [200, 404]">tests/integration/test_api_endpoints_comprehensive.py:226: in test_graphql_introspection
    self.assertIn(response.status_code, [200, 404])
E   AssertionError: 403 not found in [200, 404]</failure></testcase><testcase classname="tests.integration.test_api_endpoints_comprehensive.GraphQLEndpointsTest" name="test_graphql_me_query" time="0.131"><failure message="AssertionError: 403 not found in [200, 404]">tests/integration/test_api_endpoints_comprehensive.py:184: in test_graphql_me_query
    self.assertIn(response.status_code, [200, 404])
E   AssertionError: 403 not found in [200, 404]</failure></testcase><testcase classname="tests.integration.test_api_endpoints_comprehensive.AuthenticationEndpointsTest" name="test_api_key_authentication" time="0.135" /><testcase classname="tests.integration.test_api_endpoints_comprehensive.AuthenticationEndpointsTest" name="test_jwt_login_endpoint" time="0.269" /><testcase classname="tests.integration.test_api_endpoints_comprehensive.AuthenticationEndpointsTest" name="test_token_refresh_endpoint" time="0.127" /><testcase classname="tests.integration.test_api_endpoints_comprehensive.AuthorizationChecksTest" name="test_tenant_isolation" time="0.263" /><testcase classname="tests.integration.test_api_endpoints_comprehensive.AuthorizationChecksTest" name="test_unauthenticated_access_denied" time="0.245" /><testcase classname="tests.integration.test_api_endpoints_comprehensive.ErrorHandlingTest" name="test_400_validation_error_handling" time="0.135"><failure message="AssertionError: 403 not found in [400, 404, 405]">tests/integration/test_api_endpoints_comprehensive.py:359: in test_400_validation_error_handling
    self.assertIn(response.status_code, [400, 404, 405])
E   AssertionError: 403 not found in [400, 404, 405]</failure></testcase><testcase classname="tests.integration.test_api_endpoints_comprehensive.ErrorHandlingTest" name="test_403_forbidden_error_handling" time="0.127" /><testcase classname="tests.integration.test_api_endpoints_comprehensive.ErrorHandlingTest" name="test_404_error_handling" time="0.126" /><testcase classname="tests.integration.test_api_endpoints_comprehensive.ResponseFormatsTest" name="test_error_response_format" time="0.134" /><testcase classname="tests.integration.test_api_endpoints_comprehensive.ResponseFormatsTest" name="test_json_response_format" time="0.128" /><testcase classname="tests.integration.test_api_endpoints_comprehensive.ResponseFormatsTest" name="test_pagination_format" time="0.125" /><testcase classname="tests.integration.test_api_error_handling.APIErrorHandlingIntegrationTest" name="test_400_on_invalid_json_body" time="0.012" /><testcase classname="tests.integration.test_api_error_handling.APIErrorHandlingIntegrationTest" name="test_401_without_auth" time="0.004" /><testcase classname="tests.integration.test_api_error_handling.APIErrorHandlingIntegrationTest" name="test_404_for_nonexistent_resource" time="0.025" /><testcase classname="tests.integration.test_api_error_handling.APIErrorHandlingIntegrationTest" name="test_health_accepts_unauthenticated" time="0.005" /><testcase classname="tests.integration.test_api_versioning.APIVersioningIntegrationTest" name="test_api_base_url_is_v1" time="0.016" /><testcase classname="tests.integration.test_api_versioning.APIVersioningIntegrationTest" name="test_api_info_returns_version" time="0.007" /><testcase classname="tests.integration.test_api_versioning.APIVersioningIntegrationTest" name="test_assets_under_v1" time="0.009" /><testcase classname="tests.integration.test_api_versioning.APIVersioningIntegrationTest" name="test_contracts_under_v1" time="0.012" /><testcase classname="tests.integration.test_api_versioning.APIVersioningIntegrationTest" name="test_version_parse_integration" time="0.007" /><testcase classname="tests.integration.test_api_endpoint_discovery.APIEndpointDiscoveryTest" name="test_api_info_documentation_links" time="0.008" /><testcase classname="tests.integration.test_api_endpoint_discovery.APIEndpointDiscoveryTest" name="test_api_info_endpoint_accuracy_comprehensive" time="0.003" /><testcase classname="tests.integration.test_api_endpoint_discovery.APIEndpointDiscoveryTest" name="test_api_info_endpoint_no_auth_required" time="0.002" /><testcase classname="tests.integration.test_api_endpoint_discovery.APIEndpointDiscoveryTest" name="test_api_info_endpoint_structure" time="0.002" /><testcase classname="tests.integration.test_api_endpoint_discovery.APIEndpointDiscoveryTest" name="test_api_info_endpoint_urls_format" time="0.002" /><testcase classname="tests.integration.test_api_endpoint_discovery.APIEndpointDiscoveryTest" name="test_api_info_endpoints_list" time="0.002" /><testcase classname="tests.integration.test_api_endpoint_discovery.APIEndpointDiscoveryTest" name="test_endpoint_listing_accuracy" time="0.848" /><testcase classname="tests.integration.test_api_endpoint_discovery.APIEndpointDiscoveryTest" name="test_openapi_spec_completeness" time="0.863" /><testcase classname="tests.integration.test_api_endpoint_discovery.APIEndpointDiscoveryTest" name="test_openapi_spec_has_request_schemas" time="0.902" /><testcase classname="tests.integration.test_api_endpoint_discovery.APIEndpointDiscoveryTest" name="test_openapi_spec_has_response_schemas" time="0.857" /><testcase classname="tests.integration.test_api_endpoint_discovery.APIEndpointDiscoveryTest" name="test_openapi_spec_has_security_schemes" time="0.933" /><testcase classname="tests.integration.test_api_endpoint_discovery.APIEndpointDiscoveryTest" name="test_openapi_spec_includes_major_endpoints" time="0.869" /><testcase classname="tests.integration.test_api_endpoint_discovery.APIEndpointDiscoveryTest" name="test_openapi_spec_json_available" time="0.900" /><testcase classname="tests.integration.test_api_endpoint_discovery.APIEndpointDiscoveryTest" name="test_openapi_spec_json_structure" time="0.887" /><testcase classname="tests.integration.test_api_endpoint_discovery.APIEndpointDiscoveryTest" name="test_openapi_spec_json_yaml_consistency" time="10.317" /><testcase classname="tests.integration.test_api_endpoint_discovery.APIEndpointDiscoveryTest" name="test_openapi_spec_no_auth_required" time="0.637" /><testcase classname="tests.integration.test_api_endpoint_discovery.APIEndpointDiscoveryTest" name="test_openapi_spec_yaml_available" time="4.636" /><testcase classname="tests.integration.test_api_endpoint_discovery.APIEndpointDiscoveryTest" name="test_openapi_spec_yaml_structure" time="10.215" /><testcase classname="tests.integration.test_api_endpoint_discovery.APIEndpointDiscoveryTest" name="test_redoc_available" time="0.077" /><testcase classname="tests.integration.test_api_endpoint_discovery.APIEndpointDiscoveryTest" name="test_redoc_loads_openapi_spec" time="0.002" /><testcase classname="tests.integration.test_api_endpoint_discovery.APIEndpointDiscoveryTest" name="test_redoc_no_auth_required" time="0.002" /><testcase classname="tests.integration.test_api_endpoint_discovery.APIEndpointDiscoveryTest" name="test_swagger_ui_available" time="0.003" /><testcase classname="tests.integration.test_api_endpoint_discovery.APIEndpointDiscoveryTest" name="test_swagger_ui_loads_openapi_spec" time="0.002" /><testcase classname="tests.integration.test_api_endpoint_discovery.APIEndpointDiscoveryTest" name="test_swagger_ui_no_auth_required" time="0.002" /><testcase classname="tests.integration.test_api_inventory_verification.TestAPIInventoryCompleteness" name="test_inventory_completeness_verification" time="0.007"><failure message="AssertionError: Inventory completeness issues:&#10;Missing critical expected apps: datasets, assets">tests/integration/test_api_inventory_verification.py:117: in test_inventory_completeness_verification
    self.fail(f"Inventory completeness issues:\n" + "\n".join(issues))
E   AssertionError: Inventory completeness issues:
E   Missing critical expected apps: datasets, assets</failure></testcase><testcase classname="tests.integration.test_api_inventory_verification.TestAPIInventoryCompleteness" name="test_inventory_file_exists" time="0.001" /><testcase classname="tests.integration.test_api_inventory_verification.TestAPIInventoryCompleteness" name="test_inventory_has_expected_apps" time="0.002"><failure message="AssertionError: 2 != 0 : Inventory missing expected apps: datasets, assets">tests/integration/test_api_inventory_verification.py:108: in test_inventory_has_expected_apps
    self.assertEqual(len(missing_apps), 0,
E   AssertionError: 2 != 0 : Inventory missing expected apps: datasets, assets</failure></testcase><testcase classname="tests.integration.test_api_inventory_verification.TestAPIInventoryCompleteness" name="test_inventory_has_minimum_endpoints" time="0.002" /><testcase classname="tests.integration.test_api_inventory_verification.TestAPIInventoryCompleteness" name="test_inventory_parses_correctly" time="0.002" /><testcase classname="tests.integration.test_api_inventory_verification.TestAPIInventoryAccuracy" name="test_compliance_endpoints_accuracy" time="0.007" /><testcase classname="tests.integration.test_api_inventory_verification.TestAPIInventoryAccuracy" name="test_compliance_endpoints_verification" time="0.002" /><testcase classname="tests.integration.test_api_inventory_verification.TestAPIInventoryAccuracy" name="test_dq_endpoints_accuracy" time="0.002" /><testcase classname="tests.integration.test_api_inventory_verification.TestAPIInventoryAccuracy" name="test_dq_endpoints_verification" time="0.002" /><testcase classname="tests.integration.test_api_inventory_verification.TestAPIInventoryStandardizedPatterns" name="test_compliance_uses_runs_pattern" time="0.008"><failure message="AssertionError: 1 != 0 : Found 1 compliance endpoints not using '/runs/' pattern:&#10;  - -------- ------">tests/integration/test_api_inventory_verification.py:261: in test_compliance_uses_runs_pattern
    self.assertEqual(len(non_standardized), 0,
E   AssertionError: 1 != 0 : Found 1 compliance endpoints not using '/runs/' pattern:
E     - -------- ------</failure></testcase><testcase classname="tests.integration.test_api_inventory_verification.TestAPIInventoryStandardizedPatterns" name="test_no_compliance_runs_pattern" time="0.002" /><testcase classname="tests.integration.test_api_inventory_verification.TestAPIInventoryStandardizedPatterns" name="test_no_dq_runs_pattern" time="0.003" /><testcase classname="tests.integration.test_api_inventory_verification.TestAPIInventoryVerificationScript" name="test_verification_script_checks_compliance" time="0.029" /><testcase classname="tests.integration.test_api_inventory_verification.TestAPIInventoryVerificationScript" name="test_verification_script_checks_patterns" time="0.023" /><testcase classname="tests.integration.test_api_inventory_verification.TestAPIInventoryVerificationScript" name="test_verification_script_runs" time="0.023"><failure message="AssertionError: 1 != 0 : Verification script should exit with code 0.&#10;STDOUT:&#10;#x1F50D Verifying API inventory...&#10;#x1F4CA Found 29 apps&#10;#x1F4CA Total endpoints: 578&#10;&#10;✅ Verifying compliance endpoints...&#10;  ✅ Compliance endpoints verified - all use standardized patterns&#10;&#10;✅ Verifying DQ endpoints...&#10;  ✅ DQ endpoints verified - all use standardized patterns&#10;&#10;✅ Verifying inventory completeness...&#10;  ⚠️  Missing critical expected apps: assets, datasets&#10;&#10;============================================================&#10;❌ Verification found issues:&#10;  - Missing critical expected apps: assets, datasets&#10;&#10;STDERR:">tests/integration/test_api_inventory_verification.py:285: in test_verification_script_runs
    self.assertEqual(result.returncode, 0,
E   AssertionError: 1 != 0 : Verification script should exit with code 0.
E   STDOUT:
E   #x1F50D Verifying API inventory...
E   #x1F4CA Found 29 apps
E   #x1F4CA Total endpoints: 578
E   
E   ✅ Verifying compliance endpoints...
E     ✅ Compliance endpoints verified - all use standardized patterns
E   
E   ✅ Verifying DQ endpoints...
E     ✅ DQ endpoints verified - all use standardized patterns
E   
E   ✅ Verifying inventory completeness...
E     ⚠️  Missing critical expected apps: assets, datasets
E   
E   ============================================================
E   ❌ Verification found issues:
E     - Missing critical expected apps: assets, datasets
E   
E   STDERR:</failure></testcase><testcase classname="tests.integration.test_api_inventory_verification.TestAPIInventoryAgainstActualEndpoints" name="test_inventory_matches_actual_endpoints" time="0.008" /><testcase classname="tests.integration.test_middleware_integration.MiddlewareIntegrationTest" name="test_middleware_error_handling" time="0.131" /><testcase classname="tests.integration.test_middleware_integration.MiddlewareIntegrationTest" name="test_middleware_execution_order" time="0.136" /><testcase classname="tests.integration.test_middleware_integration.MiddlewareIntegrationTest" name="test_middleware_performance_under_load" time="0.192" /><testcase classname="tests.integration.test_middleware_integration.MiddlewareIntegrationTest" name="test_middleware_rate_limiting_integration" time="0.135"><skipped type="pytest.skip" message="Rate limiting is disabled in test mode">/app/tests/integration/test_middleware_integration.py:150: Rate limiting is disabled in test mode</skipped></testcase><testcase classname="tests.integration.test_middleware_integration.MiddlewareIntegrationTest" name="test_middleware_suspended_tenant_integration" time="0.124" /><testcase classname="tests.integration.test_middleware_integration.MiddlewareIntegrationTest" name="test_middleware_tenant_isolation" time="0.254" /><testcase classname="tests.integration.test_middleware_integration.MiddlewareIntegrationTest" name="test_middleware_with_real_request" time="0.139" /><testcase classname="tests.integration.test_rest_business_rules_alignment.TestContractsRestBusinessRulesAlignment" name="test_contract_create_rejects_asset_from_other_tenant_returns_400_no_mutation" time="0.023"><failure message="AssertionError: 403 != 400">tests/integration/test_rest_business_rules_alignment.py:109: in test_contract_create_rejects_asset_from_other_tenant_returns_400_no_mutation
    self.assertEqual(response.status_code, status.HTTP_400_BAD_REQUEST)
E   AssertionError: 403 != 400</failure></testcase><testcase classname="tests.integration.test_rest_business_rules_alignment.TestContractsRestBusinessRulesAlignment" name="test_contract_create_valid_succeeds_and_rule_invoked" time="0.008"><failure message="AssertionError: 403 != 201">tests/integration/test_rest_business_rules_alignment.py:135: in test_contract_create_valid_succeeds_and_rule_invoked
    self.assertEqual(response.status_code, status.HTTP_201_CREATED)
E   AssertionError: 403 != 201</failure></testcase><testcase classname="tests.integration.test_rest_business_rules_alignment.TestContractsRestBusinessRulesAlignment" name="test_contract_delete_rejects_when_referenced_by_scheduled_ingestion_returns_400" time="0.013"><failure message="AssertionError: 403 != 400">tests/integration/test_rest_business_rules_alignment.py:204: in test_contract_delete_rejects_when_referenced_by_scheduled_ingestion_returns_400
    self.assertEqual(response.status_code, status.HTTP_400_BAD_REQUEST)
E   AssertionError: 403 != 400</failure></testcase><testcase classname="tests.integration.test_rest_business_rules_alignment.TestContractsRestBusinessRulesAlignment" name="test_contract_delete_valid_succeeds" time="0.008"><failure message="AssertionError: 403 != 204">tests/integration/test_rest_business_rules_alignment.py:226: in test_contract_delete_valid_succeeds
    self.assertEqual(response.status_code, status.HTTP_204_NO_CONTENT)
E   AssertionError: 403 != 204</failure></testcase><testcase classname="tests.integration.test_rest_business_rules_alignment.TestContractsRestBusinessRulesAlignment" name="test_contract_update_rejects_retired_returns_400_no_mutation" time="0.009"><failure message="AssertionError: 403 != 400">tests/integration/test_rest_business_rules_alignment.py:169: in test_contract_update_rejects_retired_returns_400_no_mutation
    self.assertEqual(response.status_code, status.HTTP_400_BAD_REQUEST)
E   AssertionError: 403 != 400</failure></testcase><testcase classname="tests.integration.test_rest_business_rules_alignment.TestODPSCreateProductBusinessRulesAlignment" name="test_create_product_accepts_valid_odps_returns_202" time="0.016"><failure message="AssertionError: 403 != 202">tests/integration/test_rest_business_rules_alignment.py:296: in test_create_product_accepts_valid_odps_returns_202
    self.assertEqual(response.status_code, status.HTTP_202_ACCEPTED)
E   AssertionError: 403 != 202</failure></testcase><testcase classname="tests.integration.test_rest_business_rules_alignment.TestODPSCreateProductBusinessRulesAlignment" name="test_create_product_rejects_invalid_odps_structure_returns_400" time="0.005"><failure message="AssertionError: 403 != 400">tests/integration/test_rest_business_rules_alignment.py:272: in test_create_product_rejects_invalid_odps_structure_returns_400
    self.assertEqual(response.status_code, status.HTTP_400_BAD_REQUEST)
E   AssertionError: 403 != 400</failure></testcase><testcase classname="tests.integration.test_rest_business_rules_alignment.TestODPSServiceCreateOdpsBusinessRulesAlignment" name="test_create_odps_accepts_valid_odps_creates_contract" time="0.080" /><testcase classname="tests.integration.test_rest_business_rules_alignment.TestODPSServiceCreateOdpsBusinessRulesAlignment" name="test_create_odps_rejects_invalid_structure_raises_validation_error" time="0.005" /><testcase classname="tests.integration.test_rest_business_rules_alignment.TestAssetsRestBusinessRulesAlignment" name="test_asset_create_rejects_duplicate_key_returns_4xx_no_mutation" time="0.017"><failure message="AssertionError: 403 not found in (400, 409) : Expected 400 or 409 for duplicate key">tests/integration/test_rest_business_rules_alignment.py:413: in test_asset_create_rejects_duplicate_key_returns_4xx_no_mutation
    self.assertIn(
E   AssertionError: 403 not found in (400, 409) : Expected 400 or 409 for duplicate key</failure></testcase><testcase classname="tests.integration.test_rest_business_rules_alignment.TestAssetsRestBusinessRulesAlignment" name="test_asset_create_valid_succeeds" time="0.005"><failure message="AssertionError: 403 != 201">tests/integration/test_rest_business_rules_alignment.py:445: in test_asset_create_valid_succeeds
    self.assertEqual(response.status_code, status.HTTP_201_CREATED)
E   AssertionError: 403 != 201</failure></testcase><testcase classname="tests.integration.test_rest_business_rules_alignment.TestAssetsRestBusinessRulesAlignment" name="test_asset_delete_rejects_when_active_listings_returns_400" time="0.009"><failure message="AssertionError: 403 != 400">tests/integration/test_rest_business_rules_alignment.py:506: in test_asset_delete_rejects_when_active_listings_returns_400
    self.assertEqual(response.status_code, status.HTTP_400_BAD_REQUEST)
E   AssertionError: 403 != 400</failure></testcase><testcase classname="tests.integration.test_rest_business_rules_alignment.TestAssetsRestBusinessRulesAlignment" name="test_asset_delete_valid_succeeds" time="0.006"><failure message="AssertionError: 403 != 204">tests/integration/test_rest_business_rules_alignment.py:528: in test_asset_delete_valid_succeeds
    self.assertEqual(response.status_code, status.HTTP_204_NO_CONTENT)
E   AssertionError: 403 != 204</failure></testcase><testcase classname="tests.integration.test_rest_business_rules_alignment.TestAssetsRestBusinessRulesAlignment" name="test_asset_update_rejects_invalid_status_transition_returns_400" time="0.006"><failure message="AssertionError: 403 != 400">tests/integration/test_rest_business_rules_alignment.py:477: in test_asset_update_rejects_invalid_status_transition_returns_400
    self.assertEqual(response.status_code, status.HTTP_400_BAD_REQUEST)
E   AssertionError: 403 != 400</failure></testcase><testcase classname="tests.integration.test_rest_business_rules_alignment.TestDatasetsRestBusinessRulesAlignment" name="test_dataset_create_valid_succeeds" time="0.021"><failure message="AssertionError: 403 != 201">tests/integration/test_rest_business_rules_alignment.py:573: in test_dataset_create_valid_succeeds
    self.assertEqual(response.status_code, status.HTTP_201_CREATED)
E   AssertionError: 403 != 201</failure></testcase><testcase classname="tests.integration.test_rest_business_rules_alignment.TestDatasetsRestBusinessRulesAlignment" name="test_dataset_delete_when_current_succeeds" time="0.010"><failure message="AssertionError: 403 != 204">tests/integration/test_rest_business_rules_alignment.py:603: in test_dataset_delete_when_current_succeeds
    self.assertEqual(response.status_code, status.HTTP_204_NO_CONTENT)
E   AssertionError: 403 != 204</failure></testcase><testcase classname="tests.integration.test_rest_business_rules_alignment.TestDatasetsRestBusinessRulesAlignment" name="test_dataset_delete_when_has_child_versions_returns_400" time="0.009"><failure message="AssertionError: 403 != 400">tests/integration/test_rest_business_rules_alignment.py:638: in test_dataset_delete_when_has_child_versions_returns_400
    self.assertEqual(response.status_code, status.HTTP_400_BAD_REQUEST)
E   AssertionError: 403 != 400</failure></testcase><testcase classname="tests.integration.test_rest_business_rules_alignment.TestMarketplaceRestBusinessRulesAlignment" name="test_listing_create_invalid_asset_not_active_returns_400" time="0.017"><failure message="AssertionError: 403 != 400">tests/integration/test_rest_business_rules_alignment.py:701: in test_listing_create_invalid_asset_not_active_returns_400
    self.assertEqual(response.status_code, status.HTTP_400_BAD_REQUEST)
E   AssertionError: 403 != 400</failure></testcase><testcase classname="tests.integration.test_rest_business_rules_alignment.TestMarketplaceRestBusinessRulesAlignment" name="test_listing_create_valid_succeeds" time="0.006"><failure message="AssertionError: 403 != 201">tests/integration/test_rest_business_rules_alignment.py:677: in test_listing_create_valid_succeeds
    self.assertEqual(response.status_code, status.HTTP_201_CREATED)
E   AssertionError: 403 != 201</failure></testcase><testcase classname="tests.integration.test_rest_business_rules_alignment.TestMarketplaceRestBusinessRulesAlignment" name="test_listing_delete_valid_succeeds" time="0.008"><failure message="AssertionError: 403 != 204">tests/integration/test_rest_business_rules_alignment.py:753: in test_listing_delete_valid_succeeds
    self.assertEqual(response.status_code, status.HTTP_204_NO_CONTENT)
E   AssertionError: 403 != 204</failure></testcase><testcase classname="tests.integration.test_rest_business_rules_alignment.TestMarketplaceRestBusinessRulesAlignment" name="test_listing_delete_when_active_orders_returns_400" time="0.011"><failure message="AssertionError: 403 != 400">tests/integration/test_rest_business_rules_alignment.py:731: in test_listing_delete_when_active_orders_returns_400
    self.assertEqual(response.status_code, status.HTTP_400_BAD_REQUEST)
E   AssertionError: 403 != 400</failure></testcase><testcase classname="tests.integration.test_rest_business_rules_alignment.TestFilesRestBusinessRulesAlignment" name="test_file_complete_invalid_state_returns_400" time="0.017"><failure message="AssertionError: 403 != 400">tests/integration/test_rest_business_rules_alignment.py:837: in test_file_complete_invalid_state_returns_400
    self.assertEqual(response.status_code, status.HTTP_400_BAD_REQUEST)
E   AssertionError: 403 != 400</failure></testcase><testcase classname="tests.integration.test_rest_business_rules_alignment.TestFilesRestBusinessRulesAlignment" name="test_file_create_invalid_type_returns_400" time="0.006"><failure message="AssertionError: 403 != 400">tests/integration/test_rest_business_rules_alignment.py:807: in test_file_create_invalid_type_returns_400
    self.assertEqual(response.status_code, status.HTTP_400_BAD_REQUEST)
E   AssertionError: 403 != 400</failure></testcase><testcase classname="tests.integration.test_rest_business_rules_alignment.TestFilesRestBusinessRulesAlignment" name="test_file_create_valid_succeeds" time="0.006"><failure message="AssertionError: 403 != 201">tests/integration/test_rest_business_rules_alignment.py:786: in test_file_create_valid_succeeds
    self.assertEqual(response.status_code, status.HTTP_201_CREATED)
E   AssertionError: 403 != 201</failure></testcase><testcase classname="tests.integration.test_rest_business_rules_alignment.TestFilesRestBusinessRulesAlignment" name="test_file_delete_valid_succeeds" time="0.006"><failure message="AssertionError: 403 != 204">tests/integration/test_rest_business_rules_alignment.py:861: in test_file_delete_valid_succeeds
    self.assertEqual(response.status_code, status.HTTP_204_NO_CONTENT)
E   AssertionError: 403 != 204</failure></testcase><testcase classname="tests.integration.test_rest_business_rules_alignment.TestGovernanceRestBusinessRulesAlignment" name="test_governance_approve_valid_succeeds" time="0.024"><failure message="AssertionError: 403 != 200">tests/integration/test_rest_business_rules_alignment.py:990: in test_governance_approve_valid_succeeds
    self.assertEqual(response.status_code, status.HTTP_200_OK)
E   AssertionError: 403 != 200</failure></testcase><testcase classname="tests.integration.test_rest_business_rules_alignment.TestGovernanceRestBusinessRulesAlignment" name="test_governance_approve_when_not_pending_returns_400" time="0.008"><failure message="AssertionError: 403 != 400">tests/integration/test_rest_business_rules_alignment.py:958: in test_governance_approve_when_not_pending_returns_400
    self.assertEqual(response.status_code, status.HTTP_400_BAD_REQUEST)
E   AssertionError: 403 != 400</failure></testcase><testcase classname="tests.integration.test_rest_business_rules_alignment.TestGovernanceRestBusinessRulesAlignment" name="test_governance_create_asset_from_other_tenant_returns_400" time="0.023"><failure message="AssertionError: 403 != 400">tests/integration/test_rest_business_rules_alignment.py:929: in test_governance_create_asset_from_other_tenant_returns_400
    self.assertEqual(response.status_code, status.HTTP_400_BAD_REQUEST)
E   AssertionError: 403 != 400</failure></testcase><testcase classname="tests.integration.test_rest_business_rules_alignment.TestGovernanceRestBusinessRulesAlignment" name="test_governance_create_valid_succeeds" time="0.007"><failure message="AssertionError: 403 != 201">tests/integration/test_rest_business_rules_alignment.py:904: in test_governance_create_valid_succeeds
    self.assertEqual(response.status_code, status.HTTP_201_CREATED)
E   AssertionError: 403 != 201</failure></testcase><testcase classname="tests.integration.test_rest_business_rules_alignment.TestComplianceRestBusinessRulesAlignment" name="test_compliance_run_create_no_resource_returns_400" time="0.018"><failure message="AssertionError: 403 != 400">tests/integration/test_rest_business_rules_alignment.py:1047: in test_compliance_run_create_no_resource_returns_400
    self.assertEqual(response.status_code, status.HTTP_400_BAD_REQUEST)
E   AssertionError: 403 != 400</failure></testcase><testcase classname="tests.integration.test_rest_business_rules_alignment.TestComplianceRestBusinessRulesAlignment" name="test_compliance_run_create_valid_succeeds" time="0.006"><failure message="AssertionError: 403 != 201">tests/integration/test_rest_business_rules_alignment.py:1026: in test_compliance_run_create_valid_succeeds
    self.assertEqual(response.status_code, status.HTTP_201_CREATED)
E   AssertionError: 403 != 201</failure></testcase><testcase classname="tests.integration.test_rest_business_rules_alignment.TestMeshRestBusinessRulesAlignment" name="test_mesh_domain_create_valid_succeeds" time="0.021"><failure message="AssertionError: 403 != 201">tests/integration/test_rest_business_rules_alignment.py:1097: in test_mesh_domain_create_valid_succeeds
    self.assertEqual(response.status_code, status.HTTP_201_CREATED)
E   AssertionError: 403 != 201</failure></testcase><testcase classname="tests.integration.test_rest_business_rules_alignment.TestMeshRestBusinessRulesAlignment" name="test_mesh_domain_update_empty_name_returns_400" time="0.009"><failure message="AssertionError: 403 != 400">tests/integration/test_rest_business_rules_alignment.py:1122: in test_mesh_domain_update_empty_name_returns_400
    self.assertEqual(response.status_code, status.HTTP_400_BAD_REQUEST)
E   AssertionError: 403 != 400</failure></testcase><testcase classname="tests.integration.test_rest_business_rules_alignment.TestDQRestBusinessRulesAlignment" name="test_dq_run_create_no_resource_returns_400" time="0.017"><failure message="AssertionError: 403 != 400">tests/integration/test_rest_business_rules_alignment.py:1179: in test_dq_run_create_no_resource_returns_400
    self.assertEqual(response.status_code, status.HTTP_400_BAD_REQUEST)
E   AssertionError: 403 != 400</failure></testcase><testcase classname="tests.integration.test_rest_business_rules_alignment.TestDQRestBusinessRulesAlignment" name="test_dq_run_create_valid_succeeds" time="0.006"><failure message="AssertionError: 403 != 201">tests/integration/test_rest_business_rules_alignment.py:1158: in test_dq_run_create_valid_succeeds
    self.assertEqual(response.status_code, status.HTTP_201_CREATED)
E   AssertionError: 403 != 201</failure></testcase><testcase classname="tests.integration.test_rest_business_rules_alignment.TestVirtualizationRestBusinessRulesAlignment" name="test_virtualization_dataset_create_valid_succeeds" time="0.020"><failure message="AssertionError: 403 != 201">tests/integration/test_rest_business_rules_alignment.py:1232: in test_virtualization_dataset_create_valid_succeeds
    self.assertEqual(response.status_code, status.HTTP_201_CREATED)
E   AssertionError: 403 != 201</failure></testcase><testcase classname="tests.integration.test_rest_business_rules_alignment.TestVirtualizationRestBusinessRulesAlignment" name="test_virtualization_dataset_update_empty_name_returns_400" time="0.009"><failure message="AssertionError: 403 != 400">tests/integration/test_rest_business_rules_alignment.py:1259: in test_virtualization_dataset_update_empty_name_returns_400
    self.assertEqual(response.status_code, status.HTTP_400_BAD_REQUEST)
E   AssertionError: 403 != 400</failure></testcase><testcase classname="tests.integration.test_rest_business_rules_alignment.TestScheduledIngestionRestBusinessRulesAlignment" name="test_scheduled_ingestion_create_empty_name_returns_400" time="0.016"><failure message="AssertionError: 403 not found in (400, 422) : Expected 400 or 422 for empty name">tests/integration/test_rest_business_rules_alignment.py:1325: in test_scheduled_ingestion_create_empty_name_returns_400
    self.assertIn(
E   AssertionError: 403 not found in (400, 422) : Expected 400 or 422 for empty name</failure></testcase><testcase classname="tests.integration.test_rest_business_rules_alignment.TestScheduledIngestionRestBusinessRulesAlignment" name="test_scheduled_ingestion_create_valid_succeeds" time="0.007"><failure message="AssertionError: 403 != 201">tests/integration/test_rest_business_rules_alignment.py:1299: in test_scheduled_ingestion_create_valid_succeeds
    self.assertEqual(response.status_code, status.HTTP_201_CREATED)
E   AssertionError: 403 != 201</failure></testcase><testcase classname="tests.integration.test_rest_business_rules_alignment.TestIntegrationsRestBusinessRulesAlignment" name="test_connection_create_empty_name_returns_400" time="0.019"><failure message="AssertionError: 403 != 400">tests/integration/test_rest_business_rules_alignment.py:1408: in test_connection_create_empty_name_returns_400
    self.assertEqual(response.status_code, status.HTTP_400_BAD_REQUEST)
E   AssertionError: 403 != 400</failure></testcase><testcase classname="tests.integration.test_rest_business_rules_alignment.TestIntegrationsRestBusinessRulesAlignment" name="test_connection_create_valid_succeeds" time="0.008"><failure message="AssertionError: 403 != 201">tests/integration/test_rest_business_rules_alignment.py:1382: in test_connection_create_valid_succeeds
    self.assertEqual(response.status_code, status.HTTP_201_CREATED)
E   AssertionError: 403 != 201</failure></testcase><testcase classname="tests.integration.test_rest_business_rules_alignment.TestSocialRestBusinessRulesAlignment" name="test_social_rating_create_asset_not_active_returns_400" time="0.019"><failure message="AssertionError: 403 != 400">tests/integration/test_rest_business_rules_alignment.py:1484: in test_social_rating_create_asset_not_active_returns_400
    self.assertEqual(response.status_code, status.HTTP_400_BAD_REQUEST)
E   AssertionError: 403 != 400</failure></testcase><testcase classname="tests.integration.test_rest_business_rules_alignment.TestSocialRestBusinessRulesAlignment" name="test_social_rating_create_valid_succeeds" time="0.007"><failure message="AssertionError: 403 != 201">tests/integration/test_rest_business_rules_alignment.py:1457: in test_social_rating_create_valid_succeeds
    self.assertEqual(response.status_code, status.HTTP_201_CREATED)
E   AssertionError: 403 != 201</failure></testcase><testcase classname="tests.integration.test_api_edge_cases.APIEdgeCaseTest" name="test_concurrent_update_during_semantic_mapping" time="1.433"><failure message="AssertionError: 403 not found in [200, 400, 409]">tests/integration/test_api_edge_cases.py:423: in test_concurrent_update_during_semantic_mapping
    self.assertIn(
E   AssertionError: 403 not found in [200, 400, 409]</failure></testcase><testcase classname="tests.integration.test_api_edge_cases.APIEdgeCaseTest" name="test_concurrent_updates_two_users" time="0.403"><failure message="AssertionError: 0 not greater than 0 : No updates succeeded. Errors: {'user1': ['Status 403: No data'], 'user2': ['Status 403: No data']}">tests/integration/test_api_edge_cases.py:392: in test_concurrent_updates_two_users
    self.assertGreater(update_count["user1"] + update_count["user2"], 0, error_msg)
E   AssertionError: 0 not greater than 0 : No updates succeeded. Errors: {'user1': ['Status 403: No data'], 'user2': ['Status 403: No data']}</failure></testcase><testcase classname="tests.integration.test_api_edge_cases.APIEdgeCaseTest" name="test_create_contract_auto_detect_spec_type" time="0.178"><failure message="AssertionError: 403 not found in [201, 400]">tests/integration/test_api_edge_cases.py:627: in test_create_contract_auto_detect_spec_type
    self.assertIn(response.status_code, [status.HTTP_201_CREATED, status.HTTP_400_BAD_REQUEST])
E   AssertionError: 403 not found in [201, 400]</failure></testcase><testcase classname="tests.integration.test_api_edge_cases.APIEdgeCaseTest" name="test_create_contract_invalid_json" time="0.168"><failure message="AssertionError: 403 != 400">tests/integration/test_api_edge_cases.py:460: in test_create_contract_invalid_json
    self.assertEqual(response.status_code, status.HTTP_400_BAD_REQUEST)
E   AssertionError: 403 != 400</failure></testcase><testcase classname="tests.integration.test_api_edge_cases.APIEdgeCaseTest" name="test_create_contract_missing_required_fields" time="0.170"><failure message="AssertionError: 403 != 400">tests/integration/test_api_edge_cases.py:466: in test_create_contract_missing_required_fields
    self.assertEqual(response.status_code, status.HTTP_400_BAD_REQUEST)
E   AssertionError: 403 != 400</failure></testcase><testcase classname="tests.integration.test_api_edge_cases.APIEdgeCaseTest" name="test_create_contract_unicode_content" time="0.168"><failure message="AssertionError: 403 not found in [201, 400]">tests/integration/test_api_edge_cases.py:730: in test_create_contract_unicode_content
    self.assertIn(response.status_code, [status.HTTP_201_CREATED, status.HTTP_400_BAD_REQUEST])
E   AssertionError: 403 not found in [201, 400]</failure></testcase><testcase classname="tests.integration.test_api_edge_cases.APIEdgeCaseTest" name="test_create_contract_with_all_sections" time="0.170"><failure message="AssertionError: 403 != 201">tests/integration/test_api_edge_cases.py:562: in test_create_contract_with_all_sections
    self.assertEqual(response.status_code, status.HTTP_201_CREATED)
E   AssertionError: 403 != 201</failure></testcase><testcase classname="tests.integration.test_api_edge_cases.APIEdgeCaseTest" name="test_create_contract_yaml_format" time="0.169"><failure message="AssertionError: 403 not found in [201, 400]">tests/integration/test_api_edge_cases.py:678: in test_create_contract_yaml_format
    self.assertIn(response.status_code, [status.HTTP_201_CREATED, status.HTTP_400_BAD_REQUEST])
E   AssertionError: 403 not found in [201, 400]</failure></testcase><testcase classname="tests.integration.test_api_edge_cases.APIEdgeCaseTest" name="test_delete_nonexistent_contract" time="0.169"><failure message="AssertionError: 403 != 404">tests/integration/test_api_edge_cases.py:450: in test_delete_nonexistent_contract
    self.assertEqual(response.status_code, status.HTTP_404_NOT_FOUND)
E   AssertionError: 403 != 404</failure></testcase><testcase classname="tests.integration.test_api_edge_cases.APIEdgeCaseTest" name="test_list_contracts_empty_result" time="0.202" /><testcase classname="tests.integration.test_api_edge_cases.APIEdgeCaseTest" name="test_list_contracts_ordering" time="0.248" /><testcase classname="tests.integration.test_api_edge_cases.APIEdgeCaseTest" name="test_list_contracts_pagination" time="0.279" /><testcase classname="tests.integration.test_api_edge_cases.APIEdgeCaseTest" name="test_list_contracts_with_filters" time="0.296" /><testcase classname="tests.integration.test_api_edge_cases.APIEdgeCaseTest" name="test_partial_update_only_compliance" time="0.195"><failure message="AssertionError: 403 not found in [200, 400]">tests/integration/test_api_edge_cases.py:147: in test_partial_update_only_compliance
    self.assertIn(response.status_code, [status.HTTP_200_OK, status.HTTP_400_BAD_REQUEST])
E   AssertionError: 403 not found in [200, 400]</failure></testcase><testcase classname="tests.integration.test_api_edge_cases.APIEdgeCaseTest" name="test_partial_update_only_lifecycle" time="0.182"><failure message="AssertionError: 403 not found in [200, 400]">tests/integration/test_api_edge_cases.py:166: in test_partial_update_only_lifecycle
    self.assertIn(response.status_code, [status.HTTP_200_OK, status.HTTP_400_BAD_REQUEST])
E   AssertionError: 403 not found in [200, 400]</failure></testcase><testcase classname="tests.integration.test_api_edge_cases.APIEdgeCaseTest" name="test_partial_update_only_marketplace" time="0.188"><failure message="AssertionError: 403 not found in [200, 400]">tests/integration/test_api_edge_cases.py:185: in test_partial_update_only_marketplace
    self.assertIn(response.status_code, [status.HTTP_200_OK, status.HTTP_400_BAD_REQUEST])
E   AssertionError: 403 not found in [200, 400]</failure></testcase><testcase classname="tests.integration.test_api_edge_cases.APIEdgeCaseTest" name="test_partial_update_only_owners" time="0.201"><failure message="AssertionError: 403 not found in [200, 400]">tests/integration/test_api_edge_cases.py:78: in test_partial_update_only_owners
    self.assertIn(response.status_code, [status.HTTP_200_OK, status.HTTP_400_BAD_REQUEST])
E   AssertionError: 403 not found in [200, 400]</failure></testcase><testcase classname="tests.integration.test_api_edge_cases.APIEdgeCaseTest" name="test_partial_update_only_quality_rules" time="0.197"><failure message="AssertionError: 403 not found in [200, 400]">tests/integration/test_api_edge_cases.py:123: in test_partial_update_only_quality_rules
    self.assertIn(response.status_code, [status.HTTP_200_OK, status.HTTP_400_BAD_REQUEST])
E   AssertionError: 403 not found in [200, 400]</failure></testcase><testcase classname="tests.integration.test_api_edge_cases.APIEdgeCaseTest" name="test_partial_update_only_schema_fields" time="0.195"><failure message="AssertionError: 403 not found in [200, 400]">tests/integration/test_api_edge_cases.py:204: in test_partial_update_only_schema_fields
    self.assertIn(response.status_code, [status.HTTP_200_OK, status.HTTP_400_BAD_REQUEST])
E   AssertionError: 403 not found in [200, 400]</failure></testcase><testcase classname="tests.integration.test_api_edge_cases.APIEdgeCaseTest" name="test_partial_update_only_tags" time="0.205"><failure message="AssertionError: 403 not found in [200, 400]">tests/integration/test_api_edge_cases.py:97: in test_partial_update_only_tags
    self.assertIn(response.status_code, [status.HTTP_200_OK, status.HTTP_400_BAD_REQUEST])
E   AssertionError: 403 not found in [200, 400]</failure></testcase><testcase classname="tests.integration.test_api_edge_cases.APIEdgeCaseTest" name="test_retrieve_contract_by_id" time="0.319" /><testcase classname="tests.integration.test_api_edge_cases.APIEdgeCaseTest" name="test_update_contract_large_payload" time="0.198"><failure message="AssertionError: 403 not found in [200, 400, 413]">tests/integration/test_api_edge_cases.py:703: in test_update_contract_large_payload
    self.assertIn(
E   AssertionError: 403 not found in [200, 400, 413]</failure></testcase><testcase classname="tests.integration.test_api_edge_cases.APIEdgeCaseTest" name="test_update_contract_re_normalization" time="0.198"><failure message="AssertionError: 403 not found in [200, 400]">tests/integration/test_api_edge_cases.py:600: in test_update_contract_re_normalization
    self.assertIn(response.status_code, [status.HTTP_200_OK, status.HTTP_400_BAD_REQUEST])
E   AssertionError: 403 not found in [200, 400]</failure></testcase><testcase classname="tests.integration.test_api_edge_cases.APIEdgeCaseTest" name="test_update_contract_special_characters" time="0.199"><failure message="AssertionError: 403 not found in [200, 400]">tests/integration/test_api_edge_cases.py:748: in test_update_contract_special_characters
    self.assertIn(response.status_code, [status.HTTP_200_OK, status.HTTP_400_BAD_REQUEST])
E   AssertionError: 403 not found in [200, 400]</failure></testcase><testcase classname="tests.integration.test_api_edge_cases.APIEdgeCaseTest" name="test_update_contract_status_only" time="0.198"><failure message="AssertionError: 403 != 200">tests/integration/test_api_edge_cases.py:575: in test_update_contract_status_only
    self.assertEqual(response.status_code, status.HTTP_200_OK)
E   AssertionError: 403 != 200</failure></testcase><testcase classname="tests.integration.test_api_edge_cases.APIEdgeCaseTest" name="test_update_contract_unauthorized" time="0.206" /><testcase classname="tests.integration.test_api_edge_cases.APIEdgeCaseTest" name="test_update_contract_wrong_tenant" time="0.378" /><testcase classname="tests.integration.test_api_edge_cases.APIEdgeCaseTest" name="test_update_nonexistent_contract" time="0.174"><failure message="AssertionError: 403 != 404">tests/integration/test_api_edge_cases.py:440: in test_update_nonexistent_contract
    self.assertEqual(response.status_code, status.HTTP_404_NOT_FOUND)
E   AssertionError: 403 != 404</failure></testcase><testcase classname="tests.integration.test_api_edge_cases.APIEdgeCaseTest" name="test_validation_error_invalid_compliance_jurisdiction" time="0.176"><failure message="AssertionError: 403 not found in [201, 400]">tests/integration/test_api_edge_cases.py:273: in test_validation_error_invalid_compliance_jurisdiction
    self.assertIn(response.status_code, [status.HTTP_201_CREATED, status.HTTP_400_BAD_REQUEST])
E   AssertionError: 403 not found in [201, 400]</failure></testcase><testcase classname="tests.integration.test_api_edge_cases.APIEdgeCaseTest" name="test_validation_error_invalid_enum_value_type" time="0.183"><failure message="AssertionError: 403 not found in [201, 400]">tests/integration/test_api_edge_cases.py:319: in test_validation_error_invalid_enum_value_type
    self.assertIn(response.status_code, [status.HTTP_201_CREATED, status.HTTP_400_BAD_REQUEST])
E   AssertionError: 403 not found in [201, 400]</failure></testcase><testcase classname="tests.integration.test_api_edge_cases.APIEdgeCaseTest" name="test_validation_error_invalid_field_pattern_regex" time="0.177"><failure message="AssertionError: 403 not found in [201, 400]">tests/integration/test_api_edge_cases.py:296: in test_validation_error_invalid_field_pattern_regex
    self.assertIn(response.status_code, [status.HTTP_201_CREATED, status.HTTP_400_BAD_REQUEST])
E   AssertionError: 403 not found in [201, 400]</failure></testcase><testcase classname="tests.integration.test_api_edge_cases.APIEdgeCaseTest" name="test_validation_error_invalid_owner_email" time="0.179"><failure message="AssertionError: 403 not found in [201, 400]">tests/integration/test_api_edge_cases.py:227: in test_validation_error_invalid_owner_email
    self.assertIn(response.status_code, [status.HTTP_201_CREATED, status.HTTP_400_BAD_REQUEST])
E   AssertionError: 403 not found in [201, 400]</failure></testcase><testcase classname="tests.integration.test_api_edge_cases.APIEdgeCaseTest" name="test_validation_error_invalid_quality_rule_dimension" time="0.178"><failure message="AssertionError: 403 not found in [201, 400]">tests/integration/test_api_edge_cases.py:251: in test_validation_error_invalid_quality_rule_dimension
    self.assertIn(response.status_code, [status.HTTP_201_CREATED, status.HTTP_400_BAD_REQUEST])
E   AssertionError: 403 not found in [201, 400]</failure></testcase><testcase classname="tests.integration.test_api_inventory_verification_comprehensive.TestAPIInventoryVerificationScript" name="test_verification_script_exists" time="0.001" /><testcase classname="tests.integration.test_api_inventory_verification_comprehensive.TestAPIInventoryVerificationScript" name="test_verification_script_runs_successfully" time="0.023"><failure message="AssertionError: Verification script should exit with code 0.&#10;  STDOUT:&#10;  #x1F50D Verifying API inventory...&#10;  #x1F4CA Found 29 apps&#10;  #x1F4CA Total endpoints: 578&#10;  &#10;  ✅ Verifying compliance endpoints...&#10;    ✅ Compliance endpoints verified - all use standardized patterns&#10;  &#10;  ✅ Verifying DQ endpoints...&#10;    ✅ DQ endpoints verified - all use standardized patterns&#10;  &#10;  ✅ Verifying inventory completeness...&#10;    ⚠️  Missing critical expected apps: datasets, assets&#10;  &#10;  ============================================================&#10;  ❌ Verification found issues:&#10;    - Missing critical expected apps: datasets, assets&#10;  &#10;  STDERR:&#10;  &#10;assert 1 == 0&#10; +  where 1 = CompletedProcess(args=['/usr/local/bin/python', '/app/scripts/verify-api-inventory.py'], returncode=1, stdout='#x1F50D Verifying API inventory...\n#x1F4CA Found 29 apps\n#x1F4CA Total endpoints: 578\n\n✅ Verifying compliance endpoints...\n  ✅ Compliance endpoints verified - all use standardized patterns\n\n✅ Verifying DQ endpoints...\n  ✅ DQ endpoints verified - all use standardized patterns\n\n✅ Verifying inventory completeness...\n  ⚠️  Missing critical expected apps: datasets, assets\n\n============================================================\n❌ Verification found issues:\n  - Missing critical expected apps: datasets, assets\n', stderr='').returncode">tests/integration/test_api_inventory_verification_comprehensive.py:51: in test_verification_script_runs_successfully
    assert result.returncode == 0, (
E   AssertionError: Verification script should exit with code 0.
E     STDOUT:
E     #x1F50D Verifying API inventory...
E     #x1F4CA Found 29 apps
E     #x1F4CA Total endpoints: 578
E     
E     ✅ Verifying compliance endpoints...
E       ✅ Compliance endpoints verified - all use standardized patterns
E     
E     ✅ Verifying DQ endpoints...
E       ✅ DQ endpoints verified - all use standardized patterns
E     
E     ✅ Verifying inventory completeness...
E       ⚠️  Missing critical expected apps: datasets, assets
E     
E     ============================================================
E     ❌ Verification found issues:
E       - Missing critical expected apps: datasets, assets
E     
E     STDERR:
E     
E   assert 1 == 0
E    +  where 1 = CompletedProcess(args=['/usr/local/bin/python', '/app/scripts/verify-api-inventory.py'], returncode=1, stdout='#x1F50D Verifying API inventory...\n#x1F4CA Found 29 apps\n#x1F4CA Total endpoints: 578\n\n✅ Verifying compliance endpoints...\n  ✅ Compliance endpoints verified - all use standardized patterns\n\n✅ Verifying DQ endpoints...\n  ✅ DQ endpoints verified - all use standardized patterns\n\n✅ Verifying inventory completeness...\n  ⚠️  Missing critical expected apps: datasets, assets\n\n============================================================\n❌ Verification found issues:\n  - Missing critical expected apps: datasets, assets\n', stderr='').returncode</failure></testcase><testcase classname="tests.integration.test_api_inventory_verification_comprehensive.TestAPIInventoryVerificationScript" name="test_verification_script_checks_compliance_endpoints" time="0.022"><failure message="AssertionError: Script should succeed&#10;assert 1 == 0&#10; +  where 1 = CompletedProcess(args=['/usr/local/bin/python', '/app/scripts/verify-api-inventory.py'], returncode=1, stdout='#x1F50D Verifying API inventory...\n#x1F4CA Found 29 apps\n#x1F4CA Total endpoints: 578\n\n✅ Verifying compliance endpoints...\n  ✅ Compliance endpoints verified - all use standardized patterns\n\n✅ Verifying DQ endpoints...\n  ✅ DQ endpoints verified - all use standardized patterns\n\n✅ Verifying inventory completeness...\n  ⚠️  Missing critical expected apps: assets, datasets\n\n============================================================\n❌ Verification found issues:\n  - Missing critical expected apps: assets, datasets\n', stderr='').returncode">tests/integration/test_api_inventory_verification_comprehensive.py:72: in test_verification_script_checks_compliance_endpoints
    assert result.returncode == 0, "Script should succeed"
E   AssertionError: Script should succeed
E   assert 1 == 0
E    +  where 1 = CompletedProcess(args=['/usr/local/bin/python', '/app/scripts/verify-api-inventory.py'], returncode=1, stdout='#x1F50D Verifying API inventory...\n#x1F4CA Found 29 apps\n#x1F4CA Total endpoints: 578\n\n✅ Verifying compliance endpoints...\n  ✅ Compliance endpoints verified - all use standardized patterns\n\n✅ Verifying DQ endpoints...\n  ✅ DQ endpoints verified - all use standardized patterns\n\n✅ Verifying inventory completeness...\n  ⚠️  Missing critical expected apps: assets, datasets\n\n============================================================\n❌ Verification found issues:\n  - Missing critical expected apps: assets, datasets\n', stderr='').returncode</failure></testcase><testcase classname="tests.integration.test_api_inventory_verification_comprehensive.TestAPIInventoryVerificationScript" name="test_verification_script_checks_dq_endpoints" time="0.021"><failure message="AssertionError: Script should succeed&#10;assert 1 == 0&#10; +  where 1 = CompletedProcess(args=['/usr/local/bin/python', '/app/scripts/verify-api-inventory.py'], returncode=1, stdout='#x1F50D Verifying API inventory...\n#x1F4CA Found 29 apps\n#x1F4CA Total endpoints: 578\n\n✅ Verifying compliance endpoints...\n  ✅ Compliance endpoints verified - all use standardized patterns\n\n✅ Verifying DQ endpoints...\n  ✅ DQ endpoints verified - all use standardized patterns\n\n✅ Verifying inventory completeness...\n  ⚠️  Missing critical expected apps: assets, datasets\n\n============================================================\n❌ Verification found issues:\n  - Missing critical expected apps: assets, datasets\n', stderr='').returncode">tests/integration/test_api_inventory_verification_comprehensive.py:90: in test_verification_script_checks_dq_endpoints
    assert result.returncode == 0, "Script should succeed"
E   AssertionError: Script should succeed
E   assert 1 == 0
E    +  where 1 = CompletedProcess(args=['/usr/local/bin/python', '/app/scripts/verify-api-inventory.py'], returncode=1, stdout='#x1F50D Verifying API inventory...\n#x1F4CA Found 29 apps\n#x1F4CA Total endpoints: 578\n\n✅ Verifying compliance endpoints...\n  ✅ Compliance endpoints verified - all use standardized patterns\n\n✅ Verifying DQ endpoints...\n  ✅ DQ endpoints verified - all use standardized patterns\n\n✅ Verifying inventory completeness...\n  ⚠️  Missing critical expected apps: assets, datasets\n\n============================================================\n❌ Verification found issues:\n  - Missing critical expected apps: assets, datasets\n', stderr='').returncode</failure></testcase><testcase classname="tests.integration.test_api_inventory_verification_comprehensive.TestAPIInventoryVerificationScript" name="test_verification_script_checks_completeness" time="0.022"><failure message="AssertionError: Script should succeed&#10;assert 1 == 0&#10; +  where 1 = CompletedProcess(args=['/usr/local/bin/python', '/app/scripts/verify-api-inventory.py'], returncode=1, stdout='#x1F50D Verifying API inventory...\n#x1F4CA Found 29 apps\n#x1F4CA Total endpoints: 578\n\n✅ Verifying compliance endpoints...\n  ✅ Compliance endpoints verified - all use standardized patterns\n\n✅ Verifying DQ endpoints...\n  ✅ DQ endpoints verified - all use standardized patterns\n\n✅ Verifying inventory completeness...\n  ⚠️  Missing critical expected apps: assets, datasets\n\n============================================================\n❌ Verification found issues:\n  - Missing critical expected apps: assets, datasets\n', stderr='').returncode">tests/integration/test_api_inventory_verification_comprehensive.py:107: in test_verification_script_checks_completeness
    assert result.returncode == 0, "Script should succeed"
E   AssertionError: Script should succeed
E   assert 1 == 0
E    +  where 1 = CompletedProcess(args=['/usr/local/bin/python', '/app/scripts/verify-api-inventory.py'], returncode=1, stdout='#x1F50D Verifying API inventory...\n#x1F4CA Found 29 apps\n#x1F4CA Total endpoints: 578\n\n✅ Verifying compliance endpoints...\n  ✅ Compliance endpoints verified - all use standardized patterns\n\n✅ Verifying DQ endpoints...\n  ✅ DQ endpoints verified - all use standardized patterns\n\n✅ Verifying inventory completeness...\n  ⚠️  Missing critical expected apps: assets, datasets\n\n============================================================\n❌ Verification found issues:\n  - Missing critical expected apps: assets, datasets\n', stderr='').returncode</failure></testcase><testcase classname="tests.integration.test_api_inventory_verification_comprehensive.TestAPIInventoryVerificationScript" name="test_verification_script_reports_endpoint_count" time="0.022"><failure message="AssertionError: Script should succeed&#10;assert 1 == 0&#10; +  where 1 = CompletedProcess(args=['/usr/local/bin/python', '/app/scripts/verify-api-inventory.py'], returncode=1, stdout='#x1F50D Verifying API inventory...\n#x1F4CA Found 29 apps\n#x1F4CA Total endpoints: 578\n\n✅ Verifying compliance endpoints...\n  ✅ Compliance endpoints verified - all use standardized patterns\n\n✅ Verifying DQ endpoints...\n  ✅ DQ endpoints verified - all use standardized patterns\n\n✅ Verifying inventory completeness...\n  ⚠️  Missing critical expected apps: datasets, assets\n\n============================================================\n❌ Verification found issues:\n  - Missing critical expected apps: datasets, assets\n', stderr='').returncode">tests/integration/test_api_inventory_verification_comprehensive.py:122: in test_verification_script_reports_endpoint_count
    assert result.returncode == 0, "Script should succeed"
E   AssertionError: Script should succeed
E   assert 1 == 0
E    +  where 1 = CompletedProcess(args=['/usr/local/bin/python', '/app/scripts/verify-api-inventory.py'], returncode=1, stdout='#x1F50D Verifying API inventory...\n#x1F4CA Found 29 apps\n#x1F4CA Total endpoints: 578\n\n✅ Verifying compliance endpoints...\n  ✅ Compliance endpoints verified - all use standardized patterns\n\n✅ Verifying DQ endpoints...\n  ✅ DQ endpoints verified - all use standardized patterns\n\n✅ Verifying inventory completeness...\n  ⚠️  Missing critical expected apps: datasets, assets\n\n============================================================\n❌ Verification found issues:\n  - Missing critical expected apps: datasets, assets\n', stderr='').returncode</failure></testcase><testcase classname="tests.integration.test_api_inventory_verification_comprehensive.TestAPIInventoryFile" name="test_inventory_file_exists" time="0.001" /><testcase classname="tests.integration.test_api_inventory_verification_comprehensive.TestAPIInventoryFile" name="test_inventory_file_not_empty" time="0.001" /><testcase classname="tests.integration.test_api_inventory_verification_comprehensive.TestAPIInventoryFile" name="test_inventory_file_has_compliance_section" time="0.001" /><testcase classname="tests.integration.test_api_inventory_verification_comprehensive.TestAPIInventoryFile" name="test_inventory_file_has_no_old_compliance_patterns" time="0.002"><failure message="AssertionError: Inventory should not contain old '/compliance-runs/' pattern&#10;assert '/compliance-runs/' not in '# Current A...ted**: 549\n'&#10;  &#10;  '/compliance-runs/' is contained here:&#10;    # Current API Inventory from Codebase&#10;    &#10;    **Document Version**: 2.0.0&#10;    **Last Updated**: 2026-02-24&#10;    **Source**: Static analysis of Django URL patterns and ViewSets...&#10;  &#10;  ...Full output truncated (805 lines hidden), use '-vv' to show">tests/integration/test_api_inventory_verification_comprehensive.py:163: in test_inventory_file_has_no_old_compliance_patterns
    assert '/compliance-runs/' not in content, (
E   AssertionError: Inventory should not contain old '/compliance-runs/' pattern
E   assert '/compliance-runs/' not in '# Current A...ted**: 549\n'
E     
E     '/compliance-runs/' is contained here:
E       # Current API Inventory from Codebase
E       
E       **Document Version**: 2.0.0
E       **Last Updated**: 2026-02-24
E       **Source**: Static analysis of Django URL patterns and ViewSets...
E     
E     ...Full output truncated (805 lines hidden), use '-vv' to show</failure></testcase><testcase classname="tests.integration.test_api_inventory_verification_comprehensive.TestAPIInventoryFile" name="test_inventory_file_has_no_old_dq_patterns" time="0.002"><failure message="AssertionError: Inventory should not contain old '/dq-runs/' pattern&#10;assert '/dq-runs/' not in '# Current A...ted**: 549\n'&#10;  &#10;  '/dq-runs/' is contained here:&#10;    # Current API Inventory from Codebase&#10;    &#10;    **Document Version**: 2.0.0&#10;    **Last Updated**: 2026-02-24&#10;    **Source**: Static analysis of Django URL patterns and ViewSets...&#10;  &#10;  ...Full output truncated (805 lines hidden), use '-vv' to show">tests/integration/test_api_inventory_verification_comprehensive.py:171: in test_inventory_file_has_no_old_dq_patterns
    assert '/dq-runs/' not in content, (
E   AssertionError: Inventory should not contain old '/dq-runs/' pattern
E   assert '/dq-runs/' not in '# Current A...ted**: 549\n'
E     
E     '/dq-runs/' is contained here:
E       # Current API Inventory from Codebase
E       
E       **Document Version**: 2.0.0
E       **Last Updated**: 2026-02-24
E       **Source**: Static analysis of Django URL patterns and ViewSets...
E     
E     ...Full output truncated (805 lines hidden), use '-vv' to show</failure></testcase><testcase classname="tests.integration.test_api_inventory_verification_comprehensive.TestAPIInventoryFile" name="test_inventory_file_has_standardized_runs_patterns" time="0.001" /><testcase classname="tests.integration.test_api_inventory_verification_comprehensive.TestAPIInventoryFile" name="test_inventory_file_has_expected_structure" time="0.001" /><testcase classname="tests.integration.test_api_inventory_verification_comprehensive.TestAPIInventoryFile" name="test_inventory_file_has_endpoint_tables" time="0.001" /><testcase classname="tests.integration.test_api_inventory_verification_comprehensive.TestAPIInventoryFile" name="test_inventory_file_has_compliance_endpoints" time="0.001" /><testcase classname="tests.integration.test_api_inventory_verification_comprehensive.TestAPIInventoryRegeneration" name="test_regeneration_script_exists" time="0.001" /><testcase classname="tests.integration.test_api_inventory_verification_comprehensive.TestAPIInventoryRegeneration" name="test_regeneration_script_runs_successfully" time="0.186" /><testcase classname="tests.integration.test_openapi_completeness.TestOpenAPISpecCompleteness" name="test_openapi_version" time="0.573" /><testcase classname="tests.integration.test_openapi_completeness.TestOpenAPISpecCompleteness" name="test_info_section_complete" time="0.001" /><testcase classname="tests.integration.test_openapi_completeness.TestOpenAPISpecCompleteness" name="test_paths_exist" time="0.000" /><testcase classname="tests.integration.test_openapi_completeness.TestOpenAPISpecCompleteness" name="test_all_operations_have_tags" time="0.001" /><testcase classname="tests.integration.test_openapi_completeness.TestOpenAPISpecCompleteness" name="test_all_operations_have_operation_id" time="0.001" /><testcase classname="tests.integration.test_openapi_completeness.TestOpenAPISpecCompleteness" name="test_operations_have_descriptions" time="0.001" /><testcase classname="tests.integration.test_openapi_completeness.TestOpenAPISpecCompleteness" name="test_error_responses_present" time="0.001" /><testcase classname="tests.integration.test_openapi_completeness.TestOpenAPISpecCompleteness" name="test_components_schemas_exist" time="0.000" /><testcase classname="tests.integration.test_openapi_completeness.TestOpenAPISpecCompleteness" name="test_security_schemes_defined" time="0.000" /><testcase classname="tests.integration.test_openapi_completeness.TestOpenAPISpecCompleteness" name="test_examples_present" time="0.001" /><testcase classname="tests.integration.test_openapi_completeness.TestOpenAPISpecCompleteness" name="test_tags_defined" time="0.002" /></testsuite></testsuites>