{"total": {"lines":{"total":10675,"covered":2260,"skipped":0,"pct":21.17},"statements":{"total":11200,"covered":2310,"skipped":0,"pct":20.62},"functions":{"total":3104,"covered":534,"skipped":0,"pct":17.2},"branches":{"total":10705,"covered":2014,"skipped":0,"pct":18.81},"branchesTrue":{"total":0,"covered":0,"skipped":0,"pct":100}}
,"/home/ph/Desktop/DataInteroperabilityHub/frontend/src/App.tsx": {"lines":{"total":2,"covered":0,"skipped":0,"pct":0},"functions":{"total":1,"covered":0,"skipped":0,"pct":0},"statements":{"total":2,"covered":0,"skipped":0,"pct":0},"branches":{"total":0,"covered":0,"skipped":0,"pct":100}}
,"/home/ph/Desktop/DataInteroperabilityHub/frontend/src/components/index.ts": {"lines":{"total":0,"covered":0,"skipped":0,"pct":100},"functions":{"total":0,"covered":0,"skipped":0,"pct":100},"statements":{"total":0,"covered":0,"skipped":0,"pct":100},"branches":{"total":0,"covered":0,"skipped":0,"pct":100}}
,"/home/ph/Desktop/DataInteroperabilityHub/frontend/src/components/api-docs/index.ts": {"lines":{"total":0,"covered":0,"skipped":0,"pct":100},"functions":{"total":0,"covered":0,"skipped":0,"pct":100},"statements":{"total":0,"covered":0,"skipped":0,"pct":100},"branches":{"total":0,"covered":0,"skipped":0,"pct":100}}
,"/home/ph/Desktop/DataInteroperabilityHub/frontend/src/components/api-docs/APIEndpointCard/APIEndpointCard.tsx": {"lines":{"total":11,"covered":9,"skipped":0,"pct":81.81},"functions":{"total":3,"covered":3,"skipped":0,"pct":100},"statements":{"total":11,"covered":9,"skipped":0,"pct":81.81},"branches":{"total":11,"covered":9,"skipped":0,"pct":81.81}}
,"/home/ph/Desktop/DataInteroperabilityHub/frontend/src/components/api-docs/APIEndpointCard/index.ts": {"lines":{"total":0,"covered":0,"skipped":0,"pct":100},"functions":{"total":0,"covered":0,"skipped":0,"pct":100},"statements":{"total":0,"covered":0,"skipped":0,"pct":100},"branches":{"total":0,"covered":0,"skipped":0,"pct":100}}
,"/home/ph/Desktop/DataInteroperabilityHub/frontend/src/components/api-docs/APIEndpointCard/types.ts": {"lines":{"total":0,"covered":0,"skipped":0,"pct":100},"functions":{"total":0,"covered":0,"skipped":0,"pct":100},"statements":{"total":0,"covered":0,"skipped":0,"pct":100},"branches":{"total":0,"covered":0,"skipped":0,"pct":100}}
,"/home/ph/Desktop/DataInteroperabilityHub/frontend/src/components/api-docs/APIExplorer/APIExplorer.tsx": {"lines":{"total":69,"covered":50,"skipped":0,"pct":72.46},"functions":{"total":20,"covered":11,"skipped":0,"pct":55},"statements":{"total":71,"covered":50,"skipped":0,"pct":70.42},"branches":{"total":59,"covered":37,"skipped":0,"pct":62.71}}
,"/home/ph/Desktop/DataInteroperabilityHub/frontend/src/components/api-docs/APIExplorer/index.ts": {"lines":{"total":0,"covered":0,"skipped":0,"pct":100},"functions":{"total":0,"covered":0,"skipped":0,"pct":100},"statements":{"total":0,"covered":0,"skipped":0,"pct":100},"branches":{"total":0,"covered":0,"skipped":0,"pct":100}}
,"/home/ph/Desktop/DataInteroperabilityHub/frontend/src/components/api-docs/APIRequestExample/APIRequestExample.tsx": {"lines":{"total":26,"covered":20,"skipped":0,"pct":76.92},"functions":{"total":5,"covered":3,"skipped":0,"pct":60},"statements":{"total":27,"covered":20,"skipped":0,"pct":74.07},"branches":{"total":21,"covered":19,"skipped":0,"pct":90.47}}
,"/home/ph/Desktop/DataInteroperabilityHub/frontend/src/components/api-docs/APIRequestExample/index.ts": {"lines":{"total":0,"covered":0,"skipped":0,"pct":100},"functions":{"total":0,"covered":0,"skipped":0,"pct":100},"statements":{"total":0,"covered":0,"skipped":0,"pct":100},"branches":{"total":0,"covered":0,"skipped":0,"pct":100}}
,"/home/ph/Desktop/DataInteroperabilityHub/frontend/src/components/api-docs/APIRequestExample/utils.ts": {"lines":{"total":54,"covered":44,"skipped":0,"pct":81.48},"functions":{"total":6,"covered":4,"skipped":0,"pct":66.66},"statements":{"total":54,"covered":44,"skipped":0,"pct":81.48},"branches":{"total":40,"covered":22,"skipped":0,"pct":55}}
,"/home/ph/Desktop/DataInteroperabilityHub/frontend/src/components/api-docs/APIResponseExample/APIResponseExample.tsx": {"lines":{"total":24,"covered":21,"skipped":0,"pct":87.5},"functions":{"total":5,"covered":4,"skipped":0,"pct":80},"statements":{"total":25,"covered":21,"skipped":0,"pct":84},"branches":{"total":23,"covered":21,"skipped":0,"pct":91.3}}
,"/home/ph/Desktop/DataInteroperabilityHub/frontend/src/components/api-docs/APIResponseExample/index.ts": {"lines":{"total":0,"covered":0,"skipped":0,"pct":100},"functions":{"total":0,"covered":0,"skipped":0,"pct":100},"statements":{"total":0,"covered":0,"skipped":0,"pct":100},"branches":{"total":0,"covered":0,"skipped":0,"pct":100}}
,"/home/ph/Desktop/DataInteroperabilityHub/frontend/src/components/api-docs/CodeSnippetGenerator/CodeSnippetGenerator.tsx": {"lines":{"total":33,"covered":29,"skipped":0,"pct":87.87},"functions":{"total":8,"covered":7,"skipped":0,"pct":87.5},"statements":{"total":34,"covered":29,"skipped":0,"pct":85.29},"branches":{"total":19,"covered":16,"skipped":0,"pct":84.21}}
,"/home/ph/Desktop/DataInteroperabilityHub/frontend/src/components/api-docs/CodeSnippetGenerator/index.ts": {"lines":{"total":0,"covered":0,"skipped":0,"pct":100},"functions":{"total":0,"covered":0,"skipped":0,"pct":100},"statements":{"total":0,"covered":0,"skipped":0,"pct":100},"branches":{"total":0,"covered":0,"skipped":0,"pct":100}}
,"/home/ph/Desktop/DataInteroperabilityHub/frontend/src/components/assets/index.ts": {"lines":{"total":0,"covered":0,"skipped":0,"pct":100},"functions":{"total":0,"covered":0,"skipped":0,"pct":100},"statements":{"total":0,"covered":0,"skipped":0,"pct":100},"branches":{"total":0,"covered":0,"skipped":0,"pct":100}}
,"/home/ph/Desktop/DataInteroperabilityHub/frontend/src/components/assets/AssetActions/AssetActions.tsx": {"lines":{"total":31,"covered":15,"skipped":0,"pct":48.38},"functions":{"total":19,"covered":6,"skipped":0,"pct":31.57},"statements":{"total":31,"covered":15,"skipped":0,"pct":48.38},"branches":{"total":98,"covered":40,"skipped":0,"pct":40.81}}
,"/home/ph/Desktop/DataInteroperabilityHub/frontend/src/components/assets/AssetActions/index.ts": {"lines":{"total":0,"covered":0,"skipped":0,"pct":100},"functions":{"total":0,"covered":0,"skipped":0,"pct":100},"statements":{"total":0,"covered":0,"skipped":0,"pct":100},"branches":{"total":0,"covered":0,"skipped":0,"pct":100}}
,"/home/ph/Desktop/DataInteroperabilityHub/frontend/src/components/assets/AssetCard/AssetCard.tsx": {"lines":{"total":27,"covered":24,"skipped":0,"pct":88.88},"functions":{"total":7,"covered":6,"skipped":0,"pct":85.71},"statements":{"total":27,"covered":24,"skipped":0,"pct":88.88},"branches":{"total":53,"covered":38,"skipped":0,"pct":71.69}}
,"/home/ph/Desktop/DataInteroperabilityHub/frontend/src/components/assets/AssetCard/index.ts": {"lines":{"total":0,"covered":0,"skipped":0,"pct":100},"functions":{"total":0,"covered":0,"skipped":0,"pct":100},"statements":{"total":0,"covered":0,"skipped":0,"pct":100},"branches":{"total":0,"covered":0,"skipped":0,"pct":100}}
,"/home/ph/Desktop/DataInteroperabilityHub/frontend/src/components/assets/AssetForm/AssetForm.tsx": {"lines":{"total":19,"covered":18,"skipped":0,"pct":94.73},"functions":{"total":4,"covered":4,"skipped":0,"pct":100},"statements":{"total":19,"covered":18,"skipped":0,"pct":94.73},"branches":{"total":37,"covered":34,"skipped":0,"pct":91.89}}
,"/home/ph/Desktop/DataInteroperabilityHub/frontend/src/components/assets/AssetForm/index.ts": {"lines":{"total":0,"covered":0,"skipped":0,"pct":100},"functions":{"total":0,"covered":0,"skipped":0,"pct":100},"statements":{"total":0,"covered":0,"skipped":0,"pct":100},"branches":{"total":0,"covered":0,"skipped":0,"pct":100}}
,"/home/ph/Desktop/DataInteroperabilityHub/frontend/src/components/assets/AssetList/AssetList.tsx": {"lines":{"total":14,"covered":0,"skipped":0,"pct":0},"functions":{"total":4,"covered":0,"skipped":0,"pct":0},"statements":{"total":14,"covered":0,"skipped":0,"pct":0},"branches":{"total":17,"covered":0,"skipped":0,"pct":0}}
,"/home/ph/Desktop/DataInteroperabilityHub/frontend/src/components/assets/AssetList/index.ts": {"lines":{"total":0,"covered":0,"skipped":0,"pct":100},"functions":{"total":0,"covered":0,"skipped":0,"pct":100},"statements":{"total":0,"covered":0,"skipped":0,"pct":100},"branches":{"total":0,"covered":0,"skipped":0,"pct":100}}
,"/home/ph/Desktop/DataInteroperabilityHub/frontend/src/components/assets/AssetStatusBadge/AssetStatusBadge.tsx": {"lines":{"total":42,"covered":31,"skipped":0,"pct":73.8},"functions":{"total":5,"covered":5,"skipped":0,"pct":100},"statements":{"total":42,"covered":31,"skipped":0,"pct":73.8},"branches":{"total":44,"covered":32,"skipped":0,"pct":72.72}}
,"/home/ph/Desktop/DataInteroperabilityHub/frontend/src/components/assets/AssetStatusBadge/index.ts": {"lines":{"total":0,"covered":0,"skipped":0,"pct":100},"functions":{"total":0,"covered":0,"skipped":0,"pct":100},"statements":{"total":0,"covered":0,"skipped":0,"pct":100},"branches":{"total":0,"covered":0,"skipped":0,"pct":100}}
,"/home/ph/Desktop/DataInteroperabilityHub/frontend/src/components/auth/SessionManager.tsx": {"lines":{"total":9,"covered":0,"skipped":0,"pct":0},"functions":{"total":2,"covered":0,"skipped":0,"pct":0},"statements":{"total":9,"covered":0,"skipped":0,"pct":0},"branches":{"total":0,"covered":0,"skipped":0,"pct":100}}
,"/home/ph/Desktop/DataInteroperabilityHub/frontend/src/components/auth/SessionTimeoutDialog.tsx": {"lines":{"total":32,"covered":0,"skipped":0,"pct":0},"functions":{"total":8,"covered":0,"skipped":0,"pct":0},"statements":{"total":35,"covered":0,"skipped":0,"pct":0},"branches":{"total":40,"covered":0,"skipped":0,"pct":0}}
,"/home/ph/Desktop/DataInteroperabilityHub/frontend/src/components/auth/index.ts": {"lines":{"total":0,"covered":0,"skipped":0,"pct":100},"functions":{"total":0,"covered":0,"skipped":0,"pct":100},"statements":{"total":0,"covered":0,"skipped":0,"pct":100},"branches":{"total":0,"covered":0,"skipped":0,"pct":100}}
,"/home/ph/Desktop/DataInteroperabilityHub/frontend/src/components/common/index.ts": {"lines":{"total":0,"covered":0,"skipped":0,"pct":100},"functions":{"total":0,"covered":0,"skipped":0,"pct":100},"statements":{"total":0,"covered":0,"skipped":0,"pct":100},"branches":{"total":0,"covered":0,"skipped":0,"pct":100}}
,"/home/ph/Desktop/DataInteroperabilityHub/frontend/src/components/common/LazyApolloProvider/LazyApolloProvider.tsx": {"lines":{"total":7,"covered":0,"skipped":0,"pct":0},"functions":{"total":5,"covered":0,"skipped":0,"pct":0},"statements":{"total":8,"covered":0,"skipped":0,"pct":0},"branches":{"total":2,"covered":0,"skipped":0,"pct":0}}
,"/home/ph/Desktop/DataInteroperabilityHub/frontend/src/components/common/LazyApolloProvider/index.ts": {"lines":{"total":0,"covered":0,"skipped":0,"pct":100},"functions":{"total":0,"covered":0,"skipped":0,"pct":100},"statements":{"total":0,"covered":0,"skipped":0,"pct":100},"branches":{"total":0,"covered":0,"skipped":0,"pct":100}}
,"/home/ph/Desktop/DataInteroperabilityHub/frontend/src/components/common/LazyMonacoEditor/LazyMonacoEditor.tsx": {"lines":{"total":6,"covered":0,"skipped":0,"pct":0},"functions":{"total":4,"covered":0,"skipped":0,"pct":0},"statements":{"total":7,"covered":0,"skipped":0,"pct":0},"branches":{"total":2,"covered":0,"skipped":0,"pct":0}}
,"/home/ph/Desktop/DataInteroperabilityHub/frontend/src/components/common/LazyMonacoEditor/index.ts": {"lines":{"total":0,"covered":0,"skipped":0,"pct":100},"functions":{"total":0,"covered":0,"skipped":0,"pct":100},"statements":{"total":0,"covered":0,"skipped":0,"pct":100},"branches":{"total":0,"covered":0,"skipped":0,"pct":100}}
,"/home/ph/Desktop/DataInteroperabilityHub/frontend/src/components/common/Loading/Loading.tsx": {"lines":{"total":2,"covered":0,"skipped":0,"pct":0},"functions":{"total":1,"covered":0,"skipped":0,"pct":0},"statements":{"total":2,"covered":0,"skipped":0,"pct":0},"branches":{"total":6,"covered":0,"skipped":0,"pct":0}}
,"/home/ph/Desktop/DataInteroperabilityHub/frontend/src/components/common/Loading/index.ts": {"lines":{"total":0,"covered":0,"skipped":0,"pct":100},"functions":{"total":0,"covered":0,"skipped":0,"pct":100},"statements":{"total":0,"covered":0,"skipped":0,"pct":100},"branches":{"total":0,"covered":0,"skipped":0,"pct":100}}
,"/home/ph/Desktop/DataInteroperabilityHub/frontend/src/components/compliance/ComplianceOverview.tsx": {"lines":{"total":20,"covered":0,"skipped":0,"pct":0},"functions":{"total":7,"covered":0,"skipped":0,"pct":0},"statements":{"total":28,"covered":0,"skipped":0,"pct":0},"branches":{"total":29,"covered":0,"skipped":0,"pct":0}}
,"/home/ph/Desktop/DataInteroperabilityHub/frontend/src/components/compliance/ComplianceScanList.tsx": {"lines":{"total":36,"covered":0,"skipped":0,"pct":0},"functions":{"total":12,"covered":0,"skipped":0,"pct":0},"statements":{"total":39,"covered":0,"skipped":0,"pct":0},"branches":{"total":51,"covered":0,"skipped":0,"pct":0}}
,"/home/ph/Desktop/DataInteroperabilityHub/frontend/src/components/compliance/ViolationCard.tsx": {"lines":{"total":32,"covered":0,"skipped":0,"pct":0},"functions":{"total":8,"covered":0,"skipped":0,"pct":0},"statements":{"total":44,"covered":0,"skipped":0,"pct":0},"branches":{"total":61,"covered":0,"skipped":0,"pct":0}}
,"/home/ph/Desktop/DataInteroperabilityHub/frontend/src/components/compliance/ViolationScanSection.tsx": {"lines":{"total":5,"covered":0,"skipped":0,"pct":0},"functions":{"total":1,"covered":0,"skipped":0,"pct":0},"statements":{"total":5,"covered":0,"skipped":0,"pct":0},"branches":{"total":20,"covered":0,"skipped":0,"pct":0}}
,"/home/ph/Desktop/DataInteroperabilityHub/frontend/src/components/compliance/ViolationsList.tsx": {"lines":{"total":35,"covered":0,"skipped":0,"pct":0},"functions":{"total":8,"covered":0,"skipped":0,"pct":0},"statements":{"total":42,"covered":0,"skipped":0,"pct":0},"branches":{"total":58,"covered":0,"skipped":0,"pct":0}}
,"/home/ph/Desktop/DataInteroperabilityHub/frontend/src/components/compliance/index.ts": {"lines":{"total":0,"covered":0,"skipped":0,"pct":100},"functions":{"total":0,"covered":0,"skipped":0,"pct":100},"statements":{"total":0,"covered":0,"skipped":0,"pct":100},"branches":{"total":0,"covered":0,"skipped":0,"pct":100}}
,"/home/ph/Desktop/DataInteroperabilityHub/frontend/src/components/contracts/ContractEditor.tsx": {"lines":{"total":126,"covered":0,"skipped":0,"pct":0},"functions":{"total":33,"covered":0,"skipped":0,"pct":0},"statements":{"total":130,"covered":0,"skipped":0,"pct":0},"branches":{"total":55,"covered":0,"skipped":0,"pct":0}}
,"/home/ph/Desktop/DataInteroperabilityHub/frontend/src/components/contracts/ContractPreview.tsx": {"lines":{"total":12,"covered":2,"skipped":0,"pct":16.66},"functions":{"total":10,"covered":0,"skipped":0,"pct":0},"statements":{"total":12,"covered":2,"skipped":0,"pct":16.66},"branches":{"total":81,"covered":0,"skipped":0,"pct":0}}
,"/home/ph/Desktop/DataInteroperabilityHub/frontend/src/components/contracts/EditorHeader.tsx": {"lines":{"total":20,"covered":0,"skipped":0,"pct":0},"functions":{"total":7,"covered":0,"skipped":0,"pct":0},"statements":{"total":26,"covered":0,"skipped":0,"pct":0},"branches":{"total":61,"covered":0,"skipped":0,"pct":0}}
,"/home/ph/Desktop/DataInteroperabilityHub/frontend/src/components/contracts/SchemaComparison.tsx": {"lines":{"total":37,"covered":0,"skipped":0,"pct":0},"functions":{"total":15,"covered":0,"skipped":0,"pct":0},"statements":{"total":40,"covered":0,"skipped":0,"pct":0},"branches":{"total":50,"covered":0,"skipped":0,"pct":0}}
,"/home/ph/Desktop/DataInteroperabilityHub/frontend/src/components/contracts/ValidationPanel.tsx": {"lines":{"total":29,"covered":0,"skipped":0,"pct":0},"functions":{"total":11,"covered":0,"skipped":0,"pct":0},"statements":{"total":29,"covered":0,"skipped":0,"pct":0},"branches":{"total":57,"covered":0,"skipped":0,"pct":0}}
,"/home/ph/Desktop/DataInteroperabilityHub/frontend/src/components/contracts/index.ts": {"lines":{"total":0,"covered":0,"skipped":0,"pct":100},"functions":{"total":0,"covered":0,"skipped":0,"pct":100},"statements":{"total":0,"covered":0,"skipped":0,"pct":100},"branches":{"total":0,"covered":0,"skipped":0,"pct":100}}
,"/home/ph/Desktop/DataInteroperabilityHub/frontend/src/components/contracts/types.ts": {"lines":{"total":0,"covered":0,"skipped":0,"pct":100},"functions":{"total":0,"covered":0,"skipped":0,"pct":100},"statements":{"total":0,"covered":0,"skipped":0,"pct":100},"branches":{"total":0,"covered":0,"skipped":0,"pct":100}}
,"/home/ph/Desktop/DataInteroperabilityHub/frontend/src/components/contracts/utils.ts": {"lines":{"total":73,"covered":0,"skipped":0,"pct":0},"functions":{"total":9,"covered":0,"skipped":0,"pct":0},"statements":{"total":75,"covered":0,"skipped":0,"pct":0},"branches":{"total":56,"covered":0,"skipped":0,"pct":0}}
,"/home/ph/Desktop/DataInteroperabilityHub/frontend/src/components/contracts/ContractCard/ContractCard.tsx": {"lines":{"total":33,"covered":31,"skipped":0,"pct":93.93},"functions":{"total":9,"covered":9,"skipped":0,"pct":100},"statements":{"total":33,"covered":31,"skipped":0,"pct":93.93},"branches":{"total":63,"covered":56,"skipped":0,"pct":88.88}}
,"/home/ph/Desktop/DataInteroperabilityHub/frontend/src/components/contracts/ContractCard/index.ts": {"lines":{"total":0,"covered":0,"skipped":0,"pct":100},"functions":{"total":0,"covered":0,"skipped":0,"pct":100},"statements":{"total":0,"covered":0,"skipped":0,"pct":100},"branches":{"total":0,"covered":0,"skipped":0,"pct":100}}
,"/home/ph/Desktop/DataInteroperabilityHub/frontend/src/components/contracts/ContractForm/ContractForm.tsx": {"lines":{"total":49,"covered":0,"skipped":0,"pct":0},"functions":{"total":10,"covered":0,"skipped":0,"pct":0},"statements":{"total":50,"covered":0,"skipped":0,"pct":0},"branches":{"total":54,"covered":0,"skipped":0,"pct":0}}
,"/home/ph/Desktop/DataInteroperabilityHub/frontend/src/components/contracts/ContractForm/index.ts": {"lines":{"total":0,"covered":0,"skipped":0,"pct":100},"functions":{"total":0,"covered":0,"skipped":0,"pct":100},"statements":{"total":0,"covered":0,"skipped":0,"pct":100},"branches":{"total":0,"covered":0,"skipped":0,"pct":100}}
,"/home/ph/Desktop/DataInteroperabilityHub/frontend/src/components/contracts/ContractList/ContractList.tsx": {"lines":{"total":14,"covered":0,"skipped":0,"pct":0},"functions":{"total":4,"covered":0,"skipped":0,"pct":0},"statements":{"total":14,"covered":0,"skipped":0,"pct":0},"branches":{"total":17,"covered":0,"skipped":0,"pct":0}}
,"/home/ph/Desktop/DataInteroperabilityHub/frontend/src/components/contracts/ContractList/index.ts": {"lines":{"total":0,"covered":0,"skipped":0,"pct":100},"functions":{"total":0,"covered":0,"skipped":0,"pct":100},"statements":{"total":0,"covered":0,"skipped":0,"pct":100},"branches":{"total":0,"covered":0,"skipped":0,"pct":100}}
,"/home/ph/Desktop/DataInteroperabilityHub/frontend/src/components/contracts/ContractStatusBadge/ContractStatusBadge.tsx": {"lines":{"total":52,"covered":36,"skipped":0,"pct":69.23},"functions":{"total":7,"covered":7,"skipped":0,"pct":100},"statements":{"total":52,"covered":36,"skipped":0,"pct":69.23},"branches":{"total":47,"covered":30,"skipped":0,"pct":63.82}}
,"/home/ph/Desktop/DataInteroperabilityHub/frontend/src/components/contracts/ContractStatusBadge/index.ts": {"lines":{"total":0,"covered":0,"skipped":0,"pct":100},"functions":{"total":0,"covered":0,"skipped":0,"pct":100},"statements":{"total":0,"covered":0,"skipped":0,"pct":100},"branches":{"total":0,"covered":0,"skipped":0,"pct":100}}
,"/home/ph/Desktop/DataInteroperabilityHub/frontend/src/components/contracts/ContractValidationResults/ContractValidationResults.tsx": {"lines":{"total":20,"covered":0,"skipped":0,"pct":0},"functions":{"total":7,"covered":0,"skipped":0,"pct":0},"statements":{"total":20,"covered":0,"skipped":0,"pct":0},"branches":{"total":77,"covered":0,"skipped":0,"pct":0}}
,"/home/ph/Desktop/DataInteroperabilityHub/frontend/src/components/contracts/ContractValidationResults/index.ts": {"lines":{"total":0,"covered":0,"skipped":0,"pct":100},"functions":{"total":0,"covered":0,"skipped":0,"pct":100},"statements":{"total":0,"covered":0,"skipped":0,"pct":100},"branches":{"total":0,"covered":0,"skipped":0,"pct":100}}
,"/home/ph/Desktop/DataInteroperabilityHub/frontend/src/components/contracts/hooks/useContractHistory.ts": {"lines":{"total":48,"covered":0,"skipped":0,"pct":0},"functions":{"total":8,"covered":0,"skipped":0,"pct":0},"statements":{"total":53,"covered":0,"skipped":0,"pct":0},"branches":{"total":32,"covered":0,"skipped":0,"pct":0}}
,"/home/ph/Desktop/DataInteroperabilityHub/frontend/src/components/contracts/tabs/ComplianceTab.tsx": {"lines":{"total":22,"covered":0,"skipped":0,"pct":0},"functions":{"total":9,"covered":0,"skipped":0,"pct":0},"statements":{"total":22,"covered":0,"skipped":0,"pct":0},"branches":{"total":51,"covered":0,"skipped":0,"pct":0}}
,"/home/ph/Desktop/DataInteroperabilityHub/frontend/src/components/contracts/tabs/LifecycleTab.tsx": {"lines":{"total":16,"covered":0,"skipped":0,"pct":0},"functions":{"total":7,"covered":0,"skipped":0,"pct":0},"statements":{"total":16,"covered":0,"skipped":0,"pct":0},"branches":{"total":23,"covered":0,"skipped":0,"pct":0}}
,"/home/ph/Desktop/DataInteroperabilityHub/frontend/src/components/contracts/tabs/MarketplaceTab.tsx": {"lines":{"total":11,"covered":0,"skipped":0,"pct":0},"functions":{"total":5,"covered":0,"skipped":0,"pct":0},"statements":{"total":11,"covered":0,"skipped":0,"pct":0},"branches":{"total":8,"covered":0,"skipped":0,"pct":0}}
,"/home/ph/Desktop/DataInteroperabilityHub/frontend/src/components/contracts/tabs/OverviewTab.tsx": {"lines":{"total":26,"covered":0,"skipped":0,"pct":0},"functions":{"total":16,"covered":0,"skipped":0,"pct":0},"statements":{"total":27,"covered":0,"skipped":0,"pct":0},"branches":{"total":22,"covered":0,"skipped":0,"pct":0}}
,"/home/ph/Desktop/DataInteroperabilityHub/frontend/src/components/contracts/tabs/QualityTab.tsx": {"lines":{"total":56,"covered":0,"skipped":0,"pct":0},"functions":{"total":25,"covered":0,"skipped":0,"pct":0},"statements":{"total":57,"covered":0,"skipped":0,"pct":0},"branches":{"total":44,"covered":0,"skipped":0,"pct":0}}
,"/home/ph/Desktop/DataInteroperabilityHub/frontend/src/components/contracts/tabs/RawEditorTab.tsx": {"lines":{"total":34,"covered":0,"skipped":0,"pct":0},"functions":{"total":7,"covered":0,"skipped":0,"pct":0},"statements":{"total":36,"covered":0,"skipped":0,"pct":0},"branches":{"total":29,"covered":0,"skipped":0,"pct":0}}
,"/home/ph/Desktop/DataInteroperabilityHub/frontend/src/components/contracts/tabs/SchemaTab.tsx": {"lines":{"total":66,"covered":0,"skipped":0,"pct":0},"functions":{"total":33,"covered":0,"skipped":0,"pct":0},"statements":{"total":69,"covered":0,"skipped":0,"pct":0},"branches":{"total":70,"covered":0,"skipped":0,"pct":0}}
,"/home/ph/Desktop/DataInteroperabilityHub/frontend/src/components/data-display/index.ts": {"lines":{"total":0,"covered":0,"skipped":0,"pct":100},"functions":{"total":0,"covered":0,"skipped":0,"pct":100},"statements":{"total":0,"covered":0,"skipped":0,"pct":100},"branches":{"total":0,"covered":0,"skipped":0,"pct":100}}
,"/home/ph/Desktop/DataInteroperabilityHub/frontend/src/components/data-display/Avatar/Avatar.tsx": {"lines":{"total":7,"covered":0,"skipped":0,"pct":0},"functions":{"total":1,"covered":0,"skipped":0,"pct":0},"statements":{"total":7,"covered":0,"skipped":0,"pct":0},"branches":{"total":13,"covered":0,"skipped":0,"pct":0}}
,"/home/ph/Desktop/DataInteroperabilityHub/frontend/src/components/data-display/Avatar/index.ts": {"lines":{"total":0,"covered":0,"skipped":0,"pct":100},"functions":{"total":0,"covered":0,"skipped":0,"pct":100},"statements":{"total":0,"covered":0,"skipped":0,"pct":100},"branches":{"total":0,"covered":0,"skipped":0,"pct":100}}
,"/home/ph/Desktop/DataInteroperabilityHub/frontend/src/components/data-display/Badge/Badge.tsx": {"lines":{"total":8,"covered":8,"skipped":0,"pct":100},"functions":{"total":1,"covered":1,"skipped":0,"pct":100},"statements":{"total":8,"covered":8,"skipped":0,"pct":100},"branches":{"total":8,"covered":8,"skipped":0,"pct":100}}
,"/home/ph/Desktop/DataInteroperabilityHub/frontend/src/components/data-display/Badge/index.ts": {"lines":{"total":0,"covered":0,"skipped":0,"pct":100},"functions":{"total":0,"covered":0,"skipped":0,"pct":100},"statements":{"total":0,"covered":0,"skipped":0,"pct":100},"branches":{"total":0,"covered":0,"skipped":0,"pct":100}}
,"/home/ph/Desktop/DataInteroperabilityHub/frontend/src/components/data-display/Card/Card.tsx": {"lines":{"total":9,"covered":9,"skipped":0,"pct":100},"functions":{"total":3,"covered":3,"skipped":0,"pct":100},"statements":{"total":9,"covered":9,"skipped":0,"pct":100},"branches":{"total":6,"covered":5,"skipped":0,"pct":83.33}}
,"/home/ph/Desktop/DataInteroperabilityHub/frontend/src/components/data-display/Card/CardActions.tsx": {"lines":{"total":3,"covered":3,"skipped":0,"pct":100},"functions":{"total":1,"covered":1,"skipped":0,"pct":100},"statements":{"total":3,"covered":3,"skipped":0,"pct":100},"branches":{"total":0,"covered":0,"skipped":0,"pct":100}}
,"/home/ph/Desktop/DataInteroperabilityHub/frontend/src/components/data-display/Card/CardContent.tsx": {"lines":{"total":3,"covered":3,"skipped":0,"pct":100},"functions":{"total":1,"covered":1,"skipped":0,"pct":100},"statements":{"total":3,"covered":3,"skipped":0,"pct":100},"branches":{"total":0,"covered":0,"skipped":0,"pct":100}}
,"/home/ph/Desktop/DataInteroperabilityHub/frontend/src/components/data-display/Card/CardHeader.tsx": {"lines":{"total":3,"covered":3,"skipped":0,"pct":100},"functions":{"total":1,"covered":1,"skipped":0,"pct":100},"statements":{"total":3,"covered":3,"skipped":0,"pct":100},"branches":{"total":8,"covered":8,"skipped":0,"pct":100}}
,"/home/ph/Desktop/DataInteroperabilityHub/frontend/src/components/data-display/Card/index.ts": {"lines":{"total":0,"covered":0,"skipped":0,"pct":100},"functions":{"total":0,"covered":0,"skipped":0,"pct":100},"statements":{"total":0,"covered":0,"skipped":0,"pct":100},"branches":{"total":0,"covered":0,"skipped":0,"pct":100}}
,"/home/ph/Desktop/DataInteroperabilityHub/frontend/src/components/data-display/Chip/Chip.tsx": {"lines":{"total":10,"covered":10,"skipped":0,"pct":100},"functions":{"total":4,"covered":4,"skipped":0,"pct":100},"statements":{"total":10,"covered":10,"skipped":0,"pct":100},"branches":{"total":15,"covered":15,"skipped":0,"pct":100}}
,"/home/ph/Desktop/DataInteroperabilityHub/frontend/src/components/data-display/Chip/index.ts": {"lines":{"total":0,"covered":0,"skipped":0,"pct":100},"functions":{"total":0,"covered":0,"skipped":0,"pct":100},"statements":{"total":0,"covered":0,"skipped":0,"pct":100},"branches":{"total":0,"covered":0,"skipped":0,"pct":100}}
,"/home/ph/Desktop/DataInteroperabilityHub/frontend/src/components/data-display/CodeBlock/CodeBlock.tsx": {"lines":{"total":10,"covered":5,"skipped":0,"pct":50},"functions":{"total":3,"covered":1,"skipped":0,"pct":33.33},"statements":{"total":11,"covered":5,"skipped":0,"pct":45.45},"branches":{"total":5,"covered":4,"skipped":0,"pct":80}}
,"/home/ph/Desktop/DataInteroperabilityHub/frontend/src/components/data-display/CodeBlock/index.ts": {"lines":{"total":0,"covered":0,"skipped":0,"pct":100},"functions":{"total":0,"covered":0,"skipped":0,"pct":100},"statements":{"total":0,"covered":0,"skipped":0,"pct":100},"branches":{"total":0,"covered":0,"skipped":0,"pct":100}}
,"/home/ph/Desktop/DataInteroperabilityHub/frontend/src/components/data-display/DataGrid/DataGrid.tsx": {"lines":{"total":2,"covered":0,"skipped":0,"pct":0},"functions":{"total":1,"covered":0,"skipped":0,"pct":0},"statements":{"total":2,"covered":0,"skipped":0,"pct":0},"branches":{"total":0,"covered":0,"skipped":0,"pct":100}}
,"/home/ph/Desktop/DataInteroperabilityHub/frontend/src/components/data-display/DataGrid/index.ts": {"lines":{"total":0,"covered":0,"skipped":0,"pct":100},"functions":{"total":0,"covered":0,"skipped":0,"pct":100},"statements":{"total":0,"covered":0,"skipped":0,"pct":100},"branches":{"total":0,"covered":0,"skipped":0,"pct":100}}
,"/home/ph/Desktop/DataInteroperabilityHub/frontend/src/components/data-display/JSONViewer/JSONViewer.tsx": {"lines":{"total":43,"covered":20,"skipped":0,"pct":46.51},"functions":{"total":11,"covered":2,"skipped":0,"pct":18.18},"statements":{"total":44,"covered":20,"skipped":0,"pct":45.45},"branches":{"total":51,"covered":23,"skipped":0,"pct":45.09}}
,"/home/ph/Desktop/DataInteroperabilityHub/frontend/src/components/data-display/JSONViewer/index.ts": {"lines":{"total":0,"covered":0,"skipped":0,"pct":100},"functions":{"total":0,"covered":0,"skipped":0,"pct":100},"statements":{"total":0,"covered":0,"skipped":0,"pct":100},"branches":{"total":0,"covered":0,"skipped":0,"pct":100}}
,"/home/ph/Desktop/DataInteroperabilityHub/frontend/src/components/data-display/List/List.tsx": {"lines":{"total":4,"covered":0,"skipped":0,"pct":0},"functions":{"total":1,"covered":0,"skipped":0,"pct":0},"statements":{"total":4,"covered":0,"skipped":0,"pct":0},"branches":{"total":3,"covered":0,"skipped":0,"pct":0}}
,"/home/ph/Desktop/DataInteroperabilityHub/frontend/src/components/data-display/List/ListItem.tsx": {"lines":{"total":3,"covered":0,"skipped":0,"pct":0},"functions":{"total":1,"covered":0,"skipped":0,"pct":0},"statements":{"total":3,"covered":0,"skipped":0,"pct":0},"branches":{"total":4,"covered":0,"skipped":0,"pct":0}}
,"/home/ph/Desktop/DataInteroperabilityHub/frontend/src/components/data-display/List/index.ts": {"lines":{"total":0,"covered":0,"skipped":0,"pct":100},"functions":{"total":0,"covered":0,"skipped":0,"pct":100},"statements":{"total":0,"covered":0,"skipped":0,"pct":100},"branches":{"total":0,"covered":0,"skipped":0,"pct":100}}
,"/home/ph/Desktop/DataInteroperabilityHub/frontend/src/components/data-display/Table/EnhancedTable.tsx": {"lines":{"total":38,"covered":0,"skipped":0,"pct":0},"functions":{"total":20,"covered":0,"skipped":0,"pct":0},"statements":{"total":43,"covered":0,"skipped":0,"pct":0},"branches":{"total":58,"covered":0,"skipped":0,"pct":0}}
,"/home/ph/Desktop/DataInteroperabilityHub/frontend/src/components/data-display/Table/Table.tsx": {"lines":{"total":44,"covered":16,"skipped":0,"pct":36.36},"functions":{"total":15,"covered":6,"skipped":0,"pct":40},"statements":{"total":51,"covered":17,"skipped":0,"pct":33.33},"branches":{"total":64,"covered":14,"skipped":0,"pct":21.87}}
,"/home/ph/Desktop/DataInteroperabilityHub/frontend/src/components/data-display/Table/TableSortIcon.tsx": {"lines":{"total":9,"covered":2,"skipped":0,"pct":22.22},"functions":{"total":1,"covered":0,"skipped":0,"pct":0},"statements":{"total":9,"covered":2,"skipped":0,"pct":22.22},"branches":{"total":9,"covered":0,"skipped":0,"pct":0}}
,"/home/ph/Desktop/DataInteroperabilityHub/frontend/src/components/data-display/Table/index.ts": {"lines":{"total":0,"covered":0,"skipped":0,"pct":100},"functions":{"total":0,"covered":0,"skipped":0,"pct":100},"statements":{"total":0,"covered":0,"skipped":0,"pct":100},"branches":{"total":0,"covered":0,"skipped":0,"pct":100}}
,"/home/ph/Desktop/DataInteroperabilityHub/frontend/src/components/data-display/Typography/Typography.tsx": {"lines":{"total":6,"covered":6,"skipped":0,"pct":100},"functions":{"total":1,"covered":1,"skipped":0,"pct":100},"statements":{"total":6,"covered":6,"skipped":0,"pct":100},"branches":{"total":5,"covered":5,"skipped":0,"pct":100}}
,"/home/ph/Desktop/DataInteroperabilityHub/frontend/src/components/data-display/Typography/index.ts": {"lines":{"total":0,"covered":0,"skipped":0,"pct":100},"functions":{"total":0,"covered":0,"skipped":0,"pct":100},"statements":{"total":0,"covered":0,"skipped":0,"pct":100},"branches":{"total":0,"covered":0,"skipped":0,"pct":100}}
,"/home/ph/Desktop/DataInteroperabilityHub/frontend/src/components/data-display/VirtualGrid/VirtualGrid.tsx": {"lines":{"total":18,"covered":0,"skipped":0,"pct":0},"functions":{"total":5,"covered":0,"skipped":0,"pct":0},"statements":{"total":18,"covered":0,"skipped":0,"pct":0},"branches":{"total":16,"covered":0,"skipped":0,"pct":0}}
,"/home/ph/Desktop/DataInteroperabilityHub/frontend/src/components/data-display/VirtualGrid/index.ts": {"lines":{"total":0,"covered":0,"skipped":0,"pct":100},"functions":{"total":0,"covered":0,"skipped":0,"pct":100},"statements":{"total":0,"covered":0,"skipped":0,"pct":100},"branches":{"total":0,"covered":0,"skipped":0,"pct":100}}
,"/home/ph/Desktop/DataInteroperabilityHub/frontend/src/components/data-display/VirtualList/VirtualList.tsx": {"lines":{"total":13,"covered":0,"skipped":0,"pct":0},"functions":{"total":4,"covered":0,"skipped":0,"pct":0},"statements":{"total":14,"covered":0,"skipped":0,"pct":0},"branches":{"total":13,"covered":0,"skipped":0,"pct":0}}
,"/home/ph/Desktop/DataInteroperabilityHub/frontend/src/components/data-display/VirtualList/index.ts": {"lines":{"total":0,"covered":0,"skipped":0,"pct":100},"functions":{"total":0,"covered":0,"skipped":0,"pct":100},"statements":{"total":0,"covered":0,"skipped":0,"pct":100},"branches":{"total":0,"covered":0,"skipped":0,"pct":100}}
,"/home/ph/Desktop/DataInteroperabilityHub/frontend/src/components/data-display/VirtualListTanStack/VirtualListTanStack.tsx": {"lines":{"total":9,"covered":9,"skipped":0,"pct":100},"functions":{"total":3,"covered":3,"skipped":0,"pct":100},"statements":{"total":9,"covered":9,"skipped":0,"pct":100},"branches":{"total":15,"covered":13,"skipped":0,"pct":86.66}}
,"/home/ph/Desktop/DataInteroperabilityHub/frontend/src/components/data-display/VirtualListTanStack/index.ts": {"lines":{"total":0,"covered":0,"skipped":0,"pct":100},"functions":{"total":0,"covered":0,"skipped":0,"pct":100},"statements":{"total":0,"covered":0,"skipped":0,"pct":100},"branches":{"total":0,"covered":0,"skipped":0,"pct":100}}
,"/home/ph/Desktop/DataInteroperabilityHub/frontend/src/components/data-quality/index.ts": {"lines":{"total":0,"covered":0,"skipped":0,"pct":100},"functions":{"total":0,"covered":0,"skipped":0,"pct":100},"statements":{"total":0,"covered":0,"skipped":0,"pct":100},"branches":{"total":0,"covered":0,"skipped":0,"pct":100}}
,"/home/ph/Desktop/DataInteroperabilityHub/frontend/src/components/data-quality/DataQualityCheckResult/DataQualityCheckResult.tsx": {"lines":{"total":16,"covered":13,"skipped":0,"pct":81.25},"functions":{"total":5,"covered":4,"skipped":0,"pct":80},"statements":{"total":16,"covered":13,"skipped":0,"pct":81.25},"branches":{"total":37,"covered":29,"skipped":0,"pct":78.37}}
,"/home/ph/Desktop/DataInteroperabilityHub/frontend/src/components/data-quality/DataQualityCheckResult/index.ts": {"lines":{"total":0,"covered":0,"skipped":0,"pct":100},"functions":{"total":0,"covered":0,"skipped":0,"pct":100},"statements":{"total":0,"covered":0,"skipped":0,"pct":100},"branches":{"total":0,"covered":0,"skipped":0,"pct":100}}
,"/home/ph/Desktop/DataInteroperabilityHub/frontend/src/components/data-quality/DataQualityOverview/DataQualityOverview.tsx": {"lines":{"total":21,"covered":21,"skipped":0,"pct":100},"functions":{"total":11,"covered":11,"skipped":0,"pct":100},"statements":{"total":28,"covered":28,"skipped":0,"pct":100},"branches":{"total":24,"covered":22,"skipped":0,"pct":91.66}}
,"/home/ph/Desktop/DataInteroperabilityHub/frontend/src/components/data-quality/DataQualityOverview/index.ts": {"lines":{"total":0,"covered":0,"skipped":0,"pct":100},"functions":{"total":0,"covered":0,"skipped":0,"pct":100},"statements":{"total":0,"covered":0,"skipped":0,"pct":100},"branches":{"total":0,"covered":0,"skipped":0,"pct":100}}
,"/home/ph/Desktop/DataInteroperabilityHub/frontend/src/components/data-quality/DataQualityRunList/DataQualityRunList.tsx": {"lines":{"total":46,"covered":0,"skipped":0,"pct":0},"functions":{"total":14,"covered":0,"skipped":0,"pct":0},"statements":{"total":50,"covered":0,"skipped":0,"pct":0},"branches":{"total":52,"covered":0,"skipped":0,"pct":0}}
,"/home/ph/Desktop/DataInteroperabilityHub/frontend/src/components/data-quality/DataQualityRunList/index.ts": {"lines":{"total":0,"covered":0,"skipped":0,"pct":100},"functions":{"total":0,"covered":0,"skipped":0,"pct":100},"statements":{"total":0,"covered":0,"skipped":0,"pct":100},"branches":{"total":0,"covered":0,"skipped":0,"pct":100}}
,"/home/ph/Desktop/DataInteroperabilityHub/frontend/src/components/datasets/index.ts": {"lines":{"total":0,"covered":0,"skipped":0,"pct":100},"functions":{"total":0,"covered":0,"skipped":0,"pct":100},"statements":{"total":0,"covered":0,"skipped":0,"pct":100},"branches":{"total":0,"covered":0,"skipped":0,"pct":100}}
,"/home/ph/Desktop/DataInteroperabilityHub/frontend/src/components/datasets/DatasetCard/DatasetCard.tsx": {"lines":{"total":31,"covered":11,"skipped":0,"pct":35.48},"functions":{"total":8,"covered":1,"skipped":0,"pct":12.5},"statements":{"total":34,"covered":11,"skipped":0,"pct":32.35},"branches":{"total":54,"covered":10,"skipped":0,"pct":18.51}}
,"/home/ph/Desktop/DataInteroperabilityHub/frontend/src/components/datasets/DatasetCard/index.ts": {"lines":{"total":0,"covered":0,"skipped":0,"pct":100},"functions":{"total":0,"covered":0,"skipped":0,"pct":100},"statements":{"total":0,"covered":0,"skipped":0,"pct":100},"branches":{"total":0,"covered":0,"skipped":0,"pct":100}}
,"/home/ph/Desktop/DataInteroperabilityHub/frontend/src/components/datasets/DatasetList/DatasetList.tsx": {"lines":{"total":14,"covered":0,"skipped":0,"pct":0},"functions":{"total":4,"covered":0,"skipped":0,"pct":0},"statements":{"total":14,"covered":0,"skipped":0,"pct":0},"branches":{"total":17,"covered":0,"skipped":0,"pct":0}}
,"/home/ph/Desktop/DataInteroperabilityHub/frontend/src/components/datasets/DatasetList/index.ts": {"lines":{"total":0,"covered":0,"skipped":0,"pct":100},"functions":{"total":0,"covered":0,"skipped":0,"pct":100},"statements":{"total":0,"covered":0,"skipped":0,"pct":100},"branches":{"total":0,"covered":0,"skipped":0,"pct":100}}
,"/home/ph/Desktop/DataInteroperabilityHub/frontend/src/components/datasets/DatasetSchemaViewer/DatasetSchemaViewer.tsx": {"lines":{"total":18,"covered":13,"skipped":0,"pct":72.22},"functions":{"total":3,"covered":3,"skipped":0,"pct":100},"statements":{"total":18,"covered":13,"skipped":0,"pct":72.22},"branches":{"total":35,"covered":25,"skipped":0,"pct":71.42}}
,"/home/ph/Desktop/DataInteroperabilityHub/frontend/src/components/datasets/DatasetSchemaViewer/index.ts": {"lines":{"total":0,"covered":0,"skipped":0,"pct":100},"functions":{"total":0,"covered":0,"skipped":0,"pct":100},"statements":{"total":0,"covered":0,"skipped":0,"pct":100},"branches":{"total":0,"covered":0,"skipped":0,"pct":100}}
,"/home/ph/Desktop/DataInteroperabilityHub/frontend/src/components/datasets/DatasetUpload/DatasetUpload.tsx": {"lines":{"total":40,"covered":0,"skipped":0,"pct":0},"functions":{"total":4,"covered":0,"skipped":0,"pct":0},"statements":{"total":40,"covered":0,"skipped":0,"pct":0},"branches":{"total":25,"covered":0,"skipped":0,"pct":0}}
,"/home/ph/Desktop/DataInteroperabilityHub/frontend/src/components/datasets/DatasetUpload/index.ts": {"lines":{"total":0,"covered":0,"skipped":0,"pct":100},"functions":{"total":0,"covered":0,"skipped":0,"pct":100},"statements":{"total":0,"covered":0,"skipped":0,"pct":100},"branches":{"total":0,"covered":0,"skipped":0,"pct":100}}
,"/home/ph/Desktop/DataInteroperabilityHub/frontend/src/components/error/index.ts": {"lines":{"total":0,"covered":0,"skipped":0,"pct":100},"functions":{"total":0,"covered":0,"skipped":0,"pct":100},"statements":{"total":0,"covered":0,"skipped":0,"pct":100},"branches":{"total":0,"covered":0,"skipped":0,"pct":100}}
,"/home/ph/Desktop/DataInteroperabilityHub/frontend/src/components/error/ErrorAlert/ErrorAlert.tsx": {"lines":{"total":14,"covered":0,"skipped":0,"pct":0},"functions":{"total":2,"covered":0,"skipped":0,"pct":0},"statements":{"total":14,"covered":0,"skipped":0,"pct":0},"branches":{"total":16,"covered":0,"skipped":0,"pct":0}}
,"/home/ph/Desktop/DataInteroperabilityHub/frontend/src/components/error/ErrorAlert/index.ts": {"lines":{"total":0,"covered":0,"skipped":0,"pct":100},"functions":{"total":0,"covered":0,"skipped":0,"pct":100},"statements":{"total":0,"covered":0,"skipped":0,"pct":100},"branches":{"total":0,"covered":0,"skipped":0,"pct":100}}
,"/home/ph/Desktop/DataInteroperabilityHub/frontend/src/components/error/ErrorAlertBanner/ErrorAlertBanner.tsx": {"lines":{"total":20,"covered":0,"skipped":0,"pct":0},"functions":{"total":5,"covered":0,"skipped":0,"pct":0},"statements":{"total":21,"covered":0,"skipped":0,"pct":0},"branches":{"total":41,"covered":0,"skipped":0,"pct":0}}
,"/home/ph/Desktop/DataInteroperabilityHub/frontend/src/components/error/ErrorAlertBanner/index.ts": {"lines":{"total":0,"covered":0,"skipped":0,"pct":100},"functions":{"total":0,"covered":0,"skipped":0,"pct":100},"statements":{"total":0,"covered":0,"skipped":0,"pct":100},"branches":{"total":0,"covered":0,"skipped":0,"pct":100}}
,"/home/ph/Desktop/DataInteroperabilityHub/frontend/src/components/error/ErrorBoundary/ErrorBoundary.tsx": {"lines":{"total":39,"covered":27,"skipped":0,"pct":69.23},"functions":{"total":12,"covered":7,"skipped":0,"pct":58.33},"statements":{"total":39,"covered":27,"skipped":0,"pct":69.23},"branches":{"total":36,"covered":19,"skipped":0,"pct":52.77}}
,"/home/ph/Desktop/DataInteroperabilityHub/frontend/src/components/error/ErrorBoundary/index.ts": {"lines":{"total":0,"covered":0,"skipped":0,"pct":100},"functions":{"total":0,"covered":0,"skipped":0,"pct":100},"statements":{"total":0,"covered":0,"skipped":0,"pct":100},"branches":{"total":0,"covered":0,"skipped":0,"pct":100}}
,"/home/ph/Desktop/DataInteroperabilityHub/frontend/src/components/error/ErrorDialog/ErrorDialog.tsx": {"lines":{"total":22,"covered":0,"skipped":0,"pct":0},"functions":{"total":5,"covered":0,"skipped":0,"pct":0},"statements":{"total":22,"covered":0,"skipped":0,"pct":0},"branches":{"total":59,"covered":0,"skipped":0,"pct":0}}
,"/home/ph/Desktop/DataInteroperabilityHub/frontend/src/components/error/ErrorDialog/index.ts": {"lines":{"total":0,"covered":0,"skipped":0,"pct":100},"functions":{"total":0,"covered":0,"skipped":0,"pct":100},"statements":{"total":0,"covered":0,"skipped":0,"pct":100},"branches":{"total":0,"covered":0,"skipped":0,"pct":100}}
,"/home/ph/Desktop/DataInteroperabilityHub/frontend/src/components/error/ErrorDisplay/ErrorDisplay.tsx": {"lines":{"total":29,"covered":0,"skipped":0,"pct":0},"functions":{"total":6,"covered":0,"skipped":0,"pct":0},"statements":{"total":29,"covered":0,"skipped":0,"pct":0},"branches":{"total":61,"covered":0,"skipped":0,"pct":0}}
,"/home/ph/Desktop/DataInteroperabilityHub/frontend/src/components/error/ErrorDisplay/index.ts": {"lines":{"total":0,"covered":0,"skipped":0,"pct":100},"functions":{"total":0,"covered":0,"skipped":0,"pct":100},"statements":{"total":0,"covered":0,"skipped":0,"pct":100},"branches":{"total":0,"covered":0,"skipped":0,"pct":100}}
,"/home/ph/Desktop/DataInteroperabilityHub/frontend/src/components/error/ErrorFallback/ErrorFallback.tsx": {"lines":{"total":20,"covered":0,"skipped":0,"pct":0},"functions":{"total":4,"covered":0,"skipped":0,"pct":0},"statements":{"total":20,"covered":0,"skipped":0,"pct":0},"branches":{"total":42,"covered":0,"skipped":0,"pct":0}}
,"/home/ph/Desktop/DataInteroperabilityHub/frontend/src/components/error/ErrorFallback/index.ts": {"lines":{"total":0,"covered":0,"skipped":0,"pct":100},"functions":{"total":0,"covered":0,"skipped":0,"pct":100},"statements":{"total":0,"covered":0,"skipped":0,"pct":100},"branches":{"total":0,"covered":0,"skipped":0,"pct":100}}
,"/home/ph/Desktop/DataInteroperabilityHub/frontend/src/components/error/ErrorMessageDisplay/ErrorMessageDisplay.tsx": {"lines":{"total":7,"covered":0,"skipped":0,"pct":0},"functions":{"total":4,"covered":0,"skipped":0,"pct":0},"statements":{"total":7,"covered":0,"skipped":0,"pct":0},"branches":{"total":33,"covered":0,"skipped":0,"pct":0}}
,"/home/ph/Desktop/DataInteroperabilityHub/frontend/src/components/error/ErrorMessageDisplay/index.ts": {"lines":{"total":0,"covered":0,"skipped":0,"pct":100},"functions":{"total":0,"covered":0,"skipped":0,"pct":100},"statements":{"total":0,"covered":0,"skipped":0,"pct":100},"branches":{"total":0,"covered":0,"skipped":0,"pct":100}}
,"/home/ph/Desktop/DataInteroperabilityHub/frontend/src/components/error/ErrorReportButton/ErrorReportButton.tsx": {"lines":{"total":27,"covered":0,"skipped":0,"pct":0},"functions":{"total":7,"covered":0,"skipped":0,"pct":0},"statements":{"total":28,"covered":0,"skipped":0,"pct":0},"branches":{"total":27,"covered":0,"skipped":0,"pct":0}}
,"/home/ph/Desktop/DataInteroperabilityHub/frontend/src/components/error/ErrorReportButton/index.ts": {"lines":{"total":0,"covered":0,"skipped":0,"pct":100},"functions":{"total":0,"covered":0,"skipped":0,"pct":100},"statements":{"total":0,"covered":0,"skipped":0,"pct":100},"branches":{"total":0,"covered":0,"skipped":0,"pct":100}}
,"/home/ph/Desktop/DataInteroperabilityHub/frontend/src/components/error/ErrorToast/ErrorToast.tsx": {"lines":{"total":6,"covered":0,"skipped":0,"pct":0},"functions":{"total":1,"covered":0,"skipped":0,"pct":0},"statements":{"total":6,"covered":0,"skipped":0,"pct":0},"branches":{"total":8,"covered":0,"skipped":0,"pct":0}}
,"/home/ph/Desktop/DataInteroperabilityHub/frontend/src/components/error/ErrorToast/index.ts": {"lines":{"total":0,"covered":0,"skipped":0,"pct":100},"functions":{"total":0,"covered":0,"skipped":0,"pct":100},"statements":{"total":0,"covered":0,"skipped":0,"pct":100},"branches":{"total":0,"covered":0,"skipped":0,"pct":100}}
,"/home/ph/Desktop/DataInteroperabilityHub/frontend/src/components/error/FeatureErrorBoundary/FeatureErrorBoundary.tsx": {"lines":{"total":9,"covered":7,"skipped":0,"pct":77.77},"functions":{"total":5,"covered":3,"skipped":0,"pct":60},"statements":{"total":9,"covered":7,"skipped":0,"pct":77.77},"branches":{"total":5,"covered":5,"skipped":0,"pct":100}}
,"/home/ph/Desktop/DataInteroperabilityHub/frontend/src/components/error/FeatureErrorBoundary/index.ts": {"lines":{"total":0,"covered":0,"skipped":0,"pct":100},"functions":{"total":0,"covered":0,"skipped":0,"pct":100},"statements":{"total":0,"covered":0,"skipped":0,"pct":100},"branches":{"total":0,"covered":0,"skipped":0,"pct":100}}
,"/home/ph/Desktop/DataInteroperabilityHub/frontend/src/components/error/GlobalErrorBoundary/GlobalErrorBoundary.tsx": {"lines":{"total":44,"covered":28,"skipped":0,"pct":63.63},"functions":{"total":11,"covered":7,"skipped":0,"pct":63.63},"statements":{"total":44,"covered":28,"skipped":0,"pct":63.63},"branches":{"total":27,"covered":17,"skipped":0,"pct":62.96}}
,"/home/ph/Desktop/DataInteroperabilityHub/frontend/src/components/error/GlobalErrorBoundary/index.ts": {"lines":{"total":0,"covered":0,"skipped":0,"pct":100},"functions":{"total":0,"covered":0,"skipped":0,"pct":100},"statements":{"total":0,"covered":0,"skipped":0,"pct":100},"branches":{"total":0,"covered":0,"skipped":0,"pct":100}}
,"/home/ph/Desktop/DataInteroperabilityHub/frontend/src/components/error/NetworkErrorBanner/NetworkErrorBanner.tsx": {"lines":{"total":6,"covered":6,"skipped":0,"pct":100},"functions":{"total":1,"covered":1,"skipped":0,"pct":100},"statements":{"total":6,"covered":6,"skipped":0,"pct":100},"branches":{"total":14,"covered":12,"skipped":0,"pct":85.71}}
,"/home/ph/Desktop/DataInteroperabilityHub/frontend/src/components/error/NetworkErrorBanner/index.ts": {"lines":{"total":0,"covered":0,"skipped":0,"pct":100},"functions":{"total":0,"covered":0,"skipped":0,"pct":100},"statements":{"total":0,"covered":0,"skipped":0,"pct":100},"branches":{"total":0,"covered":0,"skipped":0,"pct":100}}
,"/home/ph/Desktop/DataInteroperabilityHub/frontend/src/components/error/OfflineIndicator/OfflineIndicator.tsx": {"lines":{"total":6,"covered":6,"skipped":0,"pct":100},"functions":{"total":1,"covered":1,"skipped":0,"pct":100},"statements":{"total":6,"covered":6,"skipped":0,"pct":100},"branches":{"total":10,"covered":8,"skipped":0,"pct":80}}
,"/home/ph/Desktop/DataInteroperabilityHub/frontend/src/components/error/OfflineIndicator/index.ts": {"lines":{"total":0,"covered":0,"skipped":0,"pct":100},"functions":{"total":0,"covered":0,"skipped":0,"pct":100},"statements":{"total":0,"covered":0,"skipped":0,"pct":100},"branches":{"total":0,"covered":0,"skipped":0,"pct":100}}
,"/home/ph/Desktop/DataInteroperabilityHub/frontend/src/components/error/RetryButton/RetryButton.tsx": {"lines":{"total":14,"covered":14,"skipped":0,"pct":100},"functions":{"total":3,"covered":3,"skipped":0,"pct":100},"statements":{"total":14,"covered":14,"skipped":0,"pct":100},"branches":{"total":18,"covered":17,"skipped":0,"pct":94.44}}
,"/home/ph/Desktop/DataInteroperabilityHub/frontend/src/components/error/RetryButton/index.ts": {"lines":{"total":0,"covered":0,"skipped":0,"pct":100},"functions":{"total":0,"covered":0,"skipped":0,"pct":100},"statements":{"total":0,"covered":0,"skipped":0,"pct":100},"branches":{"total":0,"covered":0,"skipped":0,"pct":100}}
,"/home/ph/Desktop/DataInteroperabilityHub/frontend/src/components/error/SyncStatusIndicator/SyncStatusIndicator.tsx": {"lines":{"total":6,"covered":6,"skipped":0,"pct":100},"functions":{"total":1,"covered":1,"skipped":0,"pct":100},"statements":{"total":6,"covered":6,"skipped":0,"pct":100},"branches":{"total":14,"covered":12,"skipped":0,"pct":85.71}}
,"/home/ph/Desktop/DataInteroperabilityHub/frontend/src/components/error/SyncStatusIndicator/index.ts": {"lines":{"total":0,"covered":0,"skipped":0,"pct":100},"functions":{"total":0,"covered":0,"skipped":0,"pct":100},"statements":{"total":0,"covered":0,"skipped":0,"pct":100},"branches":{"total":0,"covered":0,"skipped":0,"pct":100}}
,"/home/ph/Desktop/DataInteroperabilityHub/frontend/src/components/feedback/index.ts": {"lines":{"total":0,"covered":0,"skipped":0,"pct":100},"functions":{"total":0,"covered":0,"skipped":0,"pct":100},"statements":{"total":0,"covered":0,"skipped":0,"pct":100},"branches":{"total":0,"covered":0,"skipped":0,"pct":100}}
,"/home/ph/Desktop/DataInteroperabilityHub/frontend/src/components/feedback/Alert/Alert.tsx": {"lines":{"total":5,"covered":5,"skipped":0,"pct":100},"functions":{"total":1,"covered":1,"skipped":0,"pct":100},"statements":{"total":5,"covered":5,"skipped":0,"pct":100},"branches":{"total":8,"covered":6,"skipped":0,"pct":75}}
,"/home/ph/Desktop/DataInteroperabilityHub/frontend/src/components/feedback/Alert/index.ts": {"lines":{"total":0,"covered":0,"skipped":0,"pct":100},"functions":{"total":0,"covered":0,"skipped":0,"pct":100},"statements":{"total":0,"covered":0,"skipped":0,"pct":100},"branches":{"total":0,"covered":0,"skipped":0,"pct":100}}
,"/home/ph/Desktop/DataInteroperabilityHub/frontend/src/components/feedback/CircularProgress/CircularProgress.tsx": {"lines":{"total":13,"covered":10,"skipped":0,"pct":76.92},"functions":{"total":1,"covered":1,"skipped":0,"pct":100},"statements":{"total":13,"covered":10,"skipped":0,"pct":76.92},"branches":{"total":11,"covered":7,"skipped":0,"pct":63.63}}
,"/home/ph/Desktop/DataInteroperabilityHub/frontend/src/components/feedback/CircularProgress/index.ts": {"lines":{"total":0,"covered":0,"skipped":0,"pct":100},"functions":{"total":0,"covered":0,"skipped":0,"pct":100},"statements":{"total":0,"covered":0,"skipped":0,"pct":100},"branches":{"total":0,"covered":0,"skipped":0,"pct":100}}
,"/home/ph/Desktop/DataInteroperabilityHub/frontend/src/components/feedback/FeedbackMessage/FeedbackMessage.tsx": {"lines":{"total":9,"covered":1,"skipped":0,"pct":11.11},"functions":{"total":2,"covered":0,"skipped":0,"pct":0},"statements":{"total":10,"covered":1,"skipped":0,"pct":10},"branches":{"total":35,"covered":0,"skipped":0,"pct":0}}
,"/home/ph/Desktop/DataInteroperabilityHub/frontend/src/components/feedback/FeedbackMessage/index.ts": {"lines":{"total":0,"covered":0,"skipped":0,"pct":100},"functions":{"total":0,"covered":0,"skipped":0,"pct":100},"statements":{"total":0,"covered":0,"skipped":0,"pct":100},"branches":{"total":0,"covered":0,"skipped":0,"pct":100}}
,"/home/ph/Desktop/DataInteroperabilityHub/frontend/src/components/feedback/LoadingSpinner/LoadingSpinner.tsx": {"lines":{"total":5,"covered":4,"skipped":0,"pct":80},"functions":{"total":1,"covered":1,"skipped":0,"pct":100},"statements":{"total":5,"covered":4,"skipped":0,"pct":80},"branches":{"total":12,"covered":8,"skipped":0,"pct":66.66}}
,"/home/ph/Desktop/DataInteroperabilityHub/frontend/src/components/feedback/LoadingSpinner/index.ts": {"lines":{"total":0,"covered":0,"skipped":0,"pct":100},"functions":{"total":0,"covered":0,"skipped":0,"pct":100},"statements":{"total":0,"covered":0,"skipped":0,"pct":100},"branches":{"total":0,"covered":0,"skipped":0,"pct":100}}
,"/home/ph/Desktop/DataInteroperabilityHub/frontend/src/components/feedback/NotificationCenter/NotificationCenter.tsx": {"lines":{"total":44,"covered":1,"skipped":0,"pct":2.27},"functions":{"total":18,"covered":0,"skipped":0,"pct":0},"statements":{"total":50,"covered":1,"skipped":0,"pct":2},"branches":{"total":56,"covered":0,"skipped":0,"pct":0}}
,"/home/ph/Desktop/DataInteroperabilityHub/frontend/src/components/feedback/NotificationCenter/index.ts": {"lines":{"total":0,"covered":0,"skipped":0,"pct":100},"functions":{"total":0,"covered":0,"skipped":0,"pct":100},"statements":{"total":0,"covered":0,"skipped":0,"pct":100},"branches":{"total":0,"covered":0,"skipped":0,"pct":100}}
,"/home/ph/Desktop/DataInteroperabilityHub/frontend/src/components/feedback/ProgressBar/ProgressBar.tsx": {"lines":{"total":9,"covered":2,"skipped":0,"pct":22.22},"functions":{"total":1,"covered":0,"skipped":0,"pct":0},"statements":{"total":9,"covered":2,"skipped":0,"pct":22.22},"branches":{"total":21,"covered":0,"skipped":0,"pct":0}}
,"/home/ph/Desktop/DataInteroperabilityHub/frontend/src/components/feedback/ProgressBar/index.ts": {"lines":{"total":0,"covered":0,"skipped":0,"pct":100},"functions":{"total":0,"covered":0,"skipped":0,"pct":100},"statements":{"total":0,"covered":0,"skipped":0,"pct":100},"branches":{"total":0,"covered":0,"skipped":0,"pct":100}}
,"/home/ph/Desktop/DataInteroperabilityHub/frontend/src/components/feedback/ProgressIndicator/ProgressIndicator.tsx": {"lines":{"total":10,"covered":1,"skipped":0,"pct":10},"functions":{"total":2,"covered":0,"skipped":0,"pct":0},"statements":{"total":10,"covered":1,"skipped":0,"pct":10},"branches":{"total":45,"covered":0,"skipped":0,"pct":0}}
,"/home/ph/Desktop/DataInteroperabilityHub/frontend/src/components/feedback/ProgressIndicator/index.ts": {"lines":{"total":0,"covered":0,"skipped":0,"pct":100},"functions":{"total":0,"covered":0,"skipped":0,"pct":100},"statements":{"total":0,"covered":0,"skipped":0,"pct":100},"branches":{"total":0,"covered":0,"skipped":0,"pct":100}}
,"/home/ph/Desktop/DataInteroperabilityHub/frontend/src/components/feedback/Skeleton/Skeleton.tsx": {"lines":{"total":17,"covered":2,"skipped":0,"pct":11.76},"functions":{"total":4,"covered":0,"skipped":0,"pct":0},"statements":{"total":24,"covered":2,"skipped":0,"pct":8.33},"branches":{"total":30,"covered":0,"skipped":0,"pct":0}}
,"/home/ph/Desktop/DataInteroperabilityHub/frontend/src/components/feedback/Skeleton/SkeletonContent.tsx": {"lines":{"total":21,"covered":1,"skipped":0,"pct":4.76},"functions":{"total":8,"covered":0,"skipped":0,"pct":0},"statements":{"total":21,"covered":1,"skipped":0,"pct":4.76},"branches":{"total":18,"covered":0,"skipped":0,"pct":0}}
,"/home/ph/Desktop/DataInteroperabilityHub/frontend/src/components/feedback/Skeleton/index.ts": {"lines":{"total":0,"covered":0,"skipped":0,"pct":100},"functions":{"total":0,"covered":0,"skipped":0,"pct":100},"statements":{"total":0,"covered":0,"skipped":0,"pct":100},"branches":{"total":0,"covered":0,"skipped":0,"pct":100}}
,"/home/ph/Desktop/DataInteroperabilityHub/frontend/src/components/feedback/Snackbar/Snackbar.tsx": {"lines":{"total":9,"covered":2,"skipped":0,"pct":22.22},"functions":{"total":4,"covered":0,"skipped":0,"pct":0},"statements":{"total":11,"covered":2,"skipped":0,"pct":18.18},"branches":{"total":8,"covered":0,"skipped":0,"pct":0}}
,"/home/ph/Desktop/DataInteroperabilityHub/frontend/src/components/feedback/Snackbar/index.ts": {"lines":{"total":0,"covered":0,"skipped":0,"pct":100},"functions":{"total":0,"covered":0,"skipped":0,"pct":100},"statements":{"total":0,"covered":0,"skipped":0,"pct":100},"branches":{"total":0,"covered":0,"skipped":0,"pct":100}}
,"/home/ph/Desktop/DataInteroperabilityHub/frontend/src/components/feedback/Toast/Toast.tsx": {"lines":{"total":22,"covered":12,"skipped":0,"pct":54.54},"functions":{"total":8,"covered":1,"skipped":0,"pct":12.5},"statements":{"total":22,"covered":12,"skipped":0,"pct":54.54},"branches":{"total":10,"covered":2,"skipped":0,"pct":20}}
,"/home/ph/Desktop/DataInteroperabilityHub/frontend/src/components/feedback/Toast/ToastContainer.tsx": {"lines":{"total":30,"covered":0,"skipped":0,"pct":0},"functions":{"total":11,"covered":0,"skipped":0,"pct":0},"statements":{"total":33,"covered":0,"skipped":0,"pct":0},"branches":{"total":22,"covered":0,"skipped":0,"pct":0}}
,"/home/ph/Desktop/DataInteroperabilityHub/frontend/src/components/feedback/Toast/ToastManager.tsx": {"lines":{"total":17,"covered":4,"skipped":0,"pct":23.52},"functions":{"total":5,"covered":1,"skipped":0,"pct":20},"statements":{"total":18,"covered":5,"skipped":0,"pct":27.77},"branches":{"total":24,"covered":4,"skipped":0,"pct":16.66}}
,"/home/ph/Desktop/DataInteroperabilityHub/frontend/src/components/feedback/Toast/index.ts": {"lines":{"total":0,"covered":0,"skipped":0,"pct":100},"functions":{"total":0,"covered":0,"skipped":0,"pct":100},"statements":{"total":0,"covered":0,"skipped":0,"pct":100},"branches":{"total":0,"covered":0,"skipped":0,"pct":100}}
,"/home/ph/Desktop/DataInteroperabilityHub/frontend/src/components/feedback/Toast/useToastManager.ts": {"lines":{"total":33,"covered":11,"skipped":0,"pct":33.33},"functions":{"total":13,"covered":1,"skipped":0,"pct":7.69},"statements":{"total":36,"covered":11,"skipped":0,"pct":30.55},"branches":{"total":13,"covered":3,"skipped":0,"pct":23.07}}
,"/home/ph/Desktop/DataInteroperabilityHub/frontend/src/components/forms/index.ts": {"lines":{"total":0,"covered":0,"skipped":0,"pct":100},"functions":{"total":0,"covered":0,"skipped":0,"pct":100},"statements":{"total":0,"covered":0,"skipped":0,"pct":100},"branches":{"total":0,"covered":0,"skipped":0,"pct":100}}
,"/home/ph/Desktop/DataInteroperabilityHub/frontend/src/components/forms/Checkbox/Checkbox.tsx": {"lines":{"total":11,"covered":11,"skipped":0,"pct":100},"functions":{"total":4,"covered":4,"skipped":0,"pct":100},"statements":{"total":12,"covered":12,"skipped":0,"pct":100},"branches":{"total":14,"covered":13,"skipped":0,"pct":92.85}}
,"/home/ph/Desktop/DataInteroperabilityHub/frontend/src/components/forms/Checkbox/CheckboxGroup.tsx": {"lines":{"total":15,"covered":2,"skipped":0,"pct":13.33},"functions":{"total":7,"covered":0,"skipped":0,"pct":0},"statements":{"total":17,"covered":2,"skipped":0,"pct":11.76},"branches":{"total":18,"covered":0,"skipped":0,"pct":0}}
,"/home/ph/Desktop/DataInteroperabilityHub/frontend/src/components/forms/Checkbox/index.ts": {"lines":{"total":0,"covered":0,"skipped":0,"pct":100},"functions":{"total":0,"covered":0,"skipped":0,"pct":100},"statements":{"total":0,"covered":0,"skipped":0,"pct":100},"branches":{"total":0,"covered":0,"skipped":0,"pct":100}}
,"/home/ph/Desktop/DataInteroperabilityHub/frontend/src/components/forms/DatePicker/DatePicker.tsx": {"lines":{"total":21,"covered":2,"skipped":0,"pct":9.52},"functions":{"total":7,"covered":0,"skipped":0,"pct":0},"statements":{"total":22,"covered":2,"skipped":0,"pct":9.09},"branches":{"total":69,"covered":0,"skipped":0,"pct":0}}
,"/home/ph/Desktop/DataInteroperabilityHub/frontend/src/components/forms/DatePicker/index.ts": {"lines":{"total":0,"covered":0,"skipped":0,"pct":100},"functions":{"total":0,"covered":0,"skipped":0,"pct":100},"statements":{"total":0,"covered":0,"skipped":0,"pct":100},"branches":{"total":0,"covered":0,"skipped":0,"pct":100}}
,"/home/ph/Desktop/DataInteroperabilityHub/frontend/src/components/forms/FileUpload/FileUpload.tsx": {"lines":{"total":51,"covered":2,"skipped":0,"pct":3.92},"functions":{"total":10,"covered":0,"skipped":0,"pct":0},"statements":{"total":54,"covered":2,"skipped":0,"pct":3.7},"branches":{"total":58,"covered":0,"skipped":0,"pct":0}}
,"/home/ph/Desktop/DataInteroperabilityHub/frontend/src/components/forms/FileUpload/index.ts": {"lines":{"total":0,"covered":0,"skipped":0,"pct":100},"functions":{"total":0,"covered":0,"skipped":0,"pct":100},"statements":{"total":0,"covered":0,"skipped":0,"pct":100},"branches":{"total":0,"covered":0,"skipped":0,"pct":100}}
,"/home/ph/Desktop/DataInteroperabilityHub/frontend/src/components/forms/FormActions/FormActions.tsx": {"lines":{"total":19,"covered":13,"skipped":0,"pct":68.42},"functions":{"total":5,"covered":4,"skipped":0,"pct":80},"statements":{"total":19,"covered":13,"skipped":0,"pct":68.42},"branches":{"total":27,"covered":19,"skipped":0,"pct":70.37}}
,"/home/ph/Desktop/DataInteroperabilityHub/frontend/src/components/forms/FormActions/index.ts": {"lines":{"total":0,"covered":0,"skipped":0,"pct":100},"functions":{"total":0,"covered":0,"skipped":0,"pct":100},"statements":{"total":0,"covered":0,"skipped":0,"pct":100},"branches":{"total":0,"covered":0,"skipped":0,"pct":100}}
,"/home/ph/Desktop/DataInteroperabilityHub/frontend/src/components/forms/FormErrorSummary/FormErrorSummary.tsx": {"lines":{"total":9,"covered":1,"skipped":0,"pct":11.11},"functions":{"total":5,"covered":0,"skipped":0,"pct":0},"statements":{"total":9,"covered":1,"skipped":0,"pct":11.11},"branches":{"total":10,"covered":0,"skipped":0,"pct":0}}
,"/home/ph/Desktop/DataInteroperabilityHub/frontend/src/components/forms/FormErrorSummary/index.ts": {"lines":{"total":0,"covered":0,"skipped":0,"pct":100},"functions":{"total":0,"covered":0,"skipped":0,"pct":100},"statements":{"total":0,"covered":0,"skipped":0,"pct":100},"branches":{"total":0,"covered":0,"skipped":0,"pct":100}}
,"/home/ph/Desktop/DataInteroperabilityHub/frontend/src/components/forms/FormField/FormField.tsx": {"lines":{"total":27,"covered":22,"skipped":0,"pct":81.48},"functions":{"total":12,"covered":9,"skipped":0,"pct":75},"statements":{"total":27,"covered":22,"skipped":0,"pct":81.48},"branches":{"total":34,"covered":25,"skipped":0,"pct":73.52}}
,"/home/ph/Desktop/DataInteroperabilityHub/frontend/src/components/forms/FormField/index.ts": {"lines":{"total":0,"covered":0,"skipped":0,"pct":100},"functions":{"total":0,"covered":0,"skipped":0,"pct":100},"statements":{"total":0,"covered":0,"skipped":0,"pct":100},"branches":{"total":0,"covered":0,"skipped":0,"pct":100}}
,"/home/ph/Desktop/DataInteroperabilityHub/frontend/src/components/forms/FormFieldError/FormFieldError.tsx": {"lines":{"total":4,"covered":4,"skipped":0,"pct":100},"functions":{"total":1,"covered":1,"skipped":0,"pct":100},"statements":{"total":4,"covered":4,"skipped":0,"pct":100},"branches":{"total":5,"covered":5,"skipped":0,"pct":100}}
,"/home/ph/Desktop/DataInteroperabilityHub/frontend/src/components/forms/FormFieldError/index.ts": {"lines":{"total":0,"covered":0,"skipped":0,"pct":100},"functions":{"total":0,"covered":0,"skipped":0,"pct":100},"statements":{"total":0,"covered":0,"skipped":0,"pct":100},"branches":{"total":0,"covered":0,"skipped":0,"pct":100}}
,"/home/ph/Desktop/DataInteroperabilityHub/frontend/src/components/forms/FormSection/FormSection.tsx": {"lines":{"total":6,"covered":4,"skipped":0,"pct":66.66},"functions":{"total":2,"covered":1,"skipped":0,"pct":50},"statements":{"total":6,"covered":4,"skipped":0,"pct":66.66},"branches":{"total":13,"covered":7,"skipped":0,"pct":53.84}}
,"/home/ph/Desktop/DataInteroperabilityHub/frontend/src/components/forms/FormSection/index.ts": {"lines":{"total":0,"covered":0,"skipped":0,"pct":100},"functions":{"total":0,"covered":0,"skipped":0,"pct":100},"statements":{"total":0,"covered":0,"skipped":0,"pct":100},"branches":{"total":0,"covered":0,"skipped":0,"pct":100}}
,"/home/ph/Desktop/DataInteroperabilityHub/frontend/src/components/forms/MultiSelect/MultiSelect.tsx": {"lines":{"total":3,"covered":2,"skipped":0,"pct":66.66},"functions":{"total":1,"covered":0,"skipped":0,"pct":0},"statements":{"total":3,"covered":2,"skipped":0,"pct":66.66},"branches":{"total":0,"covered":0,"skipped":0,"pct":100}}
,"/home/ph/Desktop/DataInteroperabilityHub/frontend/src/components/forms/MultiSelect/index.ts": {"lines":{"total":0,"covered":0,"skipped":0,"pct":100},"functions":{"total":0,"covered":0,"skipped":0,"pct":100},"statements":{"total":0,"covered":0,"skipped":0,"pct":100},"branches":{"total":0,"covered":0,"skipped":0,"pct":100}}
,"/home/ph/Desktop/DataInteroperabilityHub/frontend/src/components/forms/ProgressiveDisclosure/ProgressiveDisclosure.tsx": {"lines":{"total":16,"covered":1,"skipped":0,"pct":6.25},"functions":{"total":6,"covered":0,"skipped":0,"pct":0},"statements":{"total":17,"covered":1,"skipped":0,"pct":5.88},"branches":{"total":21,"covered":0,"skipped":0,"pct":0}}
,"/home/ph/Desktop/DataInteroperabilityHub/frontend/src/components/forms/ProgressiveDisclosure/index.ts": {"lines":{"total":0,"covered":0,"skipped":0,"pct":100},"functions":{"total":0,"covered":0,"skipped":0,"pct":100},"statements":{"total":0,"covered":0,"skipped":0,"pct":100},"branches":{"total":0,"covered":0,"skipped":0,"pct":100}}
,"/home/ph/Desktop/DataInteroperabilityHub/frontend/src/components/forms/RadioGroup/RadioGroup.tsx": {"lines":{"total":9,"covered":2,"skipped":0,"pct":22.22},"functions":{"total":3,"covered":0,"skipped":0,"pct":0},"statements":{"total":9,"covered":2,"skipped":0,"pct":22.22},"branches":{"total":17,"covered":0,"skipped":0,"pct":0}}
,"/home/ph/Desktop/DataInteroperabilityHub/frontend/src/components/forms/RadioGroup/index.ts": {"lines":{"total":0,"covered":0,"skipped":0,"pct":100},"functions":{"total":0,"covered":0,"skipped":0,"pct":100},"statements":{"total":0,"covered":0,"skipped":0,"pct":100},"branches":{"total":0,"covered":0,"skipped":0,"pct":100}}
,"/home/ph/Desktop/DataInteroperabilityHub/frontend/src/components/forms/SearchBar/SearchBar.tsx": {"lines":{"total":22,"covered":2,"skipped":0,"pct":9.09},"functions":{"total":12,"covered":0,"skipped":0,"pct":0},"statements":{"total":23,"covered":2,"skipped":0,"pct":8.69},"branches":{"total":15,"covered":0,"skipped":0,"pct":0}}
,"/home/ph/Desktop/DataInteroperabilityHub/frontend/src/components/forms/SearchBar/index.ts": {"lines":{"total":0,"covered":0,"skipped":0,"pct":100},"functions":{"total":0,"covered":0,"skipped":0,"pct":100},"statements":{"total":0,"covered":0,"skipped":0,"pct":100},"branches":{"total":0,"covered":0,"skipped":0,"pct":100}}
,"/home/ph/Desktop/DataInteroperabilityHub/frontend/src/components/forms/Select/Select.tsx": {"lines":{"total":48,"covered":46,"skipped":0,"pct":95.83},"functions":{"total":17,"covered":16,"skipped":0,"pct":94.11},"statements":{"total":49,"covered":47,"skipped":0,"pct":95.91},"branches":{"total":82,"covered":74,"skipped":0,"pct":90.24}}
,"/home/ph/Desktop/DataInteroperabilityHub/frontend/src/components/forms/Select/index.ts": {"lines":{"total":0,"covered":0,"skipped":0,"pct":100},"functions":{"total":0,"covered":0,"skipped":0,"pct":100},"statements":{"total":0,"covered":0,"skipped":0,"pct":100},"branches":{"total":0,"covered":0,"skipped":0,"pct":100}}
,"/home/ph/Desktop/DataInteroperabilityHub/frontend/src/components/forms/Slider/Slider.tsx": {"lines":{"total":9,"covered":2,"skipped":0,"pct":22.22},"functions":{"total":3,"covered":0,"skipped":0,"pct":0},"statements":{"total":9,"covered":2,"skipped":0,"pct":22.22},"branches":{"total":16,"covered":0,"skipped":0,"pct":0}}
,"/home/ph/Desktop/DataInteroperabilityHub/frontend/src/components/forms/Slider/index.ts": {"lines":{"total":0,"covered":0,"skipped":0,"pct":100},"functions":{"total":0,"covered":0,"skipped":0,"pct":100},"statements":{"total":0,"covered":0,"skipped":0,"pct":100},"branches":{"total":0,"covered":0,"skipped":0,"pct":100}}
,"/home/ph/Desktop/DataInteroperabilityHub/frontend/src/components/forms/Switch/Switch.tsx": {"lines":{"total":7,"covered":2,"skipped":0,"pct":28.57},"functions":{"total":3,"covered":0,"skipped":0,"pct":0},"statements":{"total":7,"covered":2,"skipped":0,"pct":28.57},"branches":{"total":19,"covered":0,"skipped":0,"pct":0}}
,"/home/ph/Desktop/DataInteroperabilityHub/frontend/src/components/forms/Switch/index.ts": {"lines":{"total":0,"covered":0,"skipped":0,"pct":100},"functions":{"total":0,"covered":0,"skipped":0,"pct":100},"statements":{"total":0,"covered":0,"skipped":0,"pct":100},"branches":{"total":0,"covered":0,"skipped":0,"pct":100}}
,"/home/ph/Desktop/DataInteroperabilityHub/frontend/src/components/forms/TagInput/TagInput.tsx": {"lines":{"total":39,"covered":2,"skipped":0,"pct":5.12},"functions":{"total":16,"covered":0,"skipped":0,"pct":0},"statements":{"total":43,"covered":2,"skipped":0,"pct":4.65},"branches":{"total":38,"covered":0,"skipped":0,"pct":0}}
,"/home/ph/Desktop/DataInteroperabilityHub/frontend/src/components/forms/TagInput/index.ts": {"lines":{"total":0,"covered":0,"skipped":0,"pct":100},"functions":{"total":0,"covered":0,"skipped":0,"pct":100},"statements":{"total":0,"covered":0,"skipped":0,"pct":100},"branches":{"total":0,"covered":0,"skipped":0,"pct":100}}
,"/home/ph/Desktop/DataInteroperabilityHub/frontend/src/components/forms/TextInput/TextInput.tsx": {"lines":{"total":24,"covered":23,"skipped":0,"pct":95.83},"functions":{"total":4,"covered":4,"skipped":0,"pct":100},"statements":{"total":24,"covered":23,"skipped":0,"pct":95.83},"branches":{"total":54,"covered":47,"skipped":0,"pct":87.03}}
,"/home/ph/Desktop/DataInteroperabilityHub/frontend/src/components/forms/TextInput/index.ts": {"lines":{"total":0,"covered":0,"skipped":0,"pct":100},"functions":{"total":0,"covered":0,"skipped":0,"pct":100},"statements":{"total":0,"covered":0,"skipped":0,"pct":100},"branches":{"total":0,"covered":0,"skipped":0,"pct":100}}
,"/home/ph/Desktop/DataInteroperabilityHub/frontend/src/components/forms/Textarea/Textarea.tsx": {"lines":{"total":23,"covered":2,"skipped":0,"pct":8.69},"functions":{"total":5,"covered":0,"skipped":0,"pct":0},"statements":{"total":23,"covered":2,"skipped":0,"pct":8.69},"branches":{"total":60,"covered":0,"skipped":0,"pct":0}}
,"/home/ph/Desktop/DataInteroperabilityHub/frontend/src/components/forms/Textarea/index.ts": {"lines":{"total":0,"covered":0,"skipped":0,"pct":100},"functions":{"total":0,"covered":0,"skipped":0,"pct":100},"statements":{"total":0,"covered":0,"skipped":0,"pct":100},"branches":{"total":0,"covered":0,"skipped":0,"pct":100}}
,"/home/ph/Desktop/DataInteroperabilityHub/frontend/src/components/forms/TimePicker/TimePicker.tsx": {"lines":{"total":10,"covered":2,"skipped":0,"pct":20},"functions":{"total":4,"covered":0,"skipped":0,"pct":0},"statements":{"total":10,"covered":2,"skipped":0,"pct":20},"branches":{"total":29,"covered":0,"skipped":0,"pct":0}}
,"/home/ph/Desktop/DataInteroperabilityHub/frontend/src/components/forms/TimePicker/index.ts": {"lines":{"total":0,"covered":0,"skipped":0,"pct":100},"functions":{"total":0,"covered":0,"skipped":0,"pct":100},"statements":{"total":0,"covered":0,"skipped":0,"pct":100},"branches":{"total":0,"covered":0,"skipped":0,"pct":100}}
,"/home/ph/Desktop/DataInteroperabilityHub/frontend/src/components/forms/Wizard/Wizard.tsx": {"lines":{"total":50,"covered":1,"skipped":0,"pct":2},"functions":{"total":14,"covered":0,"skipped":0,"pct":0},"statements":{"total":56,"covered":1,"skipped":0,"pct":1.78},"branches":{"total":60,"covered":0,"skipped":0,"pct":0}}
,"/home/ph/Desktop/DataInteroperabilityHub/frontend/src/components/forms/Wizard/index.ts": {"lines":{"total":0,"covered":0,"skipped":0,"pct":100},"functions":{"total":0,"covered":0,"skipped":0,"pct":100},"statements":{"total":0,"covered":0,"skipped":0,"pct":100},"branches":{"total":0,"covered":0,"skipped":0,"pct":100}}
,"/home/ph/Desktop/DataInteroperabilityHub/frontend/src/components/jobs/index.ts": {"lines":{"total":0,"covered":0,"skipped":0,"pct":100},"functions":{"total":0,"covered":0,"skipped":0,"pct":100},"statements":{"total":0,"covered":0,"skipped":0,"pct":100},"branches":{"total":0,"covered":0,"skipped":0,"pct":100}}
,"/home/ph/Desktop/DataInteroperabilityHub/frontend/src/components/jobs/JobCard/JobCard.tsx": {"lines":{"total":23,"covered":6,"skipped":0,"pct":26.08},"functions":{"total":8,"covered":1,"skipped":0,"pct":12.5},"statements":{"total":25,"covered":6,"skipped":0,"pct":24},"branches":{"total":42,"covered":8,"skipped":0,"pct":19.04}}
,"/home/ph/Desktop/DataInteroperabilityHub/frontend/src/components/jobs/JobCard/index.ts": {"lines":{"total":0,"covered":0,"skipped":0,"pct":100},"functions":{"total":0,"covered":0,"skipped":0,"pct":100},"statements":{"total":0,"covered":0,"skipped":0,"pct":100},"branches":{"total":0,"covered":0,"skipped":0,"pct":100}}
,"/home/ph/Desktop/DataInteroperabilityHub/frontend/src/components/jobs/JobList/JobList.tsx": {"lines":{"total":32,"covered":0,"skipped":0,"pct":0},"functions":{"total":11,"covered":0,"skipped":0,"pct":0},"statements":{"total":32,"covered":0,"skipped":0,"pct":0},"branches":{"total":29,"covered":0,"skipped":0,"pct":0}}
,"/home/ph/Desktop/DataInteroperabilityHub/frontend/src/components/jobs/JobList/index.ts": {"lines":{"total":0,"covered":0,"skipped":0,"pct":100},"functions":{"total":0,"covered":0,"skipped":0,"pct":100},"statements":{"total":0,"covered":0,"skipped":0,"pct":100},"branches":{"total":0,"covered":0,"skipped":0,"pct":100}}
,"/home/ph/Desktop/DataInteroperabilityHub/frontend/src/components/jobs/JobProgress/JobProgress.tsx": {"lines":{"total":3,"covered":3,"skipped":0,"pct":100},"functions":{"total":1,"covered":1,"skipped":0,"pct":100},"statements":{"total":3,"covered":3,"skipped":0,"pct":100},"branches":{"total":16,"covered":14,"skipped":0,"pct":87.5}}
,"/home/ph/Desktop/DataInteroperabilityHub/frontend/src/components/jobs/JobProgress/index.ts": {"lines":{"total":0,"covered":0,"skipped":0,"pct":100},"functions":{"total":0,"covered":0,"skipped":0,"pct":100},"statements":{"total":0,"covered":0,"skipped":0,"pct":100},"branches":{"total":0,"covered":0,"skipped":0,"pct":100}}
,"/home/ph/Desktop/DataInteroperabilityHub/frontend/src/components/jobs/JobStatusIndicator/JobStatusIndicator.tsx": {"lines":{"total":25,"covered":22,"skipped":0,"pct":88},"functions":{"total":4,"covered":4,"skipped":0,"pct":100},"statements":{"total":25,"covered":22,"skipped":0,"pct":88},"branches":{"total":24,"covered":20,"skipped":0,"pct":83.33}}
,"/home/ph/Desktop/DataInteroperabilityHub/frontend/src/components/jobs/JobStatusIndicator/index.ts": {"lines":{"total":0,"covered":0,"skipped":0,"pct":100},"functions":{"total":0,"covered":0,"skipped":0,"pct":100},"statements":{"total":0,"covered":0,"skipped":0,"pct":100},"branches":{"total":0,"covered":0,"skipped":0,"pct":100}}
,"/home/ph/Desktop/DataInteroperabilityHub/frontend/src/components/layout/index.ts": {"lines":{"total":0,"covered":0,"skipped":0,"pct":100},"functions":{"total":0,"covered":0,"skipped":0,"pct":100},"statements":{"total":0,"covered":0,"skipped":0,"pct":100},"branches":{"total":0,"covered":0,"skipped":0,"pct":100}}
,"/home/ph/Desktop/DataInteroperabilityHub/frontend/src/components/layout/Container/Container.tsx": {"lines":{"total":6,"covered":3,"skipped":0,"pct":50},"functions":{"total":1,"covered":0,"skipped":0,"pct":0},"statements":{"total":6,"covered":3,"skipped":0,"pct":50},"branches":{"total":6,"covered":0,"skipped":0,"pct":0}}
,"/home/ph/Desktop/DataInteroperabilityHub/frontend/src/components/layout/Container/index.ts": {"lines":{"total":0,"covered":0,"skipped":0,"pct":100},"functions":{"total":0,"covered":0,"skipped":0,"pct":100},"statements":{"total":0,"covered":0,"skipped":0,"pct":100},"branches":{"total":0,"covered":0,"skipped":0,"pct":100}}
,"/home/ph/Desktop/DataInteroperabilityHub/frontend/src/components/layout/Divider/Divider.tsx": {"lines":{"total":8,"covered":2,"skipped":0,"pct":25},"functions":{"total":1,"covered":0,"skipped":0,"pct":0},"statements":{"total":8,"covered":2,"skipped":0,"pct":25},"branches":{"total":8,"covered":0,"skipped":0,"pct":0}}
,"/home/ph/Desktop/DataInteroperabilityHub/frontend/src/components/layout/Divider/index.ts": {"lines":{"total":0,"covered":0,"skipped":0,"pct":100},"functions":{"total":0,"covered":0,"skipped":0,"pct":100},"statements":{"total":0,"covered":0,"skipped":0,"pct":100},"branches":{"total":0,"covered":0,"skipped":0,"pct":100}}
,"/home/ph/Desktop/DataInteroperabilityHub/frontend/src/components/layout/Grid/Grid.tsx": {"lines":{"total":4,"covered":2,"skipped":0,"pct":50},"functions":{"total":1,"covered":0,"skipped":0,"pct":0},"statements":{"total":4,"covered":2,"skipped":0,"pct":50},"branches":{"total":4,"covered":0,"skipped":0,"pct":0}}
,"/home/ph/Desktop/DataInteroperabilityHub/frontend/src/components/layout/Grid/GridItem.tsx": {"lines":{"total":17,"covered":2,"skipped":0,"pct":11.76},"functions":{"total":1,"covered":0,"skipped":0,"pct":0},"statements":{"total":17,"covered":2,"skipped":0,"pct":11.76},"branches":{"total":20,"covered":0,"skipped":0,"pct":0}}
,"/home/ph/Desktop/DataInteroperabilityHub/frontend/src/components/layout/Grid/index.ts": {"lines":{"total":0,"covered":0,"skipped":0,"pct":100},"functions":{"total":0,"covered":0,"skipped":0,"pct":100},"statements":{"total":0,"covered":0,"skipped":0,"pct":100},"branches":{"total":0,"covered":0,"skipped":0,"pct":100}}
,"/home/ph/Desktop/DataInteroperabilityHub/frontend/src/components/layout/ResponsiveGrid/ResponsiveGrid.tsx": {"lines":{"total":10,"covered":0,"skipped":0,"pct":0},"functions":{"total":2,"covered":0,"skipped":0,"pct":0},"statements":{"total":10,"covered":0,"skipped":0,"pct":0},"branches":{"total":7,"covered":0,"skipped":0,"pct":0}}
,"/home/ph/Desktop/DataInteroperabilityHub/frontend/src/components/layout/ResponsiveGrid/index.ts": {"lines":{"total":0,"covered":0,"skipped":0,"pct":100},"functions":{"total":0,"covered":0,"skipped":0,"pct":100},"statements":{"total":0,"covered":0,"skipped":0,"pct":100},"branches":{"total":0,"covered":0,"skipped":0,"pct":100}}
,"/home/ph/Desktop/DataInteroperabilityHub/frontend/src/components/layout/ResponsiveImage/ResponsiveImage.tsx": {"lines":{"total":7,"covered":0,"skipped":0,"pct":0},"functions":{"total":2,"covered":0,"skipped":0,"pct":0},"statements":{"total":7,"covered":0,"skipped":0,"pct":0},"branches":{"total":12,"covered":0,"skipped":0,"pct":0}}
,"/home/ph/Desktop/DataInteroperabilityHub/frontend/src/components/layout/ResponsiveImage/index.ts": {"lines":{"total":0,"covered":0,"skipped":0,"pct":100},"functions":{"total":0,"covered":0,"skipped":0,"pct":100},"statements":{"total":0,"covered":0,"skipped":0,"pct":100},"branches":{"total":0,"covered":0,"skipped":0,"pct":100}}
,"/home/ph/Desktop/DataInteroperabilityHub/frontend/src/components/layout/ResponsiveTypography/ResponsiveTypography.tsx": {"lines":{"total":7,"covered":0,"skipped":0,"pct":0},"functions":{"total":1,"covered":0,"skipped":0,"pct":0},"statements":{"total":7,"covered":0,"skipped":0,"pct":0},"branches":{"total":38,"covered":0,"skipped":0,"pct":0}}
,"/home/ph/Desktop/DataInteroperabilityHub/frontend/src/components/layout/ResponsiveTypography/index.ts": {"lines":{"total":0,"covered":0,"skipped":0,"pct":100},"functions":{"total":0,"covered":0,"skipped":0,"pct":100},"statements":{"total":0,"covered":0,"skipped":0,"pct":100},"branches":{"total":0,"covered":0,"skipped":0,"pct":100}}
,"/home/ph/Desktop/DataInteroperabilityHub/frontend/src/components/layout/Spacer/Spacer.tsx": {"lines":{"total":4,"covered":2,"skipped":0,"pct":50},"functions":{"total":1,"covered":0,"skipped":0,"pct":0},"statements":{"total":4,"covered":2,"skipped":0,"pct":50},"branches":{"total":10,"covered":0,"skipped":0,"pct":0}}
[...]
,"/home/ph/Desktop/DataInteroperabilityHub/frontend/src/pages/assets/index.ts": {"lines":{"total":0,"covered":0,"skipped":0,"pct":100},"functions":{"total":0,"covered":0,"skipped":0,"pct":100},"statements":{"total":0,"covered":0,"skipped":0,"pct":100},"branches":{"total":0,"covered":0,"skipped":0,"pct":100}}
,"/home/ph/Desktop/DataInteroperabilityHub/frontend/src/pages/assets/steps/AssetActivationStep.tsx": {"lines":{"total":3,"covered":0,"skipped":0,"pct":0},"functions":{"total":2,"covered":0,"skipped":0,"pct":0},"statements":{"total":3,"covered":0,"skipped":0,"pct":0},"branches":{"total":6,"covered":0,"skipped":0,"pct":0}}
,"/home/ph/Desktop/DataInteroperabilityHub/frontend/src/pages/assets/steps/AssetMetadataStep.tsx": {"lines":{"total":11,"covered":0,"skipped":0,"pct":0},"functions":{"total":8,"covered":0,"skipped":0,"pct":0},"statements":{"total":11,"covered":0,"skipped":0,"pct":0},"branches":{"total":4,"covered":0,"skipped":0,"pct":0}}
,"/home/ph/Desktop/DataInteroperabilityHub/frontend/src/pages/assets/steps/ContractUploadStep.tsx": {"lines":{"total":45,"covered":0,"skipped":0,"pct":0},"functions":{"total":4,"covered":0,"skipped":0,"pct":0},"statements":{"total":45,"covered":0,"skipped":0,"pct":0},"branches":{"total":31,"covered":0,"skipped":0,"pct":0}}
,"/home/ph/Desktop/DataInteroperabilityHub/frontend/src/pages/assets/steps/FileUploadStep.tsx": {"lines":{"total":48,"covered":0,"skipped":0,"pct":0},"functions":{"total":6,"covered":0,"skipped":0,"pct":0},"statements":{"total":49,"covered":0,"skipped":0,"pct":0},"branches":{"total":34,"covered":0,"skipped":0,"pct":0}}
,"/home/ph/Desktop/DataInteroperabilityHub/frontend/src/pages/assets/steps/SchemaComparisonStep.tsx": {"lines":{"total":4,"covered":0,"skipped":0,"pct":0},"functions":{"total":3,"covered":0,"skipped":0,"pct":0},"statements":{"total":4,"covered":0,"skipped":0,"pct":0},"branches":{"total":0,"covered":0,"skipped":0,"pct":100}}
,"/home/ph/Desktop/DataInteroperabilityHub/frontend/src/pages/assets/steps/index.ts": {"lines":{"total":0,"covered":0,"skipped":0,"pct":100},"functions":{"total":0,"covered":0,"skipped":0,"pct":100},"statements":{"total":0,"covered":0,"skipped":0,"pct":100},"branches":{"total":0,"covered":0,"skipped":0,"pct":100}}
,"/home/ph/Desktop/DataInteroperabilityHub/frontend/src/pages/auth/ActiveSessionsPage.tsx": {"lines":{"total":57,"covered":0,"skipped":0,"pct":0},"functions":{"total":20,"covered":0,"skipped":0,"pct":0},"statements":{"total":58,"covered":0,"skipped":0,"pct":0},"branches":{"total":53,"covered":0,"skipped":0,"pct":0}}
,"/home/ph/Desktop/DataInteroperabilityHub/frontend/src/pages/auth/ApiKeyManagementPage.tsx": {"lines":{"total":59,"covered":0,"skipped":0,"pct":0},"functions":{"total":25,"covered":0,"skipped":0,"pct":0},"statements":{"total":61,"covered":0,"skipped":0,"pct":0},"branches":{"total":80,"covered":0,"skipped":0,"pct":0}}
,"/home/ph/Desktop/DataInteroperabilityHub/frontend/src/pages/auth/LoginPage.tsx": {"lines":{"total":16,"covered":15,"skipped":0,"pct":93.75},"functions":{"total":6,"covered":5,"skipped":0,"pct":83.33},"statements":{"total":16,"covered":15,"skipped":0,"pct":93.75},"branches":{"total":25,"covered":24,"skipped":0,"pct":96}}
,"/home/ph/Desktop/DataInteroperabilityHub/frontend/src/pages/auth/PasswordResetConfirmPage.tsx": {"lines":{"total":35,"covered":0,"skipped":0,"pct":0},"functions":{"total":9,"covered":0,"skipped":0,"pct":0},"statements":{"total":35,"covered":0,"skipped":0,"pct":0},"branches":{"total":29,"covered":0,"skipped":0,"pct":0}}
,"/home/ph/Desktop/DataInteroperabilityHub/frontend/src/pages/auth/PasswordResetRequestPage.tsx": {"lines":{"total":20,"covered":0,"skipped":0,"pct":0},"functions":{"total":6,"covered":0,"skipped":0,"pct":0},"statements":{"total":20,"covered":0,"skipped":0,"pct":0},"branches":{"total":18,"covered":0,"skipped":0,"pct":0}}
,"/home/ph/Desktop/DataInteroperabilityHub/frontend/src/pages/auth/RegisterPage.tsx": {"lines":{"total":16,"covered":8,"skipped":0,"pct":50},"functions":{"total":7,"covered":1,"skipped":0,"pct":14.28},"statements":{"total":16,"covered":8,"skipped":0,"pct":50},"branches":{"total":37,"covered":26,"skipped":0,"pct":70.27}}
,"/home/ph/Desktop/DataInteroperabilityHub/frontend/src/pages/auth/TenantSelectionPage.tsx": {"lines":{"total":28,"covered":0,"skipped":0,"pct":0},"functions":{"total":11,"covered":0,"skipped":0,"pct":0},"statements":{"total":28,"covered":0,"skipped":0,"pct":0},"branches":{"total":20,"covered":0,"skipped":0,"pct":0}}
,"/home/ph/Desktop/DataInteroperabilityHub/frontend/src/pages/auth/index.ts": {"lines":{"total":0,"covered":0,"skipped":0,"pct":100},"functions":{"total":0,"covered":0,"skipped":0,"pct":100},"statements":{"total":0,"covered":0,"skipped":0,"pct":100},"branches":{"total":0,"covered":0,"skipped":0,"pct":100}}
,"/home/ph/Desktop/DataInteroperabilityHub/frontend/src/pages/compliance/ComplianceDashboardPage.tsx": {"lines":{"total":121,"covered":0,"skipped":0,"pct":0},"functions":{"total":45,"covered":0,"skipped":0,"pct":0},"statements":{"total":134,"covered":0,"skipped":0,"pct":0},"branches":{"total":78,"covered":0,"skipped":0,"pct":0}}
,"/home/ph/Desktop/DataInteroperabilityHub/frontend/src/pages/compliance/ComplianceReportPage.tsx": {"lines":{"total":78,"covered":0,"skipped":0,"pct":0},"functions":{"total":31,"covered":0,"skipped":0,"pct":0},"statements":{"total":84,"covered":0,"skipped":0,"pct":0},"branches":{"total":66,"covered":0,"skipped":0,"pct":0}}
,"/home/ph/Desktop/DataInteroperabilityHub/frontend/src/pages/compliance/ComplianceScanDetailPage.tsx": {"lines":{"total":66,"covered":0,"skipped":0,"pct":0},"functions":{"total":17,"covered":0,"skipped":0,"pct":0},"statements":{"total":74,"covered":0,"skipped":0,"pct":0},"branches":{"total":131,"covered":0,"skipped":0,"pct":0}}
,"/home/ph/Desktop/DataInteroperabilityHub/frontend/src/pages/compliance/index.ts": {"lines":{"total":0,"covered":0,"skipped":0,"pct":100},"functions":{"total":0,"covered":0,"skipped":0,"pct":100},"statements":{"total":0,"covered":0,"skipped":0,"pct":100},"branches":{"total":0,"covered":0,"skipped":0,"pct":100}}
,"/home/ph/Desktop/DataInteroperabilityHub/frontend/src/pages/contracts/ContractDetailPage.tsx": {"lines":{"total":87,"covered":0,"skipped":0,"pct":0},"functions":{"total":33,"covered":0,"skipped":0,"pct":0},"statements":{"total":90,"covered":0,"skipped":0,"pct":0},"branches":{"total":120,"covered":0,"skipped":0,"pct":0}}
,"/home/ph/Desktop/DataInteroperabilityHub/frontend/src/pages/contracts/ContractFormPage.tsx": {"lines":{"total":126,"covered":0,"skipped":0,"pct":0},"functions":{"total":29,"covered":0,"skipped":0,"pct":0},"statements":{"total":128,"covered":0,"skipped":0,"pct":0},"branches":{"total":158,"covered":0,"skipped":0,"pct":0}}
,"/home/ph/Desktop/DataInteroperabilityHub/frontend/src/pages/contracts/ContractsPage.tsx": {"lines":{"total":137,"covered":0,"skipped":0,"pct":0},"functions":{"total":41,"covered":0,"skipped":0,"pct":0},"statements":{"total":143,"covered":0,"skipped":0,"pct":0},"branches":{"total":118,"covered":0,"skipped":0,"pct":0}}
,"/home/ph/Desktop/DataInteroperabilityHub/frontend/src/pages/contracts/index.ts": {"lines":{"total":0,"covered":0,"skipped":0,"pct":100},"functions":{"total":0,"covered":0,"skipped":0,"pct":100},"statements":{"total":0,"covered":0,"skipped":0,"pct":100},"branches":{"total":0,"covered":0,"skipped":0,"pct":100}}
,"/home/ph/Desktop/DataInteroperabilityHub/frontend/src/pages/data-quality/DataQualityDashboardPage.tsx": {"lines":{"total":144,"covered":0,"skipped":0,"pct":0},"functions":{"total":52,"covered":0,"skipped":0,"pct":0},"statements":{"total":161,"covered":0,"skipped":0,"pct":0},"branches":{"total":121,"covered":0,"skipped":0,"pct":0}}
,"/home/ph/Desktop/DataInteroperabilityHub/frontend/src/pages/data-quality/DataQualityRunDetailPage.tsx": {"lines":{"total":77,"covered":0,"skipped":0,"pct":0},"functions":{"total":20,"covered":0,"skipped":0,"pct":0},"statements":{"total":84,"covered":0,"skipped":0,"pct":0},"branches":{"total":126,"covered":0,"skipped":0,"pct":0}}
,"/home/ph/Desktop/DataInteroperabilityHub/frontend/src/pages/data-quality/index.ts": {"lines":{"total":0,"covered":0,"skipped":0,"pct":100},"functions":{"total":0,"covered":0,"skipped":0,"pct":100},"statements":{"total":0,"covered":0,"skipped":0,"pct":100},"branches":{"total":0,"covered":0,"skipped":0,"pct":100}}
,"/home/ph/Desktop/DataInteroperabilityHub/frontend/src/pages/datasets/DatasetDetailPage.tsx": {"lines":{"total":49,"covered":0,"skipped":0,"pct":0},"functions":{"total":17,"covered":0,"skipped":0,"pct":0},"statements":{"total":49,"covered":0,"skipped":0,"pct":0},"branches":{"total":81,"covered":0,"skipped":0,"pct":0}}
,"/home/ph/Desktop/DataInteroperabilityHub/frontend/src/pages/datasets/DatasetUploadPage.tsx": {"lines":{"total":60,"covered":0,"skipped":0,"pct":0},"functions":{"total":11,"covered":0,"skipped":0,"pct":0},"statements":{"total":61,"covered":0,"skipped":0,"pct":0},"branches":{"total":32,"covered":0,"skipped":0,"pct":0}}
,"/home/ph/Desktop/DataInteroperabilityHub/frontend/src/pages/datasets/DatasetsPage.tsx": {"lines":{"total":98,"covered":0,"skipped":0,"pct":0},"functions":{"total":27,"covered":0,"skipped":0,"pct":0},"statements":{"total":104,"covered":0,"skipped":0,"pct":0},"branches":{"total":74,"covered":0,"skipped":0,"pct":0}}
,"/home/ph/Desktop/DataInteroperabilityHub/frontend/src/pages/datasets/index.ts": {"lines":{"total":0,"covered":0,"skipped":0,"pct":100},"functions":{"total":0,"covered":0,"skipped":0,"pct":100},"statements":{"total":0,"covered":0,"skipped":0,"pct":100},"branches":{"total":0,"covered":0,"skipped":0,"pct":100}}
,"/home/ph/Desktop/DataInteroperabilityHub/frontend/src/pages/jobs/JobDetailPage.tsx": {"lines":{"total":129,"covered":78,"skipped":0,"pct":60.46},"functions":{"total":27,"covered":13,"skipped":0,"pct":48.14},"statements":{"total":137,"covered":81,"skipped":0,"pct":59.12},"branches":{"total":160,"covered":81,"skipped":0,"pct":50.62}}
,"/home/ph/Desktop/DataInteroperabilityHub/frontend/src/pages/jobs/JobsPage.tsx": {"lines":{"total":108,"covered":0,"skipped":0,"pct":0},"functions":{"total":26,"covered":0,"skipped":0,"pct":0},"statements":{"total":109,"covered":0,"skipped":0,"pct":0},"branches":{"total":71,"covered":0,"skipped":0,"pct":0}}
,"/home/ph/Desktop/DataInteroperabilityHub/frontend/src/pages/jobs/index.ts": {"lines":{"total":0,"covered":0,"skipped":0,"pct":100},"functions":{"total":0,"covered":0,"skipped":0,"pct":100},"statements":{"total":0,"covered":0,"skipped":0,"pct":100},"branches":{"total":0,"covered":0,"skipped":0,"pct":100}}
,"/home/ph/Desktop/DataInteroperabilityHub/frontend/src/pages/marketplace/ContractDiscoveryPage.tsx": {"lines":{"total":64,"covered":0,"skipped":0,"pct":0},"functions":{"total":16,"covered":0,"skipped":0,"pct":0},"statements":{"total":64,"covered":0,"skipped":0,"pct":0},"branches":{"total":32,"covered":0,"skipped":0,"pct":0}}
,"/home/ph/Desktop/DataInteroperabilityHub/frontend/src/pages/marketplace/MarketplaceAssetDetailPage.tsx": {"lines":{"total":68,"covered":0,"skipped":0,"pct":0},"functions":{"total":26,"covered":0,"skipped":0,"pct":0},"statements":{"total":74,"covered":0,"skipped":0,"pct":0},"branches":{"total":107,"covered":0,"skipped":0,"pct":0}}
,"/home/ph/Desktop/DataInteroperabilityHub/frontend/src/pages/marketplace/MarketplacePage.tsx": {"lines":{"total":134,"covered":0,"skipped":0,"pct":0},"functions":{"total":30,"covered":0,"skipped":0,"pct":0},"statements":{"total":138,"covered":0,"skipped":0,"pct":0},"branches":{"total":101,"covered":0,"skipped":0,"pct":0}}
,"/home/ph/Desktop/DataInteroperabilityHub/frontend/src/pages/marketplace/index.ts": {"lines":{"total":0,"covered":0,"skipped":0,"pct":100},"functions":{"total":0,"covered":0,"skipped":0,"pct":100},"statements":{"total":0,"covered":0,"skipped":0,"pct":100},"branches":{"total":0,"covered":0,"skipped":0,"pct":100}}
,"/home/ph/Desktop/DataInteroperabilityHub/frontend/src/services/errorLogging.ts": {"lines":{"total":34,"covered":18,"skipped":0,"pct":52.94},"functions":{"total":2,"covered":1,"skipped":0,"pct":50},"statements":{"total":34,"covered":18,"skipped":0,"pct":52.94},"branches":{"total":42,"covered":17,"skipped":0,"pct":40.47}}
,"/home/ph/Desktop/DataInteroperabilityHub/frontend/src/services/performanceBudget.ts": {"lines":{"total":38,"covered":0,"skipped":0,"pct":0},"functions":{"total":12,"covered":0,"skipped":0,"pct":0},"statements":{"total":40,"covered":0,"skipped":0,"pct":0},"branches":{"total":14,"covered":0,"skipped":0,"pct":0}}
,"/home/ph/Desktop/DataInteroperabilityHub/frontend/src/services/performanceRegression.ts": {"lines":{"total":34,"covered":0,"skipped":0,"pct":0},"functions":{"total":10,"covered":0,"skipped":0,"pct":0},"statements":{"total":38,"covered":0,"skipped":0,"pct":0},"branches":{"total":28,"covered":0,"skipped":0,"pct":0}}
,"/home/ph/Desktop/DataInteroperabilityHub/frontend/src/services/webVitals.ts": {"lines":{"total":38,"covered":7,"skipped":0,"pct":18.42},"functions":{"total":7,"covered":1,"skipped":0,"pct":14.28},"statements":{"total":38,"covered":7,"skipped":0,"pct":18.42},"branches":{"total":16,"covered":4,"skipped":0,"pct":25}}
,"/home/ph/Desktop/DataInteroperabilityHub/frontend/src/store/index.ts": {"lines":{"total":0,"covered":0,"skipped":0,"pct":100},"functions":{"total":0,"covered":0,"skipped":0,"pct":100},"statements":{"total":0,"covered":0,"skipped":0,"pct":100},"branches":{"total":0,"covered":0,"skipped":0,"pct":100}}
,"/home/ph/Desktop/DataInteroperabilityHub/frontend/src/stories/Button.tsx": {"lines":{"total":3,"covered":0,"skipped":0,"pct":0},"functions":{"total":1,"covered":0,"skipped":0,"pct":0},"statements":{"total":3,"covered":0,"skipped":0,"pct":0},"branches":{"total":4,"covered":0,"skipped":0,"pct":0}}
,"/home/ph/Desktop/DataInteroperabilityHub/frontend/src/stories/Header.tsx": {"lines":{"total":2,"covered":0,"skipped":0,"pct":0},"functions":{"total":1,"covered":0,"skipped":0,"pct":0},"statements":{"total":2,"covered":0,"skipped":0,"pct":0},"branches":{"total":2,"covered":0,"skipped":0,"pct":0}}
,"/home/ph/Desktop/DataInteroperabilityHub/frontend/src/stories/Page.tsx": {"lines":{"total":6,"covered":0,"skipped":0,"pct":0},"functions":{"total":4,"covered":0,"skipped":0,"pct":0},"statements":{"total":6,"covered":0,"skipped":0,"pct":0},"branches":{"total":0,"covered":0,"skipped":0,"pct":100}}
,"/home/ph/Desktop/DataInteroperabilityHub/frontend/src/styles/tokens/borderRadius.ts": {"lines":{"total":3,"covered":3,"skipped":0,"pct":100},"functions":{"total":0,"covered":0,"skipped":0,"pct":100},"statements":{"total":3,"covered":3,"skipped":0,"pct":100},"branches":{"total":0,"covered":0,"skipped":0,"pct":100}}
,"/home/ph/Desktop/DataInteroperabilityHub/frontend/src/styles/tokens/breakpoints.ts": {"lines":{"total":4,"covered":4,"skipped":0,"pct":100},"functions":{"total":0,"covered":0,"skipped":0,"pct":100},"statements":{"total":4,"covered":4,"skipped":0,"pct":100},"branches":{"total":0,"covered":0,"skipped":0,"pct":100}}
,"/home/ph/Desktop/DataInteroperabilityHub/frontend/src/styles/tokens/colors.ts": {"lines":{"total":1,"covered":1,"skipped":0,"pct":100},"functions":{"total":0,"covered":0,"skipped":0,"pct":100},"statements":{"total":1,"covered":1,"skipped":0,"pct":100},"branches":{"total":0,"covered":0,"skipped":0,"pct":100}}
,"/home/ph/Desktop/DataInteroperabilityHub/frontend/src/styles/tokens/index.ts": {"lines":{"total":0,"covered":0,"skipped":0,"pct":100},"functions":{"total":0,"covered":0,"skipped":0,"pct":100},"statements":{"total":0,"covered":0,"skipped":0,"pct":100},"branches":{"total":0,"covered":0,"skipped":0,"pct":100}}
,"/home/ph/Desktop/DataInteroperabilityHub/frontend/src/styles/tokens/shadows.ts": {"lines":{"total":1,"covered":1,"skipped":0,"pct":100},"functions":{"total":0,"covered":0,"skipped":0,"pct":100},"statements":{"total":1,"covered":1,"skipped":0,"pct":100},"branches":{"total":0,"covered":0,"skipped":0,"pct":100}}
,"/home/ph/Desktop/DataInteroperabilityHub/frontend/src/styles/tokens/spacing.ts": {"lines":{"total":3,"covered":3,"skipped":0,"pct":100},"functions":{"total":0,"covered":0,"skipped":0,"pct":100},"statements":{"total":3,"covered":3,"skipped":0,"pct":100},"branches":{"total":0,"covered":0,"skipped":0,"pct":100}}
,"/home/ph/Desktop/DataInteroperabilityHub/frontend/src/styles/tokens/typography.ts": {"lines":{"total":1,"covered":1,"skipped":0,"pct":100},"functions":{"total":0,"covered":0,"skipped":0,"pct":100},"statements":{"total":1,"covered":1,"skipped":0,"pct":100},"branches":{"total":0,"covered":0,"skipped":0,"pct":100}}
,"/home/ph/Desktop/DataInteroperabilityHub/frontend/src/utils/debounce.ts": {"lines":{"total":13,"covered":0,"skipped":0,"pct":0},"functions":{"total":4,"covered":0,"skipped":0,"pct":0},"statements":{"total":13,"covered":0,"skipped":0,"pct":0},"branches":{"total":4,"covered":0,"skipped":0,"pct":0}}
,"/home/ph/Desktop/DataInteroperabilityHub/frontend/src/utils/errorAnonymization.ts": {"lines":{"total":37,"covered":33,"skipped":0,"pct":89.18},"functions":{"total":5,"covered":5,"skipped":0,"pct":100},"statements":{"total":39,"covered":35,"skipped":0,"pct":89.74},"branches":{"total":31,"covered":26,"skipped":0,"pct":83.87}}
,"/home/ph/Desktop/DataInteroperabilityHub/frontend/src/utils/errorContextCapture.ts": {"lines":{"total":26,"covered":17,"skipped":0,"pct":65.38},"functions":{"total":7,"covered":4,"skipped":0,"pct":57.14},"statements":{"total":26,"covered":17,"skipped":0,"pct":65.38},"branches":{"total":32,"covered":18,"skipped":0,"pct":56.25}}
,"/home/ph/Desktop/DataInteroperabilityHub/frontend/src/utils/errorMessages.ts": {"lines":{"total":63,"covered":14,"skipped":0,"pct":22.22},"functions":{"total":6,"covered":2,"skipped":0,"pct":33.33},"statements":{"total":63,"covered":14,"skipped":0,"pct":22.22},"branches":{"total":72,"covered":14,"skipped":0,"pct":19.44}}
,"/home/ph/Desktop/DataInteroperabilityHub/frontend/src/utils/errorRateLimiter.ts": {"lines":{"total":41,"covered":33,"skipped":0,"pct":80.48},"functions":{"total":6,"covered":6,"skipped":0,"pct":100},"statements":{"total":41,"covered":33,"skipped":0,"pct":80.48},"branches":{"total":20,"covered":12,"skipped":0,"pct":60}}
,"/home/ph/Desktop/DataInteroperabilityHub/frontend/src/utils/formValidation.ts": {"lines":{"total":47,"covered":47,"skipped":0,"pct":100},"functions":{"total":9,"covered":9,"skipped":0,"pct":100},"statements":{"total":48,"covered":48,"skipped":0,"pct":100},"branches":{"total":52,"covered":49,"skipped":0,"pct":94.23}}
,"/home/ph/Desktop/DataInteroperabilityHub/frontend/src/utils/index.ts": {"lines":{"total":0,"covered":0,"skipped":0,"pct":100},"functions":{"total":0,"covered":0,"skipped":0,"pct":100},"statements":{"total":0,"covered":0,"skipped":0,"pct":100},"branches":{"total":0,"covered":0,"skipped":0,"pct":100}}
,"/home/ph/Desktop/DataInteroperabilityHub/frontend/src/utils/memoization.ts": {"lines":{"total":43,"covered":0,"skipped":0,"pct":0},"functions":{"total":24,"covered":0,"skipped":0,"pct":0},"statements":{"total":53,"covered":0,"skipped":0,"pct":0},"branches":{"total":24,"covered":0,"skipped":0,"pct":0}}
,"/home/ph/Desktop/DataInteroperabilityHub/frontend/src/utils/responsive.ts": {"lines":{"total":25,"covered":0,"skipped":0,"pct":0},"functions":{"total":9,"covered":0,"skipped":0,"pct":0},"statements":{"total":30,"covered":0,"skipped":0,"pct":0},"branches":{"total":26,"covered":0,"skipped":0,"pct":0}}
,"/home/ph/Desktop/DataInteroperabilityHub/frontend/src/utils/touch.ts": {"lines":{"total":10,"covered":0,"skipped":0,"pct":0},"functions":{"total":3,"covered":0,"skipped":0,"pct":0},"statements":{"total":11,"covered":0,"skipped":0,"pct":0},"branches":{"total":9,"covered":0,"skipped":0,"pct":0}}
}
