TN:
SF:src/App.tsx
FN:10,App
FNF:1
FNH:0
FNDA:0,App
DA:12,0
DA:14,0
LF:2
LH:0
BRF:0
BRH:0
end_of_record
TN:
SF:src/components/index.ts
FNF:0
FNH:0
LF:0
LH:0
BRF:0
BRH:0
end_of_record
TN:
SF:src/components/api-docs/index.ts
FNF:0
FNH:0
LF:0
LH:0
BRF:0
BRH:0
end_of_record
TN:
SF:src/components/api-docs/APIEndpointCard/APIEndpointCard.tsx
FN:38,getMethodColor
FN:57,(anonymous_1)
FN:63,(anonymous_2)
FNF:3
FNH:3
FNDA:9,getMethodColor
FNDA:9,(anonymous_1)
FNDA:2,(anonymous_2)
DA:39,9
DA:41,7
DA:43,1
DA:46,1
DA:48,0
DA:50,0
DA:57,1
DA:63,9
DA:64,2
DA:67,9
DA:111,1
LF:11
LH:9
BRDA:39,0,0,7
BRDA:39,0,1,1
BRDA:39,0,2,1
BRDA:39,0,3,1
BRDA:39,0,4,0
BRDA:39,0,5,0
BRDA:59,1,0,9
BRDA:72,2,0,1
BRDA:72,2,1,8
BRDA:73,3,0,1
BRDA:73,3,1,8
BRF:11
BRH:9
end_of_record
TN:
SF:src/components/api-docs/APIEndpointCard/index.ts
FNF:0
FNH:0
LF:0
LH:0
BRF:0
BRH:0
end_of_record
TN:
SF:src/components/api-docs/APIEndpointCard/types.ts
FNF:0
FNH:0
LF:0
LH:0
BRF:0
BRH:0
end_of_record
TN:
SF:src/components/api-docs/APIExplorer/APIExplorer.tsx
FN:55,getMethodColor
FN:74,(anonymous_1)
FN:87,(anonymous_2)
FN:96,(anonymous_3)
FN:99,(anonymous_4)
FN:108,(anonymous_5)
FN:110,(anonymous_6)
FN:122,(anonymous_7)
FN:164,(anonymous_8)
FN:168,(anonymous_9)
FN:174,(anonymous_10)
FN:178,(anonymous_11)
FN:179,(anonymous_12)
FN:182,(anonymous_13)
FN:183,(anonymous_14)
FN:186,(anonymous_15)
FN:220,(anonymous_16)
FN:227,(anonymous_17)
FN:245,(anonymous_18)
FN:251,(anonymous_19)
FNF:20
FNH:11
FNDA:22,getMethodColor
FNDA:22,(anonymous_1)
FNDA:10,(anonymous_2)
FNDA:10,(anonymous_3)
FNDA:0,(anonymous_4)
FNDA:10,(anonymous_5)
FNDA:8,(anonymous_6)
FNDA:5,(anonymous_7)
FNDA:3,(anonymous_8)
FNDA:1,(anonymous_9)
FNDA:5,(anonymous_10)
FNDA:0,(anonymous_11)
FNDA:0,(anonymous_12)
FNDA:0,(anonymous_13)
FNDA:0,(anonymous_14)
FNDA:0,(anonymous_15)
FNDA:16,(anonymous_16)
FNDA:0,(anonymous_17)
FNDA:0,(anonymous_18)
FNDA:0,(anonymous_19)
DA:56,22
DA:58,16
DA:60,6
DA:63,0
DA:65,0
DA:67,0
DA:74,1
DA:80,22
DA:81,22
DA:82,22
DA:83,22
DA:84,22
DA:87,22
DA:88,10
DA:89,2
DA:91,8
DA:96,22
DA:97,10
DA:98,10
DA:99,0
DA:100,0
DA:101,0
DA:104,10
DA:108,22
DA:109,10
DA:110,10
DA:111,8
DA:112,8
DA:113,0
DA:116,10
DA:117,10
DA:121,22
DA:123,5
DA:124,5
DA:126,5
DA:127,5
DA:130,5
DA:131,0
DA:137,5
DA:138,5
DA:139,1
DA:140,1
DA:142,0
DA:148,5
DA:149,5
DA:151,4
DA:153,1
DA:155,0
DA:157,0
DA:159,0
DA:161,0
DA:165,3
DA:166,3
DA:169,1
DA:170,1
DA:174,22
DA:175,5
DA:178,22
DA:179,0
DA:182,22
DA:183,0
DA:186,22
DA:187,0
DA:190,22
DA:221,16
DA:227,0
DA:246,0
DA:251,0
DA:316,1
LF:69
LH:50
BRDA:56,0,0,16
BRDA:56,0,1,6
BRDA:56,0,2,0
BRDA:56,0,3,0
BRDA:56,0,4,0
BRDA:56,0,5,0
BRDA:88,1,0,2
BRDA:88,1,1,8
BRDA:98,2,0,0
BRDA:98,2,1,10
BRDA:100,3,0,0
BRDA:100,3,1,0
BRDA:112,4,0,0
BRDA:112,4,1,8
BRDA:117,5,0,0
BRDA:117,5,1,10
BRDA:130,6,0,0
BRDA:130,6,1,5
BRDA:138,7,0,1
BRDA:138,7,1,4
BRDA:138,8,0,5
BRDA:138,8,1,1
BRDA:149,9,0,4
BRDA:149,9,1,1
BRDA:149,9,2,0
BRDA:149,9,3,0
BRDA:149,9,4,0
BRDA:149,9,5,0
BRDA:169,10,0,1
BRDA:169,10,1,1
BRDA:169,10,2,0
BRDA:187,11,0,0
BRDA:187,11,1,0
BRDA:199,12,0,6
BRDA:199,12,1,16
BRDA:203,13,0,6
BRDA:203,13,1,16
BRDA:214,14,0,22
BRDA:214,14,1,16
BRDA:214,14,2,16
BRDA:225,15,0,16
BRDA:225,15,1,0
BRDA:226,16,0,16
BRDA:226,16,1,16
BRDA:239,17,0,22
BRDA:239,17,1,0
BRDA:239,17,2,0
BRDA:250,18,0,0
BRDA:250,18,1,0
BRDA:263,19,0,22
BRDA:263,19,1,6
BRDA:263,19,2,6
BRDA:289,20,0,22
BRDA:289,20,1,3
BRDA:289,20,2,3
BRDA:296,21,0,3
BRDA:296,21,1,3
BRDA:305,22,0,22
BRDA:305,22,1,2
BRF:59
BRH:37
end_of_record
TN:
SF:src/components/api-docs/APIExplorer/index.ts
FNF:0
FNH:0
LF:0
LH:0
BRF:0
BRH:0
end_of_record
TN:
SF:src/components/api-docs/APIRequestExample/APIRequestExample.tsx
FN:57,getMonacoLanguage
FN:75,(anonymous_1)
FN:87,(anonymous_2)
FN:107,(anonymous_3)
FN:111,(anonymous_4)
FNF:5
FNH:3
FNDA:8,getMonacoLanguage
FNDA:8,(anonymous_1)
FNDA:8,(anonymous_2)
FNDA:0,(anonymous_3)
FNDA:0,(anonymous_4)
DA:58,8
DA:60,5
DA:62,1
DA:64,1
DA:66,1
DA:68,0
DA:75,1
DA:84,8
DA:87,8
DA:88,8
DA:90,8
DA:92,1
DA:94,1
DA:96,1
DA:100,5
DA:101,4
DA:103,1
DA:107,8
DA:108,0
DA:109,0
DA:110,0
DA:111,0
DA:113,0
DA:117,8
DA:119,8
DA:160,1
LF:26
LH:20
BRDA:58,0,0,5
BRDA:58,0,1,1
BRDA:58,0,2,1
BRDA:58,0,3,1
BRDA:58,0,4,0
BRDA:78,1,0,8
BRDA:80,2,0,8
BRDA:81,3,0,8
BRDA:88,4,0,8
BRDA:88,4,1,8
BRDA:90,5,0,1
BRDA:90,5,1,1
BRDA:90,5,2,1
BRDA:90,5,3,5
BRDA:90,5,4,5
BRDA:100,6,0,4
BRDA:100,6,1,1
BRDA:121,7,0,8
BRDA:121,7,1,8
BRDA:132,8,0,0
BRDA:132,8,1,8
BRF:21
BRH:19
end_of_record
TN:
SF:src/components/api-docs/APIRequestExample/index.ts
FNF:0
FNH:0
LF:0
LH:0
BRF:0
BRH:0
end_of_record
TN:
SF:src/components/api-docs/APIRequestExample/utils.ts
FN:12,generateCurlSnippet
FN:28,(anonymous_1)
FN:29,(anonymous_2)
FN:49,generateJavaScriptSnippet
FN:69,(anonymous_4)
FN:90,generatePythonSnippet
FNF:6
FNH:4
FNDA:11,generateCurlSnippet
FNDA:0,(anonymous_1)
FNDA:0,(anonymous_2)
FNDA:3,generateJavaScriptSnippet
FNDA:6,(anonymous_4)
FNDA:2,generatePythonSnippet
DA:17,11
DA:18,11
DA:19,11
DA:21,11
DA:22,11
DA:26,11
DA:27,0
DA:28,0
DA:29,0
DA:31,0
DA:32,0
DA:33,0
DA:38,11
DA:39,11
DA:40,11
DA:43,11
DA:54,3
DA:55,3
DA:57,3
DA:58,3
DA:59,3
DA:61,3
DA:62,3
DA:65,3
DA:67,3
DA:68,3
DA:69,3
DA:70,6
DA:72,3
DA:74,0
DA:77,3
DA:78,3
DA:79,3
DA:82,3
DA:84,3
DA:95,2
DA:96,2
DA:98,2
DA:100,2
DA:101,2
DA:102,2
DA:104,2
DA:105,2
DA:108,2
DA:109,2
DA:112,2
DA:113,2
DA:114,2
DA:115,2
DA:117,0
DA:118,0
DA:120,0
DA:124,2
DA:126,2
LF:54
LH:44
BRDA:21,0,0,11
BRDA:21,0,1,0
BRDA:26,1,0,0
BRDA:26,1,1,11
BRDA:26,2,0,11
BRDA:26,2,1,0
BRDA:31,3,0,0
BRDA:31,3,1,0
BRDA:32,4,0,0
BRDA:32,4,1,0
BRDA:38,5,0,11
BRDA:38,5,1,0
BRDA:38,6,0,11
BRDA:38,6,1,11
BRDA:58,7,0,3
BRDA:58,7,1,0
BRDA:61,8,0,3
BRDA:61,8,1,0
BRDA:61,9,0,3
BRDA:61,9,1,3
BRDA:67,10,0,3
BRDA:67,10,1,0
BRDA:77,11,0,3
BRDA:77,11,1,0
BRDA:77,12,0,3
BRDA:77,12,1,3
BRDA:101,13,0,2
BRDA:101,13,1,0
BRDA:104,14,0,2
BRDA:104,14,1,0
BRDA:104,15,0,2
BRDA:104,15,1,2
BRDA:108,16,0,2
BRDA:108,16,1,0
BRDA:112,17,0,2
BRDA:112,17,1,0
BRDA:112,18,0,2
BRDA:112,18,1,2
BRDA:117,19,0,0
BRDA:117,19,1,0
BRF:40
BRH:22
end_of_record
TN:
SF:src/components/api-docs/APIResponseExample/APIResponseExample.tsx
FN:42,getStatusColor
FN:61,(anonymous_1)
FN:70,(anonymous_2)
FN:77,(anonymous_3)
FN:81,(anonymous_4)
FNF:5
FNH:4
FNDA:14,getStatusColor
FNDA:14,(anonymous_1)
FNDA:13,(anonymous_2)
FNDA:1,(anonymous_3)
FNDA:0,(anonymous_4)
DA:43,14
DA:44,12
DA:46,2
DA:47,0
DA:49,2
DA:50,1
DA:52,1
DA:53,1
DA:55,0
DA:61,2
DA:67,14
DA:70,14
DA:71,13
DA:72,10
DA:74,3
DA:77,14
DA:78,1
DA:79,1
DA:80,1
DA:81,1
DA:83,0
DA:87,14
DA:89,14
DA:138,2
LF:24
LH:21
BRDA:43,0,0,12
BRDA:43,0,1,2
BRDA:43,1,0,14
BRDA:43,1,1,14
BRDA:46,2,0,0
BRDA:46,2,1,2
BRDA:46,3,0,2
BRDA:46,3,1,2
BRDA:49,4,0,1
BRDA:49,4,1,1
BRDA:49,5,0,2
BRDA:49,5,1,2
BRDA:52,6,0,1
BRDA:52,6,1,0
BRDA:63,7,0,14
BRDA:64,8,0,14
BRDA:71,9,0,10
BRDA:71,9,1,3
BRDA:98,10,0,14
BRDA:98,10,1,14
BRDA:98,10,2,11
BRDA:109,11,0,1
BRDA:109,11,1,10
BRF:23
BRH:21
end_of_record
TN:
SF:src/components/api-docs/APIResponseExample/index.ts
FNF:0
FNH:0
LF:0
LH:0
BRF:0
BRH:0
end_of_record
TN:
SF:src/components/api-docs/CodeSnippetGenerator/CodeSnippetGenerator.tsx
FN:61,getMonacoLanguage
FN:77,getLanguageName
FN:93,(anonymous_2)
FN:106,(anonymous_3)
FN:121,(anonymous_4)
FN:126,(anonymous_5)
FN:130,(anonymous_6)
FN:155,(anonymous_7)
FNF:8
FNH:7
FNDA:14,getMonacoLanguage
FNDA:41,getLanguageName
FNDA:14,(anonymous_2)
FNDA:13,(anonymous_3)
FNDA:4,(anonymous_4)
FNDA:1,(anonymous_5)
FNDA:0,(anonymous_6)
FNDA:41,(anonymous_7)
DA:62,14
DA:64,11
DA:66,2
DA:68,1
DA:70,0
DA:78,41
DA:80,14
DA:82,14
DA:84,13
DA:86,0
DA:93,1
DA:102,14
DA:103,14
DA:106,14
DA:107,13
DA:109,13
DA:111,10
DA:113,2
DA:115,1
DA:117,0
DA:121,14
DA:122,4
DA:123,4
DA:126,14
DA:127,1
DA:128,1
DA:129,1
DA:130,1
DA:132,0
DA:136,14
DA:138,14
DA:156,41
DA:187,1
LF:33
LH:29
BRDA:62,0,0,11
BRDA:62,0,1,2
BRDA:62,0,2,1
BRDA:62,0,3,0
BRDA:78,1,0,14
BRDA:78,1,1,14
BRDA:78,1,2,13
BRDA:78,1,3,0
BRDA:97,2,0,14
BRDA:98,3,0,14
BRDA:99,4,0,14
BRDA:107,5,0,13
BRDA:107,5,1,13
BRDA:109,6,0,10
BRDA:109,6,1,2
BRDA:109,6,2,1
BRDA:109,6,3,0
BRDA:144,7,0,1
BRDA:144,7,1,13
BRF:19
BRH:16
end_of_record
TN:
SF:src/components/api-docs/CodeSnippetGenerator/index.ts
FNF:0
FNH:0
LF:0
LH:0
BRF:0
BRH:0
end_of_record
TN:
SF:src/components/assets/index.ts
FNF:0
FNH:0
LF:0
LH:0
BRF:0
BRH:0
end_of_record
TN:
SF:src/components/assets/AssetActions/AssetActions.tsx
FN:135,(anonymous_0)
FN:157,(anonymous_1)
FN:161,(anonymous_2)
FN:165,(anonymous_3)
FN:180,(anonymous_4)
FN:192,(anonymous_5)
FN:204,(anonymous_6)
FN:217,(anonymous_7)
FN:236,(anonymous_8)
FN:245,(anonymous_9)
FN:254,(anonymous_10)
FN:292,(anonymous_11)
FN:300,(anonymous_12)
FN:308,(anonymous_13)
FN:316,(anonymous_14)
FN:324,(anonymous_15)
FN:332,(anonymous_16)
FN:335,(anonymous_17)
FN:346,(anonymous_18)
FNF:19
FNH:6
FNDA:28,(anonymous_0)
FNDA:0,(anonymous_1)
FNDA:4,(anonymous_2)
FNDA:4,(anonymous_3)
FNDA:1,(anonymous_4)
FNDA:2,(anonymous_5)
FNDA:1,(anonymous_6)
FNDA:0,(anonymous_7)
FNDA:0,(anonymous_8)
FNDA:0,(anonymous_9)
FNDA:0,(anonymous_10)
FNDA:0,(anonymous_11)
FNDA:0,(anonymous_12)
FNDA:0,(anonymous_13)
FNDA:0,(anonymous_14)
FNDA:0,(anonymous_15)
FNDA:0,(anonymous_16)
FNDA:0,(anonymous_17)
FNDA:0,(anonymous_18)
DA:135,1
DA:155,28
DA:157,28
DA:158,0
DA:161,28
DA:162,4
DA:165,28
DA:166,4
DA:167,4
DA:168,4
DA:173,28
DA:174,28
DA:180,1
DA:192,2
DA:204,1
DA:217,0
DA:230,0
DA:231,0
DA:236,0
DA:245,0
DA:254,0
DA:266,0
DA:292,0
DA:300,0
DA:308,0
DA:316,0
DA:324,0
DA:333,0
DA:335,0
DA:346,0
DA:362,1
LF:31
LH:15
BRDA:137,0,0,28
BRDA:138,1,0,28
BRDA:139,2,0,28
BRDA:140,3,0,28
BRDA:141,4,0,28
BRDA:142,5,0,28
BRDA:143,6,0,28
BRDA:144,7,0,28
BRDA:145,8,0,28
BRDA:146,9,0,28
BRDA:153,10,0,28
BRDA:166,11,0,4
BRDA:166,11,1,0
BRDA:166,12,0,4
BRDA:166,12,1,4
BRDA:166,12,2,4
BRDA:173,13,0,28
BRDA:173,13,1,0
BRDA:176,14,0,28
BRDA:176,14,1,1
BRDA:176,14,2,1
BRDA:181,15,0,1
BRDA:181,15,1,1
BRDA:184,16,0,0
BRDA:184,16,1,1
BRDA:188,17,0,28
BRDA:188,17,1,2
BRDA:188,17,2,2
BRDA:193,18,0,2
BRDA:193,18,1,2
BRDA:200,19,0,28
BRDA:200,19,1,1
BRDA:200,19,2,1
BRDA:205,20,0,1
BRDA:205,20,1,1
BRDA:213,21,0,28
BRDA:213,21,1,0
BRDA:213,21,2,0
BRDA:218,22,0,0
BRDA:218,22,1,0
BRDA:230,23,0,0
BRDA:230,23,1,0
BRDA:232,24,0,0
BRDA:232,24,1,0
BRDA:233,25,0,0
BRDA:233,25,1,0
BRDA:233,25,2,0
BRDA:237,26,0,0
BRDA:237,26,1,0
BRDA:242,27,0,0
BRDA:242,27,1,0
BRDA:242,27,2,0
BRDA:246,28,0,0
BRDA:246,28,1,0
BRDA:251,29,0,0
BRDA:251,29,1,0
BRDA:251,29,2,0
BRDA:255,30,0,0
BRDA:255,30,1,0
BRDA:272,31,0,0
BRDA:272,31,1,0
BRDA:291,32,0,28
BRDA:291,32,1,0
BRDA:291,32,2,0
BRDA:292,33,0,0
BRDA:292,33,1,0
BRDA:299,34,0,28
BRDA:299,34,1,0
BRDA:299,34,2,0
BRDA:300,35,0,0
BRDA:300,35,1,0
BRDA:307,36,0,28
BRDA:307,36,1,0
BRDA:307,36,2,0
BRDA:308,37,0,0
BRDA:308,37,1,0
BRDA:315,38,0,28
BRDA:315,38,1,0
BRDA:315,38,2,0
BRDA:316,39,0,0
BRDA:316,39,1,0
BRDA:323,40,0,28
BRDA:323,40,1,0
BRDA:323,40,2,0
BRDA:324,41,0,0
BRDA:324,41,1,0
BRDA:331,42,0,28
BRDA:331,42,1,0
BRDA:336,43,0,0
BRDA:336,43,1,0
BRDA:336,43,2,0
BRDA:338,44,0,0
BRDA:338,44,1,0
BRDA:342,45,0,28
BRDA:342,45,1,0
BRDA:342,45,2,0
BRDA:347,46,0,0
BRDA:347,46,1,0
BRF:98
BRH:40
end_of_record
TN:
SF:src/components/assets/AssetActions/index.ts
FNF:0
FNH:0
LF:0
LH:0
BRF:0
BRH:0
end_of_record
TN:
SF:src/components/assets/AssetCard/AssetCard.tsx
FN:85,(anonymous_0)
FN:99,(anonymous_1)
FN:109,(anonymous_2)
FN:118,(anonymous_3)
FN:127,(anonymous_4)
FN:134,(anonymous_5)
FN:258,(anonymous_6)
FNF:7
FNH:6
FNDA:29,(anonymous_0)
FNDA:7,(anonymous_1)
FNDA:1,(anonymous_2)
FNDA:2,(anonymous_3)
FNDA:1,(anonymous_4)
FNDA:29,(anonymous_5)
FNDA:0,(anonymous_6)
DA:85,1
DA:97,29
DA:99,29
DA:100,7
DA:101,6
DA:102,2
DA:104,4
DA:109,29
DA:110,1
DA:111,1
DA:112,1
DA:114,0
DA:118,29
DA:119,2
DA:120,2
DA:121,2
DA:123,0
DA:127,29
DA:128,1
DA:129,1
DA:133,29
DA:134,29
DA:135,29
DA:140,29
DA:254,1
DA:258,1
DA:260,0
LF:27
LH:24
BRDA:87,0,0,29
BRDA:88,1,0,29
BRDA:89,2,0,29
BRDA:90,3,0,29
BRDA:100,4,0,6
BRDA:100,4,1,1
BRDA:101,5,0,2
BRDA:101,5,1,4
BRDA:111,6,0,1
BRDA:111,6,1,0
BRDA:120,7,0,2
BRDA:120,7,1,0
BRDA:133,8,0,29
BRDA:133,8,1,1
BRDA:135,9,0,1
BRDA:135,9,1,28
BRDA:135,10,0,29
BRDA:135,10,1,28
BRDA:146,11,0,28
BRDA:146,11,1,1
BRDA:148,12,0,28
BRDA:148,12,1,1
BRDA:176,13,0,29
BRDA:176,13,1,29
BRDA:184,14,0,29
BRDA:184,14,1,29
BRDA:185,15,0,1
BRDA:185,15,1,28
BRDA:192,16,0,1
BRDA:192,16,1,28
BRDA:208,17,0,29
BRDA:208,17,1,28
BRDA:212,18,0,28
BRDA:212,18,1,2
BRDA:214,19,0,2
BRDA:214,19,1,0
BRDA:217,20,0,28
BRDA:217,20,1,1
BRDA:219,21,0,1
BRDA:219,21,1,0
BRDA:233,22,0,29
BRDA:233,22,1,28
BRDA:261,23,0,0
BRDA:261,23,1,0
BRDA:261,23,2,0
BRDA:261,23,3,0
BRDA:261,23,4,0
BRDA:261,23,5,0
BRDA:261,23,6,0
BRDA:261,23,7,0
BRDA:261,23,8,0
BRDA:261,23,9,0
BRDA:261,23,10,0
BRF:53
BRH:38
end_of_record
TN:
SF:src/components/assets/AssetCard/index.ts
FNF:0
FNH:0
LF:0
LH:0
BRF:0
BRH:0
end_of_record
TN:
SF:src/components/assets/AssetForm/AssetForm.tsx
FN:107,(anonymous_0)
FN:134,(anonymous_1)
FN:148,(anonymous_2)
FN:171,(anonymous_3)
FNF:4
FNH:4
FNDA:112,(anonymous_0)
FNDA:27,(anonymous_1)
FNDA:3,(anonymous_2)
FNDA:1,(anonymous_3)
DA:25,1
DA:107,1
DA:117,112
DA:131,112
DA:134,112
DA:135,27
DA:136,9
DA:148,112
DA:149,3
DA:150,2
DA:158,2
DA:160,1
DA:167,1
DA:171,112
DA:172,1
DA:173,0
DA:175,1
DA:179,112
DA:282,1
LF:19
LH:18
BRDA:109,0,0,112
BRDA:110,1,0,112
BRDA:111,2,0,112
BRDA:112,3,0,112
BRDA:115,4,0,112
BRDA:120,5,0,112
BRDA:120,5,1,75
BRDA:121,6,0,112
BRDA:121,6,1,75
BRDA:122,7,0,112
BRDA:122,7,1,75
BRDA:123,8,0,112
BRDA:123,8,1,75
BRDA:124,9,0,112
BRDA:124,9,1,75
BRDA:125,10,0,112
BRDA:125,10,1,75
BRDA:135,11,0,9
BRDA:135,11,1,18
BRDA:139,12,0,9
BRDA:139,12,1,0
BRDA:140,13,0,9
BRDA:140,13,1,0
BRDA:149,14,0,2
BRDA:149,14,1,1
BRDA:149,15,0,3
BRDA:149,15,1,2
BRDA:172,16,0,0
BRDA:172,16,1,1
BRDA:184,17,0,36
BRDA:184,17,1,75
BRDA:189,18,0,112
BRDA:189,18,1,75
BRDA:198,19,0,112
BRDA:198,19,1,36
BRDA:247,20,0,112
BRDA:247,20,1,36
BRF:37
BRH:34
end_of_record
TN:
SF:src/components/assets/AssetForm/index.ts
FNF:0
FNH:0
LF:0
LH:0
BRF:0
BRH:0
end_of_record
TN:
SF:src/components/assets/AssetList/AssetList.tsx
FN:99,(anonymous_0)
FN:119,(anonymous_1)
FN:154,(anonymous_2)
FN:173,(anonymous_3)
FNF:4
FNH:0
FNDA:0,(anonymous_0)
FNDA:0,(anonymous_1)
FNDA:0,(anonymous_2)
FNDA:0,(anonymous_3)
DA:99,0
DA:116,0
DA:117,0
DA:120,0
DA:129,0
DA:130,0
DA:140,0
DA:141,0
DA:151,0
DA:152,0
DA:155,0
DA:171,0
DA:174,0
DA:194,0
LF:14
LH:0
BRDA:101,0,0,0
BRDA:102,1,0,0
BRDA:103,2,0,0
BRDA:105,3,0,0
BRDA:106,4,0,0
BRDA:107,5,0,0
BRDA:108,6,0,0
BRDA:116,7,0,0
BRDA:116,7,1,0
BRDA:129,8,0,0
BRDA:129,8,1,0
BRDA:133,9,0,0
BRDA:133,9,1,0
BRDA:140,10,0,0
BRDA:140,10,1,0
BRDA:151,11,0,0
BRDA:151,11,1,0
BRF:17
BRH:0
end_of_record
TN:
SF:src/components/assets/AssetList/index.ts
FNF:0
FNH:0
LF:0
LH:0
BRF:0
BRH:0
end_of_record
TN:
SF:src/components/assets/AssetStatusBadge/AssetStatusBadge.tsx
FN:55,getStatusColor
FN:73,getQualityStatusColor
FN:89,getStatusIcon
FN:145,(anonymous_3)
FN:153,(anonymous_4)
FNF:5
FNH:5
FNDA:29,getStatusColor
FNDA:58,getQualityStatusColor
FNDA:116,getStatusIcon
FNDA:116,(anonymous_3)
FNDA:116,(anonymous_4)
DA:56,29
DA:58,27
DA:60,1
DA:62,1
DA:64,0
DA:66,0
DA:74,58
DA:76,56
DA:78,0
DA:80,2
DA:82,0
DA:93,116
DA:94,29
DA:96,27
DA:98,1
DA:100,1
DA:102,0
DA:104,0
DA:108,87
DA:109,29
DA:111,1
DA:113,28
DA:115,0
DA:119,58
DA:120,58
DA:122,56
DA:124,0
DA:126,2
DA:128,0
DA:132,0
DA:145,1
DA:153,116
DA:154,116
DA:155,29
DA:157,87
DA:158,58
DA:160,29
DA:161,29
DA:163,0
DA:166,116
DA:168,116
DA:180,1
LF:42
LH:31
BRDA:56,0,0,27
BRDA:56,0,1,1
BRDA:56,0,2,1
BRDA:56,0,3,0
BRDA:56,0,4,0
BRDA:74,1,0,56
BRDA:74,1,1,0
BRDA:74,1,2,2
BRDA:74,1,3,0
BRDA:93,2,0,29
BRDA:93,2,1,87
BRDA:94,3,0,27
BRDA:94,3,1,1
BRDA:94,3,2,1
BRDA:94,3,3,0
BRDA:94,3,4,0
BRDA:108,4,0,29
BRDA:108,4,1,58
BRDA:109,5,0,1
BRDA:109,5,1,28
BRDA:109,5,2,0
BRDA:119,6,0,58
BRDA:119,6,1,0
BRDA:119,7,0,58
BRDA:119,7,1,29
BRDA:120,8,0,56
BRDA:120,8,1,0
BRDA:120,8,2,2
BRDA:120,8,3,0
BRDA:148,9,0,116
BRDA:149,10,0,116
BRDA:150,11,0,116
BRDA:154,12,0,29
BRDA:154,12,1,87
BRDA:157,13,0,58
BRDA:157,13,1,29
BRDA:157,14,0,87
BRDA:157,14,1,58
BRDA:160,15,0,29
BRDA:160,15,1,0
BRDA:161,16,0,1
BRDA:161,16,1,28
BRDA:166,17,0,116
BRDA:166,17,1,0
BRF:44
BRH:32
end_of_record
TN:
SF:src/components/assets/AssetStatusBadge/index.ts
FNF:0
FNH:0
LF:0
LH:0
BRF:0
BRH:0
end_of_record
TN:
SF:src/components/auth/SessionManager.tsx
FN:46,(anonymous_0)
FN:50,(anonymous_1)
FNF:2
FNH:0
FNDA:0,(anonymous_0)
FNDA:0,(anonymous_1)
DA:46,0
DA:47,0
DA:48,0
DA:50,0
DA:51,0
DA:52,0
DA:53,0
DA:55,0
DA:59,0
LF:9
LH:0
BRF:0
BRH:0
end_of_record
TN:
SF:src/components/auth/SessionTimeoutDialog.tsx
FN:52,formatTimeRemaining
FN:72,(anonymous_1)
FN:83,(anonymous_2)
FN:88,(anonymous_3)
FN:89,(anonymous_4)
FN:98,(anonymous_5)
FN:101,(anonymous_6)
FN:112,(anonymous_7)
FNF:8
FNH:0
FNDA:0,formatTimeRemaining
FNDA:0,(anonymous_1)
FNDA:0,(anonymous_2)
FNDA:0,(anonymous_3)
FNDA:0,(anonymous_4)
FNDA:0,(anonymous_5)
FNDA:0,(anonymous_6)
FNDA:0,(anonymous_7)
DA:53,0
DA:55,0
DA:56,0
DA:58,0
DA:59,0
DA:62,0
DA:63,0
DA:66,0
DA:72,0
DA:80,0
DA:83,0
DA:84,0
DA:86,0
DA:88,0
DA:89,0
DA:90,0
DA:91,0
DA:92,0
DA:94,0
DA:98,0
DA:101,0
DA:102,0
DA:103,0
DA:104,0
DA:105,0
DA:108,0
DA:112,0
DA:113,0
DA:114,0
DA:115,0
DA:119,0
DA:123,0
LF:32
LH:0
BRDA:53,0,0,0
BRDA:53,0,1,0
BRDA:58,1,0,0
BRDA:58,1,1,0
BRDA:59,2,0,0
BRDA:59,2,1,0
BRDA:62,3,0,0
BRDA:62,3,1,0
BRDA:63,4,0,0
BRDA:63,4,1,0
BRDA:66,5,0,0
BRDA:66,5,1,0
BRDA:66,6,0,0
BRDA:66,6,1,0
BRDA:75,7,0,0
BRDA:84,8,0,0
BRDA:84,8,1,0
BRDA:84,9,0,0
BRDA:84,9,1,0
BRDA:90,10,0,0
BRDA:90,10,1,0
BRDA:91,11,0,0
BRDA:91,11,1,0
BRDA:104,12,0,0
BRDA:104,12,1,0
BRDA:114,13,0,0
BRDA:114,13,1,0
BRDA:119,14,0,0
BRDA:119,14,1,0
BRDA:119,15,0,0
BRDA:119,15,1,0
BRDA:119,15,2,0
BRDA:145,16,0,0
BRDA:145,16,1,0
BRDA:151,17,0,0
BRDA:151,17,1,0
BRDA:151,18,0,0
BRDA:151,18,1,0
BRDA:175,19,0,0
BRDA:175,19,1,0
BRF:40
BRH:0
end_of_record
TN:
SF:src/components/auth/index.ts
FNF:0
FNH:0
LF:0
LH:0
BRF:0
BRH:0
end_of_record
TN:
SF:src/components/common/index.ts
FNF:0
FNH:0
LF:0
LH:0
BRF:0
BRH:0
end_of_record
TN:
SF:src/components/common/LazyApolloProvider/LazyApolloProvider.tsx
FN:12,(anonymous_0)
FN:13,(anonymous_1)
FN:21,(anonymous_2)
FN:67,(anonymous_3)
FN:85,preloadApolloClient
FNF:5
FNH:0
FNDA:0,(anonymous_0)
FNDA:0,(anonymous_1)
FNDA:0,(anonymous_2)
FNDA:0,(anonymous_3)
FNDA:0,preloadApolloClient
DA:12,0
DA:13,0
DA:21,0
DA:22,0
DA:67,0
DA:72,0
DA:86,0
LF:7
LH:0
BRDA:73,0,0,0
BRDA:73,0,1,0
BRF:2
BRH:0
end_of_record
TN:
SF:src/components/common/LazyApolloProvider/index.ts
FNF:0
FNH:0
LF:0
LH:0
BRF:0
BRH:0
end_of_record
TN:
SF:src/components/common/LazyMonacoEditor/LazyMonacoEditor.tsx
FN:12,(anonymous_0)
FN:17,(anonymous_1)
FN:105,(anonymous_2)
FN:131,preloadMonacoEditor
FNF:4
FNH:0
FNDA:0,(anonymous_0)
FNDA:0,(anonymous_1)
FNDA:0,(anonymous_2)
FNDA:0,preloadMonacoEditor
DA:12,0
DA:17,0
DA:18,0
DA:105,0
DA:109,0
DA:132,0
LF:6
LH:0
BRDA:110,0,0,0
BRDA:110,0,1,0
BRF:2
BRH:0
end_of_record
TN:
SF:src/components/common/LazyMonacoEditor/index.ts
FNF:0
FNH:0
LF:0
LH:0
BRF:0
BRH:0
end_of_record
TN:
SF:src/components/common/Loading/Loading.tsx
FN:24,(anonymous_0)
FNF:1
FNH:0
FNDA:0,(anonymous_0)
DA:24,0
DA:28,0
LF:2
LH:0
BRDA:25,0,0,0
BRDA:26,1,0,0
BRDA:36,2,0,0
BRDA:36,2,1,0
BRDA:42,3,0,0
BRDA:42,3,1,0
BRF:6
BRH:0
end_of_record
TN:
SF:src/components/common/Loading/index.ts
FNF:0
FNH:0
LF:0
LH:0
BRF:0
BRH:0
end_of_record
TN:
SF:src/components/compliance/ComplianceOverview.tsx
FN:61,calculateStats
FN:69,(anonymous_1)
FN:70,(anonymous_2)
FN:71,(anonymous_3)
FN:72,(anonymous_4)
FN:75,(anonymous_5)
FN:109,(anonymous_6)
FNF:7
FNH:0
FNDA:0,calculateStats
FNDA:0,(anonymous_1)
FNDA:0,(anonymous_2)
FNDA:0,(anonymous_3)
FNDA:0,(anonymous_4)
FNDA:0,(anonymous_5)
FNDA:0,(anonymous_6)
DA:62,0
DA:63,0
DA:64,0
DA:65,0
DA:66,0
DA:69,0
DA:70,0
DA:71,0
DA:72,0
DA:75,0
DA:76,0
DA:77,0
DA:78,0
DA:79,0
DA:81,0
DA:83,0
DA:109,0
DA:117,0
DA:119,0
DA:257,0
LF:20
LH:0
BRDA:72,0,0,0
BRDA:72,0,1,0
BRDA:76,1,0,0
BRDA:76,1,1,0
BRDA:76,2,0,0
BRDA:76,2,1,0
BRDA:77,3,0,0
BRDA:77,3,1,0
BRDA:78,4,0,0
BRDA:78,4,1,0
BRDA:110,5,0,0
BRDA:112,6,0,0
BRDA:113,7,0,0
BRDA:114,8,0,0
BRDA:117,9,0,0
BRDA:117,9,1,0
BRDA:187,10,0,0
BRDA:187,10,1,0
BRDA:187,10,2,0
BRDA:206,11,0,0
BRDA:206,11,1,0
BRDA:217,12,0,0
BRDA:217,12,1,0
BRDA:224,13,0,0
BRDA:224,13,1,0
BRDA:232,14,0,0
BRDA:232,14,1,0
BRDA:240,15,0,0
BRDA:240,15,1,0
BRF:29
BRH:0
end_of_record
TN:
SF:src/components/compliance/ComplianceScanList.tsx
FN:96,getComplianceStatusBadgeVariant
FN:115,getRiskLevelBadgeVariant
FN:134,getScanStatusBadgeVariant
FN:151,formatDate
FN:175,(anonymous_4)
FN:192,(anonymous_5)
FN:228,(anonymous_6)
FN:232,(anonymous_7)
FN:264,(anonymous_8)
FN:280,(anonymous_9)
FN:300,(anonymous_10)
FN:302,(anonymous_11)
FNF:12
FNH:0
FNDA:0,getComplianceStatusBadgeVariant
FNDA:0,getRiskLevelBadgeVariant
FNDA:0,getScanStatusBadgeVariant
FNDA:0,formatDate
FNDA:0,(anonymous_4)
FNDA:0,(anonymous_5)
FNDA:0,(anonymous_6)
FNDA:0,(anonymous_7)
FNDA:0,(anonymous_8)
FNDA:0,(anonymous_9)
FNDA:0,(anonymous_10)
FNDA:0,(anonymous_11)
DA:99,0
DA:100,0
DA:102,0
DA:104,0
DA:106,0
DA:108,0
DA:116,0
DA:117,0
DA:120,0
DA:122,0
DA:125,0
DA:127,0
DA:135,0
DA:137,0
DA:140,0
DA:142,0
DA:144,0
DA:152,0
DA:153,0
DA:154,0
DA:156,0
DA:175,0
DA:190,0
DA:192,0
DA:193,0
DA:194,0
DA:196,0
DA:201,0
DA:202,0
DA:211,0
DA:229,0
DA:232,0
DA:265,0
DA:281,0
DA:282,0
DA:312,0
LF:36
LH:0
BRDA:99,0,0,0
BRDA:99,0,1,0
BRDA:100,1,0,0
BRDA:100,1,1,0
BRDA:100,1,2,0
BRDA:100,1,3,0
BRDA:116,2,0,0
BRDA:116,2,1,0
BRDA:117,3,0,0
BRDA:117,3,1,0
BRDA:117,3,2,0
BRDA:117,3,3,0
BRDA:117,3,4,0
BRDA:117,3,5,0
BRDA:135,4,0,0
BRDA:135,4,1,0
BRDA:135,4,2,0
BRDA:135,4,3,0
BRDA:135,4,4,0
BRDA:152,5,0,0
BRDA:152,5,1,0
BRDA:178,6,0,0
BRDA:179,7,0,0
BRDA:180,8,0,0
BRDA:181,9,0,0
BRDA:185,10,0,0
BRDA:186,11,0,0
BRDA:187,12,0,0
BRDA:193,13,0,0
BRDA:193,13,1,0
BRDA:201,14,0,0
BRDA:201,14,1,0
BRDA:244,15,0,0
BRDA:244,15,1,0
BRDA:253,16,0,0
BRDA:253,16,1,0
BRDA:262,17,0,0
BRDA:262,17,1,0
BRDA:262,18,0,0
BRDA:262,18,1,0
BRDA:267,19,0,0
BRDA:267,19,1,0
BRDA:295,20,0,0
BRDA:295,20,1,0
BRDA:295,20,2,0
BRDA:300,21,0,0
BRDA:300,21,1,0
BRDA:302,22,0,0
BRDA:302,22,1,0
BRDA:303,23,0,0
BRDA:303,23,1,0
BRF:51
BRH:0
end_of_record
TN:
SF:src/components/compliance/ViolationCard.tsx
FN:63,getSeverityColor
FN:74,getSeverityIcon
FN:85,getSeverityLabel
FN:109,(anonymous_3)
FN:124,(anonymous_4)
FN:215,(anonymous_5)
FN:216,(anonymous_6)
FN:219,(anonymous_7)
FNF:8
FNH:0
FNDA:0,getSeverityColor
FNDA:0,getSeverityIcon
FNDA:0,getSeverityLabel
FNDA:0,(anonymous_3)
FNDA:0,(anonymous_4)
FNDA:0,(anonymous_5)
FNDA:0,(anonymous_6)
FNDA:0,(anonymous_7)
DA:64,0
DA:65,0
DA:66,0
DA:67,0
DA:68,0
DA:75,0
DA:76,0
DA:77,0
DA:78,0
DA:79,0
DA:86,0
DA:87,0
DA:88,0
DA:89,0
DA:90,0
DA:91,0
DA:92,0
DA:93,0
DA:109,0
DA:117,0
DA:119,0
DA:120,0
DA:121,0
DA:122,0
DA:124,0
DA:125,0
DA:126,0
DA:129,0
DA:215,0
DA:217,0
DA:219,0
DA:235,0
LF:32
LH:0
BRDA:64,0,0,0
BRDA:64,0,1,0
BRDA:66,1,0,0
BRDA:66,1,1,0
BRDA:66,2,0,0
BRDA:66,2,1,0
BRDA:67,3,0,0
BRDA:67,3,1,0
BRDA:67,4,0,0
BRDA:67,4,1,0
BRDA:75,5,0,0
BRDA:75,5,1,0
BRDA:77,6,0,0
BRDA:77,6,1,0
BRDA:77,7,0,0
BRDA:77,7,1,0
BRDA:78,8,0,0
BRDA:78,8,1,0
BRDA:78,9,0,0
BRDA:78,9,1,0
BRDA:86,10,0,0
BRDA:86,10,1,0
BRDA:88,11,0,0
BRDA:88,11,1,0
BRDA:89,12,0,0
BRDA:89,12,1,0
BRDA:90,13,0,0
BRDA:90,13,1,0
BRDA:91,14,0,0
BRDA:91,14,1,0
BRDA:92,15,0,0
BRDA:92,15,1,0
BRDA:112,16,0,0
BRDA:114,17,0,0
BRDA:115,18,0,0
BRDA:133,19,0,0
BRDA:133,19,1,0
BRDA:135,20,0,0
BRDA:135,20,1,0
BRDA:148,21,0,0
BRDA:148,21,1,0
BRDA:156,22,0,0
BRDA:156,22,1,0
BRDA:164,23,0,0
BRDA:164,23,1,0
BRDA:165,24,0,0
BRDA:165,24,1,0
BRDA:167,25,0,0
BRDA:167,25,1,0
BRDA:177,26,0,0
BRDA:177,26,1,0
BRDA:178,27,0,0
BRDA:178,27,1,0
BRDA:184,28,0,0
BRDA:184,28,1,0
BRDA:196,29,0,0
BRDA:196,29,1,0
BRDA:208,30,0,0
BRDA:208,30,1,0
BRDA:222,31,0,0
BRDA:222,31,1,0
BRF:61
BRH:0
end_of_record
TN:
SF:src/components/compliance/ViolationScanSection.tsx
FN:32,(anonymous_0)
FNF:1
FNH:0
FNDA:0,(anonymous_0)
DA:32,0
DA:33,0
DA:38,0
DA:40,0
DA:95,0
LF:5
LH:0
BRDA:38,0,0,0
BRDA:38,0,1,0
BRDA:49,1,0,0
BRDA:49,1,1,0
BRDA:54,2,0,0
BRDA:54,2,1,0
BRDA:56,3,0,0
BRDA:56,3,1,0
BRDA:56,4,0,0
BRDA:56,4,1,0
BRDA:62,5,0,0
BRDA:62,5,1,0
BRDA:67,6,0,0
BRDA:67,6,1,0
BRDA:72,7,0,0
BRDA:72,7,1,0
BRDA:74,8,0,0
BRDA:74,8,1,0
BRDA:85,9,0,0
BRDA:85,9,1,0
BRF:20
BRH:0
end_of_record
TN:
SF:src/components/compliance/ViolationsList.tsx
FN:40,getSeverityColor
FN:51,getSeverityIcon
FN:62,(anonymous_2)
FN:78,(anonymous_3)
FN:88,(anonymous_4)
FN:111,(anonymous_5)
FN:135,(anonymous_6)
FN:179,(anonymous_7)
FNF:8
FNH:0
FNDA:0,getSeverityColor
FNDA:0,getSeverityIcon
FNDA:0,(anonymous_2)
FNDA:0,(anonymous_3)
FNDA:0,(anonymous_4)
FNDA:0,(anonymous_5)
FNDA:0,(anonymous_6)
FNDA:0,(anonymous_7)
DA:41,0
DA:42,0
DA:43,0
DA:44,0
DA:45,0
DA:52,0
DA:53,0
DA:54,0
DA:55,0
DA:56,0
DA:62,0
DA:67,0
DA:68,0
DA:78,0
DA:79,0
DA:88,0
DA:89,0
DA:90,0
DA:91,0
DA:92,0
DA:93,0
DA:94,0
DA:95,0
DA:96,0
DA:97,0
DA:98,0
DA:99,0
DA:101,0
DA:105,0
DA:108,0
DA:112,0
DA:114,0
DA:136,0
DA:180,0
DA:193,0
LF:35
LH:0
BRDA:41,0,0,0
BRDA:41,0,1,0
BRDA:43,1,0,0
BRDA:43,1,1,0
BRDA:43,2,0,0
BRDA:43,2,1,0
BRDA:44,3,0,0
BRDA:44,3,1,0
BRDA:44,4,0,0
BRDA:44,4,1,0
BRDA:52,5,0,0
BRDA:52,5,1,0
BRDA:54,6,0,0
BRDA:54,6,1,0
BRDA:54,7,0,0
BRDA:54,7,1,0
BRDA:55,8,0,0
BRDA:55,8,1,0
BRDA:55,9,0,0
BRDA:55,9,1,0
BRDA:63,10,0,0
BRDA:64,11,0,0
BRDA:65,12,0,0
BRDA:67,13,0,0
BRDA:67,13,1,0
BRDA:67,14,0,0
BRDA:67,14,1,0
BRDA:89,15,0,0
BRDA:89,15,1,0
BRDA:90,16,0,0
BRDA:90,16,1,0
BRDA:92,17,0,0
BRDA:92,17,1,0
BRDA:94,18,0,0
BRDA:94,18,1,0
BRDA:96,19,0,0
BRDA:96,19,1,0
BRDA:98,20,0,0
BRDA:98,20,1,0
BRDA:112,21,0,0
BRDA:112,21,1,0
BRDA:115,22,0,0
BRDA:115,22,1,0
BRDA:140,23,0,0
BRDA:140,23,1,0
BRDA:144,24,0,0
BRDA:144,24,1,0
BRDA:155,25,0,0
BRDA:155,25,1,0
BRDA:159,26,0,0
BRDA:159,26,1,0
BRDA:136,27,0,0
BRDA:136,27,1,0
BRDA:173,28,0,0
BRDA:173,28,1,0
BRDA:173,28,2,0
BRDA:182,29,0,0
BRDA:182,29,1,0
BRF:58
BRH:0
end_of_record
TN:
SF:src/components/compliance/index.ts
FNF:0
FNH:0
LF:0
LH:0
BRF:0
BRH:0
end_of_record
TN:
SF:src/components/contracts/ContractEditor.tsx
FN:74,(anonymous_0)
FN:120,(anonymous_1)
FN:125,(anonymous_2)
FN:133,(anonymous_3)
FN:135,(anonymous_4)
FN:139,(anonymous_5)
FN:148,(anonymous_6)
FN:153,(anonymous_7)
FN:160,(anonymous_8)
FN:160,(anonymous_9)
FN:166,(anonymous_10)
FN:172,(anonymous_11)
FN:180,(anonymous_12)
FN:187,(anonymous_13)
FN:194,(anonymous_14)
FN:198,(anonymous_15)
FN:202,(anonymous_16)
FN:217,(anonymous_17)
FN:231,(anonymous_18)
FN:251,(anonymous_19)
FN:253,(anonymous_20)
FN:260,(anonymous_21)
FN:268,(anonymous_22)
FN:275,(anonymous_23)
FN:301,(anonymous_24)
FN:376,(anonymous_25)
FN:385,(anonymous_26)
FN:388,(anonymous_27)
FN:403,(anonymous_28)
FN:404,(anonymous_29)
FN:430,(anonymous_30)
FN:438,(anonymous_31)
FN:444,(anonymous_32)
FNF:33
FNH:0
FNDA:0,(anonymous_0)
FNDA:0,(anonymous_1)
FNDA:0,(anonymous_2)
FNDA:0,(anonymous_3)
FNDA:0,(anonymous_4)
FNDA:0,(anonymous_5)
FNDA:0,(anonymous_6)
FNDA:0,(anonymous_7)
FNDA:0,(anonymous_8)
FNDA:0,(anonymous_9)
FNDA:0,(anonymous_10)
FNDA:0,(anonymous_11)
FNDA:0,(anonymous_12)
FNDA:0,(anonymous_13)
FNDA:0,(anonymous_14)
FNDA:0,(anonymous_15)
FNDA:0,(anonymous_16)
FNDA:0,(anonymous_17)
FNDA:0,(anonymous_18)
FNDA:0,(anonymous_19)
FNDA:0,(anonymous_20)
FNDA:0,(anonymous_21)
FNDA:0,(anonymous_22)
FNDA:0,(anonymous_23)
FNDA:0,(anonymous_24)
FNDA:0,(anonymous_25)
FNDA:0,(anonymous_26)
FNDA:0,(anonymous_27)
FNDA:0,(anonymous_28)
FNDA:0,(anonymous_29)
FNDA:0,(anonymous_30)
FNDA:0,(anonymous_31)
FNDA:0,(anonymous_32)
DA:61,0
DA:74,0
DA:86,0
DA:96,0
DA:102,0
DA:103,0
DA:104,0
DA:105,0
DA:106,0
DA:107,0
DA:108,0
DA:109,0
DA:110,0
DA:111,0
DA:112,0
DA:113,0
DA:116,0
DA:117,0
DA:120,0
DA:121,0
DA:125,0
DA:126,0
DA:127,0
DA:128,0
DA:133,0
DA:134,0
DA:135,0
DA:136,0
DA:139,0
DA:140,0
DA:141,0
DA:148,0
DA:149,0
DA:150,0
DA:151,0
DA:152,0
DA:153,0
DA:157,0
DA:160,0
DA:166,0
DA:167,0
DA:168,0
DA:171,0
DA:173,0
DA:175,0
DA:180,0
DA:181,0
DA:182,0
DA:183,0
DA:187,0
DA:188,0
DA:189,0
DA:190,0
DA:194,0
DA:195,0
DA:198,0
DA:199,0
DA:202,0
DA:203,0
DA:205,0
DA:206,0
DA:207,0
DA:208,0
DA:209,0
DA:211,0
DA:213,0
DA:217,0
DA:218,0
DA:219,0
DA:220,0
DA:221,0
DA:222,0
DA:224,0
DA:225,0
DA:227,0
DA:231,0
DA:232,0
DA:233,0
DA:234,0
DA:235,0
DA:236,0
DA:237,0
DA:239,0
DA:240,0
DA:241,0
DA:247,0
DA:251,0
DA:252,0
DA:253,0
DA:254,0
DA:256,0
DA:260,0
DA:261,0
DA:262,0
DA:263,0
DA:264,0
DA:268,0
DA:269,0
DA:270,0
DA:275,0
DA:276,0
DA:278,0
DA:280,0
DA:289,0
DA:291,0
DA:293,0
DA:295,0
DA:297,0
DA:301,0
DA:308,0
DA:314,0
DA:317,0
DA:318,0
DA:348,0
DA:377,0
DA:389,0
DA:403,0
DA:405,0
DA:430,0
DA:438,0
DA:445,0
DA:446,0
DA:447,0
DA:448,0
DA:450,0
DA:462,0
LF:126
LH:0
BRDA:78,0,0,0
BRDA:86,1,0,0
BRDA:86,1,1,0
BRDA:126,2,0,0
BRDA:126,2,1,0
BRDA:134,3,0,0
BRDA:134,3,1,0
BRDA:134,4,0,0
BRDA:134,4,1,0
BRDA:134,4,2,0
BRDA:140,5,0,0
BRDA:140,5,1,0
BRDA:149,6,0,0
BRDA:149,6,1,0
BRDA:151,7,0,0
BRDA:151,7,1,0
BRDA:160,8,0,0
BRDA:160,8,1,0
BRDA:182,9,0,0
BRDA:182,9,1,0
BRDA:189,10,0,0
BRDA:189,10,1,0
BRDA:203,11,0,0
BRDA:203,11,1,0
BRDA:203,12,0,0
BRDA:203,12,1,0
BRDA:243,13,0,0
BRDA:243,13,1,0
BRDA:252,14,0,0
BRDA:252,14,1,0
BRDA:262,15,0,0
BRDA:262,15,1,0
BRDA:269,16,0,0
BRDA:269,16,1,0
BRDA:276,17,0,0
BRDA:276,17,1,0
BRDA:276,17,2,0
BRDA:276,17,3,0
BRDA:276,17,4,0
BRDA:276,17,5,0
BRDA:276,17,6,0
BRDA:276,17,7,0
BRDA:302,18,0,0
BRDA:302,18,1,0
BRDA:314,19,0,0
BRDA:314,19,1,0
BRDA:314,19,2,0
BRDA:317,20,0,0
BRDA:317,20,1,0
BRDA:371,21,0,0
BRDA:371,21,1,0
BRDA:375,22,0,0
BRDA:375,22,1,0
BRDA:381,23,0,0
BRDA:381,23,1,0
BRF:55
BRH:0
end_of_record
TN:
SF:src/components/contracts/ContractPreview.tsx
FN:33,(anonymous_0)
FN:57,(anonymous_1)
FN:72,(anonymous_2)
FN:106,(anonymous_3)
FN:158,(anonymous_4)
FN:214,(anonymous_5)
FN:227,(anonymous_6)
FN:240,(anonymous_7)
FN:348,(anonymous_8)
FN:360,(anonymous_9)
FNF:10
FNH:0
FNDA:0,(anonymous_0)
FNDA:0,(anonymous_1)
FNDA:0,(anonymous_2)
FNDA:0,(anonymous_3)
FNDA:0,(anonymous_4)
FNDA:0,(anonymous_5)
FNDA:0,(anonymous_6)
FNDA:0,(anonymous_7)
FNDA:0,(anonymous_8)
FNDA:0,(anonymous_9)
DA:33,3
DA:34,0
DA:58,0
DA:73,0
DA:107,0
DA:159,0
DA:215,0
DA:228,0
DA:241,0
DA:349,0
DA:361,0
DA:397,3
LF:12
LH:2
BRDA:39,0,0,0
BRDA:39,0,1,0
BRDA:41,1,0,0
BRDA:41,1,1,0
BRDA:46,2,0,0
BRDA:46,2,1,0
BRDA:52,3,0,0
BRDA:52,3,1,0
BRDA:55,4,0,0
BRDA:55,4,1,0
BRDA:55,4,2,0
BRDA:66,5,0,0
BRDA:66,5,1,0
BRDA:66,5,2,0
BRDA:89,6,0,0
BRDA:89,6,1,0
BRDA:89,6,2,0
BRDA:112,7,0,0
BRDA:112,7,1,0
BRDA:113,8,0,0
BRDA:113,8,1,0
BRDA:116,9,0,0
BRDA:116,9,1,0
BRDA:119,10,0,0
BRDA:119,10,1,0
BRDA:122,11,0,0
BRDA:122,11,1,0
BRDA:136,12,0,0
BRDA:136,12,1,0
BRDA:136,12,2,0
BRDA:141,13,0,0
BRDA:141,13,1,0
BRDA:170,14,0,0
BRDA:170,14,1,0
BRDA:172,15,0,0
BRDA:172,15,1,0
BRDA:179,16,0,0
BRDA:179,16,1,0
BRDA:182,17,0,0
BRDA:182,17,1,0
BRDA:195,18,0,0
BRDA:195,18,1,0
BRDA:204,19,0,0
BRDA:204,19,1,0
BRDA:207,20,0,0
BRDA:207,20,1,0
BRDA:207,20,2,0
BRDA:220,21,0,0
BRDA:220,21,1,0
BRDA:220,21,2,0
BRDA:233,22,0,0
BRDA:233,22,1,0
BRDA:233,22,2,0
BRDA:246,23,0,0
BRDA:246,23,1,0
BRDA:252,24,0,0
BRDA:252,24,1,0
BRDA:254,25,0,0
BRDA:254,25,1,0
BRDA:266,26,0,0
BRDA:266,26,1,0
BRDA:272,27,0,0
BRDA:272,27,1,0
BRDA:282,28,0,0
BRDA:282,28,1,0
BRDA:292,29,0,0
BRDA:292,29,1,0
BRDA:299,30,0,0
BRDA:299,30,1,0
BRDA:309,31,0,0
BRDA:309,31,1,0
BRDA:327,32,0,0
BRDA:327,32,1,0
BRDA:332,33,0,0
BRDA:332,33,1,0
BRDA:342,34,0,0
BRDA:342,34,1,0
BRDA:342,34,2,0
BRDA:354,35,0,0
BRDA:354,35,1,0
BRDA:354,35,2,0
BRF:81
BRH:0
end_of_record
TN:
SF:src/components/contracts/EditorHeader.tsx
FN:58,getNormalizationStatusBadgeVariant
FN:79,getValidationStatusBadgeVariant
FN:99,formatNormalizationStatus
FN:101,(anonymous_3)
FN:107,formatValidationStatus
FN:109,(anonymous_5)
FN:115,(anonymous_6)
FNF:7
FNH:0
FNDA:0,getNormalizationStatusBadgeVariant
FNDA:0,getValidationStatusBadgeVariant
FNDA:0,formatNormalizationStatus
FNDA:0,(anonymous_3)
FNDA:0,formatValidationStatus
FNDA:0,(anonymous_5)
FNDA:0,(anonymous_6)
DA:61,0
DA:62,0
DA:64,0
DA:66,0
DA:68,0
DA:70,0
DA:72,0
DA:82,0
DA:83,0
DA:85,0
DA:87,0
DA:90,0
DA:92,0
DA:100,0
DA:101,0
DA:108,0
DA:109,0
DA:115,0
DA:134,0
DA:296,0
LF:20
LH:0
BRDA:61,0,0,0
BRDA:61,0,1,0
BRDA:62,1,0,0
BRDA:62,1,1,0
BRDA:62,1,2,0
BRDA:62,1,3,0
BRDA:62,1,4,0
BRDA:82,2,0,0
BRDA:82,2,1,0
BRDA:83,3,0,0
BRDA:83,3,1,0
BRDA:83,3,2,0
BRDA:83,3,3,0
BRDA:83,3,4,0
BRDA:100,4,0,0
BRDA:100,4,1,0
BRDA:108,5,0,0
BRDA:108,5,1,0
BRDA:124,6,0,0
BRDA:125,7,0,0
BRDA:167,8,0,0
BRDA:167,8,1,0
BRDA:169,9,0,0
BRDA:169,9,1,0
BRDA:175,10,0,0
BRDA:175,10,1,0
BRDA:219,11,0,0
BRDA:219,11,1,0
BRDA:223,12,0,0
BRDA:223,12,1,0
BRDA:223,12,2,0
BRDA:230,13,0,0
BRDA:230,13,1,0
BRDA:234,14,0,0
BRDA:234,14,1,0
BRDA:234,14,2,0
BRDA:241,15,0,0
BRDA:241,15,1,0
BRDA:241,16,0,0
BRDA:241,16,1,0
BRDA:244,17,0,0
BRDA:244,17,1,0
BRDA:249,18,0,0
BRDA:249,18,1,0
BRDA:259,19,0,0
BRDA:259,19,1,0
BRDA:267,20,0,0
BRDA:267,20,1,0
BRDA:269,21,0,0
BRDA:269,21,1,0
BRDA:275,22,0,0
BRDA:275,22,1,0
BRDA:275,22,2,0
BRDA:277,23,0,0
BRDA:277,23,1,0
BRDA:279,24,0,0
BRDA:279,24,1,0
BRDA:285,25,0,0
BRDA:285,25,1,0
BRDA:285,25,2,0
BRDA:285,25,3,0
BRF:61
BRH:0
end_of_record
TN:
SF:src/components/contracts/SchemaComparison.tsx
FN:48,(anonymous_0)
FN:60,(anonymous_1)
FN:62,(anonymous_2)
FN:66,(anonymous_3)
FN:68,(anonymous_4)
FN:72,(anonymous_5)
FN:85,(anonymous_6)
FN:131,(anonymous_7)
FN:154,(anonymous_8)
FN:163,(anonymous_9)
FN:206,(anonymous_10)
FN:235,(anonymous_11)
FN:249,(anonymous_12)
FN:258,(anonymous_13)
FN:300,(anonymous_14)
FNF:15
FNH:0
FNDA:0,(anonymous_0)
FNDA:0,(anonymous_1)
FNDA:0,(anonymous_2)
FNDA:0,(anonymous_3)
FNDA:0,(anonymous_4)
FNDA:0,(anonymous_5)
FNDA:0,(anonymous_6)
FNDA:0,(anonymous_7)
FNDA:0,(anonymous_8)
FNDA:0,(anonymous_9)
FNDA:0,(anonymous_10)
FNDA:0,(anonymous_11)
FNDA:0,(anonymous_12)
FNDA:0,(anonymous_13)
FNDA:0,(anonymous_14)
DA:48,0
DA:55,0
DA:56,0
DA:58,0
DA:60,0
DA:61,0
DA:62,0
DA:63,0
DA:66,0
DA:67,0
DA:68,0
DA:69,0
DA:72,0
DA:73,0
DA:76,0
DA:77,0
DA:78,0
DA:83,0
DA:84,0
DA:85,0
DA:86,0
DA:87,0
DA:92,0
DA:95,0
DA:132,0
DA:133,0
DA:134,0
DA:154,0
DA:163,0
DA:207,0
DA:208,0
DA:209,0
DA:236,0
DA:249,0
DA:258,0
DA:301,0
DA:334,0
LF:37
LH:0
BRDA:77,0,0,0
BRDA:77,0,1,0
BRDA:84,1,0,0
BRDA:84,1,1,0
BRDA:86,2,0,0
BRDA:86,2,1,0
BRDA:113,3,0,0
BRDA:113,3,1,0
BRDA:138,4,0,0
BRDA:138,4,1,0
BRDA:138,5,0,0
BRDA:138,5,1,0
BRDA:145,6,0,0
BRDA:145,6,1,0
BRDA:146,7,0,0
BRDA:146,7,1,0
BRDA:148,8,0,0
BRDA:148,8,1,0
BRDA:148,8,2,0
BRDA:170,9,0,0
BRDA:170,9,1,0
BRDA:173,10,0,0
BRDA:173,10,1,0
BRDA:188,11,0,0
BRDA:188,11,1,0
BRDA:213,12,0,0
BRDA:213,12,1,0
BRDA:213,13,0,0
BRDA:213,13,1,0
BRDA:221,14,0,0
BRDA:221,14,1,0
BRDA:229,15,0,0
BRDA:229,15,1,0
BRDA:243,16,0,0
BRDA:243,16,1,0
BRDA:243,16,2,0
BRDA:265,17,0,0
BRDA:265,17,1,0
BRDA:268,18,0,0
BRDA:268,18,1,0
BRDA:283,19,0,0
BRDA:283,19,1,0
BRDA:306,20,0,0
BRDA:306,20,1,0
BRDA:307,21,0,0
BRDA:307,21,1,0
BRDA:318,22,0,0
BRDA:318,22,1,0
BRDA:318,22,2,0
BRDA:318,22,3,0
BRF:50
BRH:0
end_of_record
TN:
SF:src/components/contracts/ValidationPanel.tsx
FN:46,(anonymous_0)
FN:58,(anonymous_1)
FN:64,(anonymous_2)
FN:70,(anonymous_3)
FN:76,(anonymous_4)
FN:151,(anonymous_5)
FN:164,(anonymous_6)
FN:176,(anonymous_7)
FN:200,(anonymous_8)
FN:212,(anonymous_9)
FN:223,(anonymous_10)
FNF:11
FNH:0
FNDA:0,(anonymous_0)
FNDA:0,(anonymous_1)
FNDA:0,(anonymous_2)
FNDA:0,(anonymous_3)
FNDA:0,(anonymous_4)
FNDA:0,(anonymous_5)
FNDA:0,(anonymous_6)
FNDA:0,(anonymous_7)
FNDA:0,(anonymous_8)
FNDA:0,(anonymous_9)
FNDA:0,(anonymous_10)
DA:46,0
DA:53,0
DA:54,0
DA:55,0
DA:58,0
DA:59,0
DA:60,0
DA:64,0
DA:65,0
DA:66,0
DA:70,0
DA:71,0
DA:72,0
DA:76,0
DA:77,0
DA:78,0
DA:85,0
DA:87,0
DA:93,0
DA:100,0
DA:106,0
DA:114,0
DA:151,0
DA:165,0
DA:176,0
DA:200,0
DA:213,0
DA:223,0
DA:266,0
LF:29
LH:0
BRDA:51,0,0,0
BRDA:59,1,0,0
BRDA:59,1,1,0
BRDA:59,2,0,0
BRDA:59,2,1,0
BRDA:59,2,2,0
BRDA:65,3,0,0
BRDA:65,3,1,0
BRDA:65,4,0,0
BRDA:65,4,1,0
BRDA:71,5,0,0
BRDA:71,5,1,0
BRDA:71,6,0,0
BRDA:71,6,1,0
BRDA:77,7,0,0
BRDA:77,7,1,0
BRDA:85,8,0,0
BRDA:85,8,1,0
BRDA:85,8,2,0
BRDA:85,8,3,0
BRDA:85,8,4,0
BRDA:129,9,0,0
BRDA:129,9,1,0
BRDA:132,10,0,0
BRDA:132,10,1,0
BRDA:137,11,0,0
BRDA:137,11,1,0
BRDA:140,12,0,0
BRDA:140,12,1,0
BRDA:148,13,0,0
BRDA:148,13,1,0
BRDA:167,14,0,0
BRDA:167,14,1,0
BRDA:169,15,0,0
BRDA:169,15,1,0
BRDA:170,16,0,0
BRDA:170,16,1,0
BRDA:178,17,0,0
BRDA:178,17,1,0
BRDA:187,18,0,0
BRDA:187,18,1,0
BRDA:197,19,0,0
BRDA:197,19,1,0
BRDA:216,20,0,0
BRDA:216,20,1,0
BRDA:217,21,0,0
BRDA:217,21,1,0
BRDA:225,22,0,0
BRDA:225,22,1,0
BRDA:235,23,0,0
BRDA:235,23,1,0
BRDA:236,24,0,0
BRDA:236,24,1,0
BRDA:248,25,0,0
BRDA:248,25,1,0
BRDA:248,25,2,0
BRDA:248,25,3,0
BRF:57
BRH:0
end_of_record
TN:
SF:src/components/contracts/index.ts
FNF:0
FNH:0
LF:0
LH:0
BRF:0
BRH:0
end_of_record
TN:
SF:src/components/contracts/types.ts
FNF:0
FNH:0
LF:0
LH:0
BRF:0
BRH:0
end_of_record
TN:
SF:src/components/contracts/utils.ts
FN:13,contractToYaml
FN:30,contractToJson
FN:42,yamlToContract
FN:58,jsonToContract
FN:74,createDefaultContract
FN:90,compareSchemaFields
FN:94,(anonymous_6)
FN:95,(anonymous_7)
FN:175,validateContractStructure
FNF:9
FNH:0
FNDA:0,contractToYaml
FNDA:0,contractToJson
FNDA:0,yamlToContract
FNDA:0,jsonToContract
FNDA:0,createDefaultContract
FNDA:0,compareSchemaFields
FNDA:0,(anonymous_6)
FNDA:0,(anonymous_7)
FNDA:0,validateContractStructure
DA:14,0
DA:15,0
DA:22,0
DA:23,0
DA:31,0
DA:32,0
DA:34,0
DA:35,0
DA:43,0
DA:44,0
DA:45,0
DA:46,0
DA:48,0
DA:50,0
DA:51,0
DA:59,0
DA:60,0
DA:61,0
DA:62,0
DA:64,0
DA:66,0
DA:67,0
DA:75,0
DA:94,0
DA:95,0
DA:97,0
DA:98,0
DA:104,0
DA:107,0
DA:108,0
DA:109,0
DA:114,0
DA:115,0
DA:116,0
DA:121,0
DA:122,0
DA:123,0
DA:124,0
DA:125,0
DA:126,0
DA:128,0
DA:129,0
DA:131,0
DA:132,0
DA:134,0
DA:135,0
DA:137,0
DA:138,0
DA:140,0
DA:141,0
DA:143,0
DA:144,0
DA:146,0
DA:147,0
DA:150,0
DA:151,0
DA:161,0
DA:179,0
DA:181,0
DA:182,0
DA:185,0
DA:186,0
DA:189,0
DA:190,0
DA:193,0
DA:194,0
DA:198,0
DA:199,0
DA:200,0
DA:201,0
DA:203,0
DA:204,0
DA:209,0
LF:73
LH:0
BRDA:45,0,0,0
BRDA:45,0,1,0
BRDA:45,1,0,0
BRDA:45,1,1,0
BRDA:51,2,0,0
BRDA:51,2,1,0
BRDA:61,3,0,0
BRDA:61,3,1,0
BRDA:61,4,0,0
BRDA:61,4,1,0
BRDA:67,5,0,0
BRDA:67,5,1,0
BRDA:77,6,0,0
BRDA:77,6,1,0
BRDA:108,7,0,0
BRDA:108,7,1,0
BRDA:115,8,0,0
BRDA:115,8,1,0
BRDA:123,9,0,0
BRDA:123,9,1,0
BRDA:125,10,0,0
BRDA:125,10,1,0
BRDA:128,11,0,0
BRDA:128,11,1,0
BRDA:131,12,0,0
BRDA:131,12,1,0
BRDA:134,13,0,0
BRDA:134,13,1,0
BRDA:137,14,0,0
BRDA:137,14,1,0
BRDA:140,15,0,0
BRDA:140,15,1,0
BRDA:143,16,0,0
BRDA:143,16,1,0
BRDA:146,17,0,0
BRDA:146,17,1,0
BRDA:150,18,0,0
BRDA:150,18,1,0
BRDA:181,19,0,0
BRDA:181,19,1,0
BRDA:185,20,0,0
BRDA:185,20,1,0
BRDA:189,21,0,0
BRDA:189,21,1,0
BRDA:193,22,0,0
BRDA:193,22,1,0
BRDA:193,23,0,0
BRDA:193,23,1,0
BRDA:198,24,0,0
BRDA:198,24,1,0
BRDA:200,25,0,0
BRDA:200,25,1,0
BRDA:203,26,0,0
BRDA:203,26,1,0
BRDA:204,27,0,0
BRDA:204,27,1,0
BRF:56
BRH:0
end_of_record
TN:
SF:src/components/contracts/ContractCard/ContractCard.tsx
FN:28,(anonymous_0)
FN:39,(anonymous_1)
FN:103,(anonymous_2)
FN:117,(anonymous_3)
FN:127,(anonymous_4)
FN:136,(anonymous_5)
FN:145,(anonymous_6)
FN:234,(anonymous_7)
FN:244,(anonymous_8)
FNF:9
FNH:9
FNDA:30,(anonymous_0)
FNDA:30,(anonymous_1)
FNDA:30,(anonymous_2)
FNDA:4,(anonymous_3)
FNDA:1,(anonymous_4)
FNDA:3,(anonymous_5)
FNDA:1,(anonymous_6)
FNDA:60,(anonymous_7)
FNDA:30,(anonymous_8)
DA:28,1
DA:29,30
DA:39,1
DA:40,30
DA:103,1
DA:115,30
DA:117,30
DA:118,4
DA:119,3
DA:120,1
DA:122,2
DA:127,30
DA:128,1
DA:129,1
DA:130,1
DA:132,0
DA:136,30
DA:137,3
DA:138,3
DA:139,3
DA:141,0
DA:145,30
DA:146,1
DA:147,1
DA:150,30
DA:151,30
DA:153,30
DA:157,30
DA:158,30
DA:160,30
DA:235,60
DA:244,30
DA:299,1
LF:33
LH:31
BRDA:30,0,0,30
BRDA:30,0,1,2
BRDA:30,0,2,1
BRDA:40,1,0,30
BRDA:40,1,1,4
BRDA:105,2,0,30
BRDA:106,3,0,30
BRDA:107,4,0,30
BRDA:108,5,0,30
BRDA:118,6,0,3
BRDA:118,6,1,1
BRDA:119,7,0,1
BRDA:119,7,1,2
BRDA:129,8,0,1
BRDA:129,8,1,0
BRDA:138,9,0,3
BRDA:138,9,1,0
BRDA:151,10,0,30
BRDA:151,10,1,4
BRDA:153,11,0,1
BRDA:153,11,1,29
BRDA:153,12,0,30
BRDA:153,12,1,29
BRDA:157,13,0,30
BRDA:157,13,1,0
BRDA:157,13,2,0
BRDA:158,14,0,30
BRDA:158,14,1,0
BRDA:158,14,2,0
BRDA:166,15,0,29
BRDA:166,15,1,1
BRDA:168,16,0,29
BRDA:168,16,1,1
BRDA:184,17,0,30
BRDA:184,17,1,24
BRDA:198,18,0,30
BRDA:198,18,1,30
BRDA:199,19,0,1
BRDA:199,19,1,29
BRDA:206,20,0,1
BRDA:206,20,1,29
BRDA:218,21,0,30
BRDA:218,21,1,30
BRDA:223,22,0,30
BRDA:223,22,1,29
BRDA:227,23,0,29
BRDA:227,23,1,1
BRDA:232,24,0,29
BRDA:232,24,1,29
BRDA:237,25,0,29
BRDA:237,25,1,1
BRDA:242,26,0,29
BRDA:242,26,1,29
BRDA:244,27,0,30
BRDA:244,27,1,0
BRDA:258,28,0,30
BRDA:258,28,1,29
BRDA:261,29,0,29
BRDA:261,29,1,1
BRDA:271,30,0,29
BRDA:271,30,1,3
BRDA:281,31,0,29
BRDA:281,31,1,1
BRF:63
BRH:56
end_of_record
TN:
SF:src/components/contracts/ContractCard/index.ts
FNF:0
FNH:0
LF:0
LH:0
BRF:0
BRH:0
end_of_record
TN:
SF:src/components/contracts/ContractForm/ContractForm.tsx
FN:115,(anonymous_0)
FN:145,(anonymous_1)
FN:158,(anonymous_2)
FN:171,(anonymous_3)
FN:190,(anonymous_4)
FN:198,(anonymous_5)
FN:266,(anonymous_6)
FN:272,(anonymous_7)
FN:286,(anonymous_8)
FN:302,(anonymous_9)
FNF:10
FNH:0
FNDA:0,(anonymous_0)
FNDA:0,(anonymous_1)
FNDA:0,(anonymous_2)
FNDA:0,(anonymous_3)
FNDA:0,(anonymous_4)
FNDA:0,(anonymous_5)
FNDA:0,(anonymous_6)
FNDA:0,(anonymous_7)
FNDA:0,(anonymous_8)
FNDA:0,(anonymous_9)
DA:31,0
DA:115,0
DA:126,0
DA:138,0
DA:139,0
DA:141,0
DA:142,0
DA:145,0
DA:146,0
DA:147,0
DA:158,0
DA:159,0
DA:160,0
DA:161,0
DA:162,0
DA:163,0
DA:165,0
DA:167,0
DA:171,0
DA:172,0
DA:173,0
DA:177,0
DA:179,0
DA:186,0
DA:190,0
DA:191,0
DA:192,0
DA:194,0
DA:198,0
DA:199,0
DA:200,0
DA:201,0
DA:204,0
DA:205,0
DA:206,0
DA:210,0
DA:211,0
DA:212,0
DA:214,0
DA:218,0
DA:222,0
DA:223,0
DA:225,0
DA:232,0
DA:266,0
DA:272,0
DA:286,0
DA:302,0
DA:350,0
LF:49
LH:0
BRDA:117,0,0,0
BRDA:118,1,0,0
BRDA:119,2,0,0
BRDA:120,3,0,0
BRDA:123,4,0,0
BRDA:124,5,0,0
BRDA:146,6,0,0
BRDA:146,6,1,0
BRDA:148,7,0,0
BRDA:148,7,1,0
BRDA:149,8,0,0
BRDA:149,8,1,0
BRDA:150,9,0,0
BRDA:150,9,1,0
BRDA:151,10,0,0
BRDA:151,10,1,0
BRDA:152,11,0,0
BRDA:152,11,1,0
BRDA:159,12,0,0
BRDA:159,12,1,0
BRDA:161,13,0,0
BRDA:161,13,1,0
BRDA:172,14,0,0
BRDA:172,14,1,0
BRDA:172,15,0,0
BRDA:172,15,1,0
BRDA:191,16,0,0
BRDA:191,16,1,0
BRDA:205,17,0,0
BRDA:205,17,1,0
BRDA:205,18,0,0
BRDA:205,18,1,0
BRDA:210,19,0,0
BRDA:210,19,1,0
BRDA:227,20,0,0
BRDA:227,20,1,0
BRDA:237,21,0,0
BRDA:237,21,1,0
BRDA:265,22,0,0
BRDA:265,22,1,0
BRDA:271,23,0,0
BRDA:271,23,1,0
BRDA:285,24,0,0
BRDA:285,24,1,0
BRDA:294,25,0,0
BRDA:294,25,1,0
BRDA:294,26,0,0
BRDA:294,26,1,0
BRDA:305,27,0,0
BRDA:305,27,1,0
BRDA:320,28,0,0
BRDA:320,28,1,0
BRDA:329,29,0,0
BRDA:329,29,1,0
BRF:54
BRH:0
end_of_record
TN:
SF:src/components/contracts/ContractForm/index.ts
FNF:0
FNH:0
LF:0
LH:0
BRF:0
BRH:0
end_of_record
TN:
SF:src/components/contracts/ContractList/ContractList.tsx
FN:99,(anonymous_0)
FN:119,(anonymous_1)
FN:154,(anonymous_2)
FN:173,(anonymous_3)
FNF:4
FNH:0
FNDA:0,(anonymous_0)
FNDA:0,(anonymous_1)
FNDA:0,(anonymous_2)
FNDA:0,(anonymous_3)
DA:99,0
DA:116,0
DA:117,0
DA:120,0
DA:129,0
DA:130,0
DA:140,0
DA:141,0
DA:151,0
DA:152,0
DA:155,0
DA:171,0
DA:174,0
DA:194,0
LF:14
LH:0
BRDA:101,0,0,0
BRDA:102,1,0,0
BRDA:103,2,0,0
BRDA:105,3,0,0
BRDA:106,4,0,0
BRDA:107,5,0,0
BRDA:108,6,0,0
BRDA:116,7,0,0
BRDA:116,7,1,0
BRDA:129,8,0,0
BRDA:129,8,1,0
BRDA:133,9,0,0
BRDA:133,9,1,0
BRDA:140,10,0,0
BRDA:140,10,1,0
BRDA:151,11,0,0
BRDA:151,11,1,0
BRF:17
BRH:0
end_of_record
TN:
SF:src/components/contracts/ContractList/index.ts
FNF:0
FNH:0
LF:0
LH:0
BRF:0
BRH:0
end_of_record
TN:
SF:src/components/contracts/ContractStatusBadge/ContractStatusBadge.tsx
FN:54,getStatusColor
FN:70,getNormalizationStatusColor
FN:88,getValidationStatusColor
FN:105,getStatusIcon
FN:157,formatStatusLabel
FN:177,(anonymous_5)
FN:185,(anonymous_6)
FNF:7
FNH:7
FNDA:30,getStatusColor
FNDA:30,getNormalizationStatusColor
FNDA:30,getValidationStatusColor
FNDA:90,getStatusIcon
FNDA:90,formatStatusLabel
FNDA:90,(anonymous_5)
FNDA:90,(anonymous_6)
DA:55,30
DA:57,29
DA:59,1
DA:61,0
DA:63,0
DA:71,30
DA:73,30
DA:75,0
DA:77,0
DA:79,0
DA:81,0
DA:89,30
DA:91,28
DA:93,1
DA:96,1
DA:98,0
DA:109,90
DA:110,30
DA:112,29
DA:114,1
DA:116,0
DA:118,0
DA:122,60
DA:123,30
DA:125,30
DA:127,0
DA:129,0
DA:131,0
DA:133,0
DA:137,30
DA:138,30
DA:140,28
DA:142,1
DA:145,1
DA:147,0
DA:151,0
DA:161,90
DA:162,30
DA:164,60
DA:177,1
DA:185,90
DA:186,90
DA:187,30
DA:189,60
DA:190,30
DA:192,30
DA:193,30
DA:195,0
DA:198,90
DA:199,90
DA:201,90
DA:213,1
LF:52
LH:36
BRDA:55,0,0,29
BRDA:55,0,1,1
BRDA:55,0,2,0
BRDA:55,0,3,0
BRDA:71,1,0,30
BRDA:71,1,1,0
BRDA:71,1,2,0
BRDA:71,1,3,0
BRDA:71,1,4,0
BRDA:89,2,0,28
BRDA:89,2,1,1
BRDA:89,2,2,1
BRDA:89,2,3,1
BRDA:89,2,4,0
BRDA:109,3,0,30
BRDA:109,3,1,60
BRDA:110,4,0,29
BRDA:110,4,1,1
BRDA:110,4,2,0
BRDA:110,4,3,0
BRDA:122,5,0,30
BRDA:122,5,1,30
BRDA:123,6,0,30
BRDA:123,6,1,0
BRDA:123,6,2,0
BRDA:123,6,3,0
BRDA:123,6,4,0
BRDA:137,7,0,30
BRDA:137,7,1,0
BRDA:138,8,0,28
BRDA:138,8,1,1
BRDA:138,8,2,1
BRDA:138,8,3,1
BRDA:138,8,4,0
BRDA:161,9,0,30
BRDA:161,9,1,60
BRDA:180,10,0,90
BRDA:181,11,0,90
BRDA:182,12,0,90
BRDA:186,13,0,30
BRDA:186,13,1,60
BRDA:189,14,0,30
BRDA:189,14,1,30
BRDA:192,15,0,30
BRDA:192,15,1,0
BRDA:198,16,0,90
BRDA:198,16,1,0
BRF:47
BRH:30
end_of_record
TN:
SF:src/components/contracts/ContractStatusBadge/index.ts
FNF:0
FNH:0
LF:0
LH:0
BRF:0
BRH:0
end_of_record
TN:
SF:src/components/contracts/ContractValidationResults/ContractValidationResults.tsx
FN:87,getValidationStatusBadgeVariant
FN:104,getValidationStatusIcon
FN:130,(anonymous_2)
FN:190,(anonymous_3)
FN:216,(anonymous_4)
FN:222,(anonymous_5)
FN:246,(anonymous_6)
FNF:7
FNH:0
FNDA:0,getValidationStatusBadgeVariant
FNDA:0,getValidationStatusIcon
FNDA:0,(anonymous_2)
FNDA:0,(anonymous_3)
FNDA:0,(anonymous_4)
FNDA:0,(anonymous_5)
FNDA:0,(anonymous_6)
DA:88,0
DA:90,0
DA:92,0
DA:95,0
DA:97,0
DA:105,0
DA:107,0
DA:109,0
DA:112,0
DA:114,0
DA:130,0
DA:141,0
DA:142,0
DA:143,0
DA:145,0
DA:191,0
DA:217,0
DA:223,0
DA:247,0
DA:279,0
LF:20
LH:0
BRDA:88,0,0,0
BRDA:88,0,1,0
BRDA:88,0,2,0
BRDA:88,0,3,0
BRDA:88,0,4,0
BRDA:105,1,0,0
BRDA:105,1,1,0
BRDA:105,1,2,0
BRDA:105,1,3,0
BRDA:105,1,4,0
BRDA:132,2,0,0
BRDA:133,3,0,0
BRDA:137,4,0,0
BRDA:138,5,0,0
BRDA:139,6,0,0
BRDA:143,7,0,0
BRDA:143,7,1,0
BRDA:146,8,0,0
BRDA:146,8,1,0
BRDA:147,9,0,0
BRDA:147,9,1,0
BRDA:148,10,0,0
BRDA:148,10,1,0
BRDA:153,11,0,0
BRDA:153,11,1,0
BRDA:153,11,2,0
BRDA:156,12,0,0
BRDA:156,12,1,0
BRDA:157,13,0,0
BRDA:157,13,1,0
BRDA:157,13,2,0
BRDA:158,14,0,0
BRDA:158,14,1,0
BRDA:163,15,0,0
BRDA:163,15,1,0
BRDA:163,15,2,0
BRDA:169,16,0,0
BRDA:169,16,1,0
BRDA:169,16,2,0
BRDA:175,17,0,0
BRDA:175,17,1,0
BRDA:178,18,0,0
BRDA:178,18,1,0
BRDA:184,19,0,0
BRDA:184,19,1,0
BRDA:185,20,0,0
BRDA:185,20,1,0
BRDA:198,21,0,0
BRDA:198,21,1,0
BRDA:199,22,0,0
BRDA:199,22,1,0
BRDA:200,23,0,0
BRDA:200,23,1,0
BRDA:211,24,0,0
BRDA:211,24,1,0
BRDA:211,24,2,0
BRDA:211,24,3,0
BRDA:212,25,0,0
BRDA:212,25,1,0
BRDA:229,26,0,0
BRDA:229,26,1,0
BRDA:239,27,0,0
BRDA:239,27,1,0
BRDA:241,28,0,0
BRDA:241,28,1,0
BRDA:241,29,0,0
BRDA:241,29,1,0
BRDA:254,30,0,0
BRDA:254,30,1,0
BRDA:255,31,0,0
BRDA:255,31,1,0
BRDA:256,32,0,0
BRDA:256,32,1,0
BRDA:267,33,0,0
BRDA:267,33,1,0
BRDA:267,33,2,0
BRDA:267,33,3,0
BRF:77
BRH:0
end_of_record
TN:
SF:src/components/contracts/ContractValidationResults/index.ts
FNF:0
FNH:0
LF:0
LH:0
BRF:0
BRH:0
end_of_record
TN:
SF:src/components/contracts/hooks/useContractHistory.ts
FN:62,useContractHistory
FN:77,(anonymous_1)
FN:98,(anonymous_2)
FN:109,(anonymous_3)
FN:120,(anonymous_4)
FN:126,(anonymous_5)
FN:129,(anonymous_6)
FN:150,(anonymous_7)
FNF:8
FNH:0
FNDA:0,useContractHistory
FNDA:0,(anonymous_1)
FNDA:0,(anonymous_2)
FNDA:0,(anonymous_3)
FNDA:0,(anonymous_4)
FNDA:0,(anonymous_5)
FNDA:0,(anonymous_6)
FNDA:0,(anonymous_7)
DA:66,0
DA:68,0
DA:69,0
DA:70,0
DA:72,0
DA:73,0
DA:74,0
DA:76,0
DA:79,0
DA:82,0
DA:83,0
DA:86,0
DA:87,0
DA:88,0
DA:89,0
DA:91,0
DA:92,0
DA:98,0
DA:99,0
DA:101,0
DA:102,0
DA:103,0
DA:104,0
DA:106,0
DA:109,0
DA:110,0
DA:112,0
DA:113,0
DA:114,0
DA:115,0
DA:117,0
DA:120,0
DA:121,0
DA:122,0
DA:126,0
DA:127,0
DA:129,0
DA:131,0
DA:132,0
DA:133,0
DA:134,0
DA:136,0
DA:142,0
DA:143,0
DA:144,0
DA:149,0
DA:150,0
DA:153,0
LF:48
LH:0
BRDA:64,0,0,0
BRDA:66,1,0,0
BRDA:66,2,0,0
BRDA:79,3,0,0
BRDA:79,3,1,0
BRDA:86,4,0,0
BRDA:86,4,1,0
BRDA:99,5,0,0
BRDA:99,5,1,0
BRDA:110,6,0,0
BRDA:110,6,1,0
BRDA:127,7,0,0
BRDA:127,7,1,0
BRDA:131,8,0,0
BRDA:131,8,1,0
BRDA:131,9,0,0
BRDA:131,9,1,0
BRDA:131,9,2,0
BRDA:131,9,3,0
BRDA:133,10,0,0
BRDA:133,10,1,0
BRDA:136,11,0,0
BRDA:136,11,1,0
BRDA:136,12,0,0
BRDA:136,12,1,0
BRDA:136,12,2,0
BRDA:136,12,3,0
BRDA:136,12,4,0
BRDA:136,12,5,0
BRDA:136,12,6,0
BRDA:143,13,0,0
BRDA:143,13,1,0
BRF:32
BRH:0
end_of_record
TN:
SF:src/components/contracts/tabs/ComplianceTab.tsx
FN:75,(anonymous_0)
FN:78,(anonymous_1)
FN:88,(anonymous_2)
FN:122,(anonymous_3)
FN:138,(anonymous_4)
FN:151,(anonymous_5)
FN:164,(anonymous_6)
FN:179,(anonymous_7)
FN:191,(anonymous_8)
FNF:9
FNH:0
FNDA:0,(anonymous_0)
FNDA:0,(anonymous_1)
FNDA:0,(anonymous_2)
FNDA:0,(anonymous_3)
FNDA:0,(anonymous_4)
FNDA:0,(anonymous_5)
FNDA:0,(anonymous_6)
FNDA:0,(anonymous_7)
FNDA:0,(anonymous_8)
DA:38,0
DA:52,0
DA:63,0
DA:75,0
DA:76,0
DA:78,0
DA:79,0
DA:88,0
DA:89,0
DA:102,0
DA:103,0
DA:104,0
DA:105,0
DA:107,0
DA:113,0
DA:122,0
DA:138,0
DA:151,0
DA:164,0
DA:179,0
DA:191,0
DA:242,0
LF:22
LH:0
BRDA:76,0,0,0
BRDA:76,0,1,0
BRDA:102,1,0,0
BRDA:102,1,1,0
BRDA:103,2,0,0
BRDA:103,2,1,0
BRDA:104,3,0,0
BRDA:104,3,1,0
BRDA:107,4,0,0
BRDA:107,4,1,0
BRDA:107,5,0,0
BRDA:107,5,1,0
BRDA:107,5,2,0
BRDA:107,5,3,0
BRDA:109,6,0,0
BRDA:109,6,1,0
BRDA:109,7,0,0
BRDA:109,7,1,0
BRDA:109,7,2,0
BRDA:133,8,0,0
BRDA:133,8,1,0
BRDA:137,9,0,0
BRDA:137,9,1,0
BRDA:146,10,0,0
BRDA:146,10,1,0
BRDA:150,11,0,0
BRDA:150,11,1,0
BRDA:159,12,0,0
BRDA:159,12,1,0
BRDA:163,13,0,0
BRDA:163,13,1,0
BRDA:172,14,0,0
BRDA:172,14,1,0
BRDA:178,15,0,0
BRDA:178,15,1,0
BRDA:190,16,0,0
BRDA:190,16,1,0
BRDA:199,17,0,0
BRDA:199,17,1,0
BRDA:208,18,0,0
BRDA:208,18,1,0
BRDA:210,19,0,0
BRDA:210,19,1,0
BRDA:219,20,0,0
BRDA:219,20,1,0
BRDA:221,21,0,0
BRDA:221,21,1,0
BRDA:223,22,0,0
BRDA:223,22,1,0
BRDA:230,23,0,0
BRDA:230,23,1,0
BRF:51
BRH:0
end_of_record
TN:
SF:src/components/contracts/tabs/LifecycleTab.tsx
FN:41,(anonymous_0)
FN:45,(anonymous_1)
FN:55,(anonymous_2)
FN:77,(anonymous_3)
FN:88,(anonymous_4)
FN:109,(anonymous_5)
FN:126,(anonymous_6)
FNF:7
FNH:0
FNDA:0,(anonymous_0)
FNDA:0,(anonymous_1)
FNDA:0,(anonymous_2)
FNDA:0,(anonymous_3)
FNDA:0,(anonymous_4)
FNDA:0,(anonymous_5)
FNDA:0,(anonymous_6)
DA:29,0
DA:41,0
DA:42,0
DA:43,0
DA:45,0
DA:46,0
DA:55,0
DA:56,0
DA:68,0
DA:77,0
DA:88,0
DA:110,0
DA:111,0
DA:127,0
DA:128,0
DA:183,0
LF:16
LH:0
BRDA:42,0,0,0
BRDA:42,0,1,0
BRDA:43,1,0,0
BRDA:43,1,1,0
BRDA:76,2,0,0
BRDA:76,2,1,0
BRDA:87,3,0,0
BRDA:87,3,1,0
BRDA:108,4,0,0
BRDA:108,4,1,0
BRDA:110,5,0,0
BRDA:110,5,1,0
BRDA:125,6,0,0
BRDA:125,6,1,0
BRDA:127,7,0,0
BRDA:127,7,1,0
BRDA:133,8,0,0
BRDA:133,8,1,0
BRDA:133,8,2,0
BRDA:151,9,0,0
BRDA:151,9,1,0
BRDA:161,10,0,0
BRDA:161,10,1,0
BRF:23
BRH:0
end_of_record
TN:
SF:src/components/contracts/tabs/MarketplaceTab.tsx
FN:49,(anonymous_0)
FN:52,(anonymous_1)
FN:73,(anonymous_2)
FN:84,(anonymous_3)
FN:98,(anonymous_4)
FNF:5
FNH:0
FNDA:0,(anonymous_0)
FNDA:0,(anonymous_1)
FNDA:0,(anonymous_2)
FNDA:0,(anonymous_3)
FNDA:0,(anonymous_4)
DA:28,0
DA:39,0
DA:49,0
DA:50,0
DA:52,0
DA:53,0
DA:62,0
DA:73,0
DA:84,0
DA:98,0
DA:111,0
LF:11
LH:0
BRDA:50,0,0,0
BRDA:50,0,1,0
BRDA:72,1,0,0
BRDA:72,1,1,0
BRDA:83,2,0,0
BRDA:83,2,1,0
BRDA:97,3,0,0
BRDA:97,3,1,0
BRF:8
BRH:0
end_of_record
TN:
SF:src/components/contracts/tabs/OverviewTab.tsx
FN:54,(anonymous_0)
FN:60,(anonymous_1)
FN:70,(anonymous_2)
FN:75,(anonymous_3)
FN:76,(anonymous_4)
FN:80,(anonymous_5)
FN:99,(anonymous_6)
FN:112,(anonymous_7)
FN:123,(anonymous_8)
FN:133,(anonymous_9)
FN:134,(anonymous_10)
FN:159,(anonymous_11)
FN:175,(anonymous_12)
FN:182,(anonymous_13)
FN:187,(anonymous_14)
FN:208,(anonymous_15)
FNF:16
FNH:0
FNDA:0,(anonymous_0)
FNDA:0,(anonymous_1)
FNDA:0,(anonymous_2)
FNDA:0,(anonymous_3)
FNDA:0,(anonymous_4)
FNDA:0,(anonymous_5)
FNDA:0,(anonymous_6)
FNDA:0,(anonymous_7)
FNDA:0,(anonymous_8)
FNDA:0,(anonymous_9)
FNDA:0,(anonymous_10)
FNDA:0,(anonymous_11)
FNDA:0,(anonymous_12)
FNDA:0,(anonymous_13)
FNDA:0,(anonymous_14)
FNDA:0,(anonymous_15)
DA:38,0
DA:54,0
DA:60,0
DA:61,0
DA:70,0
DA:71,0
DA:72,0
DA:75,0
DA:76,0
DA:77,0
DA:80,0
DA:81,0
DA:82,0
DA:86,0
DA:89,0
DA:99,0
DA:112,0
DA:123,0
DA:133,0
DA:134,0
DA:160,0
DA:175,0
DA:182,0
DA:187,0
DA:208,0
DA:218,0
LF:26
LH:0
BRDA:57,0,0,0
BRDA:58,1,0,0
BRDA:71,2,0,0
BRDA:71,2,1,0
BRDA:76,3,0,0
BRDA:76,3,1,0
BRDA:81,4,0,0
BRDA:81,4,1,0
BRDA:98,5,0,0
BRDA:98,5,1,0
BRDA:111,6,0,0
BRDA:111,6,1,0
BRDA:122,7,0,0
BRDA:122,7,1,0
BRDA:132,8,0,0
BRDA:132,8,1,0
BRDA:157,9,0,0
BRDA:157,9,1,0
BRDA:157,10,0,0
BRDA:157,10,1,0
BRDA:207,11,0,0
BRDA:207,11,1,0
BRF:22
BRH:0
end_of_record
TN:
SF:src/components/contracts/tabs/QualityTab.tsx
FN:94,(anonymous_0)
FN:101,(anonymous_1)
FN:111,(anonymous_2)
FN:116,(anonymous_3)
FN:121,(anonymous_4)
FN:124,(anonymous_5)
FN:128,(anonymous_6)
FN:133,(anonymous_7)
FN:150,(anonymous_8)
FN:182,(anonymous_9)
FN:199,(anonymous_10)
FN:202,(anonymous_11)
FN:223,(anonymous_12)
FN:243,(anonymous_13)
FN:253,(anonymous_14)
FN:266,(anonymous_15)
FN:279,(anonymous_16)
FN:287,(anonymous_17)
FN:294,(anonymous_18)
FN:301,(anonymous_19)
FN:308,(anonymous_20)
FN:316,(anonymous_21)
FN:323,(anonymous_22)
FN:329,(anonymous_23)
FN:338,(anonymous_24)
FNF:25
FNH:0
FNDA:0,(anonymous_0)
FNDA:0,(anonymous_1)
FNDA:0,(anonymous_2)
FNDA:0,(anonymous_3)
FNDA:0,(anonymous_4)
FNDA:0,(anonymous_5)
FNDA:0,(anonymous_6)
FNDA:0,(anonymous_7)
FNDA:0,(anonymous_8)
FNDA:0,(anonymous_9)
FNDA:0,(anonymous_10)
FNDA:0,(anonymous_11)
FNDA:0,(anonymous_12)
FNDA:0,(anonymous_13)
FNDA:0,(anonymous_14)
FNDA:0,(anonymous_15)
FNDA:0,(anonymous_16)
FNDA:0,(anonymous_17)
FNDA:0,(anonymous_18)
FNDA:0,(anonymous_19)
FNDA:0,(anonymous_20)
FNDA:0,(anonymous_21)
FNDA:0,(anonymous_22)
FNDA:0,(anonymous_23)
FNDA:0,(anonymous_24)
DA:56,0
DA:68,0
DA:77,0
DA:86,0
DA:94,0
DA:95,0
DA:96,0
DA:98,0
DA:99,0
DA:101,0
DA:102,0
DA:111,0
DA:112,0
DA:113,0
DA:116,0
DA:117,0
DA:118,0
DA:121,0
DA:122,0
DA:124,0
DA:128,0
DA:129,0
DA:131,0
DA:133,0
DA:137,0
DA:139,0
DA:140,0
DA:143,0
DA:150,0
DA:183,0
DA:199,0
DA:202,0
DA:224,0
DA:225,0
DA:243,0
DA:244,0
DA:253,0
DA:254,0
DA:255,0
DA:257,0
DA:266,0
DA:267,0
DA:268,0
DA:271,0
DA:279,0
DA:287,0
DA:294,0
DA:301,0
DA:308,0
DA:316,0
DA:323,0
DA:329,0
DA:339,0
DA:340,0
DA:341,0
DA:368,0
LF:56
LH:0
BRDA:98,0,0,0
BRDA:98,0,1,0
BRDA:99,1,0,0
BRDA:99,1,1,0
BRDA:129,2,0,0
BRDA:129,2,1,0
BRDA:133,3,0,0
BRDA:133,3,1,0
BRDA:149,4,0,0
BRDA:149,4,1,0
BRDA:167,5,0,0
BRDA:167,5,1,0
BRDA:193,6,0,0
BRDA:193,6,1,0
BRDA:193,7,0,0
BRDA:193,7,1,0
BRDA:196,8,0,0
BRDA:196,8,1,0
BRDA:197,9,0,0
BRDA:197,9,1,0
BRDA:245,10,0,0
BRDA:245,10,1,0
BRDA:254,11,0,0
BRDA:254,11,1,0
BRDA:267,12,0,0
BRDA:267,12,1,0
BRDA:267,13,0,0
BRDA:267,13,1,0
BRDA:273,14,0,0
BRDA:273,14,1,0
BRDA:307,15,0,0
BRDA:307,15,1,0
BRDA:315,16,0,0
BRDA:315,16,1,0
BRDA:322,17,0,0
BRDA:322,17,1,0
BRDA:328,18,0,0
BRDA:328,18,1,0
BRDA:337,19,0,0
BRDA:337,19,1,0
BRDA:340,20,0,0
BRDA:340,20,1,0
BRDA:358,21,0,0
BRDA:358,21,1,0
BRF:44
BRH:0
end_of_record
TN:
SF:src/components/contracts/tabs/RawEditorTab.tsx
FN:31,(anonymous_0)
FN:37,(anonymous_1)
FN:41,(anonymous_2)
FN:65,(anonymous_3)
FN:82,(anonymous_4)
FN:98,(anonymous_5)
FN:100,(anonymous_6)
FNF:7
FNH:0
FNDA:0,(anonymous_0)
FNDA:0,(anonymous_1)
FNDA:0,(anonymous_2)
FNDA:0,(anonymous_3)
FNDA:0,(anonymous_4)
FNDA:0,(anonymous_5)
FNDA:0,(anonymous_6)
DA:31,0
DA:36,0
DA:37,0
DA:38,0
DA:41,0
DA:45,0
DA:46,0
DA:48,0
DA:50,0
DA:52,0
DA:53,0
DA:55,0
DA:58,0
DA:59,0
DA:64,0
DA:66,0
DA:67,0
DA:69,0
DA:71,0
DA:72,0
DA:75,0
DA:82,0
DA:83,0
DA:85,0
DA:87,0
DA:88,0
DA:91,0
DA:97,0
DA:99,0
DA:100,0
DA:108,0
DA:110,0
DA:116,0
DA:174,0
LF:34
LH:0
BRDA:34,0,0,0
BRDA:38,1,0,0
BRDA:38,1,1,0
BRDA:45,2,0,0
BRDA:45,2,1,0
BRDA:45,3,0,0
BRDA:45,3,1,0
BRDA:50,4,0,0
BRDA:50,4,1,0
BRDA:52,5,0,0
BRDA:52,5,1,0
BRDA:58,6,0,0
BRDA:58,6,1,0
BRDA:66,7,0,0
BRDA:66,7,1,0
BRDA:71,8,0,0
BRDA:71,8,1,0
BRDA:85,9,0,0
BRDA:85,9,1,0
BRDA:87,10,0,0
BRDA:87,10,1,0
BRDA:99,11,0,0
BRDA:99,11,1,0
BRDA:101,12,0,0
BRDA:101,12,1,0
BRDA:103,13,0,0
BRDA:103,13,1,0
BRDA:147,14,0,0
BRDA:147,14,1,0
BRF:29
BRH:0
end_of_record
TN:
SF:src/components/contracts/tabs/SchemaTab.tsx
FN:72,(anonymous_0)
FN:88,(anonymous_1)
FN:124,(anonymous_2)
FN:129,(anonymous_3)
FN:134,(anonymous_4)
FN:135,(anonymous_5)
FN:140,(anonymous_6)
FN:141,(anonymous_7)
FN:157,(anonymous_8)
FN:173,(anonymous_9)
FN:191,(anonymous_10)
FN:199,(anonymous_11)
FN:207,(anonymous_12)
FN:237,(anonymous_13)
FN:244,(anonymous_14)
FN:272,(anonymous_15)
FN:282,(anonymous_16)
FN:307,(anonymous_17)
FN:327,(anonymous_18)
FN:336,(anonymous_19)
FN:348,(anonymous_20)
FN:361,(anonymous_21)
FN:368,(anonymous_22)
FN:375,(anonymous_23)
FN:383,(anonymous_24)
FN:391,(anonymous_25)
FN:398,(anonymous_26)
FN:405,(anonymous_27)
FN:411,(anonymous_28)
FN:419,(anonymous_29)
FN:431,(anonymous_30)
FN:445,(anonymous_31)
FN:457,(anonymous_32)
FNF:33
FNH:0
FNDA:0,(anonymous_0)
FNDA:0,(anonymous_1)
FNDA:0,(anonymous_2)
FNDA:0,(anonymous_3)
FNDA:0,(anonymous_4)
FNDA:0,(anonymous_5)
FNDA:0,(anonymous_6)
FNDA:0,(anonymous_7)
FNDA:0,(anonymous_8)
FNDA:0,(anonymous_9)
FNDA:0,(anonymous_10)
FNDA:0,(anonymous_11)
FNDA:0,(anonymous_12)
FNDA:0,(anonymous_13)
FNDA:0,(anonymous_14)
FNDA:0,(anonymous_15)
FNDA:0,(anonymous_16)
FNDA:0,(anonymous_17)
FNDA:0,(anonymous_18)
FNDA:0,(anonymous_19)
FNDA:0,(anonymous_20)
FNDA:0,(anonymous_21)
FNDA:0,(anonymous_22)
FNDA:0,(anonymous_23)
FNDA:0,(anonymous_24)
FNDA:0,(anonymous_25)
FNDA:0,(anonymous_26)
FNDA:0,(anonymous_27)
FNDA:0,(anonymous_28)
FNDA:0,(anonymous_29)
FNDA:0,(anonymous_30)
FNDA:0,(anonymous_31)
FNDA:0,(anonymous_32)
DA:58,0
DA:72,0
DA:78,0
DA:79,0
DA:80,0
DA:86,0
DA:88,0
DA:89,0
DA:91,0
DA:108,0
DA:117,0
DA:124,0
DA:125,0
DA:126,0
DA:129,0
DA:130,0
DA:134,0
DA:135,0
DA:140,0
DA:141,0
DA:142,0
DA:143,0
DA:144,0
DA:145,0
DA:153,0
DA:154,0
DA:157,0
DA:158,0
DA:159,0
DA:163,0
DA:174,0
DA:175,0
DA:191,0
DA:199,0
DA:207,0
DA:238,0
DA:244,0
DA:273,0
DA:274,0
DA:283,0
DA:284,0
DA:308,0
DA:309,0
DA:327,0
DA:328,0
DA:336,0
DA:337,0
DA:338,0
DA:340,0
DA:348,0
DA:349,0
DA:350,0
DA:353,0
DA:361,0
DA:368,0
DA:375,0
DA:383,0
DA:391,0
DA:398,0
DA:405,0
DA:411,0
DA:420,0
DA:432,0
DA:446,0
DA:458,0
DA:483,0
LF:66
LH:0
BRDA:86,0,0,0
BRDA:86,0,1,0
BRDA:89,1,0,0
BRDA:89,1,1,0
BRDA:89,2,0,0
BRDA:89,2,1,0
BRDA:94,3,0,0
BRDA:94,3,1,0
BRDA:142,4,0,0
BRDA:142,4,1,0
BRDA:158,5,0,0
BRDA:158,5,1,0
BRDA:190,6,0,0
BRDA:190,6,1,0
BRDA:198,7,0,0
BRDA:198,7,1,0
BRDA:206,8,0,0
BRDA:206,8,1,0
BRDA:215,9,0,0
BRDA:215,9,1,0
BRDA:223,10,0,0
BRDA:223,10,1,0
BRDA:241,11,0,0
BRDA:241,11,1,0
BRDA:250,12,0,0
BRDA:250,12,1,0
BRDA:252,13,0,0
BRDA:252,13,1,0
BRDA:263,14,0,0
BRDA:263,14,1,0
BRDA:329,15,0,0
BRDA:329,15,1,0
BRDA:337,16,0,0
BRDA:337,16,1,0
BRDA:349,17,0,0
BRDA:349,17,1,0
BRDA:349,18,0,0
BRDA:349,18,1,0
BRDA:355,19,0,0
BRDA:355,19,1,0
BRDA:374,20,0,0
BRDA:374,20,1,0
BRDA:382,21,0,0
BRDA:382,21,1,0
BRDA:390,22,0,0
BRDA:390,22,1,0
BRDA:397,23,0,0
BRDA:397,23,1,0
BRDA:404,24,0,0
BRDA:404,24,1,0
BRDA:410,25,0,0
BRDA:410,25,1,0
BRDA:418,26,0,0
BRDA:418,26,1,0
BRDA:422,27,0,0
BRDA:422,27,1,0
BRDA:430,28,0,0
BRDA:430,28,1,0
BRDA:434,29,0,0
BRDA:434,29,1,0
BRDA:444,30,0,0
BRDA:444,30,1,0
BRDA:448,31,0,0
BRDA:448,31,1,0
BRDA:456,32,0,0
BRDA:456,32,1,0
BRDA:460,33,0,0
BRDA:460,33,1,0
BRDA:473,34,0,0
BRDA:473,34,1,0
BRF:70
BRH:0
end_of_record
TN:
SF:src/components/data-display/index.ts
FNF:0
FNH:0
LF:0
LH:0
BRF:0
BRH:0
end_of_record
TN:
SF:src/components/data-display/Avatar/Avatar.tsx
FN:35,(anonymous_0)
FNF:1
FNH:0
FNDA:0,(anonymous_0)
DA:26,0
DA:35,0
DA:42,0
DA:44,0
DA:45,0
DA:60,0
DA:82,0
LF:7
LH:0
BRDA:38,0,0,0
BRDA:44,1,0,0
BRDA:44,1,1,0
BRDA:48,2,0,0
BRDA:48,2,1,0
BRDA:72,3,0,0
BRDA:72,3,1,0
BRDA:72,4,0,0
BRDA:72,4,1,0
BRDA:75,5,0,0
BRDA:75,5,1,0
BRDA:77,6,0,0
BRDA:77,6,1,0
BRF:13
BRH:0
end_of_record
TN:
SF:src/components/data-display/Avatar/index.ts
FNF:0
FNH:0
LF:0
LH:0
BRF:0
BRH:0
end_of_record
TN:
SF:src/components/data-display/Badge/Badge.tsx
FN:46,(anonymous_0)
FNF:1
FNH:1
FNDA:57,(anonymous_0)
DA:20,7
DA:46,7
DA:52,57
DA:53,57
DA:54,57
DA:55,57
DA:57,57
DA:79,7
LF:8
LH:8
BRDA:47,0,0,57
BRDA:48,1,0,57
BRDA:53,2,0,44
BRDA:53,2,1,13
BRDA:54,3,0,44
BRDA:54,3,1,13
BRDA:55,4,0,44
BRDA:55,4,1,13
BRF:8
BRH:8
end_of_record
TN:
SF:src/components/data-display/Badge/index.ts
FNF:0
FNH:0
LF:0
LH:0
BRF:0
BRH:0
end_of_record
TN:
SF:src/components/data-display/Card/Card.tsx
FN:23,(anonymous_0)
FN:44,(anonymous_1)
FN:49,(anonymous_2)
FNF:3
FNH:3
FNDA:70,(anonymous_0)
FNDA:4,(anonymous_1)
FNDA:1,(anonymous_2)
DA:22,2
DA:24,70
DA:30,70
DA:32,70
DA:45,4
DA:46,2
DA:50,1
DA:51,1
DA:62,2
LF:9
LH:9
BRDA:23,0,0,70
BRDA:23,1,0,70
BRDA:45,2,0,2
BRDA:45,2,1,2
BRDA:50,3,0,1
BRDA:50,3,1,0
BRF:6
BRH:5
end_of_record
TN:
SF:src/components/data-display/Card/CardActions.tsx
FN:12,(anonymous_0)
FNF:1
FNH:1
FNDA:4,(anonymous_0)
DA:12,2
DA:17,4
DA:33,2
LF:3
LH:3
BRF:0
BRH:0
end_of_record
TN:
SF:src/components/data-display/Card/CardContent.tsx
FN:11,(anonymous_0)
FNF:1
FNH:1
FNDA:57,(anonymous_0)
DA:11,2
DA:16,57
DA:23,2
LF:3
LH:3
BRF:0
BRH:0
end_of_record
TN:
SF:src/components/data-display/Card/CardHeader.tsx
FN:24,(anonymous_0)
FNF:1
FNH:1
FNDA:11,(anonymous_0)
DA:24,2
DA:32,11
DA:68,2
LF:3
LH:3
BRDA:45,0,0,11
BRDA:45,0,1,7
BRDA:50,1,0,1
BRDA:50,1,1,6
BRDA:56,2,0,11
BRDA:56,2,1,3
BRDA:61,3,0,11
BRDA:61,3,1,1
BRF:8
BRH:8
end_of_record
TN:
SF:src/components/data-display/Card/index.ts
FNF:0
FNH:0
LF:0
LH:0
BRF:0
BRH:0
end_of_record
TN:
SF:src/components/data-display/Chip/Chip.tsx
FN:67,(anonymous_0)
FN:96,(anonymous_1)
FN:101,(anonymous_2)
FN:108,(anonymous_3)
FNF:4
FNH:4
FNDA:19,(anonymous_0)
FNDA:7,(anonymous_1)
FNDA:1,(anonymous_2)
FNDA:3,(anonymous_3)
DA:36,1
DA:67,1
DA:76,19
DA:78,19
DA:97,7
DA:98,6
DA:102,1
DA:109,3
DA:110,3
DA:133,1
LF:10
LH:10
BRDA:69,0,0,19
BRDA:71,1,0,19
BRDA:73,2,0,19
BRDA:81,3,0,4
BRDA:81,3,1,15
BRDA:92,4,0,4
BRDA:92,4,1,15
BRDA:92,5,0,4
BRDA:92,5,1,11
BRDA:97,6,0,6
BRDA:97,6,1,1
BRDA:97,7,0,7
BRDA:97,7,1,4
BRDA:106,8,0,19
BRDA:106,8,1,5
BRF:15
BRH:15
end_of_record
TN:
SF:src/components/data-display/Chip/index.ts
FNF:0
FNH:0
LF:0
LH:0
BRF:0
BRH:0
end_of_record
TN:
SF:src/components/data-display/CodeBlock/CodeBlock.tsx
FN:27,(anonymous_0)
FN:35,(anonymous_1)
FN:39,(anonymous_2)
FNF:3
FNH:1
FNDA:75,(anonymous_0)
FNDA:0,(anonymous_1)
FNDA:0,(anonymous_2)
DA:27,1
DA:33,75
DA:35,75
DA:36,0
DA:37,0
DA:38,0
DA:39,0
DA:41,0
DA:45,75
DA:92,1
LF:10
LH:5
BRDA:30,0,0,75
BRDA:55,1,0,75
BRDA:55,1,1,75
BRDA:72,2,0,0
BRDA:72,2,1,75
BRF:5
BRH:4
end_of_record
TN:
SF:src/components/data-display/CodeBlock/index.ts
FNF:0
FNH:0
LF:0
LH:0
BRF:0
BRH:0
end_of_record
TN:
SF:src/components/data-display/DataGrid/DataGrid.tsx
FN:13,DataGrid
FNF:1
FNH:0
FNDA:0,DataGrid
DA:16,0
DA:19,0
LF:2
LH:0
BRF:0
BRH:0
end_of_record
TN:
SF:src/components/data-display/DataGrid/index.ts
FNF:0
FNH:0
LF:0
LH:0
BRF:0
BRH:0
end_of_record
TN:
SF:src/components/data-display/JSONViewer/JSONViewer.tsx
FN:27,(anonymous_0)
FN:41,(anonymous_1)
FN:45,(anonymous_2)
FN:51,(anonymous_3)
FN:52,(anonymous_4)
FN:63,(anonymous_5)
FN:85,(anonymous_6)
FN:96,(anonymous_7)
FN:120,(anonymous_8)
FN:131,(anonymous_9)
FN:178,(anonymous_10)
FNF:11
FNH:2
FNDA:9,(anonymous_0)
FNDA:0,(anonymous_1)
FNDA:0,(anonymous_2)
FNDA:0,(anonymous_3)
FNDA:0,(anonymous_4)
FNDA:9,(anonymous_5)
FNDA:0,(anonymous_6)
FNDA:0,(anonymous_7)
FNDA:0,(anonymous_8)
FNDA:0,(anonymous_9)
FNDA:0,(anonymous_10)
DA:27,2
DA:33,9
DA:34,9
DA:35,9
DA:38,9
DA:39,9
DA:41,9
DA:42,0
DA:43,0
DA:44,0
DA:45,0
DA:47,0
DA:51,9
DA:52,0
DA:53,0
DA:54,0
DA:55,0
DA:57,0
DA:59,0
DA:63,9
DA:64,9
DA:65,0
DA:68,9
DA:69,0
DA:72,9
DA:73,0
DA:76,9
DA:77,0
DA:80,9
DA:81,0
DA:82,0
DA:85,0
DA:97,0
DA:114,9
DA:115,9
DA:116,9
DA:117,9
DA:120,0
DA:132,0
DA:151,0
DA:154,9
DA:178,0
DA:226,2
LF:43
LH:20
BRDA:29,0,0,9
BRDA:30,1,0,9
BRDA:38,2,0,0
BRDA:38,2,1,9
BRDA:39,3,0,0
BRDA:39,3,1,9
BRDA:54,4,0,0
BRDA:54,4,1,0
BRDA:63,5,0,9
BRDA:63,6,0,9
BRDA:64,7,0,0
BRDA:64,7,1,9
BRDA:68,8,0,0
BRDA:68,8,1,9
BRDA:72,9,0,0
BRDA:72,9,1,9
BRDA:76,10,0,0
BRDA:76,10,1,9
BRDA:80,11,0,0
BRDA:80,11,1,9
BRDA:92,12,0,0
BRDA:92,12,1,0
BRDA:94,13,0,0
BRDA:94,13,1,0
BRDA:99,14,0,0
BRDA:99,14,1,0
BRDA:104,15,0,0
BRDA:104,15,1,0
BRDA:105,16,0,0
BRDA:105,16,1,0
BRDA:114,17,0,9
BRDA:114,17,1,0
BRDA:127,18,0,0
BRDA:127,18,1,9
BRDA:129,19,0,9
BRDA:129,19,1,0
BRDA:135,20,0,0
BRDA:135,20,1,0
BRDA:140,21,0,9
BRDA:140,21,1,9
BRDA:141,22,0,9
BRDA:141,22,1,0
BRDA:164,23,0,9
BRDA:164,23,1,0
BRDA:164,23,2,9
BRDA:173,24,0,9
BRDA:173,24,1,0
BRDA:190,25,0,9
BRDA:190,25,1,9
BRDA:203,26,0,0
BRDA:203,26,1,9
BRF:51
BRH:23
end_of_record
TN:
SF:src/components/data-display/JSONViewer/index.ts
FNF:0
FNH:0
LF:0
LH:0
BRF:0
BRH:0
end_of_record
TN:
SF:src/components/data-display/List/List.tsx
FN:16,(anonymous_0)
FNF:1
FNH:0
FNDA:0,(anonymous_0)
DA:16,0
DA:22,0
DA:23,0
DA:34,0
LF:4
LH:0
BRDA:17,0,0,0
BRDA:22,1,0,0
BRDA:22,1,1,0
BRF:3
BRH:0
end_of_record
TN:
SF:src/components/data-display/List/ListItem.tsx
FN:20,(anonymous_0)
FNF:1
FNH:0
FNDA:0,(anonymous_0)
DA:20,0
DA:27,0
DA:46,0
LF:3
LH:0
BRDA:39,0,0,0
BRDA:39,0,1,0
BRDA:41,1,0,0
BRDA:41,1,1,0
BRF:4
BRH:0
end_of_record
TN:
SF:src/components/data-display/List/index.ts
FNF:0
FNH:0
LF:0
LH:0
BRF:0
BRH:0
end_of_record
TN:
SF:src/components/data-display/Table/EnhancedTable.tsx
FN:54,EnhancedTable
FN:66,(anonymous_1)
FN:70,(anonymous_2)
FN:71,(anonymous_3)
FN:79,(anonymous_4)
FN:80,(anonymous_5)
FN:87,(anonymous_6)
FN:89,(anonymous_7)
FN:108,(anonymous_8)
FN:111,(anonymous_9)
FN:182,(anonymous_10)
FN:193,(anonymous_11)
FN:210,(anonymous_12)
FN:211,(anonymous_13)
FN:217,(anonymous_14)
FN:256,(anonymous_15)
FN:269,(anonymous_16)
FN:275,(anonymous_17)
FN:286,(anonymous_18)
FN:291,(anonymous_19)
FNF:20
FNH:0
FNDA:0,EnhancedTable
FNDA:0,(anonymous_1)
FNDA:0,(anonymous_2)
FNDA:0,(anonymous_3)
FNDA:0,(anonymous_4)
FNDA:0,(anonymous_5)
FNDA:0,(anonymous_6)
FNDA:0,(anonymous_7)
FNDA:0,(anonymous_8)
FNDA:0,(anonymous_9)
FNDA:0,(anonymous_10)
FNDA:0,(anonymous_11)
FNDA:0,(anonymous_12)
FNDA:0,(anonymous_13)
FNDA:0,(anonymous_14)
FNDA:0,(anonymous_15)
FNDA:0,(anonymous_16)
FNDA:0,(anonymous_17)
FNDA:0,(anonymous_18)
FNDA:0,(anonymous_19)
DA:66,0
DA:70,0
DA:71,0
DA:75,0
DA:80,0
DA:81,0
DA:87,0
DA:88,0
DA:89,0
DA:99,0
DA:106,0
DA:108,0
DA:109,0
DA:110,0
DA:111,0
DA:113,0
DA:116,0
DA:183,0
DA:184,0
DA:186,0
DA:195,0
DA:196,0
DA:197,0
DA:199,0
DA:210,0
DA:212,0
DA:213,0
DA:218,0
DA:257,0
DA:258,0
DA:259,0
DA:270,0
DA:271,0
DA:276,0
DA:277,0
DA:286,0
DA:292,0
DA:309,0
LF:38
LH:0
BRDA:57,0,0,0
BRDA:58,1,0,0
BRDA:61,2,0,0
BRDA:62,3,0,0
BRDA:63,4,0,0
BRDA:64,5,0,0
BRDA:66,6,0,0
BRDA:66,7,0,0
BRDA:66,7,1,0
BRDA:81,8,0,0
BRDA:81,8,1,0
BRDA:88,9,0,0
BRDA:88,9,1,0
BRDA:109,10,0,0
BRDA:109,10,1,0
BRDA:110,11,0,0
BRDA:110,11,1,0
BRDA:119,12,0,0
BRDA:119,12,1,0
BRDA:119,12,2,0
BRDA:131,13,0,0
BRDA:131,13,1,0
BRDA:139,14,0,0
BRDA:139,14,1,0
BRDA:168,15,0,0
BRDA:168,15,1,0
BRDA:179,16,0,0
BRDA:179,16,1,0
BRDA:183,17,0,0
BRDA:183,17,1,0
BRDA:195,18,0,0
BRDA:195,18,1,0
BRDA:197,19,0,0
BRDA:197,19,1,0
BRDA:206,20,0,0
BRDA:206,20,1,0
BRDA:210,21,0,0
BRDA:210,21,1,0
BRDA:212,22,0,0
BRDA:212,22,1,0
BRDA:229,23,0,0
BRDA:229,23,1,0
BRDA:242,24,0,0
BRDA:242,24,1,0
BRDA:245,25,0,0
BRDA:245,25,1,0
BRDA:264,26,0,0
BRDA:264,26,1,0
BRDA:270,27,0,0
BRDA:270,27,1,0
BRDA:276,28,0,0
BRDA:276,28,1,0
BRDA:281,29,0,0
BRDA:281,29,1,0
BRDA:293,30,0,0
BRDA:293,30,1,0
BRDA:295,31,0,0
BRDA:295,31,1,0
BRF:58
BRH:0
end_of_record
TN:
SF:src/components/data-display/Table/Table.tsx
FN:58,Table
FN:64,(anonymous_1)
FN:70,(anonymous_2)
FN:88,(anonymous_3)
FN:90,(anonymous_4)
FN:101,(anonymous_5)
FN:104,(anonymous_6)
FN:138,(anonymous_7)
FN:148,(anonymous_8)
FN:158,(anonymous_9)
FN:180,(anonymous_10)
FN:193,(anonymous_11)
FN:198,(anonymous_12)
FN:209,(anonymous_13)
FN:213,(anonymous_14)
FNF:15
FNH:6
FNDA:8,Table
FNDA:24,(anonymous_1)
FNDA:0,(anonymous_2)
FNDA:16,(anonymous_3)
FNDA:0,(anonymous_4)
FNDA:0,(anonymous_5)
FNDA:0,(anonymous_6)
FNDA:0,(anonymous_7)
FNDA:24,(anonymous_8)
FNDA:0,(anonymous_9)
FNDA:24,(anonymous_10)
FNDA:0,(anonymous_11)
FNDA:0,(anonymous_12)
FNDA:0,(anonymous_13)
FNDA:72,(anonymous_14)
DA:64,24
DA:67,8
DA:68,8
DA:70,8
DA:71,0
DA:73,0
DA:74,0
DA:75,0
DA:76,0
DA:77,0
DA:78,0
DA:80,0
DA:83,0
DA:84,0
DA:88,8
DA:89,16
DA:90,0
DA:91,0
DA:93,0
DA:94,16
DA:96,16
DA:97,0
DA:98,0
DA:101,8
DA:102,0
DA:103,0
DA:104,0
DA:106,0
DA:109,8
DA:139,0
DA:140,0
DA:142,0
DA:149,24
DA:158,0
DA:181,24
DA:182,24
DA:183,24
DA:194,0
DA:195,0
DA:199,0
DA:200,0
DA:209,0
DA:214,72
DA:229,1
LF:44
LH:16
BRDA:61,0,0,8
BRDA:62,1,0,8
BRDA:64,2,0,24
BRDA:64,3,0,24
BRDA:64,3,1,0
BRDA:71,4,0,0
BRDA:71,4,1,0
BRDA:73,5,0,0
BRDA:73,5,1,0
BRDA:74,6,0,0
BRDA:74,6,1,0
BRDA:76,7,0,0
BRDA:76,7,1,0
BRDA:89,8,0,16
BRDA:89,8,1,0
BRDA:89,9,0,16
BRDA:89,9,1,0
BRDA:91,10,0,0
BRDA:91,10,1,0
BRDA:93,11,0,0
BRDA:93,11,1,0
BRDA:94,12,0,0
BRDA:94,12,1,0
BRDA:96,13,0,0
BRDA:96,13,1,16
BRDA:96,14,0,0
BRDA:96,14,1,0
BRDA:97,15,0,0
BRDA:97,15,1,0
BRDA:97,16,0,0
BRDA:97,16,1,0
BRDA:102,17,0,0
BRDA:102,17,1,0
BRDA:103,18,0,0
BRDA:103,18,1,0
BRDA:125,19,0,8
BRDA:125,19,1,0
BRDA:136,20,0,0
BRDA:136,20,1,0
BRDA:139,21,0,0
BRDA:139,21,1,0
BRDA:155,22,0,0
BRDA:155,22,1,24
BRDA:155,23,0,24
BRDA:155,23,1,0
BRDA:158,24,0,0
BRDA:158,24,1,0
BRDA:168,25,0,24
BRDA:168,25,1,0
BRDA:168,25,2,0
BRDA:170,26,0,0
BRDA:170,26,1,0
BRDA:188,27,0,0
BRDA:188,27,1,24
BRDA:194,28,0,0
BRDA:194,28,1,0
BRDA:199,29,0,0
BRDA:199,29,1,0
BRDA:204,30,0,24
BRDA:204,30,1,0
BRDA:215,31,0,72
BRDA:215,31,1,0
BRDA:217,32,0,0
BRDA:217,32,1,0
BRF:64
BRH:14
end_of_record
TN:
SF:src/components/data-display/Table/TableSortIcon.tsx
FN:27,(anonymous_0)
FNF:1
FNH:0
FNDA:0,(anonymous_0)
DA:27,1
DA:32,0
DA:33,0
DA:35,0
DA:36,0
DA:48,0
DA:49,0
DA:61,0
DA:74,1
LF:9
LH:2
BRDA:30,0,0,0
BRDA:32,1,0,0
BRDA:32,1,1,0
BRDA:33,2,0,0
BRDA:33,2,1,0
BRDA:35,3,0,0
BRDA:35,3,1,0
BRDA:48,4,0,0
BRDA:48,4,1,0
BRF:9
BRH:0
end_of_record
TN:
SF:src/components/data-display/Table/index.ts
FNF:0
FNH:0
LF:0
LH:0
BRF:0
BRH:0
end_of_record
TN:
SF:src/components/data-display/Typography/Typography.tsx
FN:46,(anonymous_0)
FNF:1
FNH:1
FNDA:21,(anonymous_0)
DA:29,1
DA:46,1
DA:53,21
DA:54,21
DA:56,21
DA:77,1
LF:6
LH:6
BRDA:47,0,0,21
BRDA:53,1,0,21
BRDA:53,1,1,19
BRDA:63,2,0,2
BRDA:63,2,1,19
BRF:5
BRH:5
end_of_record
TN:
SF:src/components/data-display/Typography/index.ts
FNF:0
FNH:0
LF:0
LH:0
BRF:0
BRH:0
end_of_record
TN:
SF:src/components/data-display/VirtualGrid/VirtualGrid.tsx
FN:108,VirtualGrid
FN:118,(anonymous_1)
FN:135,(anonymous_2)
FN:181,(anonymous_3)
FN:203,(anonymous_4)
FNF:5
FNH:0
FNDA:0,VirtualGrid
FNDA:0,(anonymous_1)
FNDA:0,(anonymous_2)
FNDA:0,(anonymous_3)
FNDA:0,(anonymous_4)
DA:118,0
DA:127,0
DA:130,0
DA:133,0
DA:135,0
DA:142,0
DA:143,0
DA:145,0
DA:146,0
DA:163,0
DA:182,0
DA:183,0
DA:184,0
DA:186,0
DA:204,0
DA:205,0
DA:207,0
DA:233,0
LF:18
LH:0
BRDA:115,0,0,0
BRDA:116,1,0,0
BRDA:118,2,0,0
BRDA:119,3,0,0
BRDA:120,4,0,0
BRDA:123,5,0,0
BRDA:136,6,0,0
BRDA:136,6,1,0
BRDA:136,6,2,0
BRDA:145,7,0,0
BRDA:145,7,1,0
BRDA:158,8,0,0
BRDA:158,8,1,0
BRDA:217,9,0,0
BRDA:217,9,1,0
BRDA:217,9,2,0
BRF:16
BRH:0
end_of_record
TN:
SF:src/components/data-display/VirtualGrid/index.ts
FNF:0
FNH:0
LF:0
LH:0
BRF:0
BRH:0
end_of_record
TN:
SF:src/components/data-display/VirtualList/VirtualList.tsx
FN:68,VirtualList
FN:73,(anonymous_1)
FN:126,(anonymous_2)
FN:162,(anonymous_3)
FNF:4
FNH:0
FNDA:0,VirtualList
FNDA:0,(anonymous_1)
FNDA:0,(anonymous_2)
FNDA:0,(anonymous_3)
DA:73,0
DA:86,0
DA:93,0
DA:94,0
DA:110,0
DA:127,0
DA:128,0
DA:130,0
DA:162,0
DA:163,0
DA:164,0
DA:165,0
DA:168,0
LF:13
LH:0
BRDA:73,0,0,0
BRDA:74,1,0,0
BRDA:75,2,0,0
BRDA:78,3,0,0
BRDA:93,4,0,0
BRDA:93,4,1,0
BRDA:105,5,0,0
BRDA:105,5,1,0
BRDA:146,6,0,0
BRDA:146,6,1,0
BRDA:146,6,2,0
BRDA:163,7,0,0
BRDA:163,7,1,0
BRF:13
BRH:0
end_of_record
TN:
SF:src/components/data-display/VirtualList/index.ts
FNF:0
FNH:0
LF:0
LH:0
BRF:0
BRH:0
end_of_record
TN:
SF:src/components/data-display/VirtualListTanStack/VirtualListTanStack.tsx
FN:120,VirtualListTanStack
FN:127,(anonymous_1)
FN:191,(anonymous_2)
FNF:3
FNH:3
FNDA:5,VirtualListTanStack
FNDA:4,(anonymous_1)
FNDA:6,(anonymous_2)
DA:127,4
DA:144,5
DA:156,5
DA:157,2
DA:174,3
DA:192,6
DA:193,6
DA:195,6
DA:230,1
LF:9
LH:9
BRDA:127,0,0,4
BRDA:128,1,0,5
BRDA:129,2,0,5
BRDA:132,3,0,5
BRDA:156,4,0,2
BRDA:156,4,1,3
BRDA:169,5,0,2
BRDA:169,5,1,1
BRDA:199,6,0,0
BRDA:199,6,1,6
BRDA:205,7,0,6
BRDA:205,7,1,0
BRDA:214,8,0,3
BRDA:214,8,1,1
BRDA:214,8,2,1
BRF:15
BRH:13
end_of_record
TN:
SF:src/components/data-display/VirtualListTanStack/index.ts
FNF:0
FNH:0
LF:0
LH:0
BRF:0
BRH:0
end_of_record
TN:
SF:src/components/data-quality/index.ts
FNF:0
FNH:0
LF:0
LH:0
BRF:0
BRH:0
end_of_record
TN:
SF:src/components/data-quality/DataQualityCheckResult/DataQualityCheckResult.tsx
FN:53,getStatusIcon
FN:69,getStatusColor
FN:90,(anonymous_2)
FN:97,(anonymous_3)
FN:153,(anonymous_4)
FNF:5
FNH:4
FNDA:7,getStatusIcon
FNDA:7,getStatusColor
FNDA:7,(anonymous_2)
FNDA:0,(anonymous_3)
FNDA:21,(anonymous_4)
DA:54,7
DA:56,1
DA:58,1
DA:60,5
DA:62,0
DA:70,7
DA:72,1
DA:74,1
DA:76,5
DA:78,0
DA:90,1
DA:95,7
DA:97,7
DA:98,0
DA:101,7
DA:154,21
LF:16
LH:13
BRDA:54,0,0,1
BRDA:54,0,1,1
BRDA:54,0,2,5
BRDA:54,0,3,0
BRDA:70,1,0,1
BRDA:70,1,1,1
BRDA:70,1,2,5
BRDA:70,1,3,0
BRDA:92,2,0,7
BRDA:93,3,0,7
BRDA:113,4,0,7
BRDA:113,4,1,7
BRDA:121,5,0,7
BRDA:121,5,1,7
BRDA:126,6,0,7
BRDA:126,6,1,7
BRDA:132,7,0,7
BRDA:132,7,1,7
BRDA:134,8,0,0
BRDA:134,8,1,7
BRDA:140,9,0,7
BRDA:140,9,1,7
BRDA:143,10,0,7
BRDA:143,10,1,7
BRDA:143,10,2,7
BRDA:159,11,0,0
BRDA:159,11,1,21
BRDA:167,12,0,7
BRDA:167,12,1,0
BRDA:174,13,0,7
BRDA:174,13,1,0
BRDA:181,14,0,7
BRDA:181,14,1,7
BRDA:186,15,0,7
BRDA:186,15,1,0
BRDA:186,16,0,7
BRDA:186,16,1,0
BRF:37
BRH:29
end_of_record
TN:
SF:src/components/data-quality/DataQualityCheckResult/index.ts
FNF:0
FNH:0
LF:0
LH:0
BRF:0
BRH:0
end_of_record
TN:
SF:src/components/data-quality/DataQualityOverview/DataQualityOverview.tsx
FN:57,calculateStats
FN:70,(anonymous_1)
FN:71,(anonymous_2)
FN:72,(anonymous_3)
FN:73,(anonymous_4)
FN:77,(anonymous_5)
FN:78,(anonymous_6)
FN:79,(anonymous_7)
FN:94,getScoreColor
FN:108,(anonymous_9)
FN:115,(anonymous_10)
FNF:11
FNH:11
FNDA:8,calculateStats
FNDA:21,(anonymous_1)
FNDA:21,(anonymous_2)
FNDA:21,(anonymous_3)
FNDA:21,(anonymous_4)
FNDA:21,(anonymous_5)
FNDA:21,(anonymous_6)
FNDA:21,(anonymous_7)
FNDA:18,getScoreColor
FNDA:9,(anonymous_9)
FNDA:9,(anonymous_10)
DA:58,8
DA:59,1
DA:70,21
DA:71,21
DA:72,21
DA:73,21
DA:76,7
DA:77,21
DA:78,21
DA:79,21
DA:81,8
DA:95,18
DA:96,16
DA:97,2
DA:108,1
DA:115,9
DA:116,9
DA:117,1
DA:119,8
DA:122,9
DA:124,9
LF:21
LH:21
BRDA:58,0,0,1
BRDA:58,0,1,7
BRDA:73,1,0,21
BRDA:73,1,1,21
BRDA:78,2,0,21
BRDA:78,2,1,21
BRDA:79,3,0,7
BRDA:79,3,1,0
BRDA:95,4,0,2
BRDA:95,4,1,16
BRDA:96,5,0,14
BRDA:96,5,1,2
BRDA:109,6,0,9
BRDA:111,7,0,9
BRDA:112,8,0,9
BRDA:113,9,0,9
BRDA:116,10,0,1
BRDA:116,10,1,8
BRDA:192,11,0,9
BRDA:192,11,1,9
BRDA:211,12,0,9
BRDA:211,12,1,9
BRDA:212,13,0,9
BRDA:212,13,1,0
BRF:24
BRH:22
end_of_record
TN:
SF:src/components/data-quality/DataQualityOverview/index.ts
FNF:0
FNH:0
LF:0
LH:0
BRF:0
BRH:0
end_of_record
TN:
SF:src/components/data-quality/DataQualityRunList/DataQualityRunList.tsx
FN:63,getStatusBadgeColor
FN:80,getOverallStatusBadgeColor
FN:96,getScoreColor
FN:106,formatDate
FN:123,(anonymous_4)
FN:153,(anonymous_5)
FN:178,(anonymous_6)
FN:195,(anonymous_7)
FN:208,(anonymous_8)
FN:231,(anonymous_9)
FN:248,(anonymous_10)
FN:266,(anonymous_11)
FN:276,(anonymous_12)
FN:335,(anonymous_13)
FNF:14
FNH:0
FNDA:0,getStatusBadgeColor
FNDA:0,getOverallStatusBadgeColor
FNDA:0,getScoreColor
FNDA:0,formatDate
FNDA:0,(anonymous_4)
FNDA:0,(anonymous_5)
FNDA:0,(anonymous_6)
FNDA:0,(anonymous_7)
FNDA:0,(anonymous_8)
FNDA:0,(anonymous_9)
FNDA:0,(anonymous_10)
FNDA:0,(anonymous_11)
FNDA:0,(anonymous_12)
FNDA:0,(anonymous_13)
DA:64,0
DA:66,0
DA:69,0
DA:71,0
DA:73,0
DA:81,0
DA:83,0
DA:85,0
DA:87,0
DA:89,0
DA:97,0
DA:98,0
DA:99,0
DA:100,0
DA:107,0
DA:108,0
DA:109,0
DA:111,0
DA:123,0
DA:130,0
DA:131,0
DA:132,0
DA:133,0
DA:142,0
DA:152,0
DA:154,0
DA:155,0
DA:157,0
DA:164,0
DA:165,0
DA:173,0
DA:174,0
DA:178,0
DA:184,0
DA:185,0
DA:196,0
DA:197,0
DA:208,0
DA:223,0
DA:231,0
DA:249,0
DA:250,0
DA:267,0
DA:276,0
DA:336,0
DA:337,0
LF:46
LH:0
BRDA:64,0,0,0
BRDA:64,0,1,0
BRDA:64,0,2,0
BRDA:64,0,3,0
BRDA:64,0,4,0
BRDA:81,1,0,0
BRDA:81,1,1,0
BRDA:81,1,2,0
BRDA:81,1,3,0
BRDA:97,2,0,0
BRDA:97,2,1,0
BRDA:98,3,0,0
BRDA:98,3,1,0
BRDA:99,4,0,0
BRDA:99,4,1,0
BRDA:107,5,0,0
BRDA:107,5,1,0
BRDA:126,6,0,0
BRDA:127,7,0,0
BRDA:148,8,0,0
BRDA:148,8,1,0
BRDA:154,9,0,0
BRDA:154,9,1,0
BRDA:164,10,0,0
BRDA:164,10,1,0
BRDA:173,11,0,0
BRDA:173,11,1,0
BRDA:177,12,0,0
BRDA:177,12,1,0
BRDA:184,13,0,0
BRDA:184,13,1,0
BRDA:184,14,0,0
BRDA:184,14,1,0
BRDA:187,15,0,0
BRDA:187,15,1,0
BRDA:229,16,0,0
BRDA:229,16,1,0
BRDA:240,17,0,0
BRDA:240,17,1,0
BRDA:284,18,0,0
BRDA:284,18,1,0
BRDA:284,19,0,0
BRDA:284,19,1,0
BRDA:293,20,0,0
BRDA:293,20,1,0
BRDA:300,21,0,0
BRDA:300,21,1,0
BRDA:300,21,2,0
BRDA:316,22,0,0
BRDA:316,22,1,0
BRDA:328,23,0,0
BRDA:328,23,1,0
BRF:52
BRH:0
end_of_record
TN:
SF:src/components/data-quality/DataQualityRunList/index.ts
FNF:0
FNH:0
LF:0
LH:0
BRF:0
BRH:0
end_of_record
TN:
SF:src/components/datasets/index.ts
FNF:0
FNH:0
LF:0
LH:0
BRF:0
BRH:0
end_of_record
TN:
SF:src/components/datasets/DatasetCard/DatasetCard.tsx
FN:33,(anonymous_0)
FN:51,(anonymous_1)
FN:105,(anonymous_2)
FN:116,(anonymous_3)
FN:126,(anonymous_4)
FN:137,(anonymous_5)
FN:140,(anonymous_6)
FN:272,(anonymous_7)
FNF:8
FNH:1
FNDA:0,(anonymous_0)
FNDA:0,(anonymous_1)
FNDA:57,(anonymous_2)
FNDA:0,(anonymous_3)
FNDA:0,(anonymous_4)
FNDA:0,(anonymous_5)
FNDA:0,(anonymous_6)
FNDA:0,(anonymous_7)
DA:33,2
DA:36,0
DA:38,0
DA:40,0
DA:42,0
DA:44,0
DA:51,2
DA:52,0
DA:53,0
DA:54,0
DA:55,0
DA:56,0
DA:105,2
DA:114,57
DA:116,57
DA:117,0
DA:118,0
DA:119,0
DA:121,0
DA:126,57
DA:127,0
DA:128,0
DA:129,0
DA:131,0
DA:136,57
DA:137,0
DA:140,57
DA:142,57
DA:268,2
DA:272,2
DA:274,0
LF:31
LH:11
BRDA:36,0,0,0
BRDA:36,0,1,0
BRDA:36,0,2,0
BRDA:36,0,3,0
BRDA:52,1,0,0
BRDA:52,1,1,0
BRDA:54,2,0,0
BRDA:54,2,1,0
BRDA:107,3,0,57
BRDA:108,4,0,57
BRDA:109,5,0,57
BRDA:117,6,0,0
BRDA:117,6,1,0
BRDA:118,7,0,0
BRDA:118,7,1,0
BRDA:128,8,0,0
BRDA:128,8,1,0
BRDA:137,9,0,0
BRDA:137,9,1,0
BRDA:148,10,0,0
BRDA:148,10,1,0
BRDA:150,11,0,0
BRDA:150,11,1,0
BRDA:176,12,0,57
BRDA:176,12,1,0
BRDA:179,13,0,57
BRDA:179,13,1,0
BRDA:187,14,0,57
BRDA:187,14,1,0
BRDA:187,14,2,0
BRDA:190,15,0,0
BRDA:190,15,1,0
BRDA:202,16,0,57
BRDA:202,16,1,0
BRDA:208,17,0,0
BRDA:208,17,1,0
BRDA:214,18,0,57
BRDA:214,18,1,0
BRDA:214,18,2,0
BRDA:225,19,0,57
BRDA:225,19,1,0
BRDA:229,20,0,0
BRDA:229,20,1,0
BRDA:251,21,0,57
BRDA:251,21,1,0
BRDA:275,22,0,0
BRDA:275,22,1,0
BRDA:275,22,2,0
BRDA:275,22,3,0
BRDA:275,22,4,0
BRDA:275,22,5,0
BRDA:275,22,6,0
BRDA:275,22,7,0
BRDA:275,22,8,0
BRF:54
BRH:10
end_of_record
TN:
SF:src/components/datasets/DatasetCard/index.ts
FNF:0
FNH:0
LF:0
LH:0
BRF:0
BRH:0
end_of_record
TN:
SF:src/components/datasets/DatasetList/DatasetList.tsx
FN:90,(anonymous_0)
FN:108,(anonymous_1)
FN:143,(anonymous_2)
FN:160,(anonymous_3)
FNF:4
FNH:0
FNDA:0,(anonymous_0)
FNDA:0,(anonymous_1)
FNDA:0,(anonymous_2)
FNDA:0,(anonymous_3)
DA:90,0
DA:105,0
DA:106,0
DA:109,0
DA:118,0
DA:119,0
DA:129,0
DA:130,0
DA:140,0
DA:141,0
DA:144,0
DA:158,0
DA:161,0
DA:178,0
LF:14
LH:0
BRDA:92,0,0,0
BRDA:93,1,0,0
BRDA:94,2,0,0
BRDA:96,3,0,0
BRDA:97,4,0,0
BRDA:98,5,0,0
BRDA:99,6,0,0
BRDA:105,7,0,0
BRDA:105,7,1,0
BRDA:118,8,0,0
BRDA:118,8,1,0
BRDA:122,9,0,0
BRDA:122,9,1,0
BRDA:129,10,0,0
BRDA:129,10,1,0
BRDA:140,11,0,0
BRDA:140,11,1,0
BRF:17
BRH:0
end_of_record
TN:
SF:src/components/datasets/DatasetList/index.ts
FNF:0
FNH:0
LF:0
LH:0
BRF:0
BRH:0
end_of_record
TN:
SF:src/components/datasets/DatasetSchemaViewer/DatasetSchemaViewer.tsx
FN:47,(anonymous_0)
FN:79,(anonymous_1)
FN:125,(anonymous_2)
FNF:3
FNH:3
FNDA:32,(anonymous_0)
FNDA:10,(anonymous_1)
FNDA:32,(anonymous_2)
DA:47,2
DA:50,32
DA:51,32
DA:52,24
DA:54,8
DA:55,8
DA:57,0
DA:58,0
DA:60,0
DA:61,0
DA:63,0
DA:79,2
DA:85,10
DA:88,10
DA:89,2
DA:105,8
DA:126,32
DA:153,2
LF:18
LH:13
BRDA:51,0,0,24
BRDA:51,0,1,8
BRDA:51,1,0,32
BRDA:51,1,1,8
BRDA:54,2,0,8
BRDA:54,2,1,0
BRDA:54,3,0,8
BRDA:54,3,1,0
BRDA:54,3,2,0
BRDA:57,4,0,0
BRDA:57,4,1,0
BRDA:60,5,0,0
BRDA:60,5,1,0
BRDA:60,6,0,0
BRDA:60,6,1,0
BRDA:81,7,0,10
BRDA:82,8,0,10
BRDA:85,9,0,10
[...]
FNDA:0,(anonymous_29)
DA:62,0
DA:63,0
DA:65,0
DA:67,0
DA:69,0
DA:71,0
DA:73,0
DA:75,0
DA:77,0
DA:79,0
DA:86,0
DA:87,0
DA:90,0
DA:91,0
DA:94,0
DA:95,0
DA:98,0
DA:99,0
DA:100,0
DA:101,0
DA:102,0
DA:105,0
DA:108,0
DA:110,0
DA:111,0
DA:115,0
DA:116,0
DA:120,0
DA:121,0
DA:126,0
DA:127,0
DA:129,0
DA:130,0
DA:132,0
DA:133,0
DA:135,0
DA:136,0
DA:138,0
DA:139,0
DA:141,0
DA:142,0
DA:148,0
DA:151,0
DA:154,0
DA:156,0
DA:159,0
DA:173,0
DA:176,0
DA:177,0
DA:178,0
DA:181,0
DA:182,0
DA:184,0
DA:185,0
DA:186,0
DA:187,0
DA:190,0
DA:191,0
DA:194,0
DA:201,0
DA:202,0
DA:204,0
DA:205,0
DA:207,0
DA:209,0
DA:210,0
DA:211,0
DA:217,0
DA:218,0
DA:220,0
DA:222,0
DA:224,0
DA:225,0
DA:226,0
DA:227,0
DA:229,0
DA:231,0
DA:232,0
DA:233,0
DA:234,0
DA:236,0
DA:238,0
DA:239,0
DA:240,0
DA:241,0
DA:243,0
DA:245,0
DA:246,0
DA:247,0
DA:248,0
DA:250,0
DA:253,0
DA:256,0
DA:260,0
DA:261,0
DA:262,0
DA:263,0
DA:264,0
DA:265,0
DA:266,0
DA:267,0
DA:268,0
DA:272,0
DA:273,0
DA:284,0
DA:285,0
DA:295,0
DA:296,0
DA:302,0
DA:310,0
DA:311,0
DA:313,0
DA:340,0
DA:362,0
DA:377,0
DA:395,0
DA:430,0
DA:431,0
DA:438,0
DA:452,0
DA:453,0
DA:456,0
DA:468,0
DA:469,0
DA:488,0
DA:489,0
DA:490,0
DA:503,0
DA:504,0
DA:505,0
DA:520,0
DA:560,0
DA:572,0
DA:584,0
LF:134
LH:0
BRDA:63,0,0,0
BRDA:63,0,1,0
BRDA:63,0,2,0
BRDA:63,0,3,0
BRDA:63,0,4,0
BRDA:63,0,5,0
BRDA:63,0,6,0
BRDA:63,0,7,0
BRDA:126,1,0,0
BRDA:126,1,1,0
BRDA:129,2,0,0
BRDA:129,2,1,0
BRDA:132,3,0,0
BRDA:132,3,1,0
BRDA:135,4,0,0
BRDA:135,4,1,0
BRDA:138,5,0,0
BRDA:138,5,1,0
BRDA:141,6,0,0
BRDA:141,6,1,0
BRDA:148,7,0,0
BRDA:148,7,1,0
BRDA:148,7,2,0
BRDA:177,8,0,0
BRDA:177,8,1,0
BRDA:185,9,0,0
BRDA:185,9,1,0
BRDA:186,10,0,0
BRDA:186,10,1,0
BRDA:190,11,0,0
BRDA:190,11,1,0
BRDA:190,11,2,0
BRDA:202,12,0,0
BRDA:202,12,1,0
BRDA:209,13,0,0
BRDA:209,13,1,0
BRDA:211,14,0,0
BRDA:211,14,1,0
BRDA:218,15,0,0
BRDA:218,15,1,0
BRDA:222,16,0,0
BRDA:222,16,1,0
BRDA:222,16,2,0
BRDA:222,16,3,0
BRDA:222,16,4,0
BRDA:225,17,0,0
BRDA:225,17,1,0
BRDA:225,17,2,0
BRDA:226,18,0,0
BRDA:226,18,1,0
BRDA:226,18,2,0
BRDA:232,19,0,0
BRDA:232,19,1,0
BRDA:232,19,2,0
BRDA:233,20,0,0
BRDA:233,20,1,0
BRDA:233,20,2,0
BRDA:239,21,0,0
BRDA:239,21,1,0
BRDA:239,21,2,0
BRDA:240,22,0,0
BRDA:240,22,1,0
BRDA:240,22,2,0
BRDA:246,23,0,0
BRDA:246,23,1,0
BRDA:246,23,2,0
BRDA:247,24,0,0
BRDA:247,24,1,0
BRDA:247,24,2,0
BRDA:274,25,0,0
BRDA:274,25,1,0
BRDA:274,25,2,0
BRDA:274,25,3,0
BRDA:274,25,4,0
BRDA:274,25,5,0
BRDA:284,26,0,0
BRDA:284,26,1,0
BRDA:295,27,0,0
BRDA:295,27,1,0
BRDA:301,28,0,0
BRDA:301,28,1,0
BRDA:310,29,0,0
BRDA:310,29,1,0
BRDA:310,30,0,0
BRDA:310,30,1,0
BRDA:311,31,0,0
BRDA:311,31,1,0
BRDA:385,32,0,0
BRDA:385,32,1,0
BRDA:488,33,0,0
BRDA:488,33,1,0
BRDA:503,34,0,0
BRDA:503,34,1,0
BRDA:534,35,0,0
BRDA:534,35,1,0
BRDA:549,36,0,0
BRDA:549,36,1,0
BRDA:552,37,0,0
BRDA:552,37,1,0
BRDA:567,38,0,0
BRDA:567,38,1,0
BRF:101
BRH:0
end_of_record
TN:
SF:src/pages/marketplace/index.ts
FNF:0
FNH:0
LF:0
LH:0
BRF:0
BRH:0
end_of_record
TN:
SF:src/services/errorLogging.ts
FN:78,logError
FN:167,logMessage
FNF:2
FNH:1
FNDA:255,logError
FNDA:0,logMessage
DA:88,255
DA:91,255
DA:92,245
DA:93,245
DA:95,245
DA:99,10
DA:105,10
DA:108,10
DA:109,10
DA:119,10
DA:120,10
DA:121,10
DA:135,0
DA:140,10
DA:141,10
DA:142,10
DA:143,10
DA:145,10
DA:153,0
DA:157,10
DA:179,0
DA:182,0
DA:183,0
DA:184,0
DA:189,0
DA:190,0
DA:191,0
DA:192,0
DA:203,0
DA:208,0
DA:209,0
DA:210,0
DA:216,0
DA:220,0
LF:34
LH:18
BRDA:78,0,0,255
BRDA:80,1,0,255
BRDA:81,2,0,255
BRDA:82,3,0,255
BRDA:84,4,0,255
BRDA:85,5,0,255
BRDA:86,6,0,255
BRDA:91,7,0,245
BRDA:91,7,1,10
BRDA:92,8,0,245
BRDA:92,8,1,0
BRDA:108,9,0,10
BRDA:108,9,1,0
BRDA:119,10,0,10
BRDA:119,10,1,0
BRDA:125,11,0,10
BRDA:125,11,1,10
BRDA:140,12,0,10
BRDA:140,12,1,0
BRDA:142,13,0,10
BRDA:142,13,1,0
BRDA:143,14,0,10
BRDA:143,14,1,0
BRDA:169,15,0,0
BRDA:172,16,0,0
BRDA:173,17,0,0
BRDA:174,18,0,0
BRDA:176,19,0,0
BRDA:177,20,0,0
BRDA:178,21,0,0
BRDA:182,22,0,0
BRDA:182,22,1,0
BRDA:183,23,0,0
BRDA:183,23,1,0
BRDA:183,24,0,0
BRDA:183,24,1,0
BRDA:189,25,0,0
BRDA:189,25,1,0
BRDA:195,26,0,0
BRDA:195,26,1,0
BRDA:208,27,0,0
BRDA:208,27,1,0
BRF:42
BRH:17
end_of_record
TN:
SF:src/services/performanceBudget.ts
FN:58,(anonymous_0)
FN:73,(anonymous_1)
FN:80,(anonymous_2)
FN:87,(anonymous_3)
FN:94,(anonymous_4)
FN:112,checkBudget
FN:128,(anonymous_6)
FN:210,getActiveAlerts
FN:217,clearAlerts
FN:227,monitorWebVital
FN:237,monitorComponentRender
FN:247,monitorAPIResponse
FNF:12
FNH:0
FNDA:0,(anonymous_0)
FNDA:0,(anonymous_1)
FNDA:0,(anonymous_2)
FNDA:0,(anonymous_3)
FNDA:0,(anonymous_4)
FNDA:0,checkBudget
FNDA:0,(anonymous_6)
FNDA:0,getActiveAlerts
FNDA:0,clearAlerts
FNDA:0,monitorWebVital
FNDA:0,monitorComponentRender
FNDA:0,monitorAPIResponse
DA:52,0
DA:53,0
DA:59,0
DA:61,0
DA:62,0
DA:66,0
DA:67,0
DA:74,0
DA:81,0
DA:88,0
DA:95,0
DA:102,0
DA:117,0
DA:120,0
DA:122,0
DA:123,0
DA:127,0
DA:128,0
DA:132,0
DA:136,0
DA:137,0
DA:138,0
DA:139,0
DA:140,0
DA:142,0
DA:143,0
DA:147,0
DA:150,0
DA:162,0
DA:165,0
DA:187,0
DA:195,0
DA:202,0
DA:211,0
DA:218,0
DA:228,0
DA:238,0
DA:248,0
LF:38
LH:0
BRDA:61,0,0,0
BRDA:61,0,1,0
BRDA:120,1,0,0
BRDA:120,1,1,0
BRDA:127,2,0,0
BRDA:127,2,1,0
BRDA:128,3,0,0
BRDA:128,3,1,0
BRDA:136,4,0,0
BRDA:136,4,1,0
BRDA:138,5,0,0
BRDA:138,5,1,0
BRDA:147,6,0,0
BRDA:147,6,1,0
BRF:14
BRH:0
end_of_record
TN:
SF:src/services/performanceRegression.ts
FN:63,(anonymous_0)
FN:75,(anonymous_1)
FN:76,(anonymous_2)
FN:86,(anonymous_3)
FN:91,(anonymous_4)
FN:98,(anonymous_5)
FN:114,detectRegression
FN:190,getMetricsHistory
FN:205,getAverageMetric
FN:216,clearMetricsHistory
FNF:10
FNH:0
FNDA:0,(anonymous_0)
FNDA:0,(anonymous_1)
FNDA:0,(anonymous_2)
FNDA:0,(anonymous_3)
FNDA:0,(anonymous_4)
FNDA:0,(anonymous_5)
FNDA:0,detectRegression
FNDA:0,getMetricsHistory
FNDA:0,getAverageMetric
FNDA:0,clearMetricsHistory
DA:57,0
DA:58,0
DA:64,0
DA:67,0
DA:68,0
DA:76,0
DA:77,0
DA:78,0
DA:79,0
DA:87,0
DA:89,0
DA:91,0
DA:92,0
DA:99,0
DA:106,0
DA:116,0
DA:119,0
DA:122,0
DA:123,0
DA:124,0
DA:126,0
DA:130,0
DA:131,0
DA:134,0
DA:135,0
DA:140,0
DA:142,0
DA:156,0
DA:157,0
DA:172,0
DA:180,0
DA:194,0
DA:210,0
DA:217,0
LF:34
LH:0
BRDA:67,0,0,0
BRDA:67,0,1,0
BRDA:77,1,0,0
BRDA:77,1,1,0
BRDA:78,2,0,0
BRDA:78,2,1,0
BRDA:78,3,0,0
BRDA:78,3,1,0
BRDA:86,4,0,0
BRDA:89,5,0,0
BRDA:89,5,1,0
BRDA:122,6,0,0
BRDA:122,6,1,0
BRDA:124,7,0,0
BRDA:124,7,1,0
BRDA:124,7,2,0
BRDA:126,8,0,0
BRDA:126,8,1,0
BRDA:126,8,2,0
BRDA:131,9,0,0
BRDA:131,9,1,0
BRDA:140,10,0,0
BRDA:140,10,1,0
BRDA:156,11,0,0
BRDA:156,11,1,0
BRDA:160,12,0,0
BRDA:160,12,1,0
BRDA:208,13,0,0
BRF:28
BRH:0
end_of_record
TN:
SF:src/services/webVitals.ts
FN:64,getMetricRating
FN:82,sendToAnalytics
FN:143,initWebVitals
FN:169,getCurrentWebVitals
FN:170,(anonymous_4)
FN:175,(anonymous_5)
FN:185,(anonymous_6)
FNF:7
FNH:1
FNDA:15,getMetricRating
FNDA:0,sendToAnalytics
FNDA:0,initWebVitals
FNDA:0,getCurrentWebVitals
FNDA:0,(anonymous_4)
FNDA:0,(anonymous_5)
FNDA:0,(anonymous_6)
DA:38,121
DA:68,15
DA:70,15
DA:71,5
DA:72,10
DA:73,5
DA:75,5
DA:83,0
DA:86,0
DA:87,0
DA:99,0
DA:103,0
DA:104,0
DA:112,0
DA:113,0
DA:144,0
DA:145,0
DA:149,0
DA:152,0
DA:155,0
DA:158,0
DA:161,0
DA:170,0
DA:171,0
DA:172,0
DA:173,0
DA:175,0
DA:176,0
DA:177,0
DA:179,0
DA:180,0
DA:185,0
DA:186,0
DA:189,0
DA:190,0
DA:191,0
DA:192,0
DA:193,0
LF:38
LH:7
BRDA:70,0,0,5
BRDA:70,0,1,10
BRDA:72,1,0,5
BRDA:72,1,1,5
BRDA:83,2,0,0
BRDA:83,2,1,0
BRDA:95,3,0,0
BRDA:95,3,1,0
BRDA:103,4,0,0
BRDA:103,4,1,0
BRDA:112,5,0,0
BRDA:112,5,1,0
BRDA:144,6,0,0
BRDA:144,6,1,0
BRDA:179,7,0,0
BRDA:179,7,1,0
BRF:16
BRH:4
end_of_record
TN:
SF:src/store/index.ts
FNF:0
FNH:0
LF:0
LH:0
BRF:0
BRH:0
end_of_record
TN:
SF:src/stories/Button.tsx
FN:19,(anonymous_0)
FNF:1
FNH:0
FNDA:0,(anonymous_0)
DA:19,0
DA:26,0
DA:27,0
LF:3
LH:0
BRDA:20,0,0,0
BRDA:21,1,0,0
BRDA:26,2,0,0
BRDA:26,2,1,0
BRF:4
BRH:0
end_of_record
TN:
SF:src/stories/Header.tsx
FN:17,(anonymous_0)
FNF:1
FNH:0
FNDA:0,(anonymous_0)
DA:17,0
DA:18,0
LF:2
LH:0
BRDA:40,0,0,0
BRDA:40,0,1,0
BRF:2
BRH:0
end_of_record
TN:
SF:src/stories/Page.tsx
FN:10,(anonymous_0)
FN:17,(anonymous_1)
FN:18,(anonymous_2)
FN:19,(anonymous_3)
FNF:4
FNH:0
FNDA:0,(anonymous_0)
FNDA:0,(anonymous_1)
FNDA:0,(anonymous_2)
FNDA:0,(anonymous_3)
DA:10,0
DA:11,0
DA:13,0
DA:17,0
DA:18,0
DA:19,0
LF:6
LH:0
BRF:0
BRH:0
end_of_record
TN:
SF:src/styles/tokens/borderRadius.ts
FNF:0
FNH:0
DA:7,121
DA:21,121
DA:35,121
LF:3
LH:3
BRF:0
BRH:0
end_of_record
TN:
SF:src/styles/tokens/breakpoints.ts
FNF:0
FNH:0
DA:8,44
DA:24,44
DA:35,44
DA:46,44
LF:4
LH:4
BRF:0
BRH:0
end_of_record
TN:
SF:src/styles/tokens/colors.ts
FNF:0
FNH:0
DA:8,121
LF:1
LH:1
BRF:0
BRH:0
end_of_record
TN:
SF:src/styles/tokens/index.ts
FNF:0
FNH:0
LF:0
LH:0
BRF:0
BRH:0
end_of_record
TN:
SF:src/styles/tokens/shadows.ts
FNF:0
FNH:0
DA:8,44
LF:1
LH:1
BRF:0
BRH:0
end_of_record
TN:
SF:src/styles/tokens/spacing.ts
FNF:0
FNH:0
DA:8,121
DA:35,121
DA:61,121
LF:3
LH:3
BRF:0
BRH:0
end_of_record
TN:
SF:src/styles/tokens/typography.ts
FNF:0
FNH:0
DA:8,121
LF:1
LH:1
BRF:0
BRH:0
end_of_record
TN:
SF:src/utils/debounce.ts
FN:12,debounce
FN:18,executedFunction
FN:19,(anonymous_2)
FN:30,(anonymous_3)
FNF:4
FNH:0
FNDA:0,debounce
FNDA:0,executedFunction
FNDA:0,(anonymous_2)
FNDA:0,(anonymous_3)
DA:16,0
DA:18,0
DA:19,0
DA:20,0
DA:21,0
DA:24,0
DA:25,0
DA:27,0
DA:30,0
DA:31,0
DA:32,0
DA:33,0
DA:37,0
LF:13
LH:0
BRDA:24,0,0,0
BRDA:24,0,1,0
BRDA:31,1,0,0
BRDA:31,1,1,0
BRF:4
BRH:0
end_of_record
TN:
SF:src/utils/errorAnonymization.ts
FN:80,redactPII
FN:110,anonymizeObject
FN:133,(anonymous_2)
FN:143,(anonymous_3)
FN:165,anonymizeError
FNF:5
FNH:5
FNDA:234,redactPII
FNDA:145,anonymizeObject
FNDA:2,(anonymous_2)
FNDA:12959,(anonymous_3)
FNDA:24,anonymizeError
DA:11,121
DA:33,121
DA:81,234
DA:84,234
DA:86,234
DA:88,234
DA:90,234
DA:92,234
DA:94,234
DA:96,234
DA:100,234
DA:115,145
DA:116,1
DA:119,144
DA:120,0
DA:124,144
DA:125,0
DA:126,0
DA:128,0
DA:132,144
DA:133,21
DA:137,123
DA:139,123
DA:140,354
DA:143,12959
DA:144,6
DA:145,348
DA:147,182
DA:148,166
DA:150,96
DA:152,70
DA:156,123
DA:171,24
DA:172,22
DA:180,2
DA:181,1
DA:184,1
LF:37
LH:33
BRDA:80,0,0,234
BRDA:112,1,0,145
BRDA:113,2,0,145
BRDA:115,3,0,1
BRDA:115,3,1,144
BRDA:119,4,0,0
BRDA:119,4,1,144
BRDA:119,5,0,144
BRDA:119,5,1,144
BRDA:124,6,0,0
BRDA:124,6,1,144
BRDA:125,7,0,0
BRDA:125,7,1,0
BRDA:132,8,0,21
BRDA:132,8,1,123
BRDA:143,9,0,6
BRDA:143,9,1,348
BRDA:145,10,0,182
BRDA:145,10,1,166
BRDA:148,11,0,96
BRDA:148,11,1,70
BRDA:148,12,0,166
BRDA:148,12,1,96
BRDA:171,13,0,22
BRDA:171,13,1,2
BRDA:175,14,0,22
BRDA:175,14,1,0
BRDA:180,15,0,1
BRDA:180,15,1,1
BRDA:180,16,0,2
BRDA:180,16,1,1
BRF:31
BRH:26
end_of_record
TN:
SF:src/utils/errorContextCapture.ts
FN:128,(anonymous_0)
FN:135,(anonymous_1)
FN:150,(anonymous_2)
FN:160,(anonymous_3)
FN:176,captureAppState
FN:227,captureErrorContext
FN:258,trackUserAction
FNF:7
FNH:4
FNDA:121,(anonymous_0)
FNDA:0,(anonymous_1)
FNDA:20,(anonymous_2)
FNDA:0,(anonymous_3)
FNDA:20,captureAppState
FNDA:20,captureErrorContext
FNDA:0,trackUserAction
DA:125,121
DA:129,121
DA:136,0
DA:142,0
DA:143,0
DA:151,20
DA:152,20
DA:154,0
DA:161,0
DA:168,121
DA:177,20
DA:180,20
DA:181,0
DA:182,20
DA:183,20
DA:187,20
DA:188,20
DA:200,20
DA:201,20
DA:209,20
DA:210,0
DA:211,0
DA:217,20
DA:241,20
DA:243,20
DA:263,0
LF:26
LH:17
BRDA:128,0,0,121
BRDA:142,1,0,0
BRDA:142,1,1,0
BRDA:151,2,0,20
BRDA:151,2,1,0
BRDA:180,3,0,0
BRDA:180,3,1,20
BRDA:182,4,0,20
BRDA:182,4,1,0
BRDA:187,5,0,20
BRDA:187,5,1,0
BRDA:193,6,0,20
BRDA:193,6,1,0
BRDA:200,7,0,20
BRDA:200,7,1,0
BRDA:200,8,0,20
BRDA:200,8,1,20
BRDA:204,9,0,20
BRDA:204,9,1,20
BRDA:209,10,0,0
BRDA:209,10,1,20
BRDA:209,11,0,20
BRDA:209,11,1,20
BRDA:212,12,0,0
BRDA:212,12,1,0
BRDA:213,13,0,0
BRDA:213,13,1,0
BRDA:240,14,0,20
BRDA:241,15,0,20
BRDA:241,15,1,10
BRDA:244,16,0,20
BRDA:244,16,1,0
BRF:32
BRH:18
end_of_record
TN:
SF:src/utils/errorMessages.ts
FN:202,getErrorMessageConfig
FN:313,getUserFriendlyErrorMessage
FN:321,getErrorTitle
FN:329,getErrorCategory
FN:337,getErrorSeverity
FN:345,isRecoverableError
FNF:6
FNH:2
FNDA:876,getErrorMessageConfig
FNDA:438,getUserFriendlyErrorMessage
FNDA:0,getErrorTitle
FNDA:0,getErrorCategory
FNDA:0,getErrorSeverity
FNDA:0,isRecoverableError
DA:32,2
DA:186,2
DA:204,876
DA:205,0
DA:208,0
DA:209,0
DA:213,0
DA:214,0
DA:215,0
DA:216,0
DA:221,0
DA:222,0
DA:226,0
DA:227,0
DA:232,876
DA:233,0
DA:236,0
DA:237,0
DA:241,0
DA:242,0
DA:243,0
DA:244,0
DA:249,0
DA:250,0
DA:252,0
DA:253,0
DA:255,0
DA:256,0
DA:258,0
DA:259,0
DA:261,0
DA:262,0
DA:264,0
DA:265,0
DA:269,0
DA:270,0
DA:274,0
DA:275,0
DA:280,876
DA:282,0
DA:283,0
DA:285,0
DA:289,876
DA:290,876
DA:292,876
DA:293,0
DA:295,876
DA:296,0
DA:298,876
DA:299,0
DA:301,876
DA:302,0
DA:307,876
DA:314,438
DA:315,438
DA:322,0
DA:323,0
DA:330,0
DA:331,0
DA:338,0
DA:339,0
DA:346,0
DA:347,0
LF:63
LH:14
BRDA:204,0,0,0
BRDA:204,0,1,876
BRDA:208,1,0,0
BRDA:208,1,1,0
BRDA:213,2,0,0
BRDA:213,2,1,0
BRDA:215,3,0,0
BRDA:215,3,1,0
BRDA:221,4,0,0
BRDA:221,4,1,0
BRDA:226,5,0,0
BRDA:226,5,1,0
BRDA:226,6,0,0
BRDA:226,6,1,0
BRDA:232,7,0,0
BRDA:232,7,1,876
BRDA:236,8,0,0
BRDA:236,8,1,0
BRDA:241,9,0,0
BRDA:241,9,1,0
BRDA:243,10,0,0
BRDA:243,10,1,0
BRDA:249,11,0,0
BRDA:249,11,1,0
BRDA:249,12,0,0
BRDA:249,12,1,0
BRDA:252,13,0,0
BRDA:252,13,1,0
BRDA:255,14,0,0
BRDA:255,14,1,0
BRDA:255,15,0,0
BRDA:255,15,1,0
BRDA:258,16,0,0
BRDA:258,16,1,0
BRDA:258,17,0,0
BRDA:258,17,1,0
BRDA:261,18,0,0
BRDA:261,18,1,0
BRDA:261,19,0,0
BRDA:261,19,1,0
BRDA:264,20,0,0
BRDA:264,20,1,0
BRDA:264,21,0,0
BRDA:264,21,1,0
BRDA:269,22,0,0
BRDA:269,22,1,0
BRDA:274,23,0,0
BRDA:274,23,1,0
BRDA:274,24,0,0
BRDA:274,24,1,0
BRDA:280,25,0,0
BRDA:280,25,1,876
BRDA:282,26,0,0
BRDA:282,26,1,0
BRDA:282,27,0,0
BRDA:282,27,1,0
BRDA:289,28,0,876
BRDA:289,28,1,0
BRDA:292,29,0,0
BRDA:292,29,1,876
BRDA:292,30,0,876
BRDA:292,30,1,876
BRDA:295,31,0,0
BRDA:295,31,1,876
BRDA:298,32,0,0
BRDA:298,32,1,876
BRDA:298,33,0,876
BRDA:298,33,1,876
BRDA:301,34,0,0
BRDA:301,34,1,876
BRDA:301,35,0,876
BRDA:301,35,1,876
BRF:72
BRH:14
end_of_record
TN:
SF:src/utils/errorRateLimiter.ts
FN:28,(anonymous_0)
FN:39,(anonymous_1)
FN:69,(anonymous_2)
FN:118,(anonymous_3)
FN:130,(anonymous_4)
FN:139,(anonymous_5)
FNF:6
FNH:6
FNDA:129,(anonymous_0)
FNDA:293,(anonymous_1)
FNDA:293,(anonymous_2)
FNDA:293,(anonymous_3)
FNDA:1,(anonymous_4)
FNDA:1,(anonymous_5)
DA:18,129
DA:29,129
DA:30,129
DA:40,293
DA:42,293
DA:43,293
DA:46,0
DA:47,0
DA:50,0
DA:51,0
DA:53,0
DA:54,0
DA:56,0
DA:60,0
DA:70,293
DA:71,293
DA:72,293
DA:75,293
DA:77,293
DA:79,13
DA:84,13
DA:88,280
DA:90,280
DA:92,1
DA:97,1
DA:101,279
DA:103,249
DA:104,249
DA:108,30
DA:109,30
DA:110,30
DA:119,293
DA:120,283
DA:121,283
DA:122,1
DA:131,1
DA:140,1
DA:141,1
DA:142,2
DA:144,1
DA:151,121
LF:41
LH:33
BRDA:28,0,0,129
BRDA:28,1,0,129
BRDA:40,2,0,293
BRDA:40,2,1,0
BRDA:42,3,0,293
BRDA:42,3,1,0
BRDA:46,4,0,0
BRDA:46,4,1,0
BRDA:50,5,0,0
BRDA:50,5,1,0
BRDA:50,6,0,0
BRDA:50,6,1,0
BRDA:77,7,0,13
BRDA:77,7,1,280
BRDA:90,8,0,1
BRDA:90,8,1,279
BRDA:101,9,0,249
BRDA:101,9,1,30
BRDA:121,10,0,1
BRDA:121,10,1,282
BRF:20
BRH:12
end_of_record
TN:
SF:src/utils/formValidation.ts
FN:29,mapServerErrorsToFormErrors
FN:37,(anonymous_1)
FN:55,(anonymous_2)
FN:110,applyServerErrorsToForm
FN:129,(anonymous_4)
FN:160,getFieldError
FN:180,hasFormErrors
FN:192,getAllFormErrors
FN:197,(anonymous_8)
FNF:9
FNH:9
FNDA:26,mapServerErrorsToFormErrors
FNDA:12,(anonymous_1)
FNDA:12,(anonymous_2)
FNDA:10,applyServerErrorsToForm
FNDA:12,(anonymous_4)
FNDA:6,getFieldError
FNDA:2,hasFormErrors
FNDA:6,getAllFormErrors
FNDA:14,(anonymous_8)
DA:32,26
DA:35,26
DA:36,11
DA:37,10
DA:38,12
DA:39,12
DA:45,11
DA:49,15
DA:50,9
DA:53,9
DA:55,9
DA:56,12
DA:57,7
DA:58,7
DA:59,7
DA:61,7
DA:62,7
DA:63,7
DA:72,9
DA:73,5
DA:76,5
DA:78,5
DA:87,15
DA:125,10
DA:126,10
DA:129,10
DA:130,12
DA:131,12
DA:133,12
DA:134,10
DA:140,10
DA:141,9
DA:147,10
DA:148,10
DA:149,1
DA:164,6
DA:165,6
DA:167,4
DA:168,2
DA:171,2
DA:183,2
DA:195,6
DA:197,6
DA:198,14
DA:199,14
DA:200,12
DA:207,6
LF:47
LH:47
BRDA:35,0,0,11
BRDA:35,0,1,15
BRDA:36,1,0,10
BRDA:36,1,1,1
BRDA:41,2,0,12
BRDA:41,2,1,1
BRDA:49,3,0,9
BRDA:49,3,1,6
BRDA:49,4,0,15
BRDA:49,4,1,9
BRDA:53,5,0,9
BRDA:53,5,1,0
BRDA:53,6,0,9
BRDA:53,6,1,9
BRDA:56,7,0,7
BRDA:56,7,1,5
BRDA:58,8,0,6
BRDA:58,8,1,1
BRDA:61,9,0,7
BRDA:61,9,1,0
BRDA:64,10,0,6
BRDA:64,10,1,1
BRDA:72,11,0,5
BRDA:72,11,1,4
BRDA:73,12,0,4
BRDA:73,12,1,1
BRDA:76,13,0,5
BRDA:76,13,1,0
BRDA:125,14,0,10
BRDA:125,15,0,10
BRDA:125,15,1,6
BRDA:133,16,0,10
BRDA:133,16,1,2
BRDA:133,17,0,12
BRDA:133,17,1,12
BRDA:140,18,0,9
BRDA:140,18,1,1
BRDA:148,19,0,1
BRDA:148,19,1,9
BRDA:148,20,0,10
BRDA:148,20,1,2
BRDA:165,21,0,2
BRDA:165,21,1,4
BRDA:167,22,0,2
BRDA:167,22,1,2
BRDA:167,23,0,4
BRDA:167,23,1,3
BRDA:199,24,0,12
BRDA:199,24,1,2
BRDA:199,25,0,14
BRDA:199,25,1,13
BRDA:199,25,2,13
BRF:52
BRH:49
end_of_record
TN:
SF:src/utils/index.ts
FNF:0
FNH:0
LF:0
LH:0
BRF:0
BRH:0
end_of_record
TN:
SF:src/utils/memoization.ts
FN:21,shallowEqual
FN:45,deepEqual
FN:77,createMemoizedComponent
FN:100,useMemoizedValue
FN:125,useMemoizedCallback
FN:148,useMemoizedObject
FN:152,(anonymous_6)
FN:171,useMemoizedArray
FN:175,(anonymous_8)
FN:196,useMemoizedFilter
FN:201,(anonymous_10)
FN:222,useMemoizedMap
FN:227,(anonymous_12)
FN:248,useMemoizedSort
FN:253,(anonymous_14)
FN:276,useMemoizedReduce
FN:283,(anonymous_16)
FN:308,useMemoizedDebounce
FN:316,(anonymous_18)
FN:320,(anonymous_19)
FN:348,useMemoizedThrottle
FN:356,(anonymous_21)
FN:378,withShallowMemo
FN:395,withDeepMemo
FNF:24
FNH:0
FNDA:0,shallowEqual
FNDA:0,deepEqual
FNDA:0,createMemoizedComponent
FNDA:0,useMemoizedValue
FNDA:0,useMemoizedCallback
FNDA:0,useMemoizedObject
FNDA:0,(anonymous_6)
FNDA:0,useMemoizedArray
FNDA:0,(anonymous_8)
FNDA:0,useMemoizedFilter
FNDA:0,(anonymous_10)
FNDA:0,useMemoizedMap
FNDA:0,(anonymous_12)
FNDA:0,useMemoizedSort
FNDA:0,(anonymous_14)
FNDA:0,useMemoizedReduce
FNDA:0,(anonymous_16)
FNDA:0,useMemoizedDebounce
FNDA:0,(anonymous_18)
FNDA:0,(anonymous_19)
FNDA:0,useMemoizedThrottle
FNDA:0,(anonymous_21)
FNDA:0,withShallowMemo
FNDA:0,withDeepMemo
DA:25,0
DA:26,0
DA:28,0
DA:29,0
DA:32,0
DA:33,0
DA:34,0
DA:38,0
DA:46,0
DA:47,0
DA:48,0
DA:50,0
DA:51,0
DA:53,0
DA:55,0
DA:56,0
DA:57,0
DA:58,0
DA:62,0
DA:81,0
DA:104,0
DA:129,0
DA:152,0
DA:175,0
DA:201,0
DA:227,0
DA:253,0
DA:282,0
DA:283,0
DA:313,0
DA:315,0
DA:317,0
DA:318,0
DA:320,0
DA:321,0
DA:353,0
DA:355,0
DA:357,0
DA:358,0
DA:359,0
DA:360,0
DA:381,0
DA:398,0
LF:43
LH:0
BRDA:28,0,0,0
BRDA:28,0,1,0
BRDA:33,1,0,0
BRDA:33,1,1,0
BRDA:46,2,0,0
BRDA:46,2,1,0
BRDA:47,3,0,0
BRDA:47,3,1,0
BRDA:47,4,0,0
BRDA:47,4,1,0
BRDA:48,5,0,0
BRDA:48,5,1,0
BRDA:48,6,0,0
BRDA:48,6,1,0
BRDA:53,7,0,0
BRDA:53,7,1,0
BRDA:56,8,0,0
BRDA:56,8,1,0
BRDA:57,9,0,0
BRDA:57,9,1,0
BRDA:317,10,0,0
BRDA:317,10,1,0
BRDA:358,11,0,0
BRDA:358,11,1,0
BRF:24
BRH:0
end_of_record
TN:
SF:src/utils/responsive.ts
FN:14,getBreakpointValue
FN:21,minWidth
FN:29,maxWidth
FN:37,between
FN:49,matchesBreakpoint
FN:57,isMobile
FN:66,isTablet
FN:75,isDesktop
FN:83,getResponsiveValue
FNF:9
FNH:0
FNDA:0,getBreakpointValue
FNDA:0,minWidth
FNDA:0,maxWidth
FNDA:0,between
FNDA:0,matchesBreakpoint
FNDA:0,isMobile
FNDA:0,isTablet
FNDA:0,isDesktop
FNDA:0,getResponsiveValue
DA:15,0
DA:22,0
DA:23,0
DA:30,0
DA:31,0
DA:41,0
DA:42,0
DA:43,0
DA:50,0
DA:51,0
DA:58,0
DA:59,0
DA:60,0
DA:67,0
DA:68,0
DA:69,0
DA:76,0
DA:77,0
DA:87,0
DA:89,0
DA:90,0
DA:92,0
DA:93,0
DA:94,0
DA:98,0
LF:25
LH:0
BRDA:22,0,0,0
BRDA:22,0,1,0
BRDA:30,1,0,0
BRDA:30,1,1,0
BRDA:41,2,0,0
BRDA:41,2,1,0
BRDA:42,3,0,0
BRDA:42,3,1,0
BRDA:50,4,0,0
BRDA:50,4,1,0
BRDA:58,5,0,0
BRDA:58,5,1,0
BRDA:60,6,0,0
BRDA:60,6,1,0
BRDA:67,7,0,0
BRDA:67,7,1,0
BRDA:69,8,0,0
BRDA:69,8,1,0
BRDA:76,9,0,0
BRDA:76,9,1,0
BRDA:87,10,0,0
BRDA:87,10,1,0
BRDA:93,11,0,0
BRDA:93,11,1,0
BRDA:93,12,0,0
BRDA:93,12,1,0
BRF:26
BRH:0
end_of_record
TN:
SF:src/utils/touch.ts
FN:25,isTouchDevice
FN:38,getMinTouchTarget
FN:46,ensureTouchTarget
FNF:3
FNH:0
FNDA:0,isTouchDevice
FNDA:0,getMinTouchTarget
FNDA:0,ensureTouchTarget
DA:10,0
DA:15,0
DA:20,0
DA:26,0
DA:27,0
DA:40,0
DA:50,0
DA:51,0
DA:52,0
DA:54,0
LF:10
LH:0
BRDA:26,0,0,0
BRDA:26,0,1,0
BRDA:28,1,0,0
BRDA:28,1,1,0
BRDA:28,1,2,0
BRDA:51,2,0,0
BRDA:51,2,1,0
BRDA:52,3,0,0
BRDA:52,3,1,0
BRF:9
BRH:0
end_of_record
