<?xml version="1.0" ?>
<coverage version="7.12.0" timestamp="1764019744476" lines-valid="10862" lines-covered="2673" line-rate="0.2461" branches-valid="1468" branches-covered="152" branch-rate="0.1035" complexity="0">
	<!-- Generated by coverage.py: https://coverage.readthedocs.io/en/7.12.0 -->
	<!-- Based on https://raw.githubusercontent.com/cobertura/web/master/htdocs/xml/coverage-04.dtd -->
	<sources>
		<source>/home/ph/Desktop/DataInteroperabilityHub/hub</source>
	</sources>
	<packages>
		<package name="." line-rate="0.7794" branch-rate="0.4167" complexity="0">
			<classes>
				<class name="__init__.py" filename="__init__.py" complexity="0" line-rate="1" branch-rate="1">
					<methods/>
					<lines/>
				</class>
				<class name="asgi.py" filename="asgi.py" complexity="0" line-rate="0" branch-rate="1">
					<methods/>
					<lines>
						<line number="10" hits="0"/>
						<line number="12" hits="0"/>
						<line number="14" hits="0"/>
						<line number="16" hits="0"/>
					</lines>
				</class>
				<class name="manage.py" filename="manage.py" complexity="0" line-rate="0" branch-rate="0">
					<methods/>
					<lines>
						<line number="3" hits="0"/>
						<line number="4" hits="0"/>
						<line number="5" hits="0"/>
						<line number="8" hits="0"/>
						<line number="9" hits="0"/>
						<line number="11" hits="0"/>
						<line number="13" hits="0"/>
						<line number="14" hits="0"/>
						<line number="15" hits="0"/>
						<line number="16" hits="0"/>
						<line number="17" hits="0"/>
						<line number="22" hits="0"/>
						<line number="25" hits="0" branch="true" condition-coverage="0% (0/2)" missing-branches="exit,26"/>
						<line number="26" hits="0"/>
					</lines>
				</class>
				<class name="settings.py" filename="settings.py" complexity="0" line-rate="0.934" branch-rate="0.5">
					<methods/>
					<lines>
						<line number="6" hits="1"/>
						<line number="7" hits="1"/>
						<line number="8" hits="1"/>
						<line number="11" hits="1"/>
						<line number="14" hits="1"/>
						<line number="21" hits="1"/>
						<line number="24" hits="1"/>
						<line number="27" hits="1"/>
						<line number="29" hits="1"/>
						<line number="32" hits="1"/>
						<line number="70" hits="1"/>
						<line number="88" hits="1"/>
						<line number="90" hits="1"/>
						<line number="106" hits="1"/>
						<line number="113" hits="1"/>
						<line number="114" hits="1" branch="true" condition-coverage="50% (1/2)" missing-branches="122"/>
						<line number="115" hits="1"/>
						<line number="122" hits="0"/>
						<line number="139" hits="1"/>
						<line number="140" hits="1"/>
						<line number="157" hits="1"/>
						<line number="158" hits="1" branch="true" condition-coverage="50% (1/2)" missing-branches="173"/>
						<line number="159" hits="1"/>
						<line number="160" hits="1"/>
						<line number="161" hits="1"/>
						<line number="162" hits="1"/>
						<line number="163" hits="1"/>
						<line number="164" hits="1"/>
						<line number="165" hits="1"/>
						<line number="166" hits="1"/>
						<line number="169" hits="1"/>
						<line number="170" hits="1"/>
						<line number="173" hits="0"/>
						<line number="174" hits="0"/>
						<line number="175" hits="0"/>
						<line number="176" hits="0"/>
						<line number="179" hits="1"/>
						<line number="180" hits="1"/>
						<line number="181" hits="1"/>
						<line number="182" hits="1"/>
						<line number="185" hits="1"/>
						<line number="186" hits="1"/>
						<line number="187" hits="1"/>
						<line number="191" hits="1"/>
						<line number="208" hits="1"/>
						<line number="209" hits="1"/>
						<line number="210" hits="1"/>
						<line number="211" hits="1"/>
						<line number="215" hits="1"/>
						<line number="216" hits="1"/>
						<line number="220" hits="1"/>
						<line number="223" hits="1"/>
						<line number="226" hits="1"/>
						<line number="249" hits="1"/>
						<line number="298" hits="1"/>
						<line number="302" hits="1"/>
						<line number="305" hits="1"/>
						<line number="306" hits="1"/>
						<line number="307" hits="1"/>
						<line number="308" hits="1"/>
						<line number="309" hits="1"/>
						<line number="312" hits="1"/>
						<line number="349" hits="1"/>
						<line number="350" hits="1"/>
						<line number="353" hits="1"/>
						<line number="354" hits="1" branch="true" condition-coverage="50% (1/2)" missing-branches="359"/>
						<line number="355" hits="1"/>
						<line number="356" hits="1"/>
						<line number="359" hits="1"/>
						<line number="360" hits="1" branch="true" condition-coverage="50% (1/2)" missing-branches="361"/>
						<line number="361" hits="0"/>
						<line number="362" hits="0"/>
						<line number="365" hits="1"/>
						<line number="366" hits="1"/>
						<line number="367" hits="1"/>
						<line number="370" hits="1"/>
						<line number="371" hits="1"/>
						<line number="372" hits="1"/>
						<line number="373" hits="1"/>
						<line number="376" hits="1"/>
						<line number="377" hits="1"/>
						<line number="378" hits="1"/>
						<line number="379" hits="1"/>
						<line number="380" hits="1"/>
						<line number="381" hits="1"/>
						<line number="382" hits="1"/>
						<line number="385" hits="1"/>
						<line number="386" hits="1"/>
						<line number="387" hits="1"/>
						<line number="390" hits="1"/>
						<line number="391" hits="1"/>
						<line number="394" hits="1"/>
						<line number="395" hits="1"/>
						<line number="396" hits="1"/>
						<line number="397" hits="1"/>
						<line number="398" hits="1"/>
						<line number="399" hits="1"/>
						<line number="402" hits="1"/>
						<line number="405" hits="1"/>
						<line number="406" hits="1"/>
						<line number="409" hits="1"/>
						<line number="412" hits="1"/>
						<line number="413" hits="1"/>
						<line number="416" hits="1"/>
						<line number="417" hits="1"/>
						<line number="418" hits="1"/>
					</lines>
				</class>
				<class name="urls.py" filename="urls.py" complexity="0" line-rate="0.875" branch-rate="0.5">
					<methods/>
					<lines>
						<line number="4" hits="1"/>
						<line number="5" hits="1"/>
						<line number="6" hits="1"/>
						<line number="7" hits="1"/>
						<line number="8" hits="1"/>
						<line number="10" hits="1"/>
						<line number="26" hits="1" branch="true" condition-coverage="50% (1/2)" missing-branches="27"/>
						<line number="27" hits="0"/>
					</lines>
				</class>
				<class name="wsgi.py" filename="wsgi.py" complexity="0" line-rate="0" branch-rate="1">
					<methods/>
					<lines>
						<line number="10" hits="0"/>
						<line number="12" hits="0"/>
						<line number="14" hits="0"/>
						<line number="16" hits="0"/>
					</lines>
				</class>
			</classes>
		</package>
		<package name="apps" line-rate="1" branch-rate="1" complexity="0">
			<classes>
				<class name="__init__.py" filename="apps/__init__.py" complexity="0" line-rate="1" branch-rate="1">
					<methods/>
					<lines/>
				</class>
			</classes>
		</package>
		<package name="apps.api" line-rate="0.6872" branch-rate="0.3673" complexity="0">
			<classes>
				<class name="__init__.py" filename="apps/api/__init__.py" complexity="0" line-rate="1" branch-rate="1">
					<methods/>
					<lines/>
				</class>
				<class name="apps.py" filename="apps/api/apps.py" complexity="0" line-rate="1" branch-rate="1">
					<methods/>
					<lines>
						<line number="1" hits="1"/>
						<line number="3" hits="1"/>
						<line number="4" hits="1"/>
						<line number="5" hits="1"/>
					</lines>
				</class>
				<class name="exceptions.py" filename="apps/api/exceptions.py" complexity="0" line-rate="0.6042" branch-rate="0.3594">
					<methods/>
					<lines>
						<line number="6" hits="1"/>
						<line number="7" hits="1"/>
						<line number="8" hits="1"/>
						<line number="9" hits="1"/>
						<line number="10" hits="1"/>
						<line number="11" hits="1"/>
						<line number="13" hits="1"/>
						<line number="17" hits="1"/>
						<line number="30" hits="1"/>
						<line number="42" hits="1" branch="true" condition-coverage="50% (1/2)" missing-branches="43"/>
						<line number="43" hits="0"/>
						<line number="46" hits="1"/>
						<line number="49" hits="1"/>
						<line number="61" hits="1" branch="true" condition-coverage="50% (1/2)" missing-branches="62"/>
						<line number="62" hits="0"/>
						<line number="65" hits="1"/>
						<line number="68" hits="1" branch="true" condition-coverage="50% (1/2)" missing-branches="69"/>
						<line number="69" hits="0"/>
						<line number="72" hits="1" branch="true" condition-coverage="50% (1/2)" missing-branches="73"/>
						<line number="73" hits="0"/>
						<line number="82" hits="0"/>
						<line number="84" hits="1"/>
						<line number="87" hits="1"/>
						<line number="98" hits="1"/>
						<line number="99" hits="1"/>
						<line number="102" hits="1" branch="true" condition-coverage="50% (1/2)" missing-branches="114"/>
						<line number="103" hits="1" branch="true" condition-coverage="50% (1/2)" missing-branches="106"/>
						<line number="104" hits="1"/>
						<line number="105" hits="1"/>
						<line number="106" hits="0" branch="true" condition-coverage="0% (0/2)" missing-branches="107,110"/>
						<line number="107" hits="0"/>
						<line number="108" hits="0"/>
						<line number="110" hits="0"/>
						<line number="111" hits="0"/>
						<line number="114" hits="0" branch="true" condition-coverage="0% (0/2)" missing-branches="115,147"/>
						<line number="115" hits="0" branch="true" condition-coverage="0% (0/2)" missing-branches="117,143"/>
						<line number="117" hits="0"/>
						<line number="120" hits="0" branch="true" condition-coverage="0% (0/2)" missing-branches="121,124"/>
						<line number="121" hits="0"/>
						<line number="124" hits="0"/>
						<line number="125" hits="0" branch="true" condition-coverage="0% (0/2)" missing-branches="126,141"/>
						<line number="126" hits="0" branch="true" condition-coverage="0% (0/2)" missing-branches="125,127"/>
						<line number="127" hits="0" branch="true" condition-coverage="0% (0/2)" missing-branches="128,135"/>
						<line number="128" hits="0" branch="true" condition-coverage="0% (0/2)" missing-branches="125,129"/>
						<line number="129" hits="0"/>
						<line number="135" hits="0"/>
						<line number="141" hits="0" branch="true" condition-coverage="0% (0/2)" missing-branches="142,147"/>
						<line number="142" hits="0"/>
						<line number="143" hits="0" branch="true" condition-coverage="0% (0/2)" missing-branches="144,147"/>
						<line number="144" hits="0"/>
						<line number="145" hits="0"/>
						<line number="147" hits="1"/>
						<line number="150" hits="1"/>
						<line number="166" hits="1"/>
						<line number="167" hits="1"/>
						<line number="170" hits="1"/>
						<line number="171" hits="1" branch="true" condition-coverage="50% (1/2)" missing-branches="172"/>
						<line number="172" hits="0"/>
						<line number="173" hits="0" branch="true" condition-coverage="0% (0/2)" missing-branches="174,177"/>
						<line number="174" hits="0"/>
						<line number="177" hits="1" branch="true" condition-coverage="50% (1/2)" missing-branches="183"/>
						<line number="178" hits="1"/>
						<line number="180" hits="1"/>
						<line number="183" hits="0"/>
						<line number="184" hits="0"/>
						<line number="185" hits="0"/>
						<line number="188" hits="1"/>
						<line number="189" hits="1"/>
						<line number="190" hits="1"/>
						<line number="192" hits="1"/>
						<line number="203" hits="1" branch="true" condition-coverage="50% (1/2)" missing-branches="208"/>
						<line number="204" hits="1"/>
						<line number="208" hits="1" branch="true" condition-coverage="50% (1/2)" missing-branches="240"/>
						<line number="210" hits="1"/>
						<line number="211" hits="1" branch="true" condition-coverage="50% (1/2)" missing-branches="240"/>
						<line number="213" hits="1" branch="true" condition-coverage="100% (2/2)"/>
						<line number="214" hits="1" branch="true" condition-coverage="50% (1/2)" missing-branches="213"/>
						<line number="216" hits="1" branch="true" condition-coverage="50% (1/2)" missing-branches="217"/>
						<line number="217" hits="0"/>
						<line number="218" hits="1" branch="true" condition-coverage="50% (1/2)" missing-branches="225"/>
						<line number="220" hits="1" branch="true" condition-coverage="50% (1/2)" missing-branches="221"/>
						<line number="221" hits="0"/>
						<line number="223" hits="1"/>
						<line number="225" hits="0"/>
						<line number="228" hits="1" branch="true" condition-coverage="50% (1/2)" missing-branches="240"/>
						<line number="229" hits="1"/>
						<line number="230" hits="1" branch="true" condition-coverage="50% (1/2)" missing-branches="240"/>
						<line number="231" hits="1" branch="true" condition-coverage="100% (2/2)"/>
						<line number="232" hits="1"/>
						<line number="234" hits="1" branch="true" condition-coverage="50% (1/2)" missing-branches="235"/>
						<line number="235" hits="0"/>
						<line number="236" hits="1" branch="true" condition-coverage="50% (1/2)" missing-branches="237"/>
						<line number="237" hits="0"/>
						<line number="240" hits="1"/>
						<line number="249" hits="1"/>
						<line number="250" hits="1"/>
					</lines>
				</class>
				<class name="middleware.py" filename="apps/api/middleware.py" complexity="0" line-rate="0.6951" branch-rate="0.3824">
					<methods/>
					<lines>
						<line number="6" hits="1"/>
						<line number="7" hits="1"/>
						<line number="8" hits="1"/>
						<line number="9" hits="1"/>
						<line number="10" hits="1"/>
						<line number="11" hits="1"/>
						<line number="12" hits="1"/>
						<line number="13" hits="1"/>
						<line number="15" hits="1"/>
						<line number="18" hits="1"/>
						<line number="23" hits="1"/>
						<line number="25" hits="1"/>
						<line number="26" hits="1"/>
						<line number="27" hits="1"/>
						<line number="30" hits="1"/>
						<line number="37" hits="1"/>
						<line number="39" hits="1"/>
						<line number="41" hits="1" branch="true" condition-coverage="50% (1/2)" missing-branches="45"/>
						<line number="42" hits="1"/>
						<line number="45" hits="1" branch="true" condition-coverage="50% (1/2)" missing-branches="46"/>
						<line number="46" hits="0"/>
						<line number="48" hits="1" branch="true" condition-coverage="50% (1/2)" missing-branches="51"/>
						<line number="49" hits="1"/>
						<line number="51" hits="1"/>
						<line number="54" hits="1"/>
						<line number="59" hits="1"/>
						<line number="62" hits="1" branch="true" condition-coverage="50% (1/2)" missing-branches="63"/>
						<line number="63" hits="0"/>
						<line number="66" hits="1" branch="true" condition-coverage="50% (1/2)" missing-branches="67"/>
						<line number="67" hits="0"/>
						<line number="70" hits="1"/>
						<line number="71" hits="1"/>
						<line number="72" hits="1"/>
						<line number="75" hits="1"/>
						<line number="76" hits="1"/>
						<line number="79" hits="1"/>
						<line number="80" hits="1" branch="true" condition-coverage="50% (1/2)" missing-branches="81"/>
						<line number="81" hits="0"/>
						<line number="82" hits="1" branch="true" condition-coverage="50% (1/2)" missing-branches="83"/>
						<line number="83" hits="0"/>
						<line number="86" hits="1" branch="true" condition-coverage="50% (1/2)" missing-branches="87"/>
						<line number="87" hits="0" branch="true" condition-coverage="0% (0/2)" missing-branches="86,88"/>
						<line number="88" hits="0"/>
						<line number="105" hits="1"/>
						<line number="107" hits="1"/>
						<line number="119" hits="0"/>
						<line number="120" hits="0"/>
						<line number="121" hits="0"/>
						<line number="124" hits="0" branch="true" condition-coverage="0% (0/2)" missing-branches="125,128"/>
						<line number="125" hits="0"/>
						<line number="128" hits="0"/>
						<line number="130" hits="0" branch="true" condition-coverage="0% (0/2)" missing-branches="132,141"/>
						<line number="132" hits="0"/>
						<line number="133" hits="0" branch="true" condition-coverage="0% (0/2)" missing-branches="134,137"/>
						<line number="134" hits="0"/>
						<line number="137" hits="0"/>
						<line number="138" hits="0"/>
						<line number="141" hits="0"/>
						<line number="142" hits="0"/>
						<line number="144" hits="1"/>
						<line number="146" hits="1" branch="true" condition-coverage="50% (1/2)" missing-branches="147"/>
						<line number="147" hits="0"/>
						<line number="150" hits="1" branch="true" condition-coverage="50% (1/2)" missing-branches="178"/>
						<line number="151" hits="1"/>
						<line number="153" hits="1"/>
						<line number="154" hits="1" branch="true" condition-coverage="50% (1/2)" missing-branches="155"/>
						<line number="155" hits="0"/>
						<line number="157" hits="1"/>
						<line number="160" hits="1"/>
						<line number="161" hits="1" branch="true" condition-coverage="50% (1/2)" missing-branches="162"/>
						<line number="162" hits="0"/>
						<line number="163" hits="0"/>
						<line number="166" hits="1"/>
						<line number="167" hits="1"/>
						<line number="168" hits="1"/>
						<line number="171" hits="1" branch="true" condition-coverage="50% (1/2)" missing-branches="178"/>
						<line number="172" hits="1"/>
						<line number="173" hits="1"/>
						<line number="174" hits="1"/>
						<line number="175" hits="1"/>
						<line number="176" hits="1"/>
						<line number="178" hits="1"/>
					</lines>
				</class>
				<class name="urls.py" filename="apps/api/urls.py" complexity="0" line-rate="1" branch-rate="1">
					<methods/>
					<lines>
						<line number="1" hits="1"/>
						<line number="2" hits="1"/>
						<line number="4" hits="1"/>
					</lines>
				</class>
				<class name="views.py" filename="apps/api/views.py" complexity="0" line-rate="0.8846" branch-rate="1">
					<methods/>
					<lines>
						<line number="6" hits="1"/>
						<line number="11" hits="1"/>
						<line number="12" hits="1"/>
						<line number="13" hits="1"/>
						<line number="14" hits="1"/>
						<line number="15" hits="1"/>
						<line number="16" hits="1"/>
						<line number="17" hits="1"/>
						<line number="20" hits="1"/>
						<line number="26" hits="1"/>
						<line number="28" hits="1"/>
						<line number="30" hits="0"/>
						<line number="33" hits="1"/>
						<line number="39" hits="1"/>
						<line number="42" hits="1"/>
						<line number="48" hits="1"/>
						<line number="51" hits="1"/>
						<line number="64" hits="1"/>
						<line number="65" hits="1"/>
						<line number="66" hits="1"/>
						<line number="73" hits="0"/>
						<line number="100" hits="1"/>
						<line number="104" hits="1"/>
						<line number="105" hits="1"/>
						<line number="106" hits="1"/>
						<line number="112" hits="0"/>
					</lines>
				</class>
			</classes>
		</package>
		<package name="apps.api.tests" line-rate="0" branch-rate="0" complexity="0">
			<classes>
				<class name="__init__.py" filename="apps/api/tests/__init__.py" complexity="0" line-rate="1" branch-rate="1">
					<methods/>
					<lines/>
				</class>
				<class name="test_api_integration.py" filename="apps/api/tests/test_api_integration.py" complexity="0" line-rate="0" branch-rate="1">
					<methods/>
					<lines>
						<line number="6" hits="0"/>
						<line number="7" hits="0"/>
						<line number="8" hits="0"/>
						<line number="9" hits="0"/>
						<line number="11" hits="0"/>
						<line number="12" hits="0"/>
						<line number="14" hits="0"/>
						<line number="17" hits="0"/>
						<line number="20" hits="0"/>
						<line number="23" hits="0"/>
						<line number="31" hits="0"/>
						<line number="39" hits="0"/>
						<line number="40" hits="0"/>
						<line number="42" hits="0"/>
						<line number="44" hits="0"/>
						<line number="46" hits="0"/>
						<line number="47" hits="0"/>
						<line number="48" hits="0"/>
						<line number="49" hits="0"/>
						<line number="51" hits="0"/>
						<line number="53" hits="0"/>
						<line number="55" hits="0"/>
						<line number="56" hits="0"/>
						<line number="57" hits="0"/>
						<line number="58" hits="0"/>
						<line number="60" hits="0"/>
						<line number="62" hits="0"/>
						<line number="65" hits="0"/>
						<line number="66" hits="0"/>
						<line number="68" hits="0"/>
						<line number="70" hits="0"/>
						<line number="73" hits="0"/>
						<line number="74" hits="0"/>
						<line number="76" hits="0"/>
						<line number="79" hits="0"/>
						<line number="81" hits="0"/>
						<line number="82" hits="0"/>
						<line number="83" hits="0"/>
						<line number="84" hits="0"/>
						<line number="85" hits="0"/>
						<line number="86" hits="0"/>
						<line number="87" hits="0"/>
						<line number="89" hits="0"/>
						<line number="91" hits="0"/>
						<line number="93" hits="0"/>
						<line number="94" hits="0"/>
						<line number="96" hits="0"/>
						<line number="98" hits="0"/>
						<line number="101" hits="0"/>
						<line number="102" hits="0"/>
						<line number="104" hits="0"/>
						<line number="107" hits="0"/>
						<line number="110" hits="0"/>
						<line number="112" hits="0"/>
						<line number="113" hits="0"/>
						<line number="114" hits="0"/>
					</lines>
				</class>
				<class name="test_openapi_validation.py" filename="apps/api/tests/test_openapi_validation.py" complexity="0" line-rate="0" branch-rate="0">
					<methods/>
					<lines>
						<line number="4" hits="0"/>
						<line number="5" hits="0"/>
						<line number="6" hits="0"/>
						<line number="7" hits="0"/>
						<line number="9" hits="0"/>
						<line number="10" hits="0"/>
						<line number="12" hits="0"/>
						<line number="15" hits="0"/>
						<line number="18" hits="0"/>
						<line number="21" hits="0"/>
						<line number="29" hits="0"/>
						<line number="37" hits="0"/>
						<line number="38" hits="0"/>
						<line number="40" hits="0"/>
						<line number="42" hits="0"/>
						<line number="44" hits="0"/>
						<line number="45" hits="0"/>
						<line number="48" hits="0"/>
						<line number="49" hits="0"/>
						<line number="50" hits="0"/>
						<line number="51" hits="0"/>
						<line number="54" hits="0"/>
						<line number="56" hits="0"/>
						<line number="58" hits="0"/>
						<line number="59" hits="0"/>
						<line number="61" hits="0"/>
						<line number="62" hits="0"/>
						<line number="63" hits="0"/>
						<line number="64" hits="0"/>
						<line number="65" hits="0"/>
						<line number="67" hits="0"/>
						<line number="69" hits="0"/>
						<line number="70" hits="0"/>
						<line number="72" hits="0"/>
						<line number="76" hits="0"/>
						<line number="87" hits="0" branch="true" condition-coverage="0% (0/2)" missing-branches="exit,89"/>
						<line number="89" hits="0"/>
						<line number="90" hits="0"/>
						<line number="93" hits="0"/>
						<line number="95" hits="0"/>
						<line number="96" hits="0"/>
						<line number="98" hits="0"/>
						<line number="99" hits="0"/>
						<line number="102" hits="0"/>
						<line number="104" hits="0"/>
						<line number="106" hits="0"/>
						<line number="107" hits="0"/>
						<line number="109" hits="0"/>
						<line number="110" hits="0"/>
						<line number="113" hits="0"/>
						<line number="115" hits="0"/>
						<line number="117" hits="0"/>
						<line number="118" hits="0"/>
						<line number="121" hits="0" branch="true" condition-coverage="0% (0/2)" missing-branches="exit,122"/>
						<line number="122" hits="0"/>
						<line number="123" hits="0" branch="true" condition-coverage="0% (0/2)" missing-branches="exit,124"/>
						<line number="124" hits="0"/>
						<line number="125" hits="0"/>
						<line number="127" hits="0"/>
						<line number="129" hits="0"/>
						<line number="130" hits="0"/>
						<line number="133" hits="0" branch="true" condition-coverage="0% (0/2)" missing-branches="exit,134"/>
						<line number="134" hits="0"/>
						<line number="135" hits="0" branch="true" condition-coverage="0% (0/2)" missing-branches="exit,136"/>
						<line number="136" hits="0"/>
						<line number="137" hits="0" branch="true" condition-coverage="0% (0/2)" missing-branches="exit,138"/>
						<line number="138" hits="0"/>
						<line number="140" hits="0"/>
						<line number="142" hits="0"/>
						<line number="143" hits="0"/>
						<line number="146" hits="0" branch="true" condition-coverage="0% (0/2)" missing-branches="exit,147"/>
						<line number="147" hits="0"/>
						<line number="148" hits="0" branch="true" condition-coverage="0% (0/2)" missing-branches="exit,149"/>
						<line number="149" hits="0"/>
						<line number="151" hits="0"/>
						<line number="152" hits="0"/>
						<line number="154" hits="0"/>
						<line number="156" hits="0"/>
						<line number="158" hits="0"/>
						<line number="161" hits="0"/>
						<line number="162" hits="0"/>
						<line number="163" hits="0"/>
						<line number="164" hits="0"/>
						<line number="165" hits="0"/>
						<line number="167" hits="0"/>
						<line number="169" hits="0"/>
						<line number="170" hits="0"/>
						<line number="173" hits="0"/>
						<line number="174" hits="0"/>
						<line number="175" hits="0"/>
					</lines>
				</class>
			</classes>
		</package>
		<package name="apps.assets" line-rate="0.4148" branch-rate="0" complexity="0">
			<classes>
				<class name="__init__.py" filename="apps/assets/__init__.py" complexity="0" line-rate="1" branch-rate="1">
					<methods/>
					<lines/>
				</class>
				<class name="apps.py" filename="apps/assets/apps.py" complexity="0" line-rate="1" branch-rate="1">
					<methods/>
					<lines>
						<line number="1" hits="1"/>
						<line number="3" hits="1"/>
						<line number="4" hits="1"/>
						<line number="5" hits="1"/>
					</lines>
				</class>
				<class name="models.py" filename="apps/assets/models.py" complexity="0" line-rate="0.5823" branch-rate="0">
					<methods/>
					<lines>
						<line number="6" hits="1"/>
						<line number="7" hits="1"/>
						<line number="8" hits="1"/>
						<line number="9" hits="1"/>
						<line number="12" hits="1"/>
						<line number="14" hits="1"/>
						<line number="15" hits="1"/>
						<line number="16" hits="1"/>
						<line number="17" hits="1"/>
						<line number="20" hits="1"/>
						<line number="22" hits="1"/>
						<line number="23" hits="1"/>
						<line number="26" hits="1"/>
						<line number="28" hits="1"/>
						<line number="29" hits="1"/>
						<line number="30" hits="1"/>
						<line number="31" hits="1"/>
						<line number="34" hits="1"/>
						<line number="36" hits="1"/>
						<line number="37" hits="1"/>
						<line number="38" hits="1"/>
						<line number="39" hits="1"/>
						<line number="42" hits="1"/>
						<line number="48" hits="1"/>
						<line number="49" hits="1"/>
						<line number="55" hits="1"/>
						<line number="59" hits="1"/>
						<line number="63" hits="1"/>
						<line number="68" hits="1"/>
						<line number="74" hits="1"/>
						<line number="80" hits="1"/>
						<line number="86" hits="1"/>
						<line number="92" hits="1"/>
						<line number="98" hits="1"/>
						<line number="102" hits="1"/>
						<line number="110" hits="1"/>
						<line number="111" hits="1"/>
						<line number="113" hits="1"/>
						<line number="114" hits="1"/>
						<line number="115" hits="1"/>
						<line number="116" hits="1"/>
						<line number="123" hits="1"/>
						<line number="130" hits="1"/>
						<line number="131" hits="0"/>
						<line number="133" hits="1"/>
						<line number="135" hits="0"/>
						<line number="138" hits="0" branch="true" condition-coverage="0% (0/2)" missing-branches="exit,140"/>
						<line number="140" hits="0"/>
						<line number="141" hits="0" branch="true" condition-coverage="0% (0/2)" missing-branches="142,146"/>
						<line number="142" hits="0"/>
						<line number="146" hits="0" branch="true" condition-coverage="0% (0/2)" missing-branches="147,152"/>
						<line number="147" hits="0"/>
						<line number="152" hits="0" branch="true" condition-coverage="0% (0/2)" missing-branches="156,162"/>
						<line number="156" hits="0"/>
						<line number="162" hits="0"/>
						<line number="163" hits="0" branch="true" condition-coverage="0% (0/2)" missing-branches="exit,164"/>
						<line number="164" hits="0" branch="true" condition-coverage="0% (0/2)" missing-branches="165,170"/>
						<line number="165" hits="0"/>
						<line number="170" hits="0" branch="true" condition-coverage="0% (0/2)" missing-branches="exit,171"/>
						<line number="171" hits="0"/>
						<line number="176" hits="1"/>
						<line number="183" hits="0"/>
						<line number="186" hits="0"/>
						<line number="187" hits="0" branch="true" condition-coverage="0% (0/2)" missing-branches="188,191"/>
						<line number="188" hits="0"/>
						<line number="191" hits="0" branch="true" condition-coverage="0% (0/2)" missing-branches="192,198"/>
						<line number="192" hits="0"/>
						<line number="198" hits="0" branch="true" condition-coverage="0% (0/2)" missing-branches="202,209"/>
						<line number="202" hits="0"/>
						<line number="209" hits="0"/>
						<line number="210" hits="0" branch="true" condition-coverage="0% (0/2)" missing-branches="212,223"/>
						<line number="212" hits="0" branch="true" condition-coverage="0% (0/2)" missing-branches="213,218"/>
						<line number="213" hits="0"/>
						<line number="218" hits="0" branch="true" condition-coverage="0% (0/2)" missing-branches="219,223"/>
						<line number="219" hits="0"/>
						<line number="223" hits="0"/>
						<line number="225" hits="1"/>
						<line number="227" hits="0"/>
						<line number="228" hits="0"/>
					</lines>
				</class>
				<class name="serializers.py" filename="apps/assets/serializers.py" complexity="0" line-rate="1" branch-rate="1">
					<methods/>
					<lines>
						<line number="4" hits="1"/>
						<line number="5" hits="1"/>
						<line number="8" hits="1"/>
						<line number="11" hits="1"/>
						<line number="12" hits="1"/>
						<line number="13" hits="1"/>
						<line number="29" hits="1"/>
						<line number="41" hits="1"/>
						<line number="43" hits="1"/>
						<line number="44" hits="1"/>
						<line number="45" hits="1"/>
						<line number="46" hits="1"/>
						<line number="47" hits="1"/>
						<line number="50" hits="1"/>
						<line number="52" hits="1"/>
						<line number="53" hits="1"/>
						<line number="54" hits="1"/>
						<line number="55" hits="1"/>
						<line number="56" hits="1"/>
						<line number="57" hits="1"/>
						<line number="60" hits="1"/>
						<line number="62" hits="1"/>
						<line number="65" hits="1"/>
						<line number="67" hits="1"/>
					</lines>
				</class>
				<class name="urls.py" filename="apps/assets/urls.py" complexity="0" line-rate="1" branch-rate="1">
					<methods/>
					<lines>
						<line number="4" hits="1"/>
						<line number="5" hits="1"/>
						<line number="6" hits="1"/>
						<line number="8" hits="1"/>
						<line number="9" hits="1"/>
						<line number="11" hits="1"/>
					</lines>
				</class>
				<class name="views.py" filename="apps/assets/views.py" complexity="0" line-rate="0.2038" branch-rate="0">
					<methods/>
					<lines>
						<line number="6" hits="1"/>
						<line number="7" hits="1"/>
						<line number="8" hits="1"/>
						<line number="9" hits="1"/>
						<line number="10" hits="1"/>
						<line number="11" hits="1"/>
						<line number="13" hits="1"/>
						<line number="14" hits="1"/>
						<line number="21" hits="1"/>
						<line number="24" hits="1"/>
						<line number="30" hits="1"/>
						<line number="31" hits="1"/>
						<line number="32" hits="1"/>
						<line number="33" hits="1"/>
						<line number="35" hits="1"/>
						<line number="37" hits="0"/>
						<line number="40" hits="0" branch="true" condition-coverage="0% (0/2)" missing-branches="41,44"/>
						<line number="41" hits="0"/>
						<line number="44" hits="0" branch="true" condition-coverage="0% (0/2)" missing-branches="45,47"/>
						<line number="45" hits="0"/>
						<line number="47" hits="0"/>
						<line number="49" hits="1"/>
						<line number="50" hits="1"/>
						<line number="63" hits="0"/>
						<line number="64" hits="0"/>
						<line number="66" hits="0"/>
						<line number="67" hits="0"/>
						<line number="68" hits="0"/>
						<line number="69" hits="0"/>
						<line number="70" hits="0"/>
						<line number="73" hits="0"/>
						<line number="74" hits="0" branch="true" condition-coverage="0% (0/2)" missing-branches="75,81"/>
						<line number="75" hits="0"/>
						<line number="81" hits="0" branch="true" condition-coverage="0% (0/2)" missing-branches="82,88"/>
						<line number="82" hits="0"/>
						<line number="88" hits="0"/>
						<line number="100" hits="0"/>
						<line number="114" hits="0"/>
						<line number="119" hits="1"/>
						<line number="120" hits="1"/>
						<line number="130" hits="0"/>
						<line number="131" hits="0"/>
						<line number="132" hits="0"/>
						<line number="135" hits="0" branch="true" condition-coverage="0% (0/2)" missing-branches="136,149"/>
						<line number="136" hits="0"/>
						<line number="137" hits="0" branch="true" condition-coverage="0% (0/2)" missing-branches="138,149"/>
						<line number="138" hits="0"/>
						<line number="149" hits="0"/>
						<line number="150" hits="0"/>
						<line number="153" hits="0" branch="true" condition-coverage="0% (0/2)" missing-branches="154,155"/>
						<line number="154" hits="0"/>
						<line number="155" hits="0" branch="true" condition-coverage="0% (0/2)" missing-branches="156,157"/>
						<line number="156" hits="0"/>
						<line number="157" hits="0" branch="true" condition-coverage="0% (0/2)" missing-branches="158,159"/>
						<line number="158" hits="0"/>
						<line number="159" hits="0" branch="true" condition-coverage="0% (0/2)" missing-branches="160,163"/>
						<line number="160" hits="0"/>
						<line number="163" hits="0" branch="true" condition-coverage="0% (0/2)" missing-branches="164,182"/>
						<line number="164" hits="0"/>
						<line number="167" hits="0" branch="true" condition-coverage="0% (0/2)" missing-branches="168,179"/>
						<line number="168" hits="0"/>
						<line number="169" hits="0" branch="true" condition-coverage="0% (0/2)" missing-branches="170,179"/>
						<line number="170" hits="0"/>
						<line number="179" hits="0"/>
						<line number="182" hits="0"/>
						<line number="183" hits="0"/>
						<line number="184" hits="0"/>
						<line number="185" hits="0"/>
						<line number="191" hits="0"/>
						<line number="194" hits="0"/>
						<line number="197" hits="0"/>
						<line number="212" hits="0"/>
						<line number="217" hits="1"/>
						<line number="218" hits="1"/>
						<line number="224" hits="0"/>
						<line number="227" hits="0"/>
						<line number="228" hits="0"/>
						<line number="229" hits="0"/>
						<line number="232" hits="0"/>
						<line number="245" hits="0"/>
						<line number="247" hits="1"/>
						<line number="248" hits="1"/>
						<line number="249" hits="1"/>
						<line number="258" hits="0"/>
						<line number="259" hits="0"/>
						<line number="260" hits="0"/>
						<line number="262" hits="0"/>
						<line number="265" hits="0"/>
						<line number="266" hits="0"/>
						<line number="267" hits="0"/>
						<line number="268" hits="0"/>
						<line number="269" hits="0"/>
						<line number="275" hits="0"/>
						<line number="278" hits="0"/>
						<line number="279" hits="0" branch="true" condition-coverage="0% (0/2)" missing-branches="280,282"/>
						<line number="280" hits="0"/>
						<line number="282" hits="0"/>
						<line number="284" hits="0"/>
						<line number="287" hits="0"/>
						<line number="300" hits="0"/>
						<line number="310" hits="1"/>
						<line number="311" hits="1"/>
						<line number="312" hits="1"/>
						<line number="321" hits="0"/>
						<line number="322" hits="0"/>
						<line number="323" hits="0"/>
						<line number="325" hits="0"/>
						<line number="328" hits="0"/>
						<line number="329" hits="0"/>
						<line number="330" hits="0"/>
						<line number="331" hits="0"/>
						<line number="332" hits="0"/>
						<line number="338" hits="0"/>
						<line number="341" hits="0"/>
						<line number="342" hits="0" branch="true" condition-coverage="0% (0/2)" missing-branches="343,345"/>
						<line number="343" hits="0"/>
						<line number="345" hits="0"/>
						<line number="347" hits="0"/>
						<line number="350" hits="0"/>
						<line number="363" hits="0"/>
						<line number="373" hits="1"/>
						<line number="375" hits="0"/>
						<line number="377" hits="1"/>
						<line number="379" hits="0"/>
						<line number="381" hits="1"/>
						<line number="382" hits="1"/>
						<line number="383" hits="1"/>
						<line number="398" hits="0"/>
						<line number="401" hits="0"/>
						<line number="402" hits="0" branch="true" condition-coverage="0% (0/2)" missing-branches="403,412"/>
						<line number="403" hits="0"/>
						<line number="412" hits="0" branch="true" condition-coverage="0% (0/2)" missing-branches="413,424"/>
						<line number="413" hits="0"/>
						<line number="424" hits="0" branch="true" condition-coverage="0% (0/2)" missing-branches="425,434"/>
						<line number="425" hits="0"/>
						<line number="434" hits="0" branch="true" condition-coverage="0% (0/2)" missing-branches="435,444"/>
						<line number="435" hits="0"/>
						<line number="444" hits="0"/>
						<line number="445" hits="0" branch="true" condition-coverage="0% (0/2)" missing-branches="446,456"/>
						<line number="446" hits="0"/>
						<line number="456" hits="0"/>
						<line number="459" hits="0"/>
						<line number="462" hits="0"/>
						<line number="463" hits="0"/>
						<line number="464" hits="0"/>
						<line number="465" hits="0"/>
						<line number="474" hits="0"/>
						<line number="475" hits="0"/>
						<line number="478" hits="0"/>
						<line number="479" hits="0"/>
						<line number="480" hits="0"/>
						<line number="481" hits="0"/>
						<line number="482" hits="0"/>
						<line number="483" hits="0"/>
						<line number="484" hits="0"/>
						<line number="488" hits="0"/>
						<line number="505" hits="0"/>
					</lines>
				</class>
			</classes>
		</package>
		<package name="apps.assets.migrations" line-rate="1" branch-rate="1" complexity="0">
			<classes>
				<class name="0001_initial.py" filename="apps/assets/migrations/0001_initial.py" complexity="0" line-rate="1" branch-rate="1">
					<methods/>
					<lines>
						<line number="3" hits="1"/>
						<line number="4" hits="1"/>
						<line number="5" hits="1"/>
						<line number="6" hits="1"/>
						<line number="9" hits="1"/>
						<line number="11" hits="1"/>
						<line number="13" hits="1"/>
						<line number="18" hits="1"/>
					</lines>
				</class>
				<class name="__init__.py" filename="apps/assets/migrations/__init__.py" complexity="0" line-rate="1" branch-rate="1">
					<methods/>
					<lines/>
				</class>
			</classes>
		</package>
		<package name="apps.assets.tests" line-rate="0" branch-rate="1" complexity="0">
			<classes>
				<class name="__init__.py" filename="apps/assets/tests/__init__.py" complexity="0" line-rate="1" branch-rate="1">
					<methods/>
					<lines/>
				</class>
				<class name="test_activation_integration.py" filename="apps/assets/tests/test_activation_integration.py" complexity="0" line-rate="0" branch-rate="1">
					<methods/>
					<lines>
						<line number="4" hits="0"/>
						<line number="5" hits="0"/>
						<line number="6" hits="0"/>
						<line number="7" hits="0"/>
						<line number="9" hits="0"/>
						<line number="10" hits="0"/>
						<line number="11" hits="0"/>
						<line number="12" hits="0"/>
						<line number="13" hits="0"/>
						<line number="14" hits="0"/>
						<line number="15" hits="0"/>
						<line number="16" hits="0"/>
						<line number="17" hits="0"/>
						<line number="19" hits="0"/>
						<line number="22" hits="0"/>
						<line number="25" hits="0"/>
						<line number="27" hits="0"/>
						<line number="30" hits="0"/>
						<line number="38" hits="0"/>
						<line number="45" hits="0"/>
						<line number="47" hits="0"/>
						<line number="50" hits="0"/>
						<line number="59" hits="0"/>
						<line number="60" hits="0"/>
						<line number="61" hits="0"/>
						<line number="62" hits="0"/>
						<line number="65" hits="0"/>
						<line number="79" hits="0"/>
						<line number="89" hits="0"/>
						<line number="98" hits="0"/>
						<line number="99" hits="0"/>
						<line number="100" hits="0"/>
						<line number="103" hits="0"/>
						<line number="109" hits="0"/>
						<line number="110" hits="0"/>
						<line number="112" hits="0"/>
						<line number="113" hits="0"/>
						<line number="115" hits="0"/>
						<line number="118" hits="0"/>
						<line number="127" hits="0"/>
						<line number="128" hits="0"/>
						<line number="129" hits="0"/>
						<line number="132" hits="0"/>
						<line number="146" hits="0"/>
						<line number="152" hits="0"/>
						<line number="153" hits="0"/>
						<line number="155" hits="0"/>
						<line number="156" hits="0"/>
						<line number="157" hits="0"/>
						<line number="159" hits="0"/>
						<line number="162" hits="0"/>
						<line number="170" hits="0"/>
						<line number="171" hits="0"/>
						<line number="174" hits="0"/>
						<line number="179" hits="0"/>
						<line number="180" hits="0"/>
						<line number="183" hits="0"/>
						<line number="196" hits="0"/>
						<line number="201" hits="0"/>
						<line number="204" hits="0"/>
						<line number="205" hits="0"/>
						<line number="207" hits="0"/>
						<line number="212" hits="0"/>
						<line number="213" hits="0"/>
						<line number="215" hits="0"/>
						<line number="218" hits="0"/>
						<line number="228" hits="0"/>
						<line number="242" hits="0"/>
						<line number="252" hits="0"/>
						<line number="261" hits="0"/>
						<line number="267" hits="0"/>
						<line number="268" hits="0"/>
					</lines>
				</class>
				<class name="test_asset_activation.py" filename="apps/assets/tests/test_asset_activation.py" complexity="0" line-rate="0" branch-rate="1">
					<methods/>
					<lines>
						<line number="4" hits="0"/>
						<line number="5" hits="0"/>
						<line number="6" hits="0"/>
						<line number="7" hits="0"/>
						<line number="9" hits="0"/>
						<line number="10" hits="0"/>
						<line number="11" hits="0"/>
						<line number="12" hits="0"/>
						<line number="13" hits="0"/>
						<line number="14" hits="0"/>
						<line number="16" hits="0"/>
						<line number="19" hits="0"/>
						<line number="22" hits="0"/>
						<line number="24" hits="0"/>
						<line number="27" hits="0"/>
						<line number="35" hits="0"/>
						<line number="42" hits="0"/>
						<line number="44" hits="0"/>
						<line number="47" hits="0"/>
						<line number="57" hits="0"/>
						<line number="71" hits="0"/>
						<line number="77" hits="0"/>
						<line number="78" hits="0"/>
						<line number="80" hits="0"/>
						<line number="81" hits="0"/>
						<line number="83" hits="0"/>
						<line number="85" hits="0"/>
						<line number="88" hits="0"/>
						<line number="96" hits="0"/>
						<line number="102" hits="0"/>
						<line number="103" hits="0"/>
						<line number="104" hits="0"/>
						<line number="105" hits="0"/>
						<line number="107" hits="0"/>
						<line number="108" hits="0"/>
						<line number="110" hits="0"/>
						<line number="112" hits="0"/>
						<line number="115" hits="0"/>
						<line number="123" hits="0"/>
						<line number="137" hits="0"/>
						<line number="143" hits="0"/>
						<line number="144" hits="0"/>
						<line number="145" hits="0"/>
						<line number="147" hits="0"/>
						<line number="148" hits="0"/>
						<line number="150" hits="0"/>
						<line number="152" hits="0"/>
						<line number="155" hits="0"/>
						<line number="165" hits="0"/>
						<line number="179" hits="0"/>
						<line number="189" hits="0"/>
						<line number="198" hits="0"/>
						<line number="204" hits="0"/>
						<line number="205" hits="0"/>
						<line number="206" hits="0"/>
						<line number="208" hits="0"/>
						<line number="209" hits="0"/>
						<line number="211" hits="0"/>
						<line number="213" hits="0"/>
						<line number="216" hits="0"/>
						<line number="226" hits="0"/>
						<line number="240" hits="0"/>
						<line number="250" hits="0"/>
						<line number="259" hits="0"/>
						<line number="265" hits="0"/>
						<line number="266" hits="0"/>
						<line number="267" hits="0"/>
						<line number="269" hits="0"/>
						<line number="270" hits="0"/>
						<line number="272" hits="0"/>
						<line number="274" hits="0"/>
						<line number="277" hits="0"/>
						<line number="286" hits="0"/>
						<line number="300" hits="0"/>
						<line number="303" hits="0"/>
						<line number="309" hits="0"/>
						<line number="310" hits="0"/>
						<line number="312" hits="0"/>
						<line number="313" hits="0"/>
						<line number="315" hits="0"/>
						<line number="317" hits="0"/>
						<line number="320" hits="0"/>
						<line number="330" hits="0"/>
						<line number="344" hits="0"/>
						<line number="347" hits="0"/>
						<line number="353" hits="0"/>
						<line number="354" hits="0"/>
						<line number="356" hits="0"/>
						<line number="358" hits="0"/>
						<line number="361" hits="0"/>
						<line number="370" hits="0"/>
						<line number="376" hits="0"/>
						<line number="377" hits="0"/>
						<line number="379" hits="0"/>
						<line number="381" hits="0"/>
						<line number="384" hits="0"/>
						<line number="393" hits="0"/>
						<line number="399" hits="0"/>
						<line number="400" hits="0"/>
					</lines>
				</class>
				<class name="test_asset_crud.py" filename="apps/assets/tests/test_asset_crud.py" complexity="0" line-rate="0" branch-rate="1">
					<methods/>
					<lines>
						<line number="4" hits="0"/>
						<line number="5" hits="0"/>
						<line number="6" hits="0"/>
						<line number="7" hits="0"/>
						<line number="9" hits="0"/>
						<line number="10" hits="0"/>
						<line number="11" hits="0"/>
						<line number="13" hits="0"/>
						<line number="16" hits="0"/>
						<line number="19" hits="0"/>
						<line number="21" hits="0"/>
						<line number="24" hits="0"/>
						<line number="32" hits="0"/>
						<line number="39" hits="0"/>
						<line number="41" hits="0"/>
						<line number="43" hits="0"/>
						<line number="51" hits="0"/>
						<line number="53" hits="0"/>
						<line number="54" hits="0"/>
						<line number="55" hits="0"/>
						<line number="56" hits="0"/>
						<line number="57" hits="0"/>
						<line number="58" hits="0"/>
						<line number="59" hits="0"/>
						<line number="60" hits="0"/>
						<line number="63" hits="0"/>
						<line number="64" hits="0"/>
						<line number="65" hits="0"/>
						<line number="66" hits="0"/>
						<line number="68" hits="0"/>
						<line number="70" hits="0"/>
						<line number="73" hits="0"/>
						<line number="81" hits="0"/>
						<line number="86" hits="0"/>
						<line number="88" hits="0"/>
						<line number="89" hits="0"/>
						<line number="91" hits="0"/>
						<line number="93" hits="0"/>
						<line number="95" hits="0"/>
						<line number="102" hits="0"/>
						<line number="104" hits="0"/>
						<line number="105" hits="0"/>
						<line number="106" hits="0"/>
						<line number="107" hits="0"/>
						<line number="109" hits="0"/>
						<line number="111" hits="0"/>
						<line number="113" hits="0"/>
						<line number="120" hits="0"/>
						<line number="126" hits="0"/>
						<line number="128" hits="0"/>
						<line number="129" hits="0"/>
						<line number="131" hits="0"/>
						<line number="132" hits="0"/>
						<line number="133" hits="0"/>
						<line number="135" hits="0"/>
						<line number="137" hits="0"/>
						<line number="139" hits="0"/>
						<line number="147" hits="0"/>
						<line number="150" hits="0"/>
						<line number="155" hits="0"/>
						<line number="157" hits="0"/>
						<line number="158" hits="0"/>
						<line number="159" hits="0"/>
						<line number="160" hits="0"/>
						<line number="162" hits="0"/>
						<line number="164" hits="0"/>
						<line number="166" hits="0"/>
						<line number="173" hits="0"/>
						<line number="175" hits="0"/>
						<line number="177" hits="0"/>
						<line number="178" hits="0"/>
						<line number="180" hits="0"/>
						<line number="182" hits="0"/>
						<line number="185" hits="0"/>
						<line number="191" hits="0"/>
						<line number="198" hits="0"/>
						<line number="205" hits="0"/>
						<line number="207" hits="0"/>
						<line number="208" hits="0"/>
						<line number="211" hits="0"/>
						<line number="212" hits="0"/>
					</lines>
				</class>
				<class name="test_asset_relationships.py" filename="apps/assets/tests/test_asset_relationships.py" complexity="0" line-rate="0" branch-rate="1">
					<methods/>
					<lines>
						<line number="4" hits="0"/>
						<line number="5" hits="0"/>
						<line number="6" hits="0"/>
						<line number="7" hits="0"/>
						<line number="8" hits="0"/>
						<line number="10" hits="0"/>
						<line number="11" hits="0"/>
						<line number="12" hits="0"/>
						<line number="13" hits="0"/>
						<line number="14" hits="0"/>
						<line number="15" hits="0"/>
						<line number="17" hits="0"/>
						<line number="20" hits="0"/>
						<line number="23" hits="0"/>
						<line number="25" hits="0"/>
						<line number="28" hits="0"/>
						<line number="36" hits="0"/>
						<line number="43" hits="0"/>
						<line number="45" hits="0"/>
						<line number="48" hits="0"/>
						<line number="56" hits="0"/>
						<line number="67" hits="0"/>
						<line number="75" hits="0"/>
						<line number="76" hits="0"/>
						<line number="78" hits="0"/>
						<line number="79" hits="0"/>
						<line number="82" hits="0"/>
						<line number="83" hits="0"/>
						<line number="84" hits="0"/>
						<line number="86" hits="0"/>
						<line number="88" hits="0"/>
						<line number="91" hits="0"/>
						<line number="99" hits="0"/>
						<line number="109" hits="0"/>
						<line number="120" hits="0"/>
						<line number="127" hits="0"/>
						<line number="135" hits="0"/>
						<line number="140" hits="0"/>
						<line number="141" hits="0"/>
						<line number="144" hits="0"/>
						<line number="149" hits="0"/>
						<line number="150" hits="0"/>
						<line number="153" hits="0"/>
						<line number="154" hits="0"/>
						<line number="155" hits="0"/>
						<line number="156" hits="0"/>
						<line number="157" hits="0"/>
						<line number="158" hits="0"/>
						<line number="160" hits="0"/>
						<line number="162" hits="0"/>
						<line number="165" hits="0"/>
						<line number="173" hits="0"/>
						<line number="183" hits="0"/>
						<line number="184" hits="0"/>
						<line number="186" hits="0"/>
						<line number="187" hits="0"/>
						<line number="190" hits="0"/>
						<line number="191" hits="0"/>
						<line number="192" hits="0"/>
						<line number="194" hits="0"/>
						<line number="196" hits="0"/>
						<line number="199" hits="0"/>
						<line number="207" hits="0"/>
						<line number="216" hits="0"/>
						<line number="226" hits="0"/>
						<line number="231" hits="0"/>
						<line number="232" hits="0"/>
						<line number="235" hits="0"/>
						<line number="240" hits="0"/>
						<line number="241" hits="0"/>
						<line number="244" hits="0"/>
						<line number="245" hits="0"/>
						<line number="246" hits="0"/>
						<line number="247" hits="0"/>
						<line number="248" hits="0"/>
						<line number="249" hits="0"/>
						<line number="251" hits="0"/>
						<line number="253" hits="0"/>
						<line number="256" hits="0"/>
						<line number="264" hits="0"/>
						<line number="278" hits="0"/>
						<line number="282" hits="0"/>
						<line number="284" hits="0"/>
						<line number="285" hits="0"/>
						<line number="287" hits="0"/>
						<line number="288" hits="0"/>
						<line number="290" hits="0"/>
						<line number="292" hits="0"/>
						<line number="295" hits="0"/>
						<line number="303" hits="0"/>
						<line number="316" hits="0"/>
						<line number="320" hits="0"/>
						<line number="322" hits="0"/>
						<line number="323" hits="0"/>
						<line number="325" hits="0"/>
						<line number="326" hits="0"/>
					</lines>
				</class>
				<class name="test_models.py" filename="apps/assets/tests/test_models.py" complexity="0" line-rate="0" branch-rate="1">
					<methods/>
					<lines>
						<line number="4" hits="0"/>
						<line number="5" hits="0"/>
						<line number="6" hits="0"/>
						<line number="7" hits="0"/>
						<line number="8" hits="0"/>
						<line number="15" hits="0"/>
						<line number="17" hits="0"/>
						<line number="20" hits="0"/>
						<line number="23" hits="0"/>
						<line number="25" hits="0"/>
						<line number="29" hits="0"/>
						<line number="35" hits="0"/>
						<line number="37" hits="0"/>
						<line number="46" hits="0"/>
						<line number="47" hits="0"/>
						<line number="48" hits="0"/>
						<line number="49" hits="0"/>
						<line number="50" hits="0"/>
						<line number="51" hits="0"/>
						<line number="53" hits="0"/>
						<line number="55" hits="0"/>
						<line number="61" hits="0"/>
						<line number="62" hits="0"/>
						<line number="63" hits="0"/>
						<line number="65" hits="0"/>
						<line number="67" hits="0"/>
						<line number="75" hits="0"/>
						<line number="78" hits="0"/>
						<line number="79" hits="0"/>
						<line number="80" hits="0"/>
						<line number="81" hits="0"/>
						<line number="83" hits="0"/>
						<line number="85" hits="0"/>
						<line number="93" hits="0"/>
						<line number="94" hits="0"/>
						<line number="95" hits="0"/>
						<line number="98" hits="0"/>
						<line number="114" hits="0"/>
						<line number="115" hits="0"/>
						<line number="116" hits="0"/>
						<line number="118" hits="0"/>
						<line number="120" hits="0"/>
						<line number="127" hits="0"/>
						<line number="128" hits="0"/>
						<line number="129" hits="0"/>
						<line number="131" hits="0"/>
					</lines>
				</class>
				<class name="test_serializers.py" filename="apps/assets/tests/test_serializers.py" complexity="0" line-rate="0" branch-rate="1">
					<methods/>
					<lines>
						<line number="4" hits="0"/>
						<line number="5" hits="0"/>
						<line number="6" hits="0"/>
						<line number="7" hits="0"/>
						<line number="8" hits="0"/>
						<line number="14" hits="0"/>
						<line number="17" hits="0"/>
						<line number="20" hits="0"/>
						<line number="22" hits="0"/>
						<line number="26" hits="0"/>
						<line number="32" hits="0"/>
						<line number="42" hits="0"/>
						<line number="44" hits="0"/>
						<line number="45" hits="0"/>
						<line number="47" hits="0"/>
						<line number="48" hits="0"/>
						<line number="49" hits="0"/>
						<line number="50" hits="0"/>
						<line number="52" hits="0"/>
						<line number="54" hits="0"/>
						<line number="61" hits="0"/>
						<line number="62" hits="0"/>
						<line number="63" hits="0"/>
						<line number="65" hits="0"/>
						<line number="67" hits="0"/>
						<line number="76" hits="0"/>
						<line number="77" hits="0"/>
						<line number="78" hits="0"/>
					</lines>
				</class>
			</classes>
		</package>
		<package name="apps.audit" line-rate="0.631" branch-rate="0.34" complexity="0">
			<classes>
				<class name="__init__.py" filename="apps/audit/__init__.py" complexity="0" line-rate="1" branch-rate="1">
					<methods/>
					<lines/>
				</class>
				<class name="apps.py" filename="apps/audit/apps.py" complexity="0" line-rate="1" branch-rate="1">
					<methods/>
					<lines>
						<line number="1" hits="1"/>
						<line number="3" hits="1"/>
						<line number="4" hits="1"/>
						<line number="5" hits="1"/>
					</lines>
				</class>
				<class name="models.py" filename="apps/audit/models.py" complexity="0" line-rate="0.8929" branch-rate="0.5">
					<methods/>
					<lines>
						<line number="6" hits="1"/>
						<line number="7" hits="1"/>
						<line number="8" hits="1"/>
						<line number="9" hits="1"/>
						<line number="11" hits="1"/>
						<line number="14" hits="1"/>
						<line number="21" hits="1"/>
						<line number="22" hits="1"/>
						<line number="30" hits="1"/>
						<line number="38" hits="1"/>
						<line number="42" hits="1"/>
						<line number="47" hits="1"/>
						<line number="51" hits="1"/>
						<line number="61" hits="1"/>
						<line number="65" hits="1"/>
						<line number="71" hits="1"/>
						<line number="72" hits="1"/>
						<line number="73" hits="1"/>
						<line number="74" hits="1"/>
						<line number="82" hits="1"/>
						<line number="84" hits="1"/>
						<line number="85" hits="0"/>
						<line number="87" hits="1"/>
						<line number="89" hits="1" branch="true" condition-coverage="50% (1/2)" missing-branches="90"/>
						<line number="90" hits="0"/>
						<line number="91" hits="1"/>
						<line number="93" hits="1"/>
						<line number="95" hits="0"/>
					</lines>
				</class>
				<class name="serializers.py" filename="apps/audit/serializers.py" complexity="0" line-rate="1" branch-rate="1">
					<methods/>
					<lines>
						<line number="4" hits="1"/>
						<line number="5" hits="1"/>
						<line number="8" hits="1"/>
						<line number="11" hits="1"/>
						<line number="12" hits="1"/>
						<line number="14" hits="1"/>
						<line number="15" hits="1"/>
						<line number="16" hits="1"/>
						<line number="29" hits="1"/>
					</lines>
				</class>
				<class name="urls.py" filename="apps/audit/urls.py" complexity="0" line-rate="1" branch-rate="1">
					<methods/>
					<lines>
						<line number="4" hits="1"/>
						<line number="5" hits="1"/>
						<line number="6" hits="1"/>
						<line number="8" hits="1"/>
						<line number="9" hits="1"/>
						<line number="11" hits="1"/>
					</lines>
				</class>
				<class name="utils.py" filename="apps/audit/utils.py" complexity="0" line-rate="0.8095" branch-rate="0.6154">
					<methods/>
					<lines>
						<line number="6" hits="1"/>
						<line number="7" hits="1"/>
						<line number="8" hits="1"/>
						<line number="9" hits="1"/>
						<line number="10" hits="1"/>
						<line number="12" hits="1"/>
						<line number="14" hits="1"/>
						<line number="17" hits="1"/>
						<line number="30" hits="1" branch="true" condition-coverage="50% (1/2)" missing-branches="31"/>
						<line number="31" hits="0"/>
						<line number="33" hits="1"/>
						<line number="36" hits="1"/>
						<line number="37" hits="1"/>
						<line number="38" hits="1"/>
						<line number="39" hits="1"/>
						<line number="42" hits="1"/>
						<line number="44" hits="1" branch="true" condition-coverage="100% (2/2)"/>
						<line number="45" hits="1"/>
						<line number="48" hits="1" branch="true" condition-coverage="50% (1/2)" missing-branches="49"/>
						<line number="49" hits="0"/>
						<line number="50" hits="0"/>
						<line number="53" hits="1" branch="true" condition-coverage="50% (1/2)" missing-branches="54"/>
						<line number="54" hits="0"/>
						<line number="55" hits="1" branch="true" condition-coverage="50% (1/2)" missing-branches="56"/>
						<line number="56" hits="0"/>
						<line number="57" hits="1" branch="true" condition-coverage="100% (2/2)"/>
						<line number="58" hits="1"/>
						<line number="60" hits="1"/>
						<line number="62" hits="1"/>
						<line number="65" hits="1"/>
						<line number="71" hits="1" branch="true" condition-coverage="50% (1/2)" missing-branches="72"/>
						<line number="72" hits="0"/>
						<line number="75" hits="1"/>
						<line number="82" hits="1"/>
						<line number="89" hits="1"/>
						<line number="96" hits="1"/>
						<line number="102" hits="1"/>
						<line number="105" hits="1"/>
						<line number="132" hits="1" branch="true" condition-coverage="50% (1/2)" missing-branches="133"/>
						<line number="133" hits="0"/>
						<line number="136" hits="1"/>
						<line number="138" hits="1" branch="true" condition-coverage="100% (2/2)"/>
						<line number="140" hits="1"/>
						<line number="141" hits="1" branch="true" condition-coverage="50% (1/2)" missing-branches="142"/>
						<line number="142" hits="0"/>
						<line number="144" hits="1"/>
						<line number="146" hits="1" branch="true" condition-coverage="50% (1/2)" missing-branches="150"/>
						<line number="147" hits="1"/>
						<line number="150" hits="1"/>
						<line number="151" hits="1" branch="true" condition-coverage="50% (1/2)" missing-branches="152"/>
						<line number="152" hits="0"/>
						<line number="155" hits="1"/>
						<line number="156" hits="1" branch="true" condition-coverage="50% (1/2)" missing-branches="160"/>
						<line number="157" hits="1"/>
						<line number="160" hits="1"/>
						<line number="163" hits="1"/>
						<line number="173" hits="1"/>
						<line number="176" hits="1"/>
						<line number="186" hits="0"/>
						<line number="198" hits="1"/>
						<line number="207" hits="0"/>
						<line number="219" hits="1"/>
						<line number="227" hits="0"/>
					</lines>
				</class>
				<class name="views.py" filename="apps/audit/views.py" complexity="0" line-rate="0.2987" branch-rate="0">
					<methods/>
					<lines>
						<line number="6" hits="1"/>
						<line number="7" hits="1"/>
						<line number="8" hits="1"/>
						<line number="9" hits="1"/>
						<line number="10" hits="1"/>
						<line number="11" hits="1"/>
						<line number="12" hits="1"/>
						<line number="13" hits="1"/>
						<line number="15" hits="1"/>
						<line number="16" hits="1"/>
						<line number="17" hits="1"/>
						<line number="20" hits="1"/>
						<line number="27" hits="1"/>
						<line number="28" hits="1"/>
						<line number="29" hits="1"/>
						<line number="30" hits="1"/>
						<line number="32" hits="1"/>
						<line number="34" hits="0"/>
						<line number="37" hits="0" branch="true" condition-coverage="0% (0/2)" missing-branches="38,41"/>
						<line number="38" hits="0"/>
						<line number="41" hits="0" branch="true" condition-coverage="0% (0/2)" missing-branches="42,44"/>
						<line number="42" hits="0"/>
						<line number="44" hits="0"/>
						<line number="47" hits="0"/>
						<line number="48" hits="0" branch="true" condition-coverage="0% (0/2)" missing-branches="49,51"/>
						<line number="49" hits="0"/>
						<line number="51" hits="0"/>
						<line number="52" hits="0" branch="true" condition-coverage="0% (0/2)" missing-branches="53,55"/>
						<line number="53" hits="0"/>
						<line number="55" hits="0"/>
						<line number="56" hits="0" branch="true" condition-coverage="0% (0/2)" missing-branches="57,60"/>
						<line number="57" hits="0"/>
						<line number="60" hits="0"/>
						<line number="61" hits="0" branch="true" condition-coverage="0% (0/2)" missing-branches="62,68"/>
						<line number="62" hits="0"/>
						<line number="63" hits="0"/>
						<line number="64" hits="0"/>
						<line number="65" hits="0"/>
						<line number="66" hits="0"/>
						<line number="68" hits="0"/>
						<line number="69" hits="0" branch="true" condition-coverage="0% (0/2)" missing-branches="70,76"/>
						<line number="70" hits="0"/>
						<line number="71" hits="0"/>
						<line number="72" hits="0"/>
						<line number="73" hits="0"/>
						<line number="74" hits="0"/>
						<line number="76" hits="0"/>
						<line number="78" hits="1"/>
						<line number="80" hits="0"/>
						<line number="82" hits="1"/>
						<line number="84" hits="0"/>
						<line number="86" hits="1"/>
						<line number="87" hits="1"/>
						<line number="96" hits="0"/>
						<line number="98" hits="0" branch="true" condition-coverage="0% (0/2)" missing-branches="99,102"/>
						<line number="99" hits="0"/>
						<line number="102" hits="0"/>
						<line number="105" hits="0"/>
						<line number="106" hits="0" branch="true" condition-coverage="0% (0/2)" missing-branches="107,112"/>
						<line number="107" hits="0"/>
						<line number="112" hits="0"/>
						<line number="114" hits="0" branch="true" condition-coverage="0% (0/2)" missing-branches="115,117"/>
						<line number="115" hits="0"/>
						<line number="117" hits="0"/>
						<line number="119" hits="1"/>
						<line number="121" hits="0"/>
						<line number="122" hits="0"/>
						<line number="124" hits="0"/>
						<line number="125" hits="0"/>
						<line number="127" hits="0"/>
						<line number="128" hits="0"/>
						<line number="133" hits="0" branch="true" condition-coverage="0% (0/2)" missing-branches="134,146"/>
						<line number="134" hits="0"/>
						<line number="146" hits="0"/>
						<line number="148" hits="1"/>
						<line number="150" hits="0"/>
						<line number="151" hits="0"/>
					</lines>
				</class>
			</classes>
		</package>
		<package name="apps.audit.management" line-rate="1" branch-rate="1" complexity="0">
			<classes>
				<class name="__init__.py" filename="apps/audit/management/__init__.py" complexity="0" line-rate="1" branch-rate="1">
					<methods/>
					<lines/>
				</class>
			</classes>
		</package>
		<package name="apps.audit.management.commands" line-rate="0" branch-rate="0" complexity="0">
			<classes>
				<class name="__init__.py" filename="apps/audit/management/commands/__init__.py" complexity="0" line-rate="1" branch-rate="1">
					<methods/>
					<lines/>
				</class>
				<class name="archive_old_audit_events.py" filename="apps/audit/management/commands/archive_old_audit_events.py" complexity="0" line-rate="0" branch-rate="0">
					<methods/>
					<lines>
						<line number="7" hits="0"/>
						<line number="8" hits="0"/>
						<line number="9" hits="0"/>
						<line number="10" hits="0"/>
						<line number="13" hits="0"/>
						<line number="14" hits="0"/>
						<line number="16" hits="0"/>
						<line number="17" hits="0"/>
						<line number="22" hits="0"/>
						<line number="29" hits="0"/>
						<line number="30" hits="0"/>
						<line number="31" hits="0"/>
						<line number="33" hits="0"/>
						<line number="35" hits="0"/>
						<line number="36" hits="0"/>
						<line number="38" hits="0" branch="true" condition-coverage="0% (0/2)" missing-branches="39,42"/>
						<line number="39" hits="0"/>
						<line number="40" hits="0"/>
						<line number="42" hits="0" branch="true" condition-coverage="0% (0/2)" missing-branches="43,57"/>
						<line number="43" hits="0"/>
						<line number="49" hits="0"/>
						<line number="50" hits="0" branch="true" condition-coverage="0% (0/2)" missing-branches="51,52"/>
						<line number="51" hits="0"/>
						<line number="52" hits="0" branch="true" condition-coverage="0% (0/2)" missing-branches="exit,53"/>
						<line number="53" hits="0"/>
						<line number="57" hits="0"/>
						<line number="62" hits="0"/>
					</lines>
				</class>
			</classes>
		</package>
		<package name="apps.audit.migrations" line-rate="1" branch-rate="1" complexity="0">
			<classes>
				<class name="0001_initial.py" filename="apps/audit/migrations/0001_initial.py" complexity="0" line-rate="1" branch-rate="1">
					<methods/>
					<lines>
						<line number="3" hits="1"/>
						<line number="4" hits="1"/>
						<line number="5" hits="1"/>
						<line number="6" hits="1"/>
						<line number="9" hits="1"/>
						<line number="11" hits="1"/>
						<line number="13" hits="1"/>
						<line number="18" hits="1"/>
					</lines>
				</class>
				<class name="__init__.py" filename="apps/audit/migrations/__init__.py" complexity="0" line-rate="1" branch-rate="1">
					<methods/>
					<lines/>
				</class>
			</classes>
		</package>
		<package name="apps.audit.tests" line-rate="0" branch-rate="0" complexity="0">
			<classes>
				<class name="__init__.py" filename="apps/audit/tests/__init__.py" complexity="0" line-rate="1" branch-rate="1">
					<methods/>
					<lines/>
				</class>
				<class name="test_audit_event_creation.py" filename="apps/audit/tests/test_audit_event_creation.py" complexity="0" line-rate="0" branch-rate="1">
					<methods/>
					<lines>
						<line number="4" hits="0"/>
						<line number="5" hits="0"/>
						<line number="6" hits="0"/>
						<line number="7" hits="0"/>
						<line number="9" hits="0"/>
						<line number="10" hits="0"/>
						<line number="17" hits="0"/>
						<line number="18" hits="0"/>
						<line number="20" hits="0"/>
						<line number="23" hits="0"/>
						<line number="26" hits="0"/>
						<line number="29" hits="0"/>
						<line number="37" hits="0"/>
						<line number="44" hits="0"/>
						<line number="46" hits="0"/>
						<line number="54" hits="0"/>
						<line number="55" hits="0"/>
						<line number="56" hits="0"/>
						<line number="57" hits="0"/>
						<line number="58" hits="0"/>
						<line number="59" hits="0"/>
						<line number="60" hits="0"/>
						<line number="62" hits="0"/>
						<line number="64" hits="0"/>
						<line number="71" hits="0"/>
						<line number="72" hits="0"/>
						<line number="73" hits="0"/>
						<line number="76" hits="0"/>
						<line number="77" hits="0"/>
						<line number="79" hits="0"/>
						<line number="81" hits="0"/>
						<line number="88" hits="0"/>
						<line number="89" hits="0"/>
						<line number="90" hits="0"/>
						<line number="92" hits="0"/>
						<line number="94" hits="0"/>
						<line number="101" hits="0"/>
						<line number="102" hits="0"/>
						<line number="103" hits="0"/>
						<line number="105" hits="0"/>
						<line number="107" hits="0"/>
						<line number="113" hits="0"/>
						<line number="114" hits="0"/>
						<line number="115" hits="0"/>
						<line number="117" hits="0"/>
						<line number="119" hits="0"/>
						<line number="124" hits="0"/>
						<line number="127" hits="0"/>
						<line number="128" hits="0"/>
						<line number="129" hits="0"/>
						<line number="131" hits="0"/>
						<line number="133" hits="0"/>
						<line number="138" hits="0"/>
						<line number="141" hits="0"/>
						<line number="142" hits="0"/>
						<line number="144" hits="0"/>
						<line number="146" hits="0"/>
						<line number="153" hits="0"/>
						<line number="156" hits="0"/>
						<line number="157" hits="0"/>
						<line number="158" hits="0"/>
						<line number="159" hits="0"/>
						<line number="161" hits="0"/>
						<line number="163" hits="0"/>
						<line number="173" hits="0"/>
						<line number="176" hits="0"/>
						<line number="177" hits="0"/>
						<line number="178" hits="0"/>
						<line number="180" hits="0"/>
						<line number="182" hits="0"/>
						<line number="184" hits="0"/>
						<line number="185" hits="0"/>
						<line number="189" hits="0"/>
						<line number="191" hits="0"/>
						<line number="199" hits="0"/>
						<line number="200" hits="0"/>
						<line number="201" hits="0"/>
						<line number="202" hits="0"/>
					</lines>
				</class>
				<class name="test_audit_event_querying.py" filename="apps/audit/tests/test_audit_event_querying.py" complexity="0" line-rate="0" branch-rate="0">
					<methods/>
					<lines>
						<line number="4" hits="0"/>
						<line number="5" hits="0"/>
						<line number="6" hits="0"/>
						<line number="7" hits="0"/>
						<line number="8" hits="0"/>
						<line number="9" hits="0"/>
						<line number="11" hits="0"/>
						<line number="12" hits="0"/>
						<line number="13" hits="0"/>
						<line number="14" hits="0"/>
						<line number="16" hits="0"/>
						<line number="19" hits="0"/>
						<line number="22" hits="0"/>
						<line number="24" hits="0"/>
						<line number="27" hits="0"/>
						<line number="33" hits="0"/>
						<line number="41" hits="0"/>
						<line number="47" hits="0"/>
						<line number="55" hits="0"/>
						<line number="63" hits="0"/>
						<line number="71" hits="0"/>
						<line number="79" hits="0"/>
						<line number="87" hits="0"/>
						<line number="89" hits="0"/>
						<line number="91" hits="0"/>
						<line number="93" hits="0"/>
						<line number="94" hits="0"/>
						<line number="97" hits="0"/>
						<line number="98" hits="0"/>
						<line number="99" hits="0"/>
						<line number="101" hits="0"/>
						<line number="103" hits="0"/>
						<line number="105" hits="0"/>
						<line number="107" hits="0"/>
						<line number="108" hits="0"/>
						<line number="111" hits="0"/>
						<line number="112" hits="0"/>
						<line number="113" hits="0"/>
						<line number="115" hits="0"/>
						<line number="117" hits="0"/>
						<line number="119" hits="0"/>
						<line number="121" hits="0"/>
						<line number="122" hits="0"/>
						<line number="125" hits="0"/>
						<line number="126" hits="0"/>
						<line number="128" hits="0"/>
						<line number="130" hits="0"/>
						<line number="132" hits="0"/>
						<line number="134" hits="0"/>
						<line number="135" hits="0"/>
						<line number="138" hits="0"/>
						<line number="139" hits="0"/>
						<line number="141" hits="0"/>
						<line number="143" hits="0"/>
						<line number="145" hits="0"/>
						<line number="147" hits="0"/>
						<line number="148" hits="0"/>
						<line number="151" hits="0"/>
						<line number="152" hits="0"/>
						<line number="154" hits="0"/>
						<line number="156" hits="0"/>
						<line number="159" hits="0"/>
						<line number="166" hits="0"/>
						<line number="167" hits="0"/>
						<line number="170" hits="0"/>
						<line number="171" hits="0"/>
						<line number="173" hits="0"/>
						<line number="174" hits="0"/>
						<line number="177" hits="0"/>
						<line number="179" hits="0"/>
						<line number="181" hits="0"/>
						<line number="183" hits="0"/>
						<line number="185" hits="0"/>
						<line number="186" hits="0"/>
						<line number="187" hits="0"/>
						<line number="189" hits="0"/>
						<line number="191" hits="0"/>
						<line number="202" hits="0"/>
						<line number="203" hits="0"/>
						<line number="207" hits="0"/>
						<line number="211" hits="0" branch="true" condition-coverage="0% (0/2)" missing-branches="212,215"/>
						<line number="212" hits="0"/>
						<line number="215" hits="0"/>
						<line number="216" hits="0"/>
						<line number="217" hits="0"/>
						<line number="219" hits="0"/>
						<line number="221" hits="0"/>
						<line number="224" hits="0" branch="true" condition-coverage="0% (0/2)" missing-branches="225,232"/>
						<line number="225" hits="0"/>
						<line number="232" hits="0"/>
						<line number="235" hits="0"/>
						<line number="236" hits="0"/>
						<line number="238" hits="0"/>
						<line number="240" hits="0"/>
						<line number="242" hits="0"/>
						<line number="244" hits="0"/>
						<line number="245" hits="0"/>
						<line number="246" hits="0"/>
						<line number="247" hits="0"/>
					</lines>
				</class>
				<class name="test_models.py" filename="apps/audit/tests/test_models.py" complexity="0" line-rate="0" branch-rate="1">
					<methods/>
					<lines>
						<line number="4" hits="0"/>
						<line number="5" hits="0"/>
						<line number="6" hits="0"/>
						<line number="7" hits="0"/>
						<line number="9" hits="0"/>
						<line number="12" hits="0"/>
						<line number="15" hits="0"/>
						<line number="17" hits="0"/>
						<line number="21" hits="0"/>
						<line number="27" hits="0"/>
						<line number="29" hits="0"/>
						<line number="39" hits="0"/>
						<line number="40" hits="0"/>
						<line number="41" hits="0"/>
						<line number="42" hits="0"/>
						<line number="43" hits="0"/>
					</lines>
				</class>
				<class name="test_utils.py" filename="apps/audit/tests/test_utils.py" complexity="0" line-rate="0" branch-rate="1">
					<methods/>
					<lines>
						<line number="4" hits="0"/>
						<line number="5" hits="0"/>
						<line number="6" hits="0"/>
						<line number="7" hits="0"/>
						<line number="16" hits="0"/>
						<line number="19" hits="0"/>
						<line number="22" hits="0"/>
						<line number="24" hits="0"/>
						<line number="28" hits="0"/>
						<line number="34" hits="0"/>
						<line number="36" hits="0"/>
						<line number="40" hits="0"/>
						<line number="42" hits="0"/>
						<line number="44" hits="0"/>
						<line number="46" hits="0"/>
						<line number="48" hits="0"/>
						<line number="52" hits="0"/>
						<line number="54" hits="0"/>
						<line number="55" hits="0"/>
						<line number="57" hits="0"/>
						<line number="59" hits="0"/>
						<line number="60" hits="0"/>
						<line number="63" hits="0"/>
						<line number="65" hits="0"/>
						<line number="67" hits="0"/>
						<line number="69" hits="0"/>
						<line number="71" hits="0"/>
						<line number="80" hits="0"/>
						<line number="81" hits="0"/>
						<line number="82" hits="0"/>
						<line number="83" hits="0"/>
						<line number="85" hits="0"/>
						<line number="87" hits="0"/>
						<line number="94" hits="0"/>
						<line number="95" hits="0"/>
						<line number="97" hits="0"/>
						<line number="99" hits="0"/>
						<line number="106" hits="0"/>
						<line number="107" hits="0"/>
						<line number="109" hits="0"/>
						<line number="111" hits="0"/>
						<line number="118" hits="0"/>
						<line number="119" hits="0"/>
						<line number="120" hits="0"/>
					</lines>
				</class>
			</classes>
		</package>
		<package name="apps.auth" line-rate="0.4406" branch-rate="0.02174" complexity="0">
			<classes>
				<class name="__init__.py" filename="apps/auth/__init__.py" complexity="0" line-rate="1" branch-rate="1">
					<methods/>
					<lines/>
				</class>
				<class name="apps.py" filename="apps/auth/apps.py" complexity="0" line-rate="0.8" branch-rate="1">
					<methods/>
					<lines>
						<line number="1" hits="1"/>
						<line number="4" hits="1"/>
						<line number="5" hits="1"/>
						<line number="6" hits="1"/>
						<line number="7" hits="1"/>
						<line number="9" hits="1"/>
						<line number="11" hits="1"/>
						<line number="12" hits="1"/>
						<line number="13" hits="0"/>
						<line number="14" hits="0"/>
					</lines>
				</class>
				<class name="authentication.py" filename="apps/auth/authentication.py" complexity="0" line-rate="0.2182" branch-rate="0">
					<methods/>
					<lines>
						<line number="6" hits="1"/>
						<line number="7" hits="1"/>
						<line number="8" hits="1"/>
						<line number="10" hits="1"/>
						<line number="11" hits="1"/>
						<line number="13" hits="1"/>
						<line number="16" hits="1"/>
						<line number="23" hits="1"/>
						<line number="29" hits="0"/>
						<line number="31" hits="0" branch="true" condition-coverage="0% (0/2)" missing-branches="32,34"/>
						<line number="32" hits="0"/>
						<line number="34" hits="0"/>
						<line number="37" hits="0"/>
						<line number="38" hits="0" branch="true" condition-coverage="0% (0/2)" missing-branches="39,42"/>
						<line number="39" hits="0"/>
						<line number="42" hits="0"/>
						<line number="43" hits="0" branch="true" condition-coverage="0% (0/2)" missing-branches="44,47"/>
						<line number="44" hits="0"/>
						<line number="47" hits="0" branch="true" condition-coverage="0% (0/2)" missing-branches="48,51"/>
						<line number="48" hits="0"/>
						<line number="51" hits="0" branch="true" condition-coverage="0% (0/2)" missing-branches="52,55"/>
						<line number="52" hits="0"/>
						<line number="55" hits="0"/>
						<line number="56" hits="0"/>
						<line number="58" hits="0"/>
						<line number="60" hits="1"/>
						<line number="62" hits="0"/>
						<line number="65" hits="1"/>
						<line number="72" hits="1"/>
						<line number="79" hits="0"/>
						<line number="80" hits="0"/>
						<line number="82" hits="0" branch="true" condition-coverage="0% (0/2)" missing-branches="83,86"/>
						<line number="83" hits="0"/>
						<line number="86" hits="0"/>
						<line number="88" hits="0" branch="true" condition-coverage="0% (0/2)" missing-branches="89,92"/>
[...]
						<line number="158" hits="1"/>
						<line number="160" hits="0"/>
						<line number="162" hits="1"/>
						<line number="164" hits="0"/>
						<line number="166" hits="1"/>
						<line number="168" hits="0"/>
						<line number="169" hits="0"/>
						<line number="172" hits="1"/>
						<line number="178" hits="1"/>
						<line number="179" hits="1"/>
						<line number="185" hits="1"/>
						<line number="189" hits="1"/>
						<line number="194" hits="1"/>
						<line number="195" hits="1"/>
						<line number="197" hits="1"/>
						<line number="198" hits="1"/>
						<line number="199" hits="1"/>
						<line number="200" hits="1"/>
						<line number="203" hits="1"/>
						<line number="210" hits="1"/>
						<line number="211" hits="0"/>
						<line number="214" hits="1"/>
						<line number="220" hits="1"/>
						<line number="221" hits="1"/>
						<line number="226" hits="1"/>
						<line number="231" hits="1"/>
						<line number="233" hits="1"/>
						<line number="234" hits="1"/>
						<line number="235" hits="1"/>
						<line number="236" hits="1"/>
						<line number="239" hits="1"/>
						<line number="246" hits="1"/>
						<line number="247" hits="0"/>
					</lines>
				</class>
				<class name="serializers.py" filename="apps/users/serializers.py" complexity="0" line-rate="0.6111" branch-rate="0">
					<methods/>
					<lines>
						<line number="6" hits="1"/>
						<line number="7" hits="1"/>
						<line number="8" hits="1"/>
						<line number="10" hits="1"/>
						<line number="13" hits="1"/>
						<line number="16" hits="1"/>
						<line number="17" hits="1"/>
						<line number="18" hits="1"/>
						<line number="19" hits="1"/>
						<line number="22" hits="1"/>
						<line number="24" hits="1"/>
						<line number="25" hits="1"/>
						<line number="27" hits="1"/>
						<line number="28" hits="1"/>
						<line number="29" hits="1"/>
						<line number="30" hits="1"/>
						<line number="33" hits="1"/>
						<line number="35" hits="1"/>
						<line number="36" hits="1"/>
						<line number="38" hits="1"/>
						<line number="39" hits="1"/>
						<line number="40" hits="1"/>
						<line number="51" hits="1"/>
						<line number="59" hits="1"/>
						<line number="61" hits="0"/>
						<line number="62" hits="0"/>
						<line number="65" hits="1"/>
						<line number="67" hits="1"/>
						<line number="72" hits="1"/>
						<line number="78" hits="1"/>
						<line number="79" hits="1"/>
						<line number="80" hits="1"/>
						<line number="89" hits="1"/>
						<line number="93" hits="1"/>
						<line number="95" hits="0"/>
						<line number="96" hits="0"/>
						<line number="97" hits="0"/>
						<line number="100" hits="0" branch="true" condition-coverage="0% (0/2)" missing-branches="101,107"/>
						<line number="101" hits="0" branch="true" condition-coverage="0% (0/2)" missing-branches="102,104"/>
						<line number="102" hits="0"/>
						<line number="104" hits="0"/>
						<line number="107" hits="0"/>
						<line number="113" hits="0"/>
						<line number="114" hits="0"/>
						<line number="117" hits="0" branch="true" condition-coverage="0% (0/2)" missing-branches="118,123"/>
						<line number="118" hits="0"/>
						<line number="119" hits="0" branch="true" condition-coverage="0% (0/2)" missing-branches="120,123"/>
						<line number="120" hits="0"/>
						<line number="123" hits="0" branch="true" condition-coverage="0% (0/2)" missing-branches="124,132"/>
						<line number="124" hits="0"/>
						<line number="125" hits="0"/>
						<line number="126" hits="0"/>
						<line number="128" hits="0"/>
						<line number="129" hits="0"/>
						<line number="130" hits="0"/>
						<line number="132" hits="0"/>
						<line number="135" hits="1"/>
						<line number="138" hits="1"/>
						<line number="139" hits="1"/>
						<line number="140" hits="1"/>
						<line number="142" hits="1"/>
						<line number="144" hits="0"/>
						<line number="145" hits="0" branch="true" condition-coverage="0% (0/2)" missing-branches="146,147"/>
						<line number="146" hits="0"/>
						<line number="147" hits="0"/>
						<line number="150" hits="1"/>
						<line number="152" hits="1"/>
						<line number="153" hits="1"/>
						<line number="154" hits="1"/>
						<line number="161" hits="1"/>
						<line number="163" hits="1"/>
						<line number="164" hits="1"/>
					</lines>
				</class>
				<class name="urls.py" filename="apps/users/urls.py" complexity="0" line-rate="1" branch-rate="1">
					<methods/>
					<lines>
						<line number="4" hits="1"/>
						<line number="5" hits="1"/>
						<line number="6" hits="1"/>
						<line number="8" hits="1"/>
						<line number="9" hits="1"/>
						<line number="10" hits="1"/>
						<line number="12" hits="1"/>
					</lines>
				</class>
				<class name="views.py" filename="apps/users/views.py" complexity="0" line-rate="0.3235" branch-rate="0">
					<methods/>
					<lines>
						<line number="6" hits="1"/>
						<line number="7" hits="1"/>
						<line number="8" hits="1"/>
						<line number="9" hits="1"/>
						<line number="10" hits="1"/>
						<line number="11" hits="1"/>
						<line number="12" hits="1"/>
						<line number="13" hits="1"/>
						<line number="14" hits="1"/>
						<line number="16" hits="1"/>
						<line number="17" hits="1"/>
						<line number="25" hits="1"/>
						<line number="26" hits="1"/>
						<line number="29" hits="1"/>
						<line number="36" hits="1"/>
						<line number="37" hits="1"/>
						<line number="38" hits="1"/>
						<line number="39" hits="1"/>
						<line number="41" hits="1"/>
						<line number="43" hits="0" branch="true" condition-coverage="0% (0/2)" missing-branches="44,45"/>
						<line number="44" hits="0"/>
						<line number="45" hits="0" branch="true" condition-coverage="0% (0/2)" missing-branches="46,47"/>
						<line number="46" hits="0"/>
						<line number="47" hits="0"/>
						<line number="49" hits="1"/>
						<line number="51" hits="0"/>
						<line number="54" hits="0" branch="true" condition-coverage="0% (0/2)" missing-branches="55,58"/>
						<line number="55" hits="0"/>
						<line number="58" hits="0" branch="true" condition-coverage="0% (0/2)" missing-branches="59,61"/>
						<line number="59" hits="0"/>
						<line number="61" hits="0"/>
						<line number="63" hits="1"/>
						<line number="64" hits="1"/>
						<line number="70" hits="0"/>
						<line number="71" hits="0"/>
						<line number="72" hits="0"/>
						<line number="75" hits="0" branch="true" condition-coverage="0% (0/2)" missing-branches="76,79"/>
						<line number="76" hits="0"/>
						<line number="79" hits="0"/>
						<line number="87" hits="0"/>
						<line number="92" hits="1"/>
						<line number="94" hits="0"/>
						<line number="96" hits="1"/>
						<line number="98" hits="0"/>
						<line number="100" hits="1"/>
						<line number="101" hits="1"/>
						<line number="103" hits="0"/>
						<line number="104" hits="0"/>
						<line number="105" hits="0"/>
						<line number="106" hits="0"/>
						<line number="109" hits="0"/>
						<line number="117" hits="0"/>
						<line number="119" hits="1"/>
						<line number="120" hits="1"/>
						<line number="122" hits="0"/>
						<line number="123" hits="0"/>
						<line number="124" hits="0"/>
						<line number="125" hits="0"/>
						<line number="128" hits="0"/>
						<line number="136" hits="0"/>
						<line number="138" hits="1"/>
						<line number="139" hits="1"/>
						<line number="146" hits="0"/>
						<line number="149" hits="0" branch="true" condition-coverage="0% (0/2)" missing-branches="150,156"/>
						<line number="150" hits="0"/>
						<line number="156" hits="0"/>
						<line number="158" hits="0" branch="true" condition-coverage="0% (0/2)" missing-branches="160,178"/>
						<line number="160" hits="0"/>
						<line number="161" hits="0"/>
						<line number="164" hits="0"/>
						<line number="172" hits="0"/>
						<line number="178" hits="0"/>
						<line number="179" hits="0"/>
						<line number="182" hits="0"/>
						<line number="183" hits="0"/>
						<line number="194" hits="0"/>
						<line number="196" hits="0"/>
						<line number="198" hits="1"/>
						<line number="199" hits="1"/>
						<line number="200" hits="1"/>
						<line number="206" hits="0"/>
						<line number="207" hits="0"/>
						<line number="210" hits="0"/>
						<line number="211" hits="0" branch="true" condition-coverage="0% (0/2)" missing-branches="212,218"/>
						<line number="212" hits="0"/>
						<line number="218" hits="0"/>
						<line number="219" hits="0"/>
						<line number="220" hits="0" branch="true" condition-coverage="0% (0/2)" missing-branches="221,227"/>
						<line number="221" hits="0"/>
						<line number="227" hits="0"/>
						<line number="235" hits="0"/>
						<line number="236" hits="0"/>
						<line number="237" hits="0"/>
						<line number="240" hits="0"/>
						<line number="241" hits="0" branch="true" condition-coverage="0% (0/2)" missing-branches="242,247"/>
						<line number="242" hits="0"/>
						<line number="243" hits="0" branch="true" condition-coverage="0% (0/2)" missing-branches="244,247"/>
						<line number="244" hits="0"/>
						<line number="247" hits="0"/>
						<line number="250" hits="0"/>
						<line number="258" hits="0"/>
						<line number="263" hits="1"/>
						<line number="264" hits="1"/>
						<line number="265" hits="1"/>
						<line number="271" hits="0"/>
						<line number="272" hits="0"/>
						<line number="273" hits="0"/>
						<line number="275" hits="0"/>
						<line number="276" hits="0"/>
						<line number="278" hits="0"/>
						<line number="279" hits="0"/>
						<line number="280" hits="0"/>
						<line number="281" hits="0"/>
						<line number="286" hits="0" branch="true" condition-coverage="0% (0/2)" missing-branches="287,288"/>
						<line number="287" hits="0"/>
						<line number="288" hits="0" branch="true" condition-coverage="0% (0/2)" missing-branches="289,292"/>
						<line number="289" hits="0"/>
						<line number="292" hits="0"/>
						<line number="295" hits="0"/>
						<line number="303" hits="0"/>
						<line number="308" hits="1"/>
						<line number="316" hits="0"/>
						<line number="318" hits="1"/>
						<line number="323" hits="0"/>
						<line number="327" hits="1"/>
						<line number="333" hits="1"/>
						<line number="334" hits="1"/>
						<line number="335" hits="1"/>
						<line number="336" hits="1"/>
						<line number="338" hits="1"/>
						<line number="340" hits="0"/>
						<line number="343" hits="0" branch="true" condition-coverage="0% (0/2)" missing-branches="344,347"/>
						<line number="344" hits="0"/>
						<line number="347" hits="0" branch="true" condition-coverage="0% (0/2)" missing-branches="348,350"/>
						<line number="348" hits="0"/>
						<line number="350" hits="0"/>
					</lines>
				</class>
			</classes>
		</package>
		<package name="apps.users.migrations" line-rate="1" branch-rate="1" complexity="0">
			<classes>
				<class name="0001_initial.py" filename="apps/users/migrations/0001_initial.py" complexity="0" line-rate="1" branch-rate="1">
					<methods/>
					<lines>
						<line number="3" hits="1"/>
						<line number="4" hits="1"/>
						<line number="5" hits="1"/>
						<line number="6" hits="1"/>
						<line number="7" hits="1"/>
						<line number="10" hits="1"/>
						<line number="12" hits="1"/>
						<line number="14" hits="1"/>
						<line number="19" hits="1"/>
					</lines>
				</class>
				<class name="__init__.py" filename="apps/users/migrations/__init__.py" complexity="0" line-rate="1" branch-rate="1">
					<methods/>
					<lines/>
				</class>
			</classes>
		</package>
		<package name="apps.users.tests" line-rate="0" branch-rate="1" complexity="0">
			<classes>
				<class name="__init__.py" filename="apps/users/tests/__init__.py" complexity="0" line-rate="1" branch-rate="1">
					<methods/>
					<lines/>
				</class>
				<class name="test_models.py" filename="apps/users/tests/test_models.py" complexity="0" line-rate="0" branch-rate="1">
					<methods/>
					<lines>
						<line number="4" hits="0"/>
						<line number="5" hits="0"/>
						<line number="6" hits="0"/>
						<line number="7" hits="0"/>
						<line number="9" hits="0"/>
						<line number="12" hits="0"/>
						<line number="15" hits="0"/>
						<line number="17" hits="0"/>
						<line number="22" hits="0"/>
						<line number="24" hits="0"/>
						<line number="32" hits="0"/>
						<line number="33" hits="0"/>
						<line number="34" hits="0"/>
						<line number="35" hits="0"/>
						<line number="37" hits="0"/>
						<line number="39" hits="0"/>
						<line number="45" hits="0"/>
						<line number="46" hits="0"/>
						<line number="47" hits="0"/>
					</lines>
				</class>
				<class name="test_role_management.py" filename="apps/users/tests/test_role_management.py" complexity="0" line-rate="0" branch-rate="1">
					<methods/>
					<lines>
						<line number="4" hits="0"/>
						<line number="5" hits="0"/>
						<line number="6" hits="0"/>
						<line number="7" hits="0"/>
						<line number="9" hits="0"/>
						<line number="10" hits="0"/>
						<line number="12" hits="0"/>
						<line number="15" hits="0"/>
						<line number="18" hits="0"/>
						<line number="20" hits="0"/>
						<line number="23" hits="0"/>
						<line number="31" hits="0"/>
						<line number="36" hits="0"/>
						<line number="43" hits="0"/>
						<line number="51" hits="0"/>
						<line number="58" hits="0"/>
						<line number="60" hits="0"/>
						<line number="62" hits="0"/>
						<line number="64" hits="0"/>
						<line number="69" hits="0"/>
						<line number="74" hits="0"/>
						<line number="77" hits="0"/>
						<line number="85" hits="0"/>
						<line number="86" hits="0"/>
						<line number="88" hits="0"/>
						<line number="90" hits="0"/>
						<line number="93" hits="0"/>
						<line number="94" hits="0"/>
						<line number="96" hits="0"/>
						<line number="101" hits="0"/>
						<line number="106" hits="0"/>
						<line number="109" hits="0"/>
						<line number="117" hits="0"/>
						<line number="118" hits="0"/>
						<line number="120" hits="0"/>
						<line number="122" hits="0"/>
						<line number="125" hits="0"/>
						<line number="131" hits="0"/>
						<line number="137" hits="0"/>
						<line number="142" hits="0"/>
						<line number="147" hits="0"/>
						<line number="149" hits="0"/>
						<line number="151" hits="0"/>
						<line number="153" hits="0"/>
						<line number="154" hits="0"/>
						<line number="156" hits="0"/>
						<line number="157" hits="0"/>
						<line number="158" hits="0"/>
						<line number="160" hits="0"/>
						<line number="162" hits="0"/>
						<line number="165" hits="0"/>
						<line number="167" hits="0"/>
						<line number="168" hits="0"/>
						<line number="171" hits="0"/>
						<line number="172" hits="0"/>
						<line number="173" hits="0"/>
					</lines>
				</class>
				<class name="test_user_deletion.py" filename="apps/users/tests/test_user_deletion.py" complexity="0" line-rate="0" branch-rate="1">
					<methods/>
					<lines>
						<line number="4" hits="0"/>
						<line number="5" hits="0"/>
						<line number="6" hits="0"/>
						<line number="7" hits="0"/>
						<line number="9" hits="0"/>
						<line number="10" hits="0"/>
						<line number="12" hits="0"/>
						<line number="15" hits="0"/>
						<line number="18" hits="0"/>
						<line number="20" hits="0"/>
						<line number="23" hits="0"/>
						<line number="31" hits="0"/>
						<line number="38" hits="0"/>
						<line number="40" hits="0"/>
						<line number="43" hits="0"/>
						<line number="49" hits="0"/>
						<line number="51" hits="0"/>
						<line number="52" hits="0"/>
						<line number="55" hits="0"/>
						<line number="57" hits="0"/>
						<line number="59" hits="0"/>
						<line number="62" hits="0"/>
						<line number="68" hits="0"/>
						<line number="80" hits="0"/>
						<line number="82" hits="0"/>
						<line number="84" hits="0"/>
						<line number="86" hits="0"/>
						<line number="88" hits="0"/>
						<line number="89" hits="0"/>
						<line number="90" hits="0"/>
						<line number="93" hits="0"/>
						<line number="95" hits="0"/>
						<line number="97" hits="0"/>
						<line number="100" hits="0"/>
						<line number="105" hits="0"/>
						<line number="107" hits="0"/>
						<line number="108" hits="0"/>
						<line number="111" hits="0"/>
						<line number="113" hits="0"/>
						<line number="115" hits="0"/>
						<line number="118" hits="0"/>
						<line number="123" hits="0"/>
						<line number="125" hits="0"/>
						<line number="127" hits="0"/>
						<line number="130" hits="0"/>
					</lines>
				</class>
				<class name="test_views.py" filename="apps/users/tests/test_views.py" complexity="0" line-rate="0" branch-rate="1">
					<methods/>
					<lines>
						<line number="4" hits="0"/>
						<line number="5" hits="0"/>
						<line number="6" hits="0"/>
						<line number="7" hits="0"/>
						<line number="8" hits="0"/>
						<line number="9" hits="0"/>
						<line number="10" hits="0"/>
						<line number="12" hits="0"/>
						<line number="13" hits="0"/>
						<line number="15" hits="0"/>
						<line number="18" hits="0"/>
						<line number="21" hits="0"/>
						<line number="23" hits="0"/>
						<line number="26" hits="0"/>
						<line number="34" hits="0"/>
						<line number="41" hits="0"/>
						<line number="49" hits="0"/>
						<line number="56" hits="0"/>
						<line number="58" hits="0"/>
						<line number="60" hits="0"/>
						<line number="68" hits="0"/>
						<line number="69" hits="0"/>
						<line number="70" hits="0"/>
						<line number="71" hits="0"/>
						<line number="74" hits="0"/>
						<line number="75" hits="0"/>
						<line number="76" hits="0"/>
						<line number="78" hits="0"/>
						<line number="80" hits="0"/>
						<line number="82" hits="0"/>
						<line number="83" hits="0"/>
						<line number="86" hits="0"/>
						<line number="87" hits="0"/>
						<line number="88" hits="0"/>
						<line number="89" hits="0"/>
						<line number="91" hits="0"/>
						<line number="93" hits="0"/>
						<line number="95" hits="0"/>
						<line number="96" hits="0"/>
						<line number="97" hits="0"/>
						<line number="99" hits="0"/>
						<line number="101" hits="0"/>
						<line number="103" hits="0"/>
						<line number="107" hits="0"/>
						<line number="112" hits="0"/>
						<line number="113" hits="0"/>
						<line number="116" hits="0"/>
						<line number="117" hits="0"/>
						<line number="119" hits="0"/>
						<line number="121" hits="0"/>
						<line number="124" hits="0"/>
						<line number="130" hits="0"/>
						<line number="132" hits="0"/>
						<line number="133" hits="0"/>
						<line number="136" hits="0"/>
						<line number="138" hits="0"/>
						<line number="140" hits="0"/>
						<line number="145" hits="0"/>
						<line number="147" hits="0"/>
						<line number="149" hits="0"/>
						<line number="151" hits="0"/>
						<line number="156" hits="0"/>
						<line number="157" hits="0"/>
						<line number="158" hits="0"/>
						<line number="159" hits="0"/>
						<line number="162" hits="0"/>
						<line number="163" hits="0"/>
						<line number="164" hits="0"/>
						<line number="165" hits="0"/>
						<line number="170" hits="0"/>
						<line number="172" hits="0"/>
						<line number="175" hits="0"/>
						<line number="181" hits="0"/>
						<line number="189" hits="0"/>
						<line number="190" hits="0"/>
						<line number="191" hits="0"/>
						<line number="194" hits="0"/>
						<line number="195" hits="0"/>
						<line number="197" hits="0"/>
						<line number="199" hits="0"/>
						<line number="201" hits="0"/>
						<line number="202" hits="0"/>
						<line number="204" hits="0"/>
						<line number="206" hits="0"/>
						<line number="207" hits="0"/>
						<line number="208" hits="0"/>
					</lines>
				</class>
			</classes>
		</package>
	</packages>
</coverage>
