{"meta": {"format": 3, "version": "7.13.1", "timestamp": "2026-01-22T23:41:02.456169", "branch_coverage": false, "show_contexts": false}, "files": {"hub/apps/contracts/normalization/odps_normalizer.py": {"executed_lines": [8, 9, 10, 12, 13, 14, 19, 20, 21, 24, 27, 28, 31, 34, 37, 38, 40, 43, 54, 56, 68, 70, 94, 95, 96, 98, 100, 101, 102, 103, 104, 105, 106, 111, 112, 115, 116, 127, 131, 133, 135, 137, 139, 141, 143, 146, 149, 150, 154, 155, 156, 157, 158, 163, 164, 165, 166, 167, 168, 169, 180, 190, 192, 193, 201, 202, 206, 207, 208, 209, 212, 221, 223, 228, 229, 235, 245, 263, 264, 273, 279, 289, 306, 307, 310, 311, 312, 315, 316, 318, 321, 322, 329, 330, 333, 335, 362, 363, 364, 375, 378, 379, 389, 391, 416, 417, 418, 419, 425, 427, 428, 429, 433, 441, 443, 445, 467, 468, 469, 470, 472, 473, 475, 478, 479, 482, 483, 484, 485, 486, 487, 489, 495, 496, 497, 498, 499, 500, 504, 507, 510, 511, 513, 514, 515, 516, 519, 520, 522, 523, 525, 526, 527, 529, 531, 545, 562, 563, 568, 569, 570, 573, 574, 575, 578, 579, 582, 583, 584, 587, 588, 589, 592, 593, 594, 597, 600, 601, 602, 605, 606, 607, 610, 611, 614, 616, 617, 620, 622, 639, 640, 642, 643, 644, 645, 646, 647, 648, 649, 650, 651, 652, 654, 655, 656, 657, 659, 661, 662, 663, 665, 667, 668, 669, 671, 673, 674, 675, 678, 682, 684, 685, 688, 690, 713, 714, 715, 716, 719, 720, 723, 724, 727, 728, 729, 730, 731, 732, 733, 735, 736, 737, 738, 740, 746, 747, 748, 749, 751, 757, 758, 759, 760, 765, 766, 767, 768, 770, 771, 772, 773, 774, 778, 781, 787, 788, 789, 790, 791, 792, 793, 798, 799, 800, 801, 802, 803, 804, 809, 810, 811, 813, 814, 815, 816, 817, 818, 819, 821, 822, 823, 824, 830, 833, 834, 837, 838, 841, 842, 843, 844, 845, 847, 849, 863, 885, 886, 887, 890, 891, 893, 896, 897, 898, 900, 902, 903, 904, 906, 912, 913, 914, 915, 920, 922, 925, 927, 942, 943, 944, 946, 950, 964, 981, 982, 983, 987, 993, 996, 997, 999, 1000, 1003, 1005, 1012, 1017, 1018, 1025, 1028, 1029, 1030, 1033, 1035, 1036, 1038, 1041, 1045, 1046, 1047, 1049, 1052, 1054, 1055, 1058, 1064, 1066, 1080, 1082, 1083, 1089, 1090, 1093, 1096, 1098, 1100, 1102, 1103, 1104, 1107, 1108, 1109, 1110, 1112, 1118, 1122, 1123, 1126, 1132, 1142, 1143, 1145, 1146, 1149, 1150, 1152, 1163, 1164, 1167, 1168, 1171, 1173, 1200, 1202, 1206, 1208, 1210, 1221, 1223, 1231, 1232, 1233, 1235, 1247, 1248, 1249, 1259, 1262, 1265, 1266, 1267, 1277, 1280, 1287, 1288, 1289, 1290, 1295, 1298, 1299, 1300, 1301, 1306, 1309, 1310, 1311, 1312, 1314, 1315, 1316, 1317, 1323, 1324, 1326, 1334, 1335, 1336, 1338, 1339, 1340, 1341, 1347, 1348, 1352, 1358, 1360, 1361, 1362, 1363, 1364, 1365, 1366, 1369, 1370, 1371, 1374, 1376, 1381, 1383, 1384, 1390, 1398, 1400, 1401, 1404, 1405, 1406, 1407, 1413, 1415, 1416, 1422, 1424, 1425, 1427, 1428, 1431, 1432, 1434, 1435, 1436, 1437, 1439, 1440, 1441, 1442, 1444, 1446, 1456, 1481, 1482, 1483, 1487, 1488, 1491, 1492, 1495, 1496, 1499, 1500, 1502, 1507, 1509, 1510, 1511, 1525, 1527, 1529, 1530, 1531, 1532, 1534, 1540, 1541, 1542, 1543, 1545, 1546, 1547, 1553, 1555, 1562, 1563, 1564, 1565, 1568, 1569, 1570, 1571, 1573, 1574, 1575, 1581, 1583, 1585, 1590, 1591, 1592, 1593, 1596, 1597, 1598, 1599, 1600, 1602, 1603, 1604, 1605, 1611, 1612, 1613, 1617, 1623, 1624, 1625, 1626, 1628, 1634, 1635, 1636, 1637, 1639, 1653, 1671, 1672, 1673, 1677, 1681, 1682, 1683, 1684, 1686, 1687, 1690, 1691, 1692, 1693, 1694, 1695, 1696, 1697, 1700, 1701, 1702, 1703, 1709, 1710, 1713, 1715, 1717, 1718, 1719, 1720, 1726, 1750, 1753, 1754, 1755, 1756, 1759, 1761, 1772, 1773, 1774, 1778, 1780, 1782, 1783, 1787, 1790, 1794, 1796, 1797, 1800, 1801, 1804, 1805, 1806, 1808, 1809, 1810, 1811, 1813, 1817, 1818, 1819, 1821, 1823, 1829, 1830, 1831, 1833, 1834, 1835, 1836, 1838, 1842, 1843, 1844, 1846, 1848, 1854, 1855, 1856, 1858, 1859, 1860, 1861, 1863, 1867, 1868, 1869, 1871, 1879, 1881], "summary": {"covered_lines": 664, "num_statements": 738, "percent_covered": 89.97289972899729, "percent_covered_display": "90", "missing_lines": 74, "excluded_lines": 0, "percent_statements_covered": 89.97289972899729, "percent_statements_covered_display": "90"}, "missing_lines": [159, 160, 173, 174, 210, 211, 281, 282, 536, 538, 612, 854, 856, 888, 901, 930, 931, 934, 955, 957, 1006, 1009, 1020, 1023, 1101, 1203, 1224, 1236, 1250, 1268, 1319, 1328, 1343, 1350, 1386, 1387, 1393, 1396, 1408, 1417, 1433, 1447, 1449, 1484, 1513, 1514, 1517, 1518, 1520, 1523, 1549, 1557, 1577, 1607, 1615, 1644, 1646, 1674, 1678, 1711, 1714, 1716, 1722, 1724, 1762, 1764, 1776, 1791, 1795, 1873, 1883, 1885, 1886, 1888], "excluded_lines": [], "functions": {"ODPSNormalizer.supports": {"executed_lines": [68], "summary": {"covered_lines": 1, "num_statements": 1, "percent_covered": 100.0, "percent_covered_display": "100", "missing_lines": 0, "excluded_lines": 0, "percent_statements_covered": 100.0, "percent_statements_covered_display": "100"}, "missing_lines": [], "excluded_lines": [], "start_line": 56}, "ODPSNormalizer.normalize": {"executed_lines": [94, 95, 96, 98, 100, 101, 102, 103, 104, 105, 106, 111, 112, 115, 116, 127, 131, 133, 135, 137, 139, 141, 143, 146, 149, 150, 154, 155, 156, 157, 158, 163, 164, 165, 166, 167, 168, 169, 180, 190, 192, 193, 201, 202, 206, 207, 208, 209, 212, 221, 223, 228, 229, 235], "summary": {"covered_lines": 54, "num_statements": 60, "percent_covered": 90.0, "percent_covered_display": "90", "missing_lines": 6, "excluded_lines": 0, "percent_statements_covered": 90.0, "percent_statements_covered_display": "90"}, "missing_lines": [159, 160, 173, 174, 210, 211], "excluded_lines": [], "start_line": 70}, "ODPSNormalizer._initialize_hub_contract": {"executed_lines": [263, 264, 273, 279], "summary": {"covered_lines": 4, "num_statements": 6, "percent_covered": 66.66666666666667, "percent_covered_display": "67", "missing_lines": 2, "excluded_lines": 0, "percent_statements_covered": 66.66666666666667, "percent_statements_covered_display": "67"}, "missing_lines": [281, 282], "excluded_lines": [], "start_line": 245}, "ODPSNormalizer._determine_status": {"executed_lines": [306, 307, 310, 311, 312, 315, 316, 318, 321, 322, 329, 330, 333], "summary": {"covered_lines": 13, "num_statements": 13, "percent_covered": 100.0, "percent_covered_display": "100", "missing_lines": 0, "excluded_lines": 0, "percent_statements_covered": 100.0, "percent_statements_covered_display": "100"}, "missing_lines": [], "excluded_lines": [], "start_line": 289}, "ODPSNormalizer._normalize_field_with_error_context": {"executed_lines": [362, 363, 364, 375, 378, 379, 389], "summary": {"covered_lines": 7, "num_statements": 7, "percent_covered": 100.0, "percent_covered_display": "100", "missing_lines": 0, "excluded_lines": 0, "percent_statements_covered": 100.0, "percent_statements_covered_display": "100"}, "missing_lines": [], "excluded_lines": [], "start_line": 335}, "ODPSNormalizer._normalize_optional_field": {"executed_lines": [416, 417, 418, 419, 425, 427, 428, 429, 433, 441, 443], "summary": {"covered_lines": 11, "num_statements": 11, "percent_covered": 100.0, "percent_covered_display": "100", "missing_lines": 0, "excluded_lines": 0, "percent_statements_covered": 100.0, "percent_statements_covered_display": "100"}, "missing_lines": [], "excluded_lines": [], "start_line": 391}, "ODPSNormalizer._normalize_quality": {"executed_lines": [467, 468, 469, 470, 472, 473, 475, 478, 479, 482, 483, 484, 485, 486, 487, 489, 495, 496, 497, 498, 499, 500, 504, 507, 510, 511, 513, 514, 515, 516, 519, 520, 522, 523, 525, 526, 527, 529, 531], "summary": {"covered_lines": 39, "num_statements": 41, "percent_covered": 95.1219512195122, "percent_covered_display": "95", "missing_lines": 2, "excluded_lines": 0, "percent_statements_covered": 95.1219512195122, "percent_statements_covered_display": "95"}, "missing_lines": [536, 538], "excluded_lines": [], "start_line": 445}, "ODPSNormalizer._generate_rule_from_dimension": {"executed_lines": [562, 563, 568, 569, 570, 573, 574, 575, 578, 579, 582, 583, 584, 587, 588, 589, 592, 593, 594, 597, 600, 601, 602, 605, 606, 607, 610, 611, 614, 616, 617, 620], "summary": {"covered_lines": 32, "num_statements": 33, "percent_covered": 96.96969696969697, "percent_covered_display": "97", "missing_lines": 1, "excluded_lines": 0, "percent_statements_covered": 96.96969696969697, "percent_statements_covered_display": "97"}, "missing_lines": [612], "excluded_lines": [], "start_line": 545}, "ODPSNormalizer._generate_expression_from_objectives": {"executed_lines": [639, 640, 642, 643, 644, 645, 646, 647, 648, 649, 650, 651, 652, 654, 655, 656, 657, 659, 661, 662, 663, 665, 667, 668, 669, 671, 673, 674, 675, 678, 682, 684, 685, 688], "summary": {"covered_lines": 34, "num_statements": 34, "percent_covered": 100.0, "percent_covered_display": "100", "missing_lines": 0, "excluded_lines": 0, "percent_statements_covered": 100.0, "percent_statements_covered_display": "100"}, "missing_lines": [], "excluded_lines": [], "start_line": 622}, "ODPSNormalizer._normalize_lifecycle": {"executed_lines": [713, 714, 715, 716, 719, 720, 723, 724, 727, 728, 729, 730, 731, 732, 733, 735, 736, 737, 738, 740, 746, 747, 748, 749, 751, 757, 758, 759, 760, 765, 766, 767, 768, 770, 771, 772, 773, 774, 778, 781, 787, 788, 789, 790, 791, 792, 793, 798, 799, 800, 801, 802, 803, 804, 809, 810, 811, 813, 814, 815, 816, 817, 818, 819, 821, 822, 823, 824, 830, 833, 834, 837, 838, 841, 842, 843, 844, 845, 847, 849], "summary": {"covered_lines": 80, "num_statements": 82, "percent_covered": 97.5609756097561, "percent_covered_display": "98", "missing_lines": 2, "excluded_lines": 0, "percent_statements_covered": 97.5609756097561, "percent_statements_covered_display": "98"}, "missing_lines": [854, 856], "excluded_lines": [], "start_line": 690}, "ODPSNormalizer._extract_contract": {"executed_lines": [885, 886, 887, 890, 891, 893, 896, 897, 898, 900, 902, 903, 904, 906, 912, 913, 914, 915, 920, 922, 925, 927, 942, 943, 944, 946, 950], "summary": {"covered_lines": 27, "num_statements": 34, "percent_covered": 79.41176470588235, "percent_covered_display": "79", "missing_lines": 7, "excluded_lines": 0, "percent_statements_covered": 79.41176470588235, "percent_statements_covered_display": "79"}, "missing_lines": [888, 901, 930, 931, 934, 955, 957], "excluded_lines": [], "start_line": 863}, "ODPSNormalizer._resolve_contract_ref": {"executed_lines": [981, 982, 983, 987, 993, 996, 997, 999, 1000, 1003, 1005, 1012, 1017, 1018, 1025, 1028, 1029, 1030, 1033, 1035, 1036, 1038, 1041, 1045, 1046, 1047, 1049, 1052, 1054, 1055, 1058, 1064], "summary": {"covered_lines": 32, "num_statements": 36, "percent_covered": 88.88888888888889, "percent_covered_display": "89", "missing_lines": 4, "excluded_lines": 0, "percent_statements_covered": 88.88888888888889, "percent_statements_covered_display": "89"}, "missing_lines": [1006, 1009, 1020, 1023], "excluded_lines": [], "start_line": 964}, "ODPSNormalizer._normalize_extracted_contract": {"executed_lines": [1080, 1082, 1083, 1089, 1090, 1093, 1096, 1098, 1100, 1102, 1103, 1104, 1107, 1108, 1109, 1110, 1112, 1118, 1122, 1123, 1126], "summary": {"covered_lines": 21, "num_statements": 22, "percent_covered": 95.45454545454545, "percent_covered_display": "95", "missing_lines": 1, "excluded_lines": 0, "percent_statements_covered": 95.45454545454545, "percent_statements_covered_display": "95"}, "missing_lines": [1101], "excluded_lines": [], "start_line": 1066}, "ODPSNormalizer._extract_available_languages": {"executed_lines": [1142, 1143, 1145, 1146, 1149, 1150], "summary": {"covered_lines": 6, "num_statements": 6, "percent_covered": 100.0, "percent_covered_display": "100", "missing_lines": 0, "excluded_lines": 0, "percent_statements_covered": 100.0, "percent_statements_covered_display": "100"}, "missing_lines": [], "excluded_lines": [], "start_line": 1132}, "ODPSNormalizer._get_preferred_language": {"executed_lines": [1163, 1164, 1167, 1168, 1171], "summary": {"covered_lines": 5, "num_statements": 5, "percent_covered": 100.0, "percent_covered_display": "100", "missing_lines": 0, "excluded_lines": 0, "percent_statements_covered": 100.0, "percent_statements_covered_display": "100"}, "missing_lines": [], "excluded_lines": [], "start_line": 1152}, "ODPSNormalizer._normalize_info": {"executed_lines": [1200, 1202, 1206, 1208, 1210, 1221, 1223, 1231, 1232, 1233, 1235, 1247, 1248, 1249, 1259, 1262, 1265, 1266, 1267, 1277, 1280, 1287, 1288, 1289, 1290, 1295, 1298, 1299, 1300, 1301, 1306, 1309, 1310, 1311, 1312, 1314, 1315, 1316, 1317, 1323, 1324, 1326, 1334, 1335, 1336, 1338, 1339, 1340, 1341, 1347, 1348, 1352, 1358, 1360, 1361, 1362, 1363, 1364, 1365, 1366, 1369, 1370, 1371, 1374, 1376, 1381, 1383, 1384, 1390, 1398, 1400, 1401, 1404, 1405, 1406, 1407, 1413, 1415, 1416, 1422, 1424, 1425, 1427, 1428, 1431, 1432, 1434, 1435, 1436, 1437, 1439, 1440, 1441, 1442, 1444, 1446], "summary": {"covered_lines": 96, "num_statements": 114, "percent_covered": 84.21052631578948, "percent_covered_display": "84", "missing_lines": 18, "excluded_lines": 0, "percent_statements_covered": 84.21052631578948, "percent_statements_covered_display": "84"}, "missing_lines": [1203, 1224, 1236, 1250, 1268, 1319, 1328, 1343, 1350, 1386, 1387, 1393, 1396, 1408, 1417, 1433, 1447, 1449], "excluded_lines": [], "start_line": 1173}, "ODPSNormalizer._normalize_marketplace": {"executed_lines": [1481, 1482, 1483, 1487, 1488, 1491, 1492, 1495, 1496, 1499, 1500, 1502, 1507, 1509, 1510, 1511, 1525, 1527, 1529, 1530, 1531, 1532, 1534, 1540, 1541, 1542, 1543, 1545, 1546, 1547, 1553, 1555, 1562, 1563, 1564, 1565, 1568, 1569, 1570, 1571, 1573, 1574, 1575, 1581, 1583, 1585, 1590, 1591, 1592, 1593, 1596, 1597, 1598, 1599, 1600, 1602, 1603, 1604, 1605, 1611, 1612, 1613, 1617, 1623, 1624, 1625, 1626, 1628, 1634, 1635, 1636, 1637, 1639], "summary": {"covered_lines": 73, "num_statements": 87, "percent_covered": 83.9080459770115, "percent_covered_display": "84", "missing_lines": 14, "excluded_lines": 0, "percent_statements_covered": 83.9080459770115, "percent_statements_covered_display": "84"}, "missing_lines": [1484, 1513, 1514, 1517, 1518, 1520, 1523, 1549, 1557, 1577, 1607, 1615, 1644, 1646], "excluded_lines": [], "start_line": 1456}, "ODPSNormalizer._normalize_schema_minimal": {"executed_lines": [1671, 1672, 1673, 1677, 1681, 1682, 1683, 1684, 1686, 1687, 1690, 1691, 1692, 1693, 1694, 1695, 1696, 1697, 1700, 1701, 1702, 1703, 1709, 1710, 1713, 1715, 1717, 1718, 1719, 1720], "summary": {"covered_lines": 30, "num_statements": 37, "percent_covered": 81.08108108108108, "percent_covered_display": "81", "missing_lines": 7, "excluded_lines": 0, "percent_statements_covered": 81.08108108108108, "percent_statements_covered_display": "81"}, "missing_lines": [1674, 1678, 1711, 1714, 1716, 1722, 1724], "excluded_lines": [], "start_line": 1653}, "ODPSNormalizer._normalize_product_strategy": {"executed_lines": [1750, 1753, 1754, 1755, 1756, 1759, 1761, 1772, 1773, 1774, 1778, 1780, 1782, 1783, 1787, 1790, 1794, 1796, 1797, 1800, 1801, 1804, 1805, 1806, 1808, 1809, 1810, 1811, 1813, 1817, 1818, 1819, 1821, 1823, 1829, 1830, 1831, 1833, 1834, 1835, 1836, 1838, 1842, 1843, 1844, 1846, 1848, 1854, 1855, 1856, 1858, 1859, 1860, 1861, 1863, 1867, 1868, 1869, 1871, 1879, 1881], "summary": {"covered_lines": 61, "num_statements": 71, "percent_covered": 85.91549295774648, "percent_covered_display": "86", "missing_lines": 10, "excluded_lines": 0, "percent_statements_covered": 85.91549295774648, "percent_statements_covered_display": "86"}, "missing_lines": [1762, 1764, 1776, 1791, 1795, 1873, 1883, 1885, 1886, 1888], "excluded_lines": [], "start_line": 1726}, "": {"executed_lines": [8, 9, 10, 12, 13, 14, 19, 20, 21, 24, 27, 28, 31, 34, 37, 38, 40, 43, 54, 56, 70, 245, 289, 335, 391, 445, 545, 622, 690, 863, 964, 1066, 1132, 1152, 1173, 1456, 1653, 1726], "summary": {"covered_lines": 38, "num_statements": 38, "percent_covered": 100.0, "percent_covered_display": "100", "missing_lines": 0, "excluded_lines": 0, "percent_statements_covered": 100.0, "percent_statements_covered_display": "100"}, "missing_lines": [], "excluded_lines": [], "start_line": 1}}, "classes": {"ODPSNormalizer": {"executed_lines": [68, 94, 95, 96, 98, 100, 101, 102, 103, 104, 105, 106, 111, 112, 115, 116, 127, 131, 133, 135, 137, 139, 141, 143, 146, 149, 150, 154, 155, 156, 157, 158, 163, 164, 165, 166, 167, 168, 169, 180, 190, 192, 193, 201, 202, 206, 207, 208, 209, 212, 221, 223, 228, 229, 235, 263, 264, 273, 279, 306, 307, 310, 311, 312, 315, 316, 318, 321, 322, 329, 330, 333, 362, 363, 364, 375, 378, 379, 389, 416, 417, 418, 419, 425, 427, 428, 429, 433, 441, 443, 467, 468, 469, 470, 472, 473, 475, 478, 479, 482, 483, 484, 485, 486, 487, 489, 495, 496, 497, 498, 499, 500, 504, 507, 510, 511, 513, 514, 515, 516, 519, 520, 522, 523, 525, 526, 527, 529, 531, 562, 563, 568, 569, 570, 573, 574, 575, 578, 579, 582, 583, 584, 587, 588, 589, 592, 593, 594, 597, 600, 601, 602, 605, 606, 607, 610, 611, 614, 616, 617, 620, 639, 640, 642, 643, 644, 645, 646, 647, 648, 649, 650, 651, 652, 654, 655, 656, 657, 659, 661, 662, 663, 665, 667, 668, 669, 671, 673, 674, 675, 678, 682, 684, 685, 688, 713, 714, 715, 716, 719, 720, 723, 724, 727, 728, 729, 730, 731, 732, 733, 735, 736, 737, 738, 740, 746, 747, 748, 749, 751, 757, 758, 759, 760, 765, 766, 767, 768, 770, 771, 772, 773, 774, 778, 781, 787, 788, 789, 790, 791, 792, 793, 798, 799, 800, 801, 802, 803, 804, 809, 810, 811, 813, 814, 815, 816, 817, 818, 819, 821, 822, 823, 824, 830, 833, 834, 837, 838, 841, 842, 843, 844, 845, 847, 849, 885, 886, 887, 890, 891, 893, 896, 897, 898, 900, 902, 903, 904, 906, 912, 913, 914, 915, 920, 922, 925, 927, 942, 943, 944, 946, 950, 981, 982, 983, 987, 993, 996, 997, 999, 1000, 1003, 1005, 1012, 1017, 1018, 1025, 1028, 1029, 1030, 1033, 1035, 1036, 1038, 1041, 1045, 1046, 1047, 1049, 1052, 1054, 1055, 1058, 1064, 1080, 1082, 1083, 1089, 1090, 1093, 1096, 1098, 1100, 1102, 1103, 1104, 1107, 1108, 1109, 1110, 1112, 1118, 1122, 1123, 1126, 1142, 1143, 1145, 1146, 1149, 1150, 1163, 1164, 1167, 1168, 1171, 1200, 1202, 1206, 1208, 1210, 1221, 1223, 1231, 1232, 1233, 1235, 1247, 1248, 1249, 1259, 1262, 1265, 1266, 1267, 1277, 1280, 1287, 1288, 1289, 1290, 1295, 1298, 1299, 1300, 1301, 1306, 1309, 1310, 1311, 1312, 1314, 1315, 1316, 1317, 1323, 1324, 1326, 1334, 1335, 1336, 1338, 1339, 1340, 1341, 1347, 1348, 1352, 1358, 1360, 1361, 1362, 1363, 1364, 1365, 1366, 1369, 1370, 1371, 1374, 1376, 1381, 1383, 1384, 1390, 1398, 1400, 1401, 1404, 1405, 1406, 1407, 1413, 1415, 1416, 1422, 1424, 1425, 1427, 1428, 1431, 1432, 1434, 1435, 1436, 1437, 1439, 1440, 1441, 1442, 1444, 1446, 1481, 1482, 1483, 1487, 1488, 1491, 1492, 1495, 1496, 1499, 1500, 1502, 1507, 1509, 1510, 1511, 1525, 1527, 1529, 1530, 1531, 1532, 1534, 1540, 1541, 1542, 1543, 1545, 1546, 1547, 1553, 1555, 1562, 1563, 1564, 1565, 1568, 1569, 1570, 1571, 1573, 1574, 1575, 1581, 1583, 1585, 1590, 1591, 1592, 1593, 1596, 1597, 1598, 1599, 1600, 1602, 1603, 1604, 1605, 1611, 1612, 1613, 1617, 1623, 1624, 1625, 1626, 1628, 1634, 1635, 1636, 1637, 1639, 1671, 1672, 1673, 1677, 1681, 1682, 1683, 1684, 1686, 1687, 1690, 1691, 1692, 1693, 1694, 1695, 1696, 1697, 1700, 1701, 1702, 1703, 1709, 1710, 1713, 1715, 1717, 1718, 1719, 1720, 1750, 1753, 1754, 1755, 1756, 1759, 1761, 1772, 1773, 1774, 1778, 1780, 1782, 1783, 1787, 1790, 1794, 1796, 1797, 1800, 1801, 1804, 1805, 1806, 1808, 1809, 1810, 1811, 1813, 1817, 1818, 1819, 1821, 1823, 1829, 1830, 1831, 1833, 1834, 1835, 1836, 1838, 1842, 1843, 1844, 1846, 1848, 1854, 1855, 1856, 1858, 1859, 1860, 1861, 1863, 1867, 1868, 1869, 1871, 1879, 1881], "summary": {"covered_lines": 626, "num_statements": 700, "percent_covered": 89.42857142857143, "percent_covered_display": "89", "missing_lines": 74, "excluded_lines": 0, "percent_statements_covered": 89.42857142857143, "percent_statements_covered_display": "89"}, "missing_lines": [159, 160, 173, 174, 210, 211, 281, 282, 536, 538, 612, 854, 856, 888, 901, 930, 931, 934, 955, 957, 1006, 1009, 1020, 1023, 1101, 1203, 1224, 1236, 1250, 1268, 1319, 1328, 1343, 1350, 1386, 1387, 1393, 1396, 1408, 1417, 1433, 1447, 1449, 1484, 1513, 1514, 1517, 1518, 1520, 1523, 1549, 1557, 1577, 1607, 1615, 1644, 1646, 1674, 1678, 1711, 1714, 1716, 1722, 1724, 1762, 1764, 1776, 1791, 1795, 1873, 1883, 1885, 1886, 1888], "excluded_lines": [], "start_line": 43}, "": {"executed_lines": [8, 9, 10, 12, 13, 14, 19, 20, 21, 24, 27, 28, 31, 34, 37, 38, 40, 43, 54, 56, 70, 245, 289, 335, 391, 445, 545, 622, 690, 863, 964, 1066, 1132, 1152, 1173, 1456, 1653, 1726], "summary": {"covered_lines": 38, "num_statements": 38, "percent_covered": 100.0, "percent_covered_display": "100", "missing_lines": 0, "excluded_lines": 0, "percent_statements_covered": 100.0, "percent_statements_covered_display": "100"}, "missing_lines": [], "excluded_lines": [], "start_line": 1}}}, "hub/apps/contracts/odps_generator.py": {"executed_lines": [17, 18, 19, 20, 22, 24, 27, 28, 29, 35, 77, 79, 80, 91, 92, 102, 103, 104, 115, 116, 126, 127, 128, 139, 140, 141, 152, 162, 164, 170, 171, 172, 173, 182, 185, 186, 187, 188, 197, 200, 201, 202, 203, 213, 214, 215, 216, 225, 226, 227, 229, 232, 233, 234, 235, 246, 247, 248, 249, 260, 261, 262, 264, 265, 266, 275, 277, 278, 279, 288, 291, 292, 297, 298, 299, 300, 311, 313, 314, 320, 321, 323, 324, 325, 326, 335, 338, 339, 340, 341, 350, 353, 354, 355, 356, 357, 366, 371, 372, 373, 375, 376, 378, 379, 380, 389, 391, 392, 393, 402, 404, 405, 406, 415, 417, 418, 425, 427, 428, 439, 441, 445, 450, 452, 453, 464, 465, 476, 478, 482, 491, 492, 493, 494, 505, 507, 510, 511, 512, 513, 522, 523, 524, 527, 528, 529, 530, 541, 542, 543, 544, 555, 556, 557, 560, 561, 562, 563, 565, 566, 567, 568, 571, 572, 573, 574, 575, 576, 585, 591, 592, 593, 594, 605, 606, 607, 608, 609, 610, 620, 622, 624, 626, 629, 632, 633, 634, 635, 646, 647, 648, 659, 660, 661, 662, 665, 668, 673, 674, 675, 676, 677, 688, 689, 690, 700, 701, 703, 704, 714, 715, 725, 726, 727, 737, 740, 742, 756, 757, 759, 760, 761, 765, 775, 776, 779, 780, 781, 782, 783, 786, 787, 788, 789, 790, 791, 793, 794, 795, 806, 809, 810, 811, 812, 823, 824, 825, 826, 835, 837, 838, 841, 842, 843, 844, 855, 856, 857, 858, 867, 869, 870, 873, 874, 875, 876, 887, 888, 889, 890, 899, 901, 902, 905, 906, 908, 917, 927, 929, 931, 945, 959, 960, 963, 964, 965, 968, 969, 970, 973, 974, 975, 976, 977, 978, 981, 982, 983, 986, 987, 990, 991, 992, 995, 996, 997, 1000, 1001, 1002, 1005, 1006, 1007, 1009, 1011, 1012, 1018, 1021, 1037, 1038, 1039, 1042, 1043, 1045, 1046, 1047, 1049, 1053, 1054, 1055, 1056, 1058, 1059, 1060, 1064, 1065, 1066, 1070, 1071, 1072, 1076, 1085, 1096, 1109, 1128, 1129, 1130, 1140, 1142, 1144, 1154, 1156, 1168, 1189, 1190, 1200, 1201, 1202, 1212, 1219, 1221, 1231, 1233], "summary": {"covered_lines": 362, "num_statements": 402, "percent_covered": 90.04975124378109, "percent_covered_display": "90", "missing_lines": 40, "excluded_lines": 0, "percent_statements_covered": 90.04975124378109, "percent_statements_covered_display": "90"}, "missing_lines": [30, 31, 32, 312, 440, 477, 506, 621, 623, 625, 743, 744, 745, 750, 751, 758, 932, 934, 1061, 1062, 1067, 1068, 1073, 1074, 1077, 1078, 1079, 1080, 1081, 1082, 1087, 1088, 1089, 1090, 1092, 1093, 1094, 1098, 1099, 1106], "excluded_lines": [], "functions": {"generate_odps_from_hubcontract": {"executed_lines": [77, 79, 80, 91, 92, 102, 103, 104, 115, 116, 126, 127, 128, 139, 140, 141, 152, 162, 164, 170, 171, 172, 173, 182, 185, 186, 187, 188, 197, 200, 201, 202, 203, 213, 214, 215, 216, 225, 226, 227, 229, 232, 233, 234, 235, 246, 247, 248, 249, 260, 261, 262, 264, 265, 266, 275, 277, 278, 279, 288, 291, 292, 297, 298, 299, 300, 311, 313, 314, 320, 321, 323, 324, 325, 326, 335, 338, 339, 340, 341, 350, 353, 354, 355, 356, 357, 366, 371, 372, 373, 375, 376, 378, 379, 380, 389, 391, 392, 393, 402, 404, 405, 406, 415, 417, 418, 425, 427, 428, 439, 441, 445, 450, 452, 453, 464, 465, 476, 478, 482, 491, 492, 493, 494, 505, 507, 510, 511, 512, 513, 522, 523, 524, 527, 528, 529, 530, 541, 542, 543, 544, 555, 556, 557, 560, 561, 562, 563, 565, 566, 567, 568, 571, 572, 573, 574, 575, 576, 585, 591, 592, 593, 594, 605, 606, 607, 608, 609, 610, 620, 622, 624, 626, 629, 632, 633, 634, 635, 646, 647, 648, 659, 660, 661, 662, 665, 668, 673, 674, 675, 676, 677, 688, 689, 690, 700, 701, 703, 704, 714, 715, 725, 726, 727, 737, 740, 742, 756, 757, 759, 760, 761, 765, 775, 776, 779, 780, 781, 782, 783, 786, 787, 788, 789, 790, 791, 793, 794, 795, 806, 809, 810, 811, 812, 823, 824, 825, 826, 835, 837, 838, 841, 842, 843, 844, 855, 856, 857, 858, 867, 869, 870, 873, 874, 875, 876, 887, 888, 889, 890, 899, 901, 902, 905, 906, 908, 917, 927, 929, 931], "summary": {"covered_lines": 270, "num_statements": 285, "percent_covered": 94.73684210526316, "percent_covered_display": "95", "missing_lines": 15, "excluded_lines": 0, "percent_statements_covered": 94.73684210526316, "percent_statements_covered_display": "95"}, "missing_lines": [312, 440, 477, 506, 621, 623, 625, 743, 744, 745, 750, 751, 758, 932, 934], "excluded_lines": [], "start_line": 35}, "_generate_dimension_from_rule": {"executed_lines": [959, 960, 963, 964, 965, 968, 969, 970, 973, 974, 975, 976, 977, 978, 981, 982, 983, 986, 987, 990, 991, 992, 995, 996, 997, 1000, 1001, 1002, 1005, 1006, 1007, 1009, 1011, 1012, 1018], "summary": {"covered_lines": 35, "num_statements": 35, "percent_covered": 100.0, "percent_covered_display": "100", "missing_lines": 0, "excluded_lines": 0, "percent_statements_covered": 100.0, "percent_statements_covered_display": "100"}, "missing_lines": [], "excluded_lines": [], "start_line": 945}, "_parse_expression_to_objectives": {"executed_lines": [1037, 1038, 1039, 1042, 1043, 1045, 1046, 1047, 1049, 1053, 1054, 1055, 1056, 1058, 1059, 1060, 1064, 1065, 1066, 1070, 1071, 1072, 1076, 1085, 1096], "summary": {"covered_lines": 25, "num_statements": 47, "percent_covered": 53.191489361702125, "percent_covered_display": "53", "missing_lines": 22, "excluded_lines": 0, "percent_statements_covered": 53.191489361702125, "percent_statements_covered_display": "53"}, "missing_lines": [1061, 1062, 1067, 1068, 1073, 1074, 1077, 1078, 1079, 1080, 1081, 1082, 1087, 1088, 1089, 1090, 1092, 1093, 1094, 1098, 1099, 1106], "excluded_lines": [], "start_line": 1021}, "format_odps_as_json": {"executed_lines": [1128, 1129, 1130, 1140, 1142, 1144, 1154, 1156], "summary": {"covered_lines": 8, "num_statements": 8, "percent_covered": 100.0, "percent_covered_display": "100", "missing_lines": 0, "excluded_lines": 0, "percent_statements_covered": 100.0, "percent_statements_covered_display": "100"}, "missing_lines": [], "excluded_lines": [], "start_line": 1109}, "format_odps_as_yaml": {"executed_lines": [1189, 1190, 1200, 1201, 1202, 1212, 1219, 1221, 1231, 1233], "summary": {"covered_lines": 10, "num_statements": 10, "percent_covered": 100.0, "percent_covered_display": "100", "missing_lines": 0, "excluded_lines": 0, "percent_statements_covered": 100.0, "percent_statements_covered_display": "100"}, "missing_lines": [], "excluded_lines": [], "start_line": 1168}, "": {"executed_lines": [17, 18, 19, 20, 22, 24, 27, 28, 29, 35, 945, 1021, 1109, 1168], "summary": {"covered_lines": 14, "num_statements": 17, "percent_covered": 82.3529411764706, "percent_covered_display": "82", "missing_lines": 3, "excluded_lines": 0, "percent_statements_covered": 82.3529411764706, "percent_statements_covered_display": "82"}, "missing_lines": [30, 31, 32], "excluded_lines": [], "start_line": 1}}, "classes": {"": {"executed_lines": [17, 18, 19, 20, 22, 24, 27, 28, 29, 35, 77, 79, 80, 91, 92, 102, 103, 104, 115, 116, 126, 127, 128, 139, 140, 141, 152, 162, 164, 170, 171, 172, 173, 182, 185, 186, 187, 188, 197, 200, 201, 202, 203, 213, 214, 215, 216, 225, 226, 227, 229, 232, 233, 234, 235, 246, 247, 248, 249, 260, 261, 262, 264, 265, 266, 275, 277, 278, 279, 288, 291, 292, 297, 298, 299, 300, 311, 313, 314, 320, 321, 323, 324, 325, 326, 335, 338, 339, 340, 341, 350, 353, 354, 355, 356, 357, 366, 371, 372, 373, 375, 376, 378, 379, 380, 389, 391, 392, 393, 402, 404, 405, 406, 415, 417, 418, 425, 427, 428, 439, 441, 445, 450, 452, 453, 464, 465, 476, 478, 482, 491, 492, 493, 494, 505, 507, 510, 511, 512, 513, 522, 523, 524, 527, 528, 529, 530, 541, 542, 543, 544, 555, 556, 557, 560, 561, 562, 563, 565, 566, 567, 568, 571, 572, 573, 574, 575, 576, 585, 591, 592, 593, 594, 605, 606, 607, 608, 609, 610, 620, 622, 624, 626, 629, 632, 633, 634, 635, 646, 647, 648, 659, 660, 661, 662, 665, 668, 673, 674, 675, 676, 677, 688, 689, 690, 700, 701, 703, 704, 714, 715, 725, 726, 727, 737, 740, 742, 756, 757, 759, 760, 761, 765, 775, 776, 779, 780, 781, 782, 783, 786, 787, 788, 789, 790, 791, 793, 794, 795, 806, 809, 810, 811, 812, 823, 824, 825, 826, 835, 837, 838, 841, 842, 843, 844, 855, 856, 857, 858, 867, 869, 870, 873, 874, 875, 876, 887, 888, 889, 890, 899, 901, 902, 905, 906, 908, 917, 927, 929, 931, 945, 959, 960, 963, 964, 965, 968, 969, 970, 973, 974, 975, 976, 977, 978, 981, 982, 983, 986, 987, 990, 991, 992, 995, 996, 997, 1000, 1001, 1002, 1005, 1006, 1007, 1009, 1011, 1012, 1018, 1021, 1037, 1038, 1039, 1042, 1043, 1045, 1046, 1047, 1049, 1053, 1054, 1055, 1056, 1058, 1059, 1060, 1064, 1065, 1066, 1070, 1071, 1072, 1076, 1085, 1096, 1109, 1128, 1129, 1130, 1140, 1142, 1144, 1154, 1156, 1168, 1189, 1190, 1200, 1201, 1202, 1212, 1219, 1221, 1231, 1233], "summary": {"covered_lines": 362, "num_statements": 402, "percent_covered": 90.04975124378109, "percent_covered_display": "90", "missing_lines": 40, "excluded_lines": 0, "percent_statements_covered": 90.04975124378109, "percent_statements_covered_display": "90"}, "missing_lines": [30, 31, 32, 312, 440, 477, 506, 621, 623, 625, 743, 744, 745, 750, 751, 758, 932, 934, 1061, 1062, 1067, 1068, 1073, 1074, 1077, 1078, 1079, 1080, 1081, 1082, 1087, 1088, 1089, 1090, 1092, 1093, 1094, 1098, 1099, 1106], "excluded_lines": [], "start_line": 1}}}, "hub/apps/contracts/ref_resolver.py": {"executed_lines": [16, 17, 18, 19, 20, 21, 22, 23, 24, 25, 26, 28, 29, 30, 35, 36, 37, 39, 43, 48, 49, 50, 51, 65, 66, 67, 72, 75, 76, 77, 78, 79, 80, 83, 84, 85, 86, 88, 91, 93, 94, 95, 98, 100, 101, 102, 103, 106, 123, 151, 152, 153, 154, 155, 156, 157, 158, 159, 160, 163, 164, 167, 170, 173, 176, 177, 178, 180, 182, 185, 186, 187, 194, 196, 197, 203, 205, 221, 223, 225, 228, 230, 246, 247, 249, 251, 255, 256, 258, 260, 264, 265, 267, 269, 271, 273, 275, 276, 279, 281, 289, 291, 307, 308, 310, 312, 313, 316, 317, 321, 324, 328, 331, 332, 333, 334, 336, 337, 339, 342, 343, 344, 345, 350, 358, 361, 362, 365, 369, 377, 384, 387, 396, 405, 408, 409, 411, 413, 415, 424, 431, 434, 435, 436, 445, 451, 454, 455, 456, 458, 460, 461, 464, 471, 472, 474, 476, 479, 480, 481, 487, 488, 489, 498, 499, 500, 505, 512, 513, 519, 521, 524, 525, 526, 527, 530, 531, 535, 543, 546, 547, 548, 550, 551, 553, 554, 556, 557, 558, 559, 562, 567, 571, 572, 574, 586, 589, 590, 591, 592, 595, 601, 605, 606, 608, 617, 618, 620, 622, 626, 627, 632, 635, 636, 639, 643, 645, 648, 649, 650, 651, 656, 657, 658, 659, 662, 666, 668, 671, 672, 673, 674, 679, 680, 681, 682, 685, 689, 696, 699, 700, 701, 703, 704, 706, 707, 709, 710, 711, 713, 722, 732, 733, 735, 736, 738, 739, 742, 743, 744, 745, 748, 749, 750, 751, 752, 755, 758, 759, 760, 761, 766, 768, 769, 772, 773, 774, 775, 776, 777, 778, 779, 782, 783, 784, 785, 786, 787, 788, 790, 791, 794, 795, 796, 797, 802, 804, 815, 832, 833, 842, 850, 851, 852, 853, 862, 870, 871, 880, 888, 889, 898, 907, 926, 927, 937, 947, 948, 951, 952, 955, 956, 959, 960, 965, 967, 968, 969, 971, 972, 973, 981, 988, 998, 999, 1007, 1014, 1015, 1023, 1030, 1032, 1054, 1055, 1056, 1058, 1060, 1061, 1064, 1067, 1069, 1070, 1077, 1078, 1089, 1090, 1092, 1095, 1096, 1099, 1102, 1105, 1106, 1108, 1110, 1111, 1112, 1113, 1116, 1117, 1118, 1120, 1121, 1127, 1128, 1129, 1130, 1131, 1134, 1140, 1141, 1149, 1150, 1166, 1167, 1175, 1176, 1187, 1188, 1190, 1191, 1193, 1194, 1195, 1196, 1197, 1198, 1200, 1221, 1222, 1223, 1225, 1228, 1229, 1238, 1247, 1248, 1249, 1253, 1254, 1255, 1258, 1263, 1264, 1266, 1269, 1270, 1281, 1288, 1292, 1295, 1296, 1305, 1306, 1316, 1324, 1325, 1326, 1327, 1337, 1345, 1346, 1354, 1363, 1364, 1373, 1376, 1377, 1378, 1395, 1396, 1397, 1398, 1400, 1408, 1409, 1410, 1411, 1412, 1413, 1414, 1428, 1430, 1431, 1432, 1447, 1448, 1456, 1457, 1471, 1472, 1474, 1475, 1477, 1478, 1479, 1480, 1481, 1482, 1484, 1506, 1507, 1508, 1510, 1512, 1515, 1519, 1521, 1522, 1523, 1526, 1538, 1554, 1565, 1566, 1575, 1583, 1584, 1586, 1587, 1589, 1595, 1596, 1602, 1608, 1609, 1611, 1620, 1633, 1634, 1635, 1638, 1639, 1640, 1641, 1644, 1645, 1648, 1651, 1652, 1660, 1662, 1664, 1665, 1667, 1676, 1690, 1691, 1693, 1695, 1696, 1697, 1698, 1707, 1719, 1720, 1721, 1722, 1723, 1729, 1730, 1731, 1733, 1734, 1735, 1736, 1737, 1743, 1744, 1745, 1747, 1748, 1749, 1750, 1751, 1757, 1771, 1773, 1774, 1775, 1776, 1777, 1778, 1779, 1780, 1782, 1797, 1800, 1803, 1804, 1805, 1806, 1807, 1808, 1809, 1810, 1812, 1814, 1862, 1863, 1866, 1867, 1868, 1871, 1872, 1874, 1877, 1880, 1881, 1891, 1892, 1894, 1895, 1897, 1904, 1906, 1935, 1937, 1939, 1940, 1941, 1942, 1950, 1953, 1954, 1955, 1963, 1965, 1966, 1967, 1968, 1972, 1976, 1977, 1979, 1983, 1985, 1986, 1994, 1996, 1998, 2001, 2014, 2015, 2019, 2024, 2025, 2026, 2027, 2036, 2039, 2040, 2041, 2042, 2056, 2065, 2067, 2068, 2069, 2072, 2073, 2074, 2076, 2079, 2080, 2082, 2107, 2108, 2111, 2116, 2119, 2148, 2149, 2150, 2151, 2156, 2163], "summary": {"covered_lines": 646, "num_statements": 718, "percent_covered": 89.97214484679665, "percent_covered_display": "90", "missing_lines": 72, "excluded_lines": 0, "percent_statements_covered": 89.97214484679665, "percent_statements_covered_display": "90"}, "missing_lines": [31, 32, 33, 68, 69, 70, 183, 195, 282, 283, 388, 389, 406, 416, 417, 432, 437, 438, 452, 522, 532, 533, 544, 587, 623, 640, 641, 646, 652, 653, 663, 664, 669, 675, 676, 686, 687, 697, 714, 715, 720, 805, 806, 807, 813, 908, 917, 930, 963, 1132, 1158, 1355, 1365, 1366, 1379, 1380, 1386, 1387, 1401, 1422, 1438, 1439, 1758, 1759, 1761, 1762, 1763, 1764, 1765, 1975, 2052, 2153], "excluded_lines": [], "functions": {"RefResolver.__init__": {"executed_lines": [151, 152, 153, 154, 155, 156, 157, 158, 159, 160, 163, 164, 167, 170, 173, 176, 177, 178], "summary": {"covered_lines": 18, "num_statements": 18, "percent_covered": 100.0, "percent_covered_display": "100", "missing_lines": 0, "excluded_lines": 0, "percent_statements_covered": 100.0, "percent_statements_covered_display": "100"}, "missing_lines": [], "excluded_lines": [], "start_line": 123}, "RefResolver._get_redis_client": {"executed_lines": [182, 185, 186, 187, 194, 196, 197, 203], "summary": {"covered_lines": 8, "num_statements": 10, "percent_covered": 80.0, "percent_covered_display": "80", "missing_lines": 2, "excluded_lines": 0, "percent_statements_covered": 80.0, "percent_statements_covered_display": "80"}, "missing_lines": [183, 195], "excluded_lines": [], "start_line": 180}, "RefResolver._get_cache_key": {"executed_lines": [221, 223, 225, 228], "summary": {"covered_lines": 4, "num_statements": 4, "percent_covered": 100.0, "percent_covered_display": "100", "missing_lines": 0, "excluded_lines": 0, "percent_statements_covered": 100.0, "percent_statements_covered_display": "100"}, "missing_lines": [], "excluded_lines": [], "start_line": 205}, "RefResolver._get_from_cache": {"executed_lines": [246, 247, 249, 251, 255, 256, 258, 260, 264, 265, 267, 269, 271, 273, 275, 276, 279, 281, 289], "summary": {"covered_lines": 19, "num_statements": 21, "percent_covered": 90.47619047619048, "percent_covered_display": "90", "missing_lines": 2, "excluded_lines": 0, "percent_statements_covered": 90.47619047619048, "percent_statements_covered_display": "90"}, "missing_lines": [282, 283], "excluded_lines": [], "start_line": 230}, "RefResolver._set_cache": {"executed_lines": [307, 308, 310, 312, 313, 316, 317, 321, 324, 328, 331, 332, 333, 334, 336, 337, 339, 342, 343, 344, 345, 350, 358, 361, 362, 365, 369, 377, 384, 387], "summary": {"covered_lines": 30, "num_statements": 32, "percent_covered": 93.75, "percent_covered_display": "94", "missing_lines": 2, "excluded_lines": 0, "percent_statements_covered": 93.75, "percent_statements_covered_display": "94"}, "missing_lines": [388, 389], "excluded_lines": [], "start_line": 291}, "RefResolver._update_lru_index": {"executed_lines": [405, 408, 409, 411, 413, 415], "summary": {"covered_lines": 6, "num_statements": 9, "percent_covered": 66.66666666666667, "percent_covered_display": "67", "missing_lines": 3, "excluded_lines": 0, "percent_statements_covered": 66.66666666666667, "percent_statements_covered_display": "67"}, "missing_lines": [406, 416, 417], "excluded_lines": [], "start_line": 396}, "RefResolver._remove_from_lru_index": {"executed_lines": [431, 434, 435, 436], "summary": {"covered_lines": 4, "num_statements": 7, "percent_covered": 57.142857142857146, "percent_covered_display": "57", "missing_lines": 3, "excluded_lines": 0, "percent_statements_covered": 57.142857142857146, "percent_statements_covered_display": "57"}, "missing_lines": [432, 437, 438], "excluded_lines": [], "start_line": 424}, "RefResolver._enforce_cache_size_limits": {"executed_lines": [451, 454, 455, 456, 458, 460, 461, 464, 471, 472, 474, 476, 479, 480, 481, 487, 488, 489, 498, 499, 500, 505, 512, 513], "summary": {"covered_lines": 24, "num_statements": 25, "percent_covered": 96.0, "percent_covered_display": "96", "missing_lines": 1, "excluded_lines": 0, "percent_statements_covered": 96.0, "percent_statements_covered_display": "96"}, "missing_lines": [452], "excluded_lines": [], "start_line": 445}, "RefResolver._track_cache_write": {"executed_lines": [521, 524, 525, 526, 527, 530, 531], "summary": {"covered_lines": 7, "num_statements": 10, "percent_covered": 70.0, "percent_covered_display": "70", "missing_lines": 3, "excluded_lines": 0, "percent_statements_covered": 70.0, "percent_statements_covered_display": "70"}, "missing_lines": [522, 532, 533], "excluded_lines": [], "start_line": 519}, "RefResolver._update_cache_rate_gauges": {"executed_lines": [543, 546, 547, 548, 550, 551, 553, 554, 556, 557, 558, 559, 562, 567, 571, 572], "summary": {"covered_lines": 16, "num_statements": 17, "percent_covered": 94.11764705882354, "percent_covered_display": "94", "missing_lines": 1, "excluded_lines": 0, "percent_statements_covered": 94.11764705882354, "percent_statements_covered_display": "94"}, "missing_lines": [544], "excluded_lines": [], "start_line": 535}, "RefResolver._update_cache_size_gauge": {"executed_lines": [586, 589, 590, 591, 592, 595, 601, 605, 606], "summary": {"covered_lines": 9, "num_statements": 10, "percent_covered": 90.0, "percent_covered_display": "90", "missing_lines": 1, "excluded_lines": 0, "percent_statements_covered": 90.0, "percent_statements_covered_display": "90"}, "missing_lines": [587], "excluded_lines": [], "start_line": 574}, "RefResolver._track_ref_access": {"executed_lines": [617, 618, 620, 622, 626, 627, 632, 635, 636, 639], "summary": {"covered_lines": 10, "num_statements": 13, "percent_covered": 76.92307692307692, "percent_covered_display": "77", "missing_lines": 3, "excluded_lines": 0, "percent_statements_covered": 76.92307692307692, "percent_statements_covered_display": "77"}, "missing_lines": [623, 640, 641], "excluded_lines": [], "start_line": 608}, "RefResolver._track_cache_hit": {"executed_lines": [645, 648, 649, 650, 651, 656, 657, 658, 659, 662], "summary": {"covered_lines": 10, "num_statements": 15, "percent_covered": 66.66666666666667, "percent_covered_display": "67", "missing_lines": 5, "excluded_lines": 0, "percent_statements_covered": 66.66666666666667, "percent_statements_covered_display": "67"}, "missing_lines": [646, 652, 653, 663, 664], "excluded_lines": [], "start_line": 643}, "RefResolver._track_cache_miss": {"executed_lines": [668, 671, 672, 673, 674, 679, 680, 681, 682, 685], "summary": {"covered_lines": 10, "num_statements": 15, "percent_covered": 66.66666666666667, "percent_covered_display": "67", "missing_lines": 5, "excluded_lines": 0, "percent_statements_covered": 66.66666666666667, "percent_statements_covered_display": "67"}, "missing_lines": [669, 675, 676, 686, 687], "excluded_lines": [], "start_line": 666}, "RefResolver.get_cache_hit_rate": {"executed_lines": [696, 699, 700, 701, 703, 704, 706, 707, 709, 710, 711, 713], "summary": {"covered_lines": 12, "num_statements": 16, "percent_covered": 75.0, "percent_covered_display": "75", "missing_lines": 4, "excluded_lines": 0, "percent_statements_covered": 75.0, "percent_statements_covered_display": "75"}, "missing_lines": [697, 714, 715, 720], "excluded_lines": [], "start_line": 689}, "RefResolver.invalidate_cache": {"executed_lines": [732, 733, 735, 736, 738, 739, 742, 743, 744, 745, 748, 749, 750, 751, 752, 755, 758, 759, 760, 761, 766, 768, 769, 772, 773, 774, 775, 776, 777, 778, 779, 782, 783, 784, 785, 786, 787, 788, 790, 791, 794, 795, 796, 797, 802, 804], "summary": {"covered_lines": 46, "num_statements": 50, "percent_covered": 92.0, "percent_covered_display": "92", "missing_lines": 4, "excluded_lines": 0, "percent_statements_covered": 92.0, "percent_statements_covered_display": "92"}, "missing_lines": [805, 806, 807, 813], "excluded_lines": [], "start_line": 722}, "RefResolver._validate_external_url": {"executed_lines": [832, 833, 842, 850, 851, 852, 853, 862, 870, 871, 880, 888, 889, 898, 907, 926, 927], "summary": {"covered_lines": 17, "num_statements": 20, "percent_covered": 85.0, "percent_covered_display": "85", "missing_lines": 3, "excluded_lines": 0, "percent_statements_covered": 85.0, "percent_statements_covered_display": "85"}, "missing_lines": [908, 917, 930], "excluded_lines": [], "start_line": 815}, "RefResolver._detect_mode": {"executed_lines": [947, 948, 951, 952, 955, 956, 959, 960], "summary": {"covered_lines": 8, "num_statements": 9, "percent_covered": 88.88888888888889, "percent_covered_display": "89", "missing_lines": 1, "excluded_lines": 0, "percent_statements_covered": 88.88888888888889, "percent_statements_covered_display": "89"}, "missing_lines": [963], "excluded_lines": [], "start_line": 937}, "RefResolver._check_timeout": {"executed_lines": [967, 968, 969, 971, 972, 973, 981], "summary": {"covered_lines": 7, "num_statements": 7, "percent_covered": 100.0, "percent_covered_display": "100", "missing_lines": 0, "excluded_lines": 0, "percent_statements_covered": 100.0, "percent_statements_covered_display": "100"}, "missing_lines": [], "excluded_lines": [], "start_line": 965}, "RefResolver._check_size_limit": {"executed_lines": [998, 999, 1007, 1014, 1015, 1023, 1030], "summary": {"covered_lines": 7, "num_statements": 7, "percent_covered": 100.0, "percent_covered_display": "100", "missing_lines": 0, "excluded_lines": 0, "percent_statements_covered": 100.0, "percent_statements_covered_display": "100"}, "missing_lines": [], "excluded_lines": [], "start_line": 988}, "RefResolver.resolve_internal": {"executed_lines": [1054, 1055, 1056, 1058, 1060, 1061, 1064, 1067, 1069, 1070, 1077, 1078, 1089, 1090, 1092, 1095, 1096, 1099, 1102, 1105, 1106, 1108, 1110, 1111, 1112, 1113, 1116, 1117, 1118, 1120, 1121, 1127, 1128, 1129, 1130, 1131, 1134, 1140, 1141, 1149, 1150, 1166, 1167, 1175, 1176, 1187, 1188, 1190, 1191, 1193, 1194, 1195, 1196, 1197, 1198], "summary": {"covered_lines": 55, "num_statements": 57, "percent_covered": 96.49122807017544, "percent_covered_display": "96", "missing_lines": 2, "excluded_lines": 0, "percent_statements_covered": 96.49122807017544, "percent_statements_covered_display": "96"}, "missing_lines": [1132, 1158], "excluded_lines": [], "start_line": 1032}, "RefResolver.resolve_local": {"executed_lines": [1221, 1222, 1223, 1225, 1228, 1229, 1238, 1247, 1248, 1249, 1253, 1254, 1255, 1258, 1263, 1264, 1266, 1269, 1270, 1281, 1288, 1292, 1295, 1296, 1305, 1306, 1316, 1324, 1325, 1326, 1327, 1337, 1345, 1346, 1354, 1363, 1364, 1373, 1376, 1377, 1378, 1395, 1396, 1397, 1398, 1400, 1408, 1409, 1410, 1411, 1412, 1413, 1414, 1428, 1430, 1431, 1432, 1447, 1448, 1456, 1457, 1471, 1472, 1474, 1475, 1477, 1478, 1479, 1480, 1481, 1482], "summary": {"covered_lines": 71, "num_statements": 82, "percent_covered": 86.58536585365853, "percent_covered_display": "87", "missing_lines": 11, "excluded_lines": 0, "percent_statements_covered": 86.58536585365853, "percent_statements_covered_display": "87"}, "missing_lines": [1355, 1365, 1366, 1379, 1380, 1386, 1387, 1401, 1422, 1438, 1439], "excluded_lines": [], "start_line": 1200}, "RefResolver.resolve_external": {"executed_lines": [1506, 1507, 1508, 1510, 1512, 1515, 1519, 1521, 1522, 1523, 1526, 1538, 1554, 1565, 1566, 1575, 1583, 1584, 1586, 1587, 1589, 1595, 1596, 1602, 1608, 1609, 1611, 1620, 1633, 1634, 1635, 1638, 1639, 1640, 1641, 1644, 1645, 1648, 1651, 1652, 1660, 1662, 1664, 1665, 1667, 1676, 1690, 1691, 1693, 1695, 1696, 1697, 1698, 1707, 1719, 1720, 1721, 1722, 1723, 1729, 1730, 1731, 1733, 1734, 1735, 1736, 1737, 1743, 1744, 1745, 1747, 1748, 1749, 1750, 1751, 1757, 1771, 1773, 1774, 1775, 1776, 1777, 1778, 1779, 1780], "summary": {"covered_lines": 85, "num_statements": 92, "percent_covered": 92.3913043478261, "percent_covered_display": "92", "missing_lines": 7, "excluded_lines": 0, "percent_statements_covered": 92.3913043478261, "percent_statements_covered_display": "92"}, "missing_lines": [1758, 1759, 1761, 1762, 1763, 1764, 1765], "excluded_lines": [], "start_line": 1484}, "RefResolver.resolve": {"executed_lines": [1797, 1800, 1803, 1804, 1805, 1806, 1807, 1808, 1809, 1810, 1812], "summary": {"covered_lines": 11, "num_statements": 11, "percent_covered": 100.0, "percent_covered_display": "100", "missing_lines": 0, "excluded_lines": 0, "percent_statements_covered": 100.0, "percent_statements_covered_display": "100"}, "missing_lines": [], "excluded_lines": [], "start_line": 1782}, "RefResolver.resolve_all_refs": {"executed_lines": [1862, 1863, 1866, 1867, 1868, 1871, 1872, 1874, 1877, 1880, 1881, 1891, 1892, 1894, 1895, 1897, 1904], "summary": {"covered_lines": 17, "num_statements": 17, "percent_covered": 100.0, "percent_covered_display": "100", "missing_lines": 0, "excluded_lines": 0, "percent_statements_covered": 100.0, "percent_statements_covered_display": "100"}, "missing_lines": [], "excluded_lines": [], "start_line": 1814}, "RefResolver._resolve_refs_recursive": {"executed_lines": [1935, 1937, 1939, 1940, 1941, 1942, 1950, 1953, 1954, 1955, 1963, 1965, 1966, 1967, 1968, 1972, 1976, 1977, 1979, 1983, 1985, 1986, 1994, 1996, 1998, 2001, 2014, 2015, 2019, 2024, 2025, 2026, 2027, 2036, 2039, 2040, 2041, 2042], "summary": {"covered_lines": 38, "num_statements": 40, "percent_covered": 95.0, "percent_covered_display": "95", "missing_lines": 2, "excluded_lines": 0, "percent_statements_covered": 95.0, "percent_statements_covered_display": "95"}, "missing_lines": [1975, 2052], "excluded_lines": [], "start_line": 1906}, "RefResolver._cleanup_none_values": {"executed_lines": [2065, 2067, 2068, 2069, 2072, 2073, 2074, 2076, 2079, 2080], "summary": {"covered_lines": 10, "num_statements": 10, "percent_covered": 100.0, "percent_covered_display": "100", "missing_lines": 0, "excluded_lines": 0, "percent_statements_covered": 100.0, "percent_statements_covered_display": "100"}, "missing_lines": [], "excluded_lines": [], "start_line": 2056}, "RefResolver.remove_external_refs": {"executed_lines": [2107, 2108, 2111, 2116], "summary": {"covered_lines": 4, "num_statements": 4, "percent_covered": 100.0, "percent_covered_display": "100", "missing_lines": 0, "excluded_lines": 0, "percent_statements_covered": 100.0, "percent_statements_covered_display": "100"}, "missing_lines": [], "excluded_lines": [], "start_line": 2082}, "resolve_odps_refs": {"executed_lines": [2148, 2149, 2150, 2151, 2156, 2163], "summary": {"covered_lines": 6, "num_statements": 7, "percent_covered": 85.71428571428571, "percent_covered_display": "86", "missing_lines": 1, "excluded_lines": 0, "percent_statements_covered": 85.71428571428571, "percent_statements_covered_display": "86"}, "missing_lines": [2153], "excluded_lines": [], "start_line": 2119}, "": {"executed_lines": [16, 17, 18, 19, 20, 21, 22, 23, 24, 25, 26, 28, 29, 30, 35, 36, 37, 39, 43, 48, 49, 50, 51, 65, 66, 67, 72, 75, 76, 77, 78, 79, 80, 83, 84, 85, 86, 88, 91, 93, 94, 95, 98, 100, 101, 102, 103, 106, 123, 180, 205, 230, 291, 396, 424, 445, 519, 535, 574, 608, 643, 666, 689, 722, 815, 937, 965, 988, 1032, 1200, 1484, 1782, 1814, 1906, 2056, 2082, 2119], "summary": {"covered_lines": 77, "num_statements": 83, "percent_covered": 92.7710843373494, "percent_covered_display": "93", "missing_lines": 6, "excluded_lines": 0, "percent_statements_covered": 92.7710843373494, "percent_statements_covered_display": "93"}, "missing_lines": [31, 32, 33, 68, 69, 70], "excluded_lines": [], "start_line": 1}}, "classes": {"RefMode": {"executed_lines": [], "summary": {"covered_lines": 0, "num_statements": 0, "percent_covered": 100.0, "percent_covered_display": "100", "missing_lines": 0, "excluded_lines": 0, "percent_statements_covered": 100.0, "percent_statements_covered_display": "100"}, "missing_lines": [], "excluded_lines": [], "start_line": 91}, "ExternalRefHandling": {"executed_lines": [], "summary": {"covered_lines": 0, "num_statements": 0, "percent_covered": 100.0, "percent_covered_display": "100", "missing_lines": 0, "excluded_lines": 0, "percent_statements_covered": 100.0, "percent_statements_covered_display": "100"}, "missing_lines": [], "excluded_lines": [], "start_line": 98}, "RefResolver": {"executed_lines": [151, 152, 153, 154, 155, 156, 157, 158, 159, 160, 163, 164, 167, 170, 173, 176, 177, 178, 182, 185, 186, 187, 194, 196, 197, 203, 221, 223, 225, 228, 246, 247, 249, 251, 255, 256, 258, 260, 264, 265, 267, 269, 271, 273, 275, 276, 279, 281, 289, 307, 308, 310, 312, 313, 316, 317, 321, 324, 328, 331, 332, 333, 334, 336, 337, 339, 342, 343, 344, 345, 350, 358, 361, 362, 365, 369, 377, 384, 387, 405, 408, 409, 411, 413, 415, 431, 434, 435, 436, 451, 454, 455, 456, 458, 460, 461, 464, 471, 472, 474, 476, 479, 480, 481, 487, 488, 489, 498, 499, 500, 505, 512, 513, 521, 524, 525, 526, 527, 530, 531, 543, 546, 547, 548, 550, 551, 553, 554, 556, 557, 558, 559, 562, 567, 571, 572, 586, 589, 590, 591, 592, 595, 601, 605, 606, 617, 618, 620, 622, 626, 627, 632, 635, 636, 639, 645, 648, 649, 650, 651, 656, 657, 658, 659, 662, 668, 671, 672, 673, 674, 679, 680, 681, 682, 685, 696, 699, 700, 701, 703, 704, 706, 707, 709, 710, 711, 713, 732, 733, 735, 736, 738, 739, 742, 743, 744, 745, 748, 749, 750, 751, 752, 755, 758, 759, 760, 761, 766, 768, 769, 772, 773, 774, 775, 776, 777, 778, 779, 782, 783, 784, 785, 786, 787, 788, 790, 791, 794, 795, 796, 797, 802, 804, 832, 833, 842, 850, 851, 852, 853, 862, 870, 871, 880, 888, 889, 898, 907, 926, 927, 947, 948, 951, 952, 955, 956, 959, 960, 967, 968, 969, 971, 972, 973, 981, 998, 999, 1007, 1014, 1015, 1023, 1030, 1054, 1055, 1056, 1058, 1060, 1061, 1064, 1067, 1069, 1070, 1077, 1078, 1089, 1090, 1092, 1095, 1096, 1099, 1102, 1105, 1106, 1108, 1110, 1111, 1112, 1113, 1116, 1117, 1118, 1120, 1121, 1127, 1128, 1129, 1130, 1131, 1134, 1140, 1141, 1149, 1150, 1166, 1167, 1175, 1176, 1187, 1188, 1190, 1191, 1193, 1194, 1195, 1196, 1197, 1198, 1221, 1222, 1223, 1225, 1228, 1229, 1238, 1247, 1248, 1249, 1253, 1254, 1255, 1258, 1263, 1264, 1266, 1269, 1270, 1281, 1288, 1292, 1295, 1296, 1305, 1306, 1316, 1324, 1325, 1326, 1327, 1337, 1345, 1346, 1354, 1363, 1364, 1373, 1376, 1377, 1378, 1395, 1396, 1397, 1398, 1400, 1408, 1409, 1410, 1411, 1412, 1413, 1414, 1428, 1430, 1431, 1432, 1447, 1448, 1456, 1457, 1471, 1472, 1474, 1475, 1477, 1478, 1479, 1480, 1481, 1482, 1506, 1507, 1508, 1510, 1512, 1515, 1519, 1521, 1522, 1523, 1526, 1538, 1554, 1565, 1566, 1575, 1583, 1584, 1586, 1587, 1589, 1595, 1596, 1602, 1608, 1609, 1611, 1620, 1633, 1634, 1635, 1638, 1639, 1640, 1641, 1644, 1645, 1648, 1651, 1652, 1660, 1662, 1664, 1665, 1667, 1676, 1690, 1691, 1693, 1695, 1696, 1697, 1698, 1707, 1719, 1720, 1721, 1722, 1723, 1729, 1730, 1731, 1733, 1734, 1735, 1736, 1737, 1743, 1744, 1745, 1747, 1748, 1749, 1750, 1751, 1757, 1771, 1773, 1774, 1775, 1776, 1777, 1778, 1779, 1780, 1797, 1800, 1803, 1804, 1805, 1806, 1807, 1808, 1809, 1810, 1812, 1862, 1863, 1866, 1867, 1868, 1871, 1872, 1874, 1877, 1880, 1881, 1891, 1892, 1894, 1895, 1897, 1904, 1935, 1937, 1939, 1940, 1941, 1942, 1950, 1953, 1954, 1955, 1963, 1965, 1966, 1967, 1968, 1972, 1976, 1977, 1979, 1983, 1985, 1986, 1994, 1996, 1998, 2001, 2014, 2015, 2019, 2024, 2025, 2026, 2027, 2036, 2039, 2040, 2041, 2042, 2065, 2067, 2068, 2069, 2072, 2073, 2074, 2076, 2079, 2080, 2107, 2108, 2111, 2116], "summary": {"covered_lines": 563, "num_statements": 628, "percent_covered": 89.64968152866243, "percent_covered_display": "90", "missing_lines": 65, "excluded_lines": 0, "percent_statements_covered": 89.64968152866243, "percent_statements_covered_display": "90"}, "missing_lines": [183, 195, 282, 283, 388, 389, 406, 416, 417, 432, 437, 438, 452, 522, 532, 533, 544, 587, 623, 640, 641, 646, 652, 653, 663, 664, 669, 675, 676, 686, 687, 697, 714, 715, 720, 805, 806, 807, 813, 908, 917, 930, 963, 1132, 1158, 1355, 1365, 1366, 1379, 1380, 1386, 1387, 1401, 1422, 1438, 1439, 1758, 1759, 1761, 1762, 1763, 1764, 1765, 1975, 2052], "excluded_lines": [], "start_line": 106}, "": {"executed_lines": [16, 17, 18, 19, 20, 21, 22, 23, 24, 25, 26, 28, 29, 30, 35, 36, 37, 39, 43, 48, 49, 50, 51, 65, 66, 67, 72, 75, 76, 77, 78, 79, 80, 83, 84, 85, 86, 88, 91, 93, 94, 95, 98, 100, 101, 102, 103, 106, 123, 180, 205, 230, 291, 396, 424, 445, 519, 535, 574, 608, 643, 666, 689, 722, 815, 937, 965, 988, 1032, 1200, 1484, 1782, 1814, 1906, 2056, 2082, 2119, 2148, 2149, 2150, 2151, 2156, 2163], "summary": {"covered_lines": 83, "num_statements": 90, "percent_covered": 92.22222222222223, "percent_covered_display": "92", "missing_lines": 7, "excluded_lines": 0, "percent_statements_covered": 92.22222222222223, "percent_statements_covered_display": "92"}, "missing_lines": [31, 32, 33, 68, 69, 70, 2153], "excluded_lines": [], "start_line": 1}}}}, "totals": {"covered_lines": 1672, "num_statements": 1858, "percent_covered": 89.98923573735199, "percent_covered_display": "90", "missing_lines": 186, "excluded_lines": 0, "percent_statements_covered": 89.98923573735199, "percent_statements_covered_display": "90"}}