<?xml version="1.0" encoding="utf-8"?><testsuites name="pytest tests"><testsuite name="pytest" errors="0" failures="0" skipped="0" tests="79" time="876.737" timestamp="2026-02-26T16:53:20.243152+00:00" hostname="eaf1d674b2f8"><testcase classname="tests.integration.test_workflow_integration.WorkflowIntegrationTest" name="test_asset_list_workflow" time="557.606" /><testcase classname="tests.integration.test_workflow_integration.WorkflowIntegrationTest" name="test_contract_creation_workflow" time="0.017" /><testcase classname="tests.integration.test_email_integration.EmailIntegrationTest" name="test_email_all_types_integration" time="1.076" /><testcase classname="tests.integration.test_email_integration.EmailIntegrationTest" name="test_email_async_creates_delivery_record" time="0.126" /><testcase classname="tests.integration.test_email_integration.EmailIntegrationTest" name="test_email_async_max_retries_reached" time="0.123" /><testcase classname="tests.integration.test_email_integration.EmailIntegrationTest" name="test_email_async_retry_on_failure" time="0.379" /><testcase classname="tests.integration.test_email_integration.EmailIntegrationTest" name="test_email_delivery_tracking_integration" time="0.126" /><testcase classname="tests.integration.test_email_integration.EmailIntegrationTest" name="test_email_retry_count_tracking" time="0.125" /><testcase classname="tests.integration.test_email_integration.EmailIntegrationTest" name="test_email_service_unavailable_graceful_degradation" time="0.121" /><testcase classname="tests.integration.test_email_integration.EmailIntegrationTest" name="test_email_template_rendering_integration" time="0.124" /><testcase classname="tests.integration.test_email_integration.EmailIntegrationTest" name="test_email_tenant_user_association" time="0.125" /><testcase classname="tests.integration.test_email_integration.EmailIntegrationTest" name="test_password_reset_email_integration" time="0.126" /><testcase classname="tests.integration.test_email_integration.EmailIntegrationTest" name="test_user_invitation_email_integration" time="0.125" /><testcase classname="tests.integration.test_notification_service_comprehensive_validation.NotificationDeliveryVerificationTest" name="test_notification_delivery_job_completion" time="0.143" /><testcase classname="tests.integration.test_notification_service_comprehensive_validation.NotificationDeliveryVerificationTest" name="test_notification_delivery_job_failure" time="0.128" /><testcase classname="tests.integration.test_notification_service_comprehensive_validation.NotificationDeliveryVerificationTest" name="test_notification_delivery_odps_creation_completion" time="0.132" /><testcase classname="tests.integration.test_notification_service_comprehensive_validation.NotificationDeliveryVerificationTest" name="test_notification_delivery_odps_linking_status" time="0.130" /><testcase classname="tests.integration.test_notification_service_comprehensive_validation.NotificationDeliveryVerificationTest" name="test_notification_delivery_odps_normalization_failure" time="0.128" /><testcase classname="tests.integration.test_notification_service_comprehensive_validation.NotificationTemplateTest" name="test_notification_template_error_handling" time="0.129" /><testcase classname="tests.integration.test_notification_service_comprehensive_validation.NotificationTemplateTest" name="test_notification_template_localization" time="1.244" /><testcase classname="tests.integration.test_notification_service_comprehensive_validation.NotificationTemplateTest" name="test_notification_template_personalization" time="0.238" /><testcase classname="tests.integration.test_notification_service_comprehensive_validation.NotificationTemplateTest" name="test_notification_template_rendering" time="0.122" /><testcase classname="tests.integration.test_notification_service_comprehensive_validation.NotificationTemplateTest" name="test_notification_template_validation" time="2.548" /><testcase classname="tests.integration.test_notification_service_comprehensive_validation.NotificationChannelTest" name="test_email_notification_delivery" time="0.137" /><testcase classname="tests.integration.test_notification_service_comprehensive_validation.NotificationChannelTest" name="test_notification_channel_failure_handling" time="0.127" /><testcase classname="tests.integration.test_notification_service_comprehensive_validation.NotificationFailureHandlingTest" name="test_notification_delivery_dead_letter_queue" time="0.135" /><testcase classname="tests.integration.test_notification_service_comprehensive_validation.NotificationFailureHandlingTest" name="test_notification_delivery_failure_alerts" time="0.125" /><testcase classname="tests.integration.test_notification_service_comprehensive_validation.NotificationFailureHandlingTest" name="test_notification_delivery_failure_tracking" time="0.125" /><testcase classname="tests.integration.test_notification_service_comprehensive_validation.NotificationFailureHandlingTest" name="test_notification_delivery_retry_logic" time="0.121" /><testcase classname="tests.integration.test_scheduled_export_apis_comprehensive.ScheduledExportAPIsComprehensiveTest" name="test_create_scheduled_export_success" time="46.320" /><testcase classname="tests.integration.test_scheduled_export_apis_comprehensive.ScheduledExportAPIsComprehensiveTest" name="test_get_export_run_detail" time="43.294" /><testcase classname="tests.integration.test_scheduled_export_apis_comprehensive.ScheduledExportAPIsComprehensiveTest" name="test_get_scheduled_export_detail" time="30.688" /><testcase classname="tests.integration.test_scheduled_export_apis_comprehensive.ScheduledExportAPIsComprehensiveTest" name="test_list_export_runs" time="41.435" /><testcase classname="tests.integration.test_scheduled_export_apis_comprehensive.ScheduledExportAPIsComprehensiveTest" name="test_list_scheduled_exports" time="45.656" /><testcase classname="tests.integration.test_scheduled_export_apis_comprehensive.ScheduledExportAPIsComprehensiveTest" name="test_list_scheduled_exports_filter_by_status" time="7.619" /><testcase classname="tests.integration.test_scheduled_export_apis_comprehensive.ScheduledExportAPIsComprehensiveTest" name="test_manual_trigger_scheduled_export" time="15.728" /><testcase classname="tests.integration.test_scheduled_export_apis_comprehensive.ScheduledExportAPIsComprehensiveTest" name="test_plan_limit_enforcement_max_exports" time="36.891" /><testcase classname="tests.integration.test_scheduled_export_apis_comprehensive.ScheduledExportAPIsComprehensiveTest" name="test_scheduled_export_tenant_isolation" time="24.957" /><testcase classname="tests.integration.test_scheduled_export_apis_comprehensive.ScheduledExportAPIsComprehensiveTest" name="test_update_scheduled_export" time="17.986" /><testcase classname="tests.integration.test_webhook_payloads_and_events_search.TestWebhookPayloadsAndEventsSearch" name="test_report_exists" time="0.001" /><testcase classname="tests.integration.test_webhook_payloads_and_events_search.TestWebhookPayloadsAndEventsSearch" name="test_report_structure" time="0.001" /><testcase classname="tests.integration.test_webhook_payloads_and_events_search.TestWebhookPayloadsAndEventsSearch" name="test_summary_fields" time="0.001" /><testcase classname="tests.integration.test_webhook_payloads_and_events_search.TestWebhookPayloadsAndEventsSearch" name="test_endpoint_references_found" time="0.001" /><testcase classname="tests.integration.test_webhook_payloads_and_events_search.TestWebhookPayloadsAndEventsSearch" name="test_payload_structures_found" time="0.001" /><testcase classname="tests.integration.test_webhook_payloads_and_events_search.TestWebhookPayloadsAndEventsSearch" name="test_subscription_configs_found" time="0.001" /><testcase classname="tests.integration.test_webhook_payloads_and_events_search.TestWebhookPayloadsAndEventsSearch" name="test_event_types_found" time="0.001" /><testcase classname="tests.integration.test_webhook_payloads_and_events_search.TestWebhookPayloadsAndEventsSearch" name="test_endpoint_reference_structure" time="0.001" /><testcase classname="tests.integration.test_webhook_payloads_and_events_search.TestWebhookPayloadsAndEventsSearch" name="test_payload_structure_fields" time="0.001" /><testcase classname="tests.integration.test_webhook_payloads_and_events_search.TestWebhookPayloadsAndEventsSearch" name="test_subscription_config_structure" time="0.001" /><testcase classname="tests.integration.test_webhook_payloads_and_events_search.TestWebhookPayloadsAndEventsSearch" name="test_webhook_endpoints_found" time="0.001" /><testcase classname="tests.integration.test_webhook_payloads_and_events_search.TestWebhookPayloadsAndEventsSearch" name="test_valid_event_types" time="0.001" /><testcase classname="tests.integration.test_webhook_payloads_and_events_search.TestWebhookPayloadsAndEventsSearch" name="test_odps_event_types_found" time="0.001" /><testcase classname="tests.integration.test_webhook_payloads_and_events_search.TestWebhookPayloadsAndEventsSearch" name="test_payload_fields_completeness" time="0.001" /><testcase classname="tests.integration.test_webhook_payloads_and_events_search.TestWebhookPayloadsAndEventsSearch" name="test_subscription_event_types_valid" time="0.001" /><testcase classname="tests.integration.test_webhook_payloads_and_events_search.TestWebhookPayloadsAndEventsSearch" name="test_endpoint_references_diversity" time="0.012" /><testcase classname="tests.integration.test_webhook_payloads_and_events_search.TestWebhookPayloadsAndEventsSearch" name="test_file_paths_valid" time="0.001" /><testcase classname="tests.integration.test_webhook_payloads_and_events_search.TestWebhookPayloadsAndEventsSearch" name="test_line_numbers_valid" time="0.001" /><testcase classname="tests.integration.test_webhook_payloads_and_events_search.TestWebhookPayloadsAndEventsSearch" name="test_comprehensive_coverage" time="0.001" /><testcase classname="tests.integration.test_webhook_payloads_and_events_search.TestWebhookPayloadsAndEventsSearch" name="test_webhook_service_references" time="0.001" /><testcase classname="tests.integration.test_inter_service_communication_search.TestInterServiceCommunicationSearch" name="test_report_exists" time="0.001" /><testcase classname="tests.integration.test_inter_service_communication_search.TestInterServiceCommunicationSearch" name="test_report_structure" time="0.002" /><testcase classname="tests.integration.test_inter_service_communication_search.TestInterServiceCommunicationSearch" name="test_summary_fields" time="0.002" /><testcase classname="tests.integration.test_inter_service_communication_search.TestInterServiceCommunicationSearch" name="test_service_calls_found" time="0.002" /><testcase classname="tests.integration.test_inter_service_communication_search.TestInterServiceCommunicationSearch" name="test_dependencies_mapped" time="0.002" /><testcase classname="tests.integration.test_inter_service_communication_search.TestInterServiceCommunicationSearch" name="test_service_call_structure" time="0.002" /><testcase classname="tests.integration.test_inter_service_communication_search.TestInterServiceCommunicationSearch" name="test_api_to_external_calls_found" time="0.002" /><testcase classname="tests.integration.test_inter_service_communication_search.TestInterServiceCommunicationSearch" name="test_external_to_api_calls_found" time="0.002" /><testcase classname="tests.integration.test_inter_service_communication_search.TestInterServiceCommunicationSearch" name="test_services_involved" time="0.002" /><testcase classname="tests.integration.test_inter_service_communication_search.TestInterServiceCommunicationSearch" name="test_dependency_structure" time="0.002" /><testcase classname="tests.integration.test_inter_service_communication_search.TestInterServiceCommunicationSearch" name="test_api_service_dependencies" time="0.002" /><testcase classname="tests.integration.test_inter_service_communication_search.TestInterServiceCommunicationSearch" name="test_worker_service_dependencies" time="0.002" /><testcase classname="tests.integration.test_inter_service_communication_search.TestInterServiceCommunicationSearch" name="test_service_client_types" time="0.002" /><testcase classname="tests.integration.test_inter_service_communication_search.TestInterServiceCommunicationSearch" name="test_endpoint_diversity" time="0.002" /><testcase classname="tests.integration.test_inter_service_communication_search.TestInterServiceCommunicationSearch" name="test_file_paths_valid" time="0.002" /><testcase classname="tests.integration.test_inter_service_communication_search.TestInterServiceCommunicationSearch" name="test_line_numbers_valid" time="0.002" /><testcase classname="tests.integration.test_inter_service_communication_search.TestInterServiceCommunicationSearch" name="test_comprehensive_coverage" time="0.002" /><testcase classname="tests.integration.test_inter_service_communication_search.TestInterServiceCommunicationSearch" name="test_dependency_call_counts" time="0.002" /><testcase classname="tests.integration.test_inter_service_communication_search.TestInterServiceCommunicationSearch" name="test_service_communication_patterns" time="0.002" /><testcase classname="tests.integration.test_inter_service_communication_search.TestInterServiceCommunicationSearch" name="test_external_service_communication" time="0.003" /></testsuite></testsuites>