<?xml version="1.0" encoding="utf-8"?><testsuites name="pytest tests"><testsuite name="pytest" errors="0" failures="0" skipped="0" tests="14" time="205.361" timestamp="2026-02-24T21:08:53.523491+00:00" hostname="1bf26ce1c465"><testcase classname="tests.performance.test_webhooks_performance.WebhooksAPIPerformanceTest" name="test_webhooks_list_p95_latency" time="190.836" /><testcase classname="tests.performance.test_social_performance.SocialAPIPerformanceTest" name="test_social_communities_list_p95_latency" time="0.347" /><testcase classname="tests.performance.test_otel_metrics_performance.MetricsOverheadPerformanceTest" name="test_metric_recording_overhead" time="0.172" /><testcase classname="tests.performance.test_otel_metrics_performance.MetricsOverheadPerformanceTest" name="test_metrics_collection_overhead" time="0.267" /><testcase classname="tests.performance.test_otel_metrics_performance.MetricsOverheadPerformanceTest" name="test_metrics_collection_under_load" time="0.171" /><testcase classname="tests.performance.test_otel_metrics_performance.MetricsOverheadPerformanceTest" name="test_metrics_endpoint_performance" time="0.181" /><testcase classname="tests.performance.test_otel_metrics_performance.MetricsOverheadPerformanceTest" name="test_metrics_endpoint_under_load" time="0.372" /><testcase classname="tests.performance.test_otel_metrics_performance.MetricsMemoryPerformanceTest" name="test_metrics_memory_usage" time="0.310" /><testcase classname="tests.performance.test_otel_metrics_performance.MetricsMemoryPerformanceTest" name="test_metrics_no_memory_leak" time="1.211" /><testcase classname="tests.performance.test_scheduled_export_performance.ScheduledExportPerformanceTest" name="test_concurrent_export_creation" time="1.688" /><testcase classname="tests.performance.test_scheduled_export_performance.ScheduledExportPerformanceTest" name="test_export_run_creation_performance" time="1.657" /><testcase classname="tests.performance.test_scheduled_export_performance.ScheduledExportPerformanceTest" name="test_export_run_listing_performance" time="5.112" /><testcase classname="tests.performance.test_scheduled_export_performance.ScheduledExportPerformanceTest" name="test_export_run_status_update_performance" time="0.672" /><testcase classname="tests.performance.test_scheduled_export_performance.ScheduledExportPerformanceTest" name="test_large_export_source_scope_performance" time="1.339" /></testsuite></testsuites>