<?xml version="1.0" encoding="utf-8"?><testsuites name="pytest tests"><testsuite name="pytest" errors="0" failures="0" skipped="0" tests="31" time="742.510" timestamp="2026-03-01T11:23:33.069726+00:00" hostname="142afbb87ebc"><testcase classname="test_data_first_flow.DataFirstE2ETest" name="test_complete_data_first_journey" time="154.766" /><testcase classname="test_data_first_comprehensive.DataFirstFlowSuccessTests" name="test_complete_data_first_journey_happy_path" time="277.110" /><testcase classname="test_data_first_comprehensive.DataFirstFlowSuccessTests" name="test_data_first_with_json_file" time="1.374" /><testcase classname="test_data_first_comprehensive.DataFirstFlowSuccessTests" name="test_data_first_with_parquet_file" time="4.239" /><testcase classname="test_data_first_comprehensive.DataFirstFlowFailureTests" name="test_compliance_failure_blocks_storage" time="1.199" /><testcase classname="test_data_first_comprehensive.DataFirstFlowFailureTests" name="test_contract_validation_failure_blocks_activation" time="9.925" /><testcase classname="test_data_first_comprehensive.DataFirstFlowFailureTests" name="test_dq_failure_blocks_activation" time="1.243" /><testcase classname="test_data_first_comprehensive.DataFirstFlowEdgeCasesTests" name="test_concurrent_file_uploads" time="1.428" /><testcase classname="test_data_first_comprehensive.DataFirstFlowEdgeCasesTests" name="test_empty_file_handling" time="0.364" /><testcase classname="test_data_first_comprehensive.DataFirstFlowEdgeCasesTests" name="test_malformed_csv_handling" time="0.366" /><testcase classname="test_data_first_comprehensive.DataFirstFlowEdgeCasesTests" name="test_unsupported_file_format" time="0.774" /><testcase classname="test_data_first_comprehensive.DataFirstFlowEdgeCasesTests" name="test_very_large_file_handling" time="0.172" /><testcase classname="test_data_first_comprehensive.DataFirstFlowErrorHandlingTests" name="test_compliance_service_timeout" time="155.521" /><testcase classname="test_data_first_comprehensive.DataFirstFlowErrorHandlingTests" name="test_contract_validation_timeout" time="0.520" /><testcase classname="test_data_first_comprehensive.DataFirstFlowErrorHandlingTests" name="test_dq_service_unavailable" time="60.585" /><testcase classname="test_data_first_comprehensive.DataFirstFlowErrorHandlingTests" name="test_retry_after_service_failure" time="62.432" /><testcase classname="test_data_first_comprehensive.DataFirstFlowSchemaInferenceTests" name="test_schema_inference_with_missing_values" time="2.193" /><testcase classname="test_data_first_comprehensive.DataFirstFlowSchemaInferenceTests" name="test_schema_inference_with_mixed_types" time="1.099" /><testcase classname="test_data_first_comprehensive.DataFirstFlowSchemaInferenceTests" name="test_schema_inference_with_nested_json" time="0.703" /><testcase classname="test_business_rules_validation_real_scenarios_e2e.TestServiceSpecificBusinessRulesInWorkflowContextE2E" name="test_contracts_business_rules_creation_validation_surfaces_in_workflow" time="0.263" /><testcase classname="test_business_rules_validation_real_scenarios_e2e.TestServiceSpecificBusinessRulesInWorkflowContextE2E" name="test_odps_business_rules_document_structure_validation_surfaces_in_workflow" time="0.187" /><testcase classname="test_business_rules_validation_real_scenarios_e2e.TestServiceSpecificBusinessRulesInWorkflowContextE2E" name="test_odps_business_rules_version_validation_surfaces_in_workflow" time="0.184" /><testcase classname="test_business_rules_validation_real_scenarios_e2e.TestServiceSpecificBusinessRulesInWorkflowContextE2E" name="test_odps_contract_validation_surfaces_via_schema_validation_in_workflow" time="0.594" /><testcase classname="test_business_rules_validation_real_scenarios_e2e.TestOrchestrationBusinessRulesInWorkflowContextE2E" name="test_validate_step_input_structure_and_json_serializability" time="0.159" /><testcase classname="test_business_rules_validation_real_scenarios_e2e.TestOrchestrationBusinessRulesInWorkflowContextE2E" name="test_validate_step_output_structure_and_json_serializability" time="0.137" /><testcase classname="test_business_rules_validation_real_scenarios_e2e.TestOrchestrationBusinessRulesInWorkflowContextE2E" name="test_validate_workflow_state_detects_inconsistent_state_and_transition_bounds" time="0.146" /><testcase classname="test_business_rules_validation_real_scenarios_e2e.TestOrchestrationBusinessRulesInWorkflowContextE2E" name="test_validate_workflow_step_execution_blocks_when_workflow_not_running" time="0.144" /><testcase classname="test_business_rules_validation_real_scenarios_e2e.TestOrchestrationBusinessRulesInWorkflowContextE2E" name="test_validate_workflow_step_execution_detects_tenant_context_mismatch" time="0.144" /><testcase classname="test_business_rules_validation_real_scenarios_e2e.TestBusinessRulesErrorPropagationWarningsEventsAndCachingE2E" name="test_validation_errors_propagate_to_workflowexecutionerror_with_context" time="0.192" /><testcase classname="test_business_rules_validation_real_scenarios_e2e.TestBusinessRulesErrorPropagationWarningsEventsAndCachingE2E" name="test_validation_results_cached_per_workflow_instance_invalidation_and_ttl_and_metrics" time="1.362" /><testcase classname="test_business_rules_validation_real_scenarios_e2e.TestBusinessRulesErrorPropagationWarningsEventsAndCachingE2E" name="test_validation_warnings_are_logged_persisted_and_emitted_in_events" time="2.049" /></testsuite></testsuites>