<?xml version="1.0" encoding="utf-8"?><testsuites name="pytest tests"><testsuite name="pytest" errors="0" failures="10" skipped="0" tests="161" time="821.849" timestamp="2026-02-24T13:06:12.809406+00:00" hostname="9ae2b4337a08"><testcase classname="tests.integration.test_job_apis_comprehensive.TestJobListAPI" name="test_list_jobs_invalid_ordering" time="729.319" /><testcase classname="tests.integration.test_job_apis_comprehensive.TestJobListAPI" name="test_list_jobs_invalid_status_filter" time="0.125" /><testcase classname="tests.integration.test_job_apis_comprehensive.TestJobListAPI" name="test_list_jobs_invalid_type_filter" time="0.125" /><testcase classname="tests.integration.test_job_apis_comprehensive.TestJobListAPI" name="test_list_jobs_performance_p95" time="0.418" /><testcase classname="tests.integration.test_job_apis_comprehensive.TestJobListAPI" name="test_list_jobs_success_empty" time="0.127" /><testcase classname="tests.integration.test_job_apis_comprehensive.TestJobListAPI" name="test_list_jobs_success_filter_by_status" time="0.132" /><testcase classname="tests.integration.test_job_apis_comprehensive.TestJobListAPI" name="test_list_jobs_success_filter_by_status_and_type" time="0.134" /><testcase classname="tests.integration.test_job_apis_comprehensive.TestJobListAPI" name="test_list_jobs_success_filter_by_type" time="0.155" /><testcase classname="tests.integration.test_job_apis_comprehensive.TestJobListAPI" name="test_list_jobs_success_multiple_jobs" time="0.137" /><testcase classname="tests.integration.test_job_apis_comprehensive.TestJobListAPI" name="test_list_jobs_success_ordering_by_created_at_asc" time="0.140" /><testcase classname="tests.integration.test_job_apis_comprehensive.TestJobListAPI" name="test_list_jobs_success_ordering_by_created_at_desc" time="0.152" /><testcase classname="tests.integration.test_job_apis_comprehensive.TestJobListAPI" name="test_list_jobs_success_pagination" time="0.167" /><testcase classname="tests.integration.test_job_apis_comprehensive.TestJobListAPI" name="test_list_jobs_success_single_job" time="0.130" /><testcase classname="tests.integration.test_job_apis_comprehensive.TestJobListAPI" name="test_list_jobs_tenant_isolation" time="0.132" /><testcase classname="tests.integration.test_job_apis_comprehensive.TestJobListAPI" name="test_list_jobs_unauthorized" time="0.157" /><testcase classname="tests.integration.test_job_apis_comprehensive.TestJobListAPI" name="test_list_jobs_user_without_tenant" time="0.244" /><testcase classname="tests.integration.test_job_apis_comprehensive.TestJobRetrieveAPI" name="test_retrieve_job_not_found" time="0.170" /><testcase classname="tests.integration.test_job_apis_comprehensive.TestJobRetrieveAPI" name="test_retrieve_job_performance_p95" time="0.258" /><testcase classname="tests.integration.test_job_apis_comprehensive.TestJobRetrieveAPI" name="test_retrieve_job_success_completed" time="0.146" /><testcase classname="tests.integration.test_job_apis_comprehensive.TestJobRetrieveAPI" name="test_retrieve_job_success_failed" time="0.132" /><testcase classname="tests.integration.test_job_apis_comprehensive.TestJobRetrieveAPI" name="test_retrieve_job_success_pending" time="0.144" /><testcase classname="tests.integration.test_job_apis_comprehensive.TestJobRetrieveAPI" name="test_retrieve_job_success_running" time="0.130" /><testcase classname="tests.integration.test_job_apis_comprehensive.TestJobRetrieveAPI" name="test_retrieve_job_success_with_progress" time="0.146" /><testcase classname="tests.integration.test_job_apis_comprehensive.TestJobRetrieveAPI" name="test_retrieve_job_success_with_result" time="0.132" /><testcase classname="tests.integration.test_job_apis_comprehensive.TestJobRetrieveAPI" name="test_retrieve_job_tenant_isolation" time="0.149" /><testcase classname="tests.integration.test_job_apis_comprehensive.TestJobRetrieveAPI" name="test_retrieve_job_unauthorized" time="0.132" /><testcase classname="tests.integration.test_job_apis_comprehensive.TestJobCancelAPI" name="test_cancel_job_error_already_cancelled" time="0.154"><failure message="AssertionError: 403 != 400">tests/integration/test_job_apis_comprehensive.py:752: in test_cancel_job_error_already_cancelled
    self.assertEqual(response.status_code, status.HTTP_400_BAD_REQUEST)
E   AssertionError: 403 != 400</failure></testcase><testcase classname="tests.integration.test_job_apis_comprehensive.TestJobCancelAPI" name="test_cancel_job_error_already_completed" time="0.129"><failure message="AssertionError: 403 != 400">tests/integration/test_job_apis_comprehensive.py:714: in test_cancel_job_error_already_completed
    self.assertEqual(response.status_code, status.HTTP_400_BAD_REQUEST)
E   AssertionError: 403 != 400</failure></testcase><testcase classname="tests.integration.test_job_apis_comprehensive.TestJobCancelAPI" name="test_cancel_job_error_already_failed" time="0.141"><failure message="AssertionError: 403 != 400">tests/integration/test_job_apis_comprehensive.py:733: in test_cancel_job_error_already_failed
    self.assertEqual(response.status_code, status.HTTP_400_BAD_REQUEST)
E   AssertionError: 403 != 400</failure></testcase><testcase classname="tests.integration.test_job_apis_comprehensive.TestJobCancelAPI" name="test_cancel_job_error_not_found" time="0.124"><failure message="AssertionError: 403 != 404">tests/integration/test_job_apis_comprehensive.py:760: in test_cancel_job_error_not_found
    self.assertEqual(response.status_code, status.HTTP_404_NOT_FOUND)
E   AssertionError: 403 != 404</failure></testcase><testcase classname="tests.integration.test_job_apis_comprehensive.TestJobCancelAPI" name="test_cancel_job_integration_audit_logging" time="0.141"><failure message="AssertionError: 403 != 200">tests/integration/test_job_apis_comprehensive.py:818: in test_cancel_job_integration_audit_logging
    self.assertEqual(response.status_code, status.HTTP_200_OK)
E   AssertionError: 403 != 200</failure></testcase><testcase classname="tests.integration.test_job_apis_comprehensive.TestJobCancelAPI" name="test_cancel_job_success_pending" time="0.125"><failure message="AssertionError: 403 != 200">tests/integration/test_job_apis_comprehensive.py:674: in test_cancel_job_success_pending
    self.assertEqual(response.status_code, status.HTTP_200_OK)
E   AssertionError: 403 != 200</failure></testcase><testcase classname="tests.integration.test_job_apis_comprehensive.TestJobCancelAPI" name="test_cancel_job_success_running" time="0.138"><failure message="AssertionError: 403 != 200">tests/integration/test_job_apis_comprehensive.py:694: in test_cancel_job_success_running
    self.assertEqual(response.status_code, status.HTTP_200_OK)
E   AssertionError: 403 != 200</failure></testcase><testcase classname="tests.integration.test_job_apis_comprehensive.TestJobCancelAPI" name="test_cancel_job_tenant_isolation" time="0.127"><failure message="AssertionError: 403 != 404">tests/integration/test_job_apis_comprehensive.py:781: in test_cancel_job_tenant_isolation
    self.assertEqual(response.status_code, status.HTTP_404_NOT_FOUND)
E   AssertionError: 403 != 404</failure></testcase><testcase classname="tests.integration.test_job_apis_comprehensive.TestJobCancelAPI" name="test_cancel_job_unauthorized" time="0.141" /><testcase classname="tests.integration.test_worker_service.WorkerServiceIntegrationTest" name="test_concurrency_limit_enforcement_at_job_creation" time="0.545" /><testcase classname="tests.integration.test_worker_service.WorkerServiceIntegrationTest" name="test_concurrency_limit_slot_release_on_completion" time="0.147" /><testcase classname="tests.integration.test_worker_service.WorkerServiceIntegrationTest" name="test_concurrency_limit_slot_release_on_failure" time="0.130" /><testcase classname="tests.integration.test_worker_service.WorkerServiceIntegrationTest" name="test_concurrency_limit_tenant_isolation" time="0.142" /><testcase classname="tests.integration.test_worker_service.WorkerServiceIntegrationTest" name="test_job_counter_integration" time="0.124" /><testcase classname="tests.integration.test_worker_service.WorkerServiceIntegrationTest" name="test_job_creation_and_enqueue" time="0.177" /><testcase classname="tests.integration.test_worker_service.WorkerServiceIntegrationTest" name="test_job_creation_with_queued_limits" time="0.128" /><testcase classname="tests.integration.test_worker_service.WorkerServiceIntegrationTest" name="test_job_creation_with_tenant_limits" time="0.136" /><testcase classname="tests.integration.test_worker_service.WorkerServiceIntegrationTest" name="test_job_status_lifecycle" time="0.123" /><testcase classname="tests.integration.test_worker_service.WorkerServiceIntegrationTest" name="test_job_status_lifecycle_failure" time="0.137" /><testcase classname="tests.integration.test_worker_service.WorkerServiceIntegrationTest" name="test_priority_queue_job_selection" time="0.127" /><testcase classname="tests.integration.test_worker_service.WorkerServiceIntegrationTest" name="test_priority_queue_processing_order" time="0.139" /><testcase classname="tests.integration.test_worker_service.WorkerServiceIntegrationTest" name="test_priority_queue_reserved_slots" time="0.412" /><testcase classname="tests.integration.test_worker_service.WorkerServiceIntegrationTest" name="test_queue_integration_with_job_creation" time="0.141" /><testcase classname="tests.integration.test_worker_service.WorkerServiceIntegrationTest" name="test_queue_selection_integration" time="0.121" /><testcase classname="tests.integration.test_job_lifecycle_state_management_validation.JobStatusTrackingTest" name="test_job_cancellation_status" time="0.151" /><testcase classname="tests.integration.test_job_lifecycle_state_management_validation.JobStatusTrackingTest" name="test_job_status_history" time="0.127" /><testcase classname="tests.integration.test_job_lifecycle_state_management_validation.JobStatusTrackingTest" name="test_job_status_persistence" time="0.139" /><testcase classname="tests.integration.test_job_lifecycle_state_management_validation.JobStatusTrackingTest" name="test_job_status_querying" time="0.134" /><testcase classname="tests.integration.test_job_lifecycle_state_management_validation.JobStatusTrackingTest" name="test_job_status_transitions_pending_to_running_to_completed" time="0.142" /><testcase classname="tests.integration.test_job_lifecycle_state_management_validation.JobStatusTrackingTest" name="test_job_status_transitions_pending_to_running_to_failed" time="0.132" /><testcase classname="tests.integration.test_job_lifecycle_state_management_validation.JobCancellationTest" name="test_job_cancellation_before_execution" time="0.149" /><testcase classname="tests.integration.test_job_lifecycle_state_management_validation.JobCancellationTest" name="test_job_cancellation_cleanup" time="0.127" /><testcase classname="tests.integration.test_job_lifecycle_state_management_validation.JobCancellationTest" name="test_job_cancellation_compensation_logic" time="0.142" /><testcase classname="tests.integration.test_job_lifecycle_state_management_validation.JobCancellationTest" name="test_job_cancellation_during_execution" time="0.129" /><testcase classname="tests.integration.test_job_lifecycle_state_management_validation.JobCancellationTest" name="test_job_cancellation_event_publishing" time="0.140" /><testcase classname="tests.integration.test_job_lifecycle_state_management_validation.JobTimeoutHandlingTest" name="test_job_timeout_cleanup" time="0.143" /><testcase classname="tests.integration.test_job_lifecycle_state_management_validation.JobTimeoutHandlingTest" name="test_job_timeout_compensation" time="0.145" /><testcase classname="tests.integration.test_job_lifecycle_state_management_validation.JobTimeoutHandlingTest" name="test_job_timeout_enforcement_per_job_type" time="0.415" /><testcase classname="tests.integration.test_job_lifecycle_state_management_validation.JobTimeoutHandlingTest" name="test_job_timeout_event_publishing" time="0.146" /><testcase classname="tests.integration.test_job_lifecycle_state_management_validation.JobTimeoutHandlingTest" name="test_job_timeout_retry_logic" time="0.130" /><testcase classname="tests.integration.test_job_lifecycle_state_management_validation.JobRetryLogicTest" name="test_exponential_backoff_per_job_type" time="0.150" /><testcase classname="tests.integration.test_job_lifecycle_state_management_validation.JobRetryLogicTest" name="test_max_retry_enforcement" time="0.129" /><testcase classname="tests.integration.test_job_lifecycle_state_management_validation.JobRetryLogicTest" name="test_retry_count_tracking" time="0.138" /><testcase classname="tests.integration.test_job_lifecycle_state_management_validation.JobRetryLogicTest" name="test_retry_delay_calculation" time="0.122" /><testcase classname="tests.integration.test_job_lifecycle_state_management_validation.JobRetryLogicTest" name="test_retry_failure_handling" time="0.139" /><testcase classname="tests.integration.test_job_lifecycle_state_management_validation.JobResultStorageTest" name="test_job_result_expiration" time="0.139" /><testcase classname="tests.integration.test_job_lifecycle_state_management_validation.JobResultStorageTest" name="test_job_result_persistence" time="0.143" /><testcase classname="tests.integration.test_job_lifecycle_state_management_validation.JobResultStorageTest" name="test_job_result_retrieval" time="0.128" /><testcase classname="tests.integration.test_job_lifecycle_state_management_validation.JobResultStorageTest" name="test_job_result_security_tenant_isolation" time="0.266" /><testcase classname="tests.integration.test_job_lifecycle_state_management_validation.JobResultStorageTest" name="test_job_result_size_limits" time="0.158" /><testcase classname="tests.integration.test_job_lifecycle_state_management_validation.JobProgressTrackingTest" name="test_job_progress_accuracy_verification" time="0.144" /><testcase classname="tests.integration.test_job_lifecycle_state_management_validation.JobProgressTrackingTest" name="test_job_progress_event_publishing" time="0.141" /><testcase classname="tests.integration.test_job_lifecycle_state_management_validation.JobProgressTrackingTest" name="test_job_progress_percentage_calculation" time="0.126" /><testcase classname="tests.integration.test_job_lifecycle_state_management_validation.JobProgressTrackingTest" name="test_job_progress_persistence" time="0.141" /><testcase classname="tests.integration.test_job_lifecycle_state_management_validation.JobProgressTrackingTest" name="test_job_progress_websocket_updates" time="0.128" /><testcase classname="tests.integration.test_job_monitoring_observability_validation.JobMetricsCollectionTest" name="test_job_error_metrics" time="0.680" /><testcase classname="tests.integration.test_job_monitoring_observability_validation.JobMetricsCollectionTest" name="test_job_execution_metrics_count" time="0.652" /><testcase classname="tests.integration.test_job_monitoring_observability_validation.JobMetricsCollectionTest" name="test_job_performance_metrics_percentiles" time="15.294" /><testcase classname="tests.integration.test_job_monitoring_observability_validation.JobMetricsCollectionTest" name="test_job_queue_metrics" time="0.419" /><testcase classname="tests.integration.test_job_monitoring_observability_validation.JobMetricsCollectionTest" name="test_metrics_aggregation_and_reporting" time="1.126" /><testcase classname="tests.integration.test_job_monitoring_observability_validation.JobPerformanceMonitoringTest" name="test_job_bottleneck_identification" time="19.975" /><testcase classname="tests.integration.test_job_monitoring_observability_validation.JobPerformanceMonitoringTest" name="test_job_execution_time_tracking" time="8.954" /><testcase classname="tests.integration.test_job_monitoring_observability_validation.JobPerformanceMonitoringTest" name="test_job_performance_regression_detection" time="12.767" /><testcase classname="tests.integration.test_job_monitoring_observability_validation.JobPerformanceMonitoringTest" name="test_job_resource_usage" time="0.949" /><testcase classname="tests.integration.test_job_monitoring_observability_validation.JobPerformanceMonitoringTest" name="test_job_throughput_monitoring" time="1.164" /><testcase classname="tests.integration.test_job_monitoring_observability_validation.JobFailureTrackingTest" name="test_job_failure_alerting" time="0.588" /><testcase classname="tests.integration.test_job_monitoring_observability_validation.JobFailureTrackingTest" name="test_job_failure_pattern_analysis" time="4.065" /><testcase classname="tests.integration.test_job_monitoring_observability_validation.JobFailureTrackingTest" name="test_job_failure_rate_monitoring" time="2.369" /><testcase classname="tests.integration.test_job_monitoring_observability_validation.JobFailureTrackingTest" name="test_job_failure_reason_tracking" time="0.645" /><testcase classname="tests.integration.test_job_monitoring_observability_validation.JobFailureTrackingTest" name="test_job_failure_recovery_tracking" time="0.343" /><testcase classname="tests.integration.test_job_monitoring_observability_validation.JobQueueMetricsTest" name="test_queue_backlog_tracking" time="0.153" /><testcase classname="tests.integration.test_job_monitoring_observability_validation.JobQueueMetricsTest" name="test_queue_depth_monitoring" time="0.151" /><testcase classname="tests.integration.test_job_monitoring_observability_validation.JobQueueMetricsTest" name="test_queue_health_monitoring" time="0.127" /><testcase classname="tests.integration.test_job_monitoring_observability_validation.JobQueueMetricsTest" name="test_queue_processing_rate" time="0.679" /><testcase classname="tests.integration.test_job_monitoring_observability_validation.JobQueueMetricsTest" name="test_queue_worker_utilization" time="0.648" /><testcase classname="tests.integration.test_job_monitoring_observability_validation.JobWorkerHealthMonitoringTest" name="test_worker_failure_detection" time="0.150" /><testcase classname="tests.integration.test_job_monitoring_observability_validation.JobWorkerHealthMonitoringTest" name="test_worker_health_checks" time="0.330" /><testcase classname="tests.integration.test_job_monitoring_observability_validation.JobWorkerHealthMonitoringTest" name="test_worker_heartbeat_monitoring" time="0.238" /><testcase classname="tests.integration.test_job_monitoring_observability_validation.JobWorkerHealthMonitoringTest" name="test_worker_performance_monitoring" time="0.983" /><testcase classname="tests.integration.test_job_monitoring_observability_validation.JobWorkerHealthMonitoringTest" name="test_worker_recovery_tracking" time="0.138" /><testcase classname="tests.integration.test_job_queue_dashboards.JobQueueDashboardsTest" name="test_dashboards_panel_grid_positions" time="0.006" /><testcase classname="tests.integration.test_job_queue_dashboards.JobQueueDashboardsTest" name="test_dashboards_prometheus_query_syntax" time="0.001" /><testcase classname="tests.integration.test_job_queue_dashboards.JobQueueDashboardsTest" name="test_job_worker_health_dashboard_exists" time="0.001" /><testcase classname="tests.integration.test_job_queue_dashboards.JobQueueDashboardsTest" name="test_odps_dashboard_filters_odps_jobs" time="0.001" /><testcase classname="tests.integration.test_job_queue_dashboards.JobQueueDashboardsTest" name="test_odps_dashboard_panels_exist" time="0.001" /><testcase classname="tests.integration.test_job_queue_dashboards.JobQueueDashboardsTest" name="test_odps_dashboard_queries_use_correct_metrics" time="0.001" /><testcase classname="tests.integration.test_job_queue_dashboards.JobQueueDashboardsTest" name="test_odps_dashboard_structure" time="0.001" /><testcase classname="tests.integration.test_job_queue_dashboards.JobQueueDashboardsTest" name="test_odps_dashboard_valid_json" time="0.001" /><testcase classname="tests.integration.test_job_queue_dashboards.JobQueueDashboardsTest" name="test_odps_job_queue_dashboard_exists" time="0.001" /><testcase classname="tests.integration.test_job_queue_dashboards.JobQueueDashboardsTest" name="test_worker_health_dashboard_panels_exist" time="0.001" /><testcase classname="tests.integration.test_job_queue_dashboards.JobQueueDashboardsTest" name="test_worker_health_dashboard_queries_use_correct_metrics" time="0.001" /><testcase classname="tests.integration.test_job_queue_dashboards.JobQueueDashboardsTest" name="test_worker_health_dashboard_structure" time="0.001" /><testcase classname="tests.integration.test_job_queue_dashboards.JobQueueDashboardsTest" name="test_worker_health_dashboard_valid_json" time="0.001" /><testcase classname="tests.integration.test_job_queue_operations_comprehensive.JobCreationTest" name="test_job_creation_different_types" time="0.133" /><testcase classname="tests.integration.test_job_queue_operations_comprehensive.JobCreationTest" name="test_job_creation_direct" time="0.137" /><testcase classname="tests.integration.test_job_queue_operations_comprehensive.JobCreationTest" name="test_job_creation_with_metadata" time="0.121" /><testcase classname="tests.integration.test_job_queue_operations_comprehensive.JobProcessingTest" name="test_job_list_with_status_filter" time="0.147" /><testcase classname="tests.integration.test_job_queue_operations_comprehensive.JobProcessingTest" name="test_job_status_retrieval" time="0.120" /><testcase classname="tests.integration.test_job_queue_operations_comprehensive.JobProcessingTest" name="test_job_status_transitions" time="0.136" /><testcase classname="tests.integration.test_job_queue_operations_comprehensive.JobCancellationTest" name="test_cancel_pending_job" time="0.463" /><testcase classname="tests.integration.test_job_queue_operations_comprehensive.JobCancellationTest" name="test_cancel_running_job" time="0.136" /><testcase classname="tests.integration.test_job_queue_operations_comprehensive.JobCancellationTest" name="test_job_cancellation_via_api" time="0.126"><failure message="AssertionError: 403 not found in [200, 404]">tests/integration/test_job_queue_operations_comprehensive.py:219: in test_job_cancellation_via_api
    self.assertIn(response.status_code, [200, 404])
E   AssertionError: 403 not found in [200, 404]</failure></testcase><testcase classname="tests.integration.test_job_queue_operations_comprehensive.JobTimeoutHandlingTest" name="test_job_timeout_expiration" time="0.146" /><testcase classname="tests.integration.test_job_queue_operations_comprehensive.JobTimeoutHandlingTest" name="test_job_timeout_setting" time="0.121" /><testcase classname="tests.integration.test_job_queue_operations_comprehensive.JobRetryLogicTest" name="test_job_max_retries" time="0.147" /><testcase classname="tests.integration.test_job_queue_operations_comprehensive.JobRetryLogicTest" name="test_job_retry_count" time="0.123" /><testcase classname="tests.integration.test_job_queue_operations_comprehensive.JobQueueIntegrationTest" name="test_job_enqueue" time="0.145" /><testcase classname="tests.integration.test_job_queue_operations_comprehensive.JobQueueIntegrationTest" name="test_job_queue_connection" time="0.125" /><testcase classname="tests.integration.test_job_queue_operations_comprehensive.JobQueueIntegrationTest" name="test_job_queue_integration_with_django_job" time="0.140" /><testcase classname="tests.integration.test_job_scheduling_queue_management_validation.JobQueueInfrastructureTest" name="test_job_queue_creation_and_configuration" time="0.136" /><testcase classname="tests.integration.test_job_scheduling_queue_management_validation.JobQueueInfrastructureTest" name="test_multiple_queue_management_default_low" time="0.164" /><testcase classname="tests.integration.test_job_scheduling_queue_management_validation.JobQueueInfrastructureTest" name="test_queue_capacity_and_limits" time="0.163" /><testcase classname="tests.integration.test_job_scheduling_queue_management_validation.JobQueueInfrastructureTest" name="test_queue_isolation_and_tenant_scoping" time="0.270" /><testcase classname="tests.integration.test_job_scheduling_queue_management_validation.JobQueueInfrastructureTest" name="test_queue_priority_handling_high_medium_low" time="0.150" /><testcase classname="tests.integration.test_job_scheduling_queue_management_validation.JobSchedulingTest" name="test_delayed_job_scheduling" time="0.450" /><testcase classname="tests.integration.test_job_scheduling_queue_management_validation.JobSchedulingTest" name="test_job_scheduling_priority_ordering" time="0.151" /><testcase classname="tests.integration.test_job_scheduling_queue_management_validation.JobSchedulingTest" name="test_job_scheduling_with_dependencies" time="0.169" /><testcase classname="tests.integration.test_job_scheduling_queue_management_validation.JobSchedulingTest" name="test_scheduled_recurring_jobs" time="0.218"><failure message="AssertionError: unexpectedly None : Job 1 should have enqueue timestamp">tests/integration/test_job_scheduling_queue_management_validation.py:617: in test_scheduled_recurring_jobs
    self.assertIsNotNone(job1_timestamp, "Job 1 should have enqueue timestamp")
E   AssertionError: unexpectedly None : Job 1 should have enqueue timestamp</failure></testcase><testcase classname="tests.integration.test_job_scheduling_queue_management_validation.JobQueueManagementTest" name="test_queue_clearing_and_purging" time="0.151" /><testcase classname="tests.integration.test_job_scheduling_queue_management_validation.JobQueueManagementTest" name="test_queue_failover_and_recovery" time="0.149" /><testcase classname="tests.integration.test_job_scheduling_queue_management_validation.JobQueueManagementTest" name="test_queue_pausing_and_resuming" time="0.130" /><testcase classname="tests.integration.test_job_scheduling_queue_management_validation.JobQueueManagementTest" name="test_queue_status_monitoring" time="0.148" /><testcase classname="tests.integration.test_job_scheduling_queue_management_validation.JobQueueManagementTest" name="test_queue_worker_management" time="0.129" /><testcase classname="tests.integration.test_job_scheduling_queue_management_validation.JobWorkerManagementTest" name="test_worker_failure_handling" time="0.152" /><testcase classname="tests.integration.test_job_scheduling_queue_management_validation.JobWorkerManagementTest" name="test_worker_load_balancing" time="0.136" /><testcase classname="tests.integration.test_job_scheduling_queue_management_validation.JobWorkerManagementTest" name="test_worker_registration_and_health" time="0.137" /><testcase classname="tests.integration.test_job_scheduling_queue_management_validation.JobWorkerManagementTest" name="test_worker_resource_limits" time="0.128" /><testcase classname="tests.integration.test_job_scheduling_queue_management_validation.JobWorkerManagementTest" name="test_worker_scaling_up_down" time="0.368" /><testcase classname="tests.integration.jobs.test_job_retry_logic.JobRetryLogicIntegrationTest" name="test_is_transient_failure" time="0.011" /><testcase classname="tests.integration.jobs.test_job_retry_logic.JobRetryLogicIntegrationTest" name="test_retry_delay_calculation" time="0.002" /><testcase classname="tests.integration.jobs.test_job_retry_logic.JobRetryLogicIntegrationTest" name="test_retry_job_exhausted_retries" time="0.004" /><testcase classname="tests.integration.jobs.test_job_retry_logic.JobRetryLogicIntegrationTest" name="test_retry_job_non_transient_failure" time="0.003" /><testcase classname="tests.integration.jobs.test_job_retry_logic.JobRetryLogicIntegrationTest" name="test_retry_job_stores_retry_metadata" time="0.005" /><testcase classname="tests.integration.jobs.test_job_retry_logic.JobRetryLogicIntegrationTest" name="test_retry_job_tracks_retry_count" time="0.006" /><testcase classname="tests.integration.jobs.test_job_retry_logic.JobRetryLogicIntegrationTest" name="test_retry_job_transient_failure" time="0.005" /></testsuite></testsuites>