<?xml version="1.0" encoding="utf-8"?><testsuites name="pytest tests"><testsuite name="pytest" errors="0" failures="0" skipped="0" tests="73" time="171.527" timestamp="2026-03-01T09:30:55.510190+00:00" hostname="142afbb87ebc"><testcase classname="test_marketplace_comprehensive.MarketplacePublishTests" name="test_publish_inactive_asset_fails" time="0.844" /><testcase classname="test_marketplace_comprehensive.MarketplacePublishTests" name="test_publish_listing_success" time="0.340" /><testcase classname="test_marketplace_comprehensive.MarketplacePublishTests" name="test_publish_listing_with_unverified_tenant_fails" time="0.392" /><testcase classname="test_marketplace_comprehensive.MarketplaceBrowseTests" name="test_browse_listings_success" time="0.406" /><testcase classname="test_marketplace_comprehensive.MarketplaceBrowseTests" name="test_browse_with_filters" time="0.377" /><testcase classname="test_marketplace_comprehensive.MarketplaceBrowseTests" name="test_view_listing_details_success" time="0.374" /><testcase classname="test_marketplace_comprehensive.MarketplacePurchaseTests" name="test_access_asset_with_entitlement_success" time="0.409" /><testcase classname="test_marketplace_comprehensive.MarketplacePurchaseTests" name="test_access_asset_without_entitlement_fails" time="0.369" /><testcase classname="test_marketplace_comprehensive.MarketplacePurchaseTests" name="test_purchase_free_listing_success" time="0.389" /><testcase classname="test_marketplace_comprehensive.MarketplacePurchaseTests" name="test_purchase_own_listing_fails" time="0.374" /><testcase classname="test_marketplace_comprehensive.MarketplacePurchaseTests" name="test_purchase_unpublished_listing_fails" time="0.374" /><testcase classname="test_marketplace_comprehensive.MarketplaceEdgeCasesTests" name="test_listing_price_validation" time="0.302" /><testcase classname="test_marketplace_comprehensive.MarketplaceEdgeCasesTests" name="test_listing_with_multiple_assets" time="0.125" /><testcase classname="test_marketplace_listings.MarketplaceListingsE2ETest" name="test_create_listing_success" time="0.378" /><testcase classname="test_marketplace_listings.MarketplaceListingsE2ETest" name="test_create_listing_with_inactive_asset_fails" time="0.148" /><testcase classname="test_marketplace_listings.MarketplaceListingsE2ETest" name="test_create_listing_with_unverified_tenant_allowed_then_publish_fails" time="0.191" /><testcase classname="test_marketplace_listings.MarketplaceListingsE2ETest" name="test_delete_listing" time="0.184" /><testcase classname="test_marketplace_listings.MarketplaceListingsE2ETest" name="test_list_listings_with_filters" time="0.231" /><testcase classname="test_marketplace_listings.MarketplaceListingsE2ETest" name="test_listing_with_pricing" time="0.186" /><testcase classname="test_marketplace_listings.MarketplaceListingsE2ETest" name="test_publish_listing_success" time="0.192" /><testcase classname="test_marketplace_listings.MarketplaceListingsE2ETest" name="test_search_public_listings" time="0.188" /><testcase classname="test_marketplace_listings.MarketplaceListingsE2ETest" name="test_unlist_listing_success" time="0.194" /><testcase classname="test_marketplace_listings.MarketplaceListingsE2ETest" name="test_update_listing" time="0.186" /><testcase classname="test_marketplace_orders.MarketplaceOrdersE2ETest" name="test_approve_order_success" time="0.372" /><testcase classname="test_marketplace_orders.MarketplaceOrdersE2ETest" name="test_cancel_order_success" time="0.326" /><testcase classname="test_marketplace_orders.MarketplaceOrdersE2ETest" name="test_create_order_success" time="0.319" /><testcase classname="test_marketplace_orders.MarketplaceOrdersE2ETest" name="test_get_order_details" time="0.326" /><testcase classname="test_marketplace_orders.MarketplaceOrdersE2ETest" name="test_list_orders_with_filters" time="0.344" /><testcase classname="test_marketplace_orders.MarketplaceOrdersE2ETest" name="test_order_auto_approval_for_free_listing" time="0.322" /><testcase classname="test_marketplace_orders.MarketplaceOrdersE2ETest" name="test_order_fulfillment_creates_entitlement" time="0.338" /><testcase classname="test_marketplace_orders.MarketplaceOrdersE2ETest" name="test_order_manual_approval_required" time="0.322" /><testcase classname="test_marketplace_orders.MarketplaceOrdersE2ETest" name="test_reject_order_success" time="0.330" /><testcase classname="test_marketplace_purchase_flow.MarketplacePurchaseE2ETest" name="test_complete_marketplace_purchase_journey" time="0.353" /><testcase classname="test_marketplace_use_cases.MarketplacePublicationUseCasesTest" name="test_publish_listing_success" time="0.331" /><testcase classname="test_marketplace_use_cases.MarketplacePublicationUseCasesTest" name="test_publish_listing_with_invalid_asset_fails" time="0.283" /><testcase classname="test_marketplace_use_cases.MarketplacePublicationUseCasesTest" name="test_publish_listing_without_title_fails" time="0.279" /><testcase classname="test_marketplace_use_cases.MarketplacePublicationUseCasesTest" name="test_unpublish_listing_success" time="0.291" /><testcase classname="test_marketplace_use_cases.MarketplacePublicationUseCasesTest" name="test_update_listing_success" time="0.272" /><testcase classname="test_marketplace_use_cases.MarketplacePurchaseUseCasesTest" name="test_approve_order_success" time="0.417" /><testcase classname="test_marketplace_use_cases.MarketplacePurchaseUseCasesTest" name="test_purchase_asset_success" time="0.380" /><testcase classname="test_marketplace_use_cases.MarketplacePurchaseUseCasesTest" name="test_purchase_free_listing_auto_approval" time="0.393" /><testcase classname="test_marketplace_use_cases.MarketplacePurchaseUseCasesTest" name="test_purchase_own_listing_fails" time="0.379" /><testcase classname="test_marketplace_use_cases.MarketplacePurchaseUseCasesTest" name="test_reject_order_success" time="0.416" /><testcase classname="test_marketplace_use_cases.MarketplaceEntitlementUseCasesTest" name="test_check_access_via_entitlement" time="0.419" /><testcase classname="test_marketplace_use_cases.MarketplaceEntitlementUseCasesTest" name="test_check_access_without_entitlement_fails" time="0.428" /><testcase classname="test_marketplace_use_cases.MarketplaceEntitlementUseCasesTest" name="test_check_entitlement_status_success" time="0.413" /><testcase classname="test_marketplace_use_cases.MarketplaceEntitlementUseCasesTest" name="test_grant_entitlement_via_order_approval" time="0.443" /><testcase classname="test_marketplace_use_cases.MarketplaceEntitlementUseCasesTest" name="test_list_entitlements_with_filters" time="0.426" /><testcase classname="test_marketplace_use_cases.MarketplaceEntitlementUseCasesTest" name="test_revoke_entitlement_by_non_provider_fails" time="0.430" /><testcase classname="test_marketplace_use_cases.MarketplaceEntitlementUseCasesTest" name="test_revoke_entitlement_success" time="0.412" /><testcase classname="test_marketplace_integration.MarketplaceConnectionCreationE2ETest" name="test_complete_connection_creation_workflow" time="0.885" /><testcase classname="test_marketplace_integration.MarketplaceConnectionCreationE2ETest" name="test_connection_creation_with_validation_failure" time="0.153" /><testcase classname="test_marketplace_integration.MarketplaceSyncPushE2ETest" name="test_complete_sync_push_workflow" time="0.566" /><testcase classname="test_marketplace_integration.MarketplaceSyncPushE2ETest" name="test_sync_push_with_inactive_connection" time="0.144" /><testcase classname="test_marketplace_integration.MarketplaceSyncPushE2ETest" name="test_sync_push_with_invalid_asset" time="0.576" /><testcase classname="test_marketplace_integration.MarketplaceSyncPullE2ETest" name="test_complete_sync_pull_workflow" time="50.104" /><testcase classname="test_marketplace_integration.MarketplaceSyncPullE2ETest" name="test_sync_pull_with_filters" time="44.896" /><testcase classname="test_marketplace_integration.MarketplaceSyncPullE2ETest" name="test_sync_pull_with_specific_listings" time="1.024" /><testcase classname="test_marketplace_integration.MarketplaceBidirectionalSyncE2ETest" name="test_complete_bidirectional_sync_workflow" time="47.853" /><testcase classname="test_marketplace_integration.MarketplaceErrorRecoveryE2ETest" name="test_connection_test_failure_recovery" time="3.735" /><testcase classname="test_marketplace_integration.MarketplaceErrorRecoveryE2ETest" name="test_sync_job_retry_workflow" time="0.604" /><testcase classname="test_marketplace_integration.MarketplaceScheduledSyncE2ETest" name="test_create_scheduled_sync_workflow" time="0.172" /><testcase classname="test_marketplace_integration.MarketplaceScheduledSyncE2ETest" name="test_scheduled_sync_deactivation" time="0.183" /><testcase classname="test_marketplace_integration.MarketplaceMultiTenantIsolationE2ETest" name="test_tenant_isolation_for_connections" time="0.336" /><testcase classname="test_marketplace_integration.MarketplaceMultiTenantIsolationE2ETest" name="test_tenant_isolation_for_mappings" time="0.267" /><testcase classname="test_marketplace_integration.MarketplaceMultiTenantIsolationE2ETest" name="test_tenant_isolation_for_sync_jobs" time="0.709" /><testcase classname="test_entitlements.EntitlementsE2ETest" name="test_entitlement_access_check" time="0.299" /><testcase classname="test_entitlements.EntitlementsE2ETest" name="test_entitlement_creation_from_order" time="0.342" /><testcase classname="test_entitlements.EntitlementsE2ETest" name="test_entitlement_cross_tenant_isolation" time="0.408" /><testcase classname="test_entitlements.EntitlementsE2ETest" name="test_entitlement_expiration" time="0.270" /><testcase classname="test_entitlements.EntitlementsE2ETest" name="test_entitlement_revocation" time="0.283" /><testcase classname="test_entitlements.EntitlementsE2ETest" name="test_get_entitlement_details" time="0.284" /><testcase classname="test_entitlements.EntitlementsE2ETest" name="test_list_entitlements_with_filters" time="0.295" /></testsuite></testsuites>