<?xml version="1.0" encoding="utf-8"?><testsuites name="pytest tests"><testsuite name="pytest" errors="0" failures="0" skipped="0" tests="12" time="1325.784" timestamp="2026-02-24T22:32:27.352567+00:00" hostname="94488bcd45a6"><testcase classname="tests.performance.test_performance_baseline.DatabaseQueryBaselineTest" name="test_complex_query_baseline" time="1321.903" /><testcase classname="tests.performance.test_performance_baseline.DatabaseQueryBaselineTest" name="test_join_query_baseline" time="0.181" /><testcase classname="tests.performance.test_performance_baseline.DatabaseQueryBaselineTest" name="test_jsonfield_nested_query_baseline" time="0.158" /><testcase classname="tests.performance.test_performance_baseline.DatabaseQueryBaselineTest" name="test_jsonfield_query_baseline" time="0.160" /><testcase classname="tests.performance.test_performance_baseline.DatabaseQueryBaselineTest" name="test_simple_query_baseline" time="0.167" /><testcase classname="tests.performance.test_performance_baseline.APIEndpointBaselineTest" name="test_contract_filter_endpoint_baseline" time="0.630" /><testcase classname="tests.performance.test_performance_baseline.APIEndpointBaselineTest" name="test_contract_list_endpoint_baseline" time="0.247" /><testcase classname="tests.performance.test_performance_baseline.APIEndpointBaselineTest" name="test_health_endpoint_baseline" time="0.528" /><testcase classname="tests.performance.test_performance_baseline.MiddlewareBaselineTest" name="test_middleware_chain_baseline" time="0.260" /><testcase classname="tests.performance.test_performance_baseline.JSONFieldGINIndexBaselineTest" name="test_gin_index_array_contains_baseline" time="0.211" /><testcase classname="tests.performance.test_performance_baseline.JSONFieldGINIndexBaselineTest" name="test_gin_index_complex_filter_baseline" time="1.107" /><testcase classname="tests.performance.test_performance_baseline.JSONFieldGINIndexBaselineTest" name="test_gin_index_nested_key_baseline" time="0.196" /></testsuite></testsuites>