<?xml version="1.0" encoding="utf-8"?><testsuites name="pytest tests"><testsuite name="pytest" errors="0" failures="0" skipped="717" tests="821" time="1.088" timestamp="2026-02-26T12:58:00.599013+00:00" hostname="eaf1d674b2f8"><testcase classname="tests.integration.test_docker_compose.TestDockerComposeIntegration" name="test_docker_compose_file_exists" time="0.027" /><testcase classname="tests.integration.test_docker_compose.TestDockerComposeIntegration" name="test_docker_compose_valid_yaml" time="0.040" /><testcase classname="tests.integration.test_docker_compose.TestDockerComposeIntegration" name="test_all_services_have_build_or_image" time="0.000" /><testcase classname="tests.integration.test_docker_compose.TestDockerComposeIntegration" name="test_all_services_have_networks" time="0.000" /><testcase classname="tests.integration.test_docker_compose.TestDockerComposeIntegration" name="test_infrastructure_services_exist" time="0.000" /><testcase classname="tests.integration.test_docker_compose.TestDockerComposeIntegration" name="test_monitoring_services_exist" time="0.000" /><testcase classname="tests.integration.test_docker_compose.TestDockerComposeIntegration" name="test_application_services_exist" time="0.000" /><testcase classname="tests.integration.test_docker_compose.TestDockerComposeIntegration" name="test_all_services_have_healthchecks" time="0.000" /><testcase classname="tests.integration.test_docker_compose.TestDockerComposeIntegration" name="test_service_dependencies" time="0.000" /><testcase classname="tests.integration.test_docker_compose.TestDockerComposeIntegration" name="test_opentelemetry_configuration" time="0.000" /><testcase classname="tests.integration.test_docker_compose.TestDockerComposeIntegration" name="test_prometheus_scrape_configuration" time="0.005" /><testcase classname="tests.integration.test_docker_compose.TestDockerComposeIntegration" name="test_volumes_defined" time="0.000" /><testcase classname="tests.integration.test_docker_compose.TestDockerComposeIntegration" name="test_network_defined" time="0.000" /><testcase classname="tests.integration.test_docker_compose.TestDockerComposeIntegration" name="test_service_ports_unique" time="0.000" /><testcase classname="tests.integration.test_docker_compose.TestDockerComposeIntegration" name="test_environment_variables_consistent" time="0.000" /><testcase classname="tests.integration.test_docker_compose.TestDockerComposeIntegration" name="test_resource_limits_when_present_are_valid" time="0.000" /><testcase classname="tests.integration.test_docker_compose.TestDockerComposeRuntime" name="test_services_healthy" time="0.001"><skipped type="pytest.skip" message="Docker Compose not running; set PYTEST_DOCKER_COMPOSE_RUNTIME=1 and start services">/app/tests/integration/test_docker_compose.py:354: Docker Compose not running; set PYTEST_DOCKER_COMPOSE_RUNTIME=1 and start services</skipped></testcase><testcase classname="tests.integration.test_docker_compose.TestDockerComposeRuntime" name="test_service_health_endpoints" time="0.000"><skipped type="pytest.skip" message="Docker Compose not running; set PYTEST_DOCKER_COMPOSE_RUNTIME=1 and start services">/app/tests/integration/test_docker_compose.py:371: Docker Compose not running; set PYTEST_DOCKER_COMPOSE_RUNTIME=1 and start services</skipped></testcase><testcase classname="tests.integration.test_docker_compose_test.TestDockerComposeTest" name="test_test_compose_file_exists" time="0.001" /><testcase classname="tests.integration.test_docker_compose_test.TestDockerComposeTest" name="test_test_compose_valid_yaml" time="0.040" /><testcase classname="tests.integration.test_docker_compose_test.TestDockerComposeTest" name="test_test_network_defined" time="0.000" /><testcase classname="tests.integration.test_docker_compose_test.TestDockerComposeTest" name="test_test_volumes_defined" time="0.000" /><testcase classname="tests.integration.test_docker_compose_test.TestDockerComposeTest" name="test_test_infrastructure_services_exist" time="0.000" /><testcase classname="tests.integration.test_docker_compose_test.TestDockerComposeTest" name="test_test_services_use_test_network" time="0.000" /><testcase classname="tests.integration.test_docker_compose_test.TestDockerComposeTest" name="test_test_containers_have_test_names" time="0.001" /><testcase classname="tests.integration.test_docker_compose_test.TestDockerComposeTest" name="test_test_all_services_have_build_or_image" time="0.000" /><testcase classname="tests.integration.test_docker_compose_dev.TestDockerComposeDev" name="test_dev_compose_file_exists" time="0.001" /><testcase classname="tests.integration.test_docker_compose_dev.TestDockerComposeDev" name="test_dev_compose_valid_yaml" time="0.036" /><testcase classname="tests.integration.test_docker_compose_dev.TestDockerComposeDev" name="test_dev_network_defined" time="0.001" /><testcase classname="tests.integration.test_docker_compose_dev.TestDockerComposeDev" name="test_dev_volumes_defined" time="0.000" /><testcase classname="tests.integration.test_docker_compose_dev.TestDockerComposeDev" name="test_dev_container_names" time="0.000" /><testcase classname="tests.integration.test_docker_compose_dev.TestDockerComposeDev" name="test_dev_environment_variables" time="0.000" /><testcase classname="tests.integration.test_docker_compose_dev.TestDockerComposeDev" name="test_dev_volumes_use_dev_suffix" time="0.000" /><testcase classname="tests.integration.test_docker_compose_dev.TestDockerComposeDev" name="test_dev_networks_use_dev_network" time="0.000" /><testcase classname="tests.integration.test_docker_compose_dev.TestDockerComposeDev" name="test_dev_health_check_intervals" time="0.000" /><testcase classname="tests.integration.test_docker_compose_dev.TestDockerComposeDev" name="test_dev_hot_reload_volumes" time="0.000" /><testcase classname="tests.integration.test_docker_compose_dev.TestDockerComposeDev" name="test_dev_no_resource_limits" time="0.000" /><testcase classname="tests.integration.test_docker_compose_dev.TestDockerComposeDev" name="test_dev_api_service_uses_runserver" time="0.000" /><testcase classname="tests.integration.test_docker_compose_dev.TestDockerComposeDev" name="test_dev_all_services_have_build_or_image" time="0.000" /><testcase classname="tests.integration.test_docker_compose_dev.TestDockerComposeDev" name="test_dev_infrastructure_services_exist" time="0.001" /><testcase classname="tests.integration.test_docker_compose_dev.TestDockerComposeDev" name="test_dev_monitoring_services_exist" time="0.000" /><testcase classname="tests.integration.test_docker_compose_dev.TestDockerComposeDev" name="test_dev_application_services_exist" time="0.000" /><testcase classname="tests.integration.test_docker_compose_dev.TestDockerComposeDev" name="test_dev_env_file_allowed" time="0.001" /><testcase classname="tests.integration.test_docker_compose_production.TestDockerComposeProduction" name="test_production_compose_file_exists" time="0.001" /><testcase classname="tests.integration.test_docker_compose_production.TestDockerComposeProduction" name="test_production_compose_valid_yaml" time="0.009" /><testcase classname="tests.integration.test_docker_compose_production.TestDockerComposeProduction" name="test_production_network_defined" time="0.000" /><testcase classname="tests.integration.test_docker_compose_production.TestDockerComposeProduction" name="test_production_volumes_defined" time="0.000" /><testcase classname="tests.integration.test_docker_compose_production.TestDockerComposeProduction" name="test_production_infrastructure_services_exist" time="0.000" /><testcase classname="tests.integration.test_docker_compose_production.TestDockerComposeProduction" name="test_production_application_services_exist" time="0.000" /><testcase classname="tests.integration.test_docker_compose_production.TestDockerComposeProduction" name="test_production_services_use_production_network" time="0.000" /><testcase classname="tests.integration.test_docker_compose_production.TestDockerComposeProduction" name="test_production_no_debug" time="0.000" /><testcase classname="tests.integration.test_docker_compose_production.TestDockerComposeProduction" name="test_production_environment_variables" time="0.000" /><testcase classname="tests.integration.test_docker_compose_production.TestDockerComposeProduction" name="test_production_resource_limits" time="0.000" /><testcase classname="tests.integration.test_docker_compose_production.TestDockerComposeProduction" name="test_production_restart_policy" time="0.000" /><testcase classname="tests.integration.test_docker_compose_production.TestDockerComposeProduction" name="test_production_container_names" time="0.000" /><testcase classname="tests.integration.test_docker_compose_production.TestDockerComposeProduction" name="test_production_all_services_have_build_or_image" time="0.000" /><testcase classname="tests.integration.test_docker_compose_production.TestDockerComposeProduction" name="test_production_env_file_format_if_present" time="0.000" /><testcase classname="tests.integration.test_docker_compose_staging.TestDockerComposeStaging" name="test_staging_compose_file_exists" time="0.001" /><testcase classname="tests.integration.test_docker_compose_staging.TestDockerComposeStaging" name="test_staging_compose_valid_yaml" time="0.033" /><testcase classname="tests.integration.test_docker_compose_staging.TestDockerComposeStaging" name="test_staging_network_defined" time="0.000" /><testcase classname="tests.integration.test_docker_compose_staging.TestDockerComposeStaging" name="test_staging_volumes_defined" time="0.000" /><testcase classname="tests.integration.test_docker_compose_staging.TestDockerComposeStaging" name="test_staging_container_names" time="0.000" /><testcase classname="tests.integration.test_docker_compose_staging.TestDockerComposeStaging" name="test_staging_environment_variables" time="0.000" /><testcase classname="tests.integration.test_docker_compose_staging.TestDockerComposeStaging" name="test_staging_volumes_use_staging_suffix" time="0.000" /><testcase classname="tests.integration.test_docker_compose_staging.TestDockerComposeStaging" name="test_staging_networks_use_staging_network" time="0.000" /><testcase classname="tests.integration.test_docker_compose_staging.TestDockerComposeStaging" name="test_staging_health_check_intervals" time="0.000" /><testcase classname="tests.integration.test_docker_compose_staging.TestDockerComposeStaging" name="test_staging_no_env_file" time="0.000" /><testcase classname="tests.integration.test_docker_compose_staging.TestDockerComposeStaging" name="test_staging_resource_limits" time="0.001" /><testcase classname="tests.integration.test_docker_compose_staging.TestDockerComposeStaging" name="test_staging_restart_policy" time="0.001" /><testcase classname="tests.integration.test_docker_compose_staging.TestDockerComposeStaging" name="test_staging_all_services_have_build_or_image" time="0.001" /><testcase classname="tests.integration.test_docker_compose_staging.TestDockerComposeStaging" name="test_staging_infrastructure_services_exist" time="0.000" /><testcase classname="tests.integration.test_docker_compose_staging.TestDockerComposeStaging" name="test_staging_monitoring_services_exist" time="0.000" /><testcase classname="tests.integration.test_docker_compose_staging.TestDockerComposeStaging" name="test_staging_application_services_exist" time="0.000" /><testcase classname="tests.integration.test_docker_compose_deployment.TestDockerComposeDeployment" name="test_docker_compose_file_exists" time="0.000"><skipped type="pytest.skip" message="Docker CLI not available (run these tests on host with Docker)">/app/tests/integration/test_docker_compose_deployment.py:288: Docker CLI not available (run these tests on host with Docker)</skipped></testcase><testcase classname="tests.integration.test_docker_compose_deployment.TestDockerComposeDeployment" name="test_docker_compose_valid_yaml" time="0.000"><skipped type="pytest.skip" message="Docker CLI not available (run these tests on host with Docker)">/app/tests/integration/test_docker_compose_deployment.py:294: Docker CLI not available (run these tests on host with Docker)</skipped></testcase><testcase classname="tests.integration.test_docker_compose_deployment.TestDockerComposeDeployment" name="test_infrastructure_services_defined" time="0.000"><skipped type="pytest.skip" message="Docker CLI not available (run these tests on host with Docker)">/app/tests/integration/test_docker_compose_deployment.py:299: Docker CLI not available (run these tests on host with Docker)</skipped></testcase><testcase classname="tests.integration.test_docker_compose_deployment.TestDockerComposeDeployment" name="test_application_services_defined" time="0.000"><skipped type="pytest.skip" message="Docker CLI not available (run these tests on host with Docker)">/app/tests/integration/test_docker_compose_deployment.py:305: Docker CLI not available (run these tests on host with Docker)</skipped></testcase><testcase classname="tests.integration.test_docker_compose_deployment.TestDockerComposeDeployment" name="test_services_have_healthchecks" time="0.000"><skipped type="pytest.skip" message="Docker CLI not available (run these tests on host with Docker)">/app/tests/integration/test_docker_compose_deployment.py:311: Docker CLI not available (run these tests on host with Docker)</skipped></testcase><testcase classname="tests.integration.test_docker_compose_deployment.TestDockerComposeServiceStartup" name="test_infrastructure_services_start" time="0.000"><skipped type="pytest.skip" message="Docker CLI not available (run these tests on host with Docker)">/app/tests/integration/test_docker_compose_deployment.py:331: Docker CLI not available (run these tests on host with Docker)</skipped></testcase><testcase classname="tests.integration.test_docker_compose_deployment.TestDockerComposeServiceStartup" name="test_application_services_start_after_infrastructure" time="0.000"><skipped type="pytest.skip" message="Docker CLI not available (run these tests on host with Docker)">/app/tests/integration/test_docker_compose_deployment.py:342: Docker CLI not available (run these tests on host with Docker)</skipped></testcase><testcase classname="tests.integration.test_docker_compose_deployment.TestDockerComposeServiceStartup" name="test_service_startup_order_respects_dependencies" time="0.000"><skipped type="pytest.skip" message="Docker CLI not available (run these tests on host with Docker)">/app/tests/integration/test_docker_compose_deployment.py:359: Docker CLI not available (run these tests on host with Docker)</skipped></testcase><testcase classname="tests.integration.test_docker_compose_deployment.TestDockerComposeServiceStartup" name="test_service_restart" time="0.000"><skipped type="pytest.skip" message="Docker CLI not available (run these tests on host with Docker)">/app/tests/integration/test_docker_compose_deployment.py:392: Docker CLI not available (run these tests on host with Docker)</skipped></testcase><testcase classname="tests.integration.test_docker_compose_deployment.TestDockerComposeHealthChecks" name="test_health_endpoints_accessible" time="0.000"><skipped type="pytest.skip" message="Docker CLI not available (run these tests on host with Docker)">/app/tests/integration/test_docker_compose_deployment.py:435: Docker CLI not available (run these tests on host with Docker)</skipped></testcase><testcase classname="tests.integration.test_docker_compose_deployment.TestDockerComposeHealthChecks" name="test_liveness_probes_respond" time="0.000"><skipped type="pytest.skip" message="Docker CLI not available (run these tests on host with Docker)">/app/tests/integration/test_docker_compose_deployment.py:453: Docker CLI not available (run these tests on host with Docker)</skipped></testcase><testcase classname="tests.integration.test_docker_compose_deployment.TestDockerComposeHealthChecks" name="test_readiness_probes_respond" time="0.000"><skipped type="pytest.skip" message="Docker CLI not available (run these tests on host with Docker)">/app/tests/integration/test_docker_compose_deployment.py:479: Docker CLI not available (run these tests on host with Docker)</skipped></testcase><testcase classname="tests.integration.test_docker_compose_deployment.TestDockerComposeHealthChecks" name="test_comprehensive_health_checks" time="0.000"><skipped type="pytest.skip" message="Docker CLI not available (run these tests on host with Docker)">/app/tests/integration/test_docker_compose_deployment.py:505: Docker CLI not available (run these tests on host with Docker)</skipped></testcase><testcase classname="tests.integration.test_docker_compose_deployment.TestDockerComposeHealthChecks" name="test_metrics_endpoints_accessible" time="0.000"><skipped type="pytest.skip" message="Docker CLI not available (run these tests on host with Docker)">/app/tests/integration/test_docker_compose_deployment.py:530: Docker CLI not available (run these tests on host with Docker)</skipped></testcase><testcase classname="tests.integration.test_docker_compose_deployment.TestDockerComposeServiceCommunication" name="test_services_can_reach_each_other" time="0.000"><skipped type="pytest.skip" message="Docker CLI not available (run these tests on host with Docker)">/app/tests/integration/test_docker_compose_deployment.py:569: Docker CLI not available (run these tests on host with Docker)</skipped></testcase><testcase classname="tests.integration.test_docker_compose_deployment.TestDockerComposeServiceCommunication" name="test_event_bus_redis_connection" time="0.000"><skipped type="pytest.skip" message="Docker CLI not available (run these tests on host with Docker)">/app/tests/integration/test_docker_compose_deployment.py:589: Docker CLI not available (run these tests on host with Docker)</skipped></testcase><testcase classname="tests.integration.test_docker_compose_deployment.TestDockerComposeServiceCommunication" name="test_service_discovery_works" time="0.000"><skipped type="pytest.skip" message="Docker CLI not available (run these tests on host with Docker)">/app/tests/integration/test_docker_compose_deployment.py:607: Docker CLI not available (run these tests on host with Docker)</skipped></testcase><testcase classname="tests.integration.test_docker_compose_deployment.TestDockerComposeServiceCommunication" name="test_api_service_can_reach_backend_services" time="0.000"><skipped type="pytest.skip" message="Docker CLI not available (run these tests on host with Docker)">/app/tests/integration/test_docker_compose_deployment.py:627: Docker CLI not available (run these tests on host with Docker)</skipped></testcase><testcase classname="tests.integration.test_docker_compose_deployment.TestDockerComposeServiceDependencies" name="test_workflow_engine_depends_on_postgres" time="0.000"><skipped type="pytest.skip" message="Docker CLI not available (run these tests on host with Docker)">/app/tests/integration/test_docker_compose_deployment.py:651: Docker CLI not available (run these tests on host with Docker)</skipped></testcase><testcase classname="tests.integration.test_docker_compose_deployment.TestDockerComposeServiceDependencies" name="test_workflow_engine_depends_on_redis" time="0.000"><skipped type="pytest.skip" message="Docker CLI not available (run these tests on host with Docker)">/app/tests/integration/test_docker_compose_deployment.py:674: Docker CLI not available (run these tests on host with Docker)</skipped></testcase><testcase classname="tests.integration.test_docker_compose_deployment.TestDockerComposeServiceDependencies" name="test_event_bus_depends_on_postgres_and_redis" time="0.000"><skipped type="pytest.skip" message="Docker CLI not available (run these tests on host with Docker)">/app/tests/integration/test_docker_compose_deployment.py:691: Docker CLI not available (run these tests on host with Docker)</skipped></testcase><testcase classname="tests.integration.test_docker_compose_deployment.TestDockerComposeServiceDependencies" name="test_api_service_depends_on_infrastructure" time="0.000"><skipped type="pytest.skip" message="Docker CLI not available (run these tests on host with Docker)">/app/tests/integration/test_docker_compose_deployment.py:713: Docker CLI not available (run these tests on host with Docker)</skipped></testcase><testcase classname="tests.integration.test_docker_compose_deployment.TestDockerComposeServiceDependencies" name="test_dependency_health_conditions" time="0.000"><skipped type="pytest.skip" message="Docker CLI not available (run these tests on host with Docker)">/app/tests/integration/test_docker_compose_deployment.py:725: Docker CLI not available (run these tests on host with Docker)</skipped></testcase><testcase classname="tests.integration.test_docker_compose_deployment.TestDockerComposeServiceDependencies" name="test_services_fail_without_dependencies" time="0.000"><skipped type="pytest.skip" message="Docker CLI not available (run these tests on host with Docker)">/app/tests/integration/test_docker_compose_deployment.py:742: Docker CLI not available (run these tests on host with Docker)</skipped></testcase><testcase classname="tests.integration.test_docker_compose_standalone.TestDockerComposeIntegration" name="test_docker_compose_file_exists" time="0.001" /><testcase classname="tests.integration.test_docker_compose_standalone.TestDockerComposeIntegration" name="test_docker_compose_valid_yaml" time="0.038" /><testcase classname="tests.integration.test_docker_compose_standalone.TestDockerComposeIntegration" name="test_all_services_have_build_or_image" time="0.001" /><testcase classname="tests.integration.test_docker_compose_standalone.TestDockerComposeIntegration" name="test_all_services_have_networks" time="0.000" /><testcase classname="tests.integration.test_docker_compose_standalone.TestDockerComposeIntegration" name="test_infrastructure_services_exist" time="0.000" /><testcase classname="tests.integration.test_docker_compose_standalone.TestDockerComposeIntegration" name="test_monitoring_services_exist" time="0.000" /><testcase classname="tests.integration.test_docker_compose_standalone.TestDockerComposeIntegration" name="test_application_services_exist" time="0.000" /><testcase classname="tests.integration.test_docker_compose_standalone.TestDockerComposeIntegration" name="test_all_services_have_healthchecks" time="0.000" /><testcase classname="tests.integration.test_docker_compose_standalone.TestDockerComposeIntegration" name="test_service_dependencies" time="0.000" /><testcase classname="tests.integration.test_docker_compose_standalone.TestDockerComposeIntegration" name="test_opentelemetry_configuration" time="0.000" /><testcase classname="tests.integration.test_docker_compose_standalone.TestDockerComposeIntegration" name="test_prometheus_scrape_configuration" time="0.005" /><testcase classname="tests.integration.test_docker_compose_standalone.TestDockerComposeIntegration" name="test_volumes_defined" time="0.001" /><testcase classname="tests.integration.test_docker_compose_standalone.TestDockerComposeIntegration" name="test_network_defined" time="0.000" /><testcase classname="tests.integration.test_docker_compose_standalone.TestDockerComposeIntegration" name="test_service_ports_unique" time="0.000" /><testcase classname="tests.integration.test_docker_compose_standalone.TestDockerComposeIntegration" name="test_environment_variables_consistent" time="0.001" /><testcase classname="tests.integration.test_docker_compose_standalone.TestDockerComposeIntegration" name="test_workflow_engine_has_jaeger_dependency" time="0.000" /><testcase classname="tests.integration.test_docker_compose_standalone.TestDockerComposeIntegration" name="test_prometheus_has_workflow_services_dependency" time="0.001" /><testcase classname="tests.integration.test_kubernetes_config.TestKubernetesConfig" name="test_referenced_configmaps_exist[alertmanager]" time="0.001"><skipped type="pytest.skip" message="kustomize or kubectl kustomize not available; install to run Kubernetes manifest tests">/app/tests/integration/test_kubernetes_config.py:73: kustomize or kubectl kustomize not available; install to run Kubernetes manifest tests</skipped></testcase><testcase classname="tests.integration.test_kubernetes_config.TestKubernetesConfig" name="test_referenced_configmaps_exist[api-gateway-traefik]" time="0.000"><skipped type="pytest.skip" message="kustomize or kubectl kustomize not available; install to run Kubernetes manifest tests">/app/tests/integration/test_kubernetes_config.py:73: kustomize or kubectl kustomize not available; install to run Kubernetes manifest tests</skipped></testcase><testcase classname="tests.integration.test_kubernetes_config.TestKubernetesConfig" name="test_referenced_configmaps_exist[api-service]" time="0.000"><skipped type="pytest.skip" message="kustomize or kubectl kustomize not available; install to run Kubernetes manifest tests">/app/tests/integration/test_kubernetes_config.py:73: kustomize or kubectl kustomize not available; install to run Kubernetes manifest tests</skipped></testcase><testcase classname="tests.integration.test_kubernetes_config.TestKubernetesConfig" name="test_referenced_configmaps_exist[compliance-service]" time="0.000"><skipped type="pytest.skip" message="kustomize or kubectl kustomize not available; install to run Kubernetes manifest tests">/app/tests/integration/test_kubernetes_config.py:73: kustomize or kubectl kustomize not available; install to run Kubernetes manifest tests</skipped></testcase><testcase classname="tests.integration.test_kubernetes_config.TestKubernetesConfig" name="test_referenced_configmaps_exist[datacontract-service]" time="0.000"><skipped type="pytest.skip" message="kustomize or kubectl kustomize not available; install to run Kubernetes manifest tests">/app/tests/integration/test_kubernetes_config.py:73: kustomize or kubectl kustomize not available; install to run Kubernetes manifest tests</skipped></testcase><testcase classname="tests.integration.test_kubernetes_config.TestKubernetesConfig" name="test_referenced_configmaps_exist[dq-service]" time="0.000"><skipped type="pytest.skip" message="kustomize or kubectl kustomize not available; install to run Kubernetes manifest tests">/app/tests/integration/test_kubernetes_config.py:73: kustomize or kubectl kustomize not available; install to run Kubernetes manifest tests</skipped></testcase><testcase classname="tests.integration.test_kubernetes_config.TestKubernetesConfig" name="test_referenced_configmaps_exist[fuseki]" time="0.000"><skipped type="pytest.skip" message="kustomize or kubectl kustomize not available; install to run Kubernetes manifest tests">/app/tests/integration/test_kubernetes_config.py:73: kustomize or kubectl kustomize not available; install to run Kubernetes manifest tests</skipped></testcase><testcase classname="tests.integration.test_kubernetes_config.TestKubernetesConfig" name="test_referenced_configmaps_exist[grafana]" time="0.000"><skipped type="pytest.skip" message="kustomize or kubectl kustomize not available; install to run Kubernetes manifest tests">/app/tests/integration/test_kubernetes_config.py:73: kustomize or kubectl kustomize not available; install to run Kubernetes manifest tests</skipped></testcase><testcase classname="tests.integration.test_kubernetes_config.TestKubernetesConfig" name="test_referenced_configmaps_exist[jaeger]" time="0.000"><skipped type="pytest.skip" message="kustomize or kubectl kustomize not available; install to run Kubernetes manifest tests">/app/tests/integration/test_kubernetes_config.py:73: kustomize or kubectl kustomize not available; install to run Kubernetes manifest tests</skipped></testcase><testcase classname="tests.integration.test_kubernetes_config.TestKubernetesConfig" name="test_referenced_configmaps_exist[logging-loki]" time="0.000"><skipped type="pytest.skip" message="kustomize or kubectl kustomize not available; install to run Kubernetes manifest tests">/app/tests/integration/test_kubernetes_config.py:73: kustomize or kubectl kustomize not available; install to run Kubernetes manifest tests</skipped></testcase><testcase classname="tests.integration.test_kubernetes_config.TestKubernetesConfig" name="test_referenced_configmaps_exist[logging-promtail]" time="0.000"><skipped type="pytest.skip" message="kustomize or kubectl kustomize not available; install to run Kubernetes manifest tests">/app/tests/integration/test_kubernetes_config.py:73: kustomize or kubectl kustomize not available; install to run Kubernetes manifest tests</skipped></testcase><testcase classname="tests.integration.test_kubernetes_config.TestKubernetesConfig" name="test_referenced_configmaps_exist[minio]" time="0.000"><skipped type="pytest.skip" message="kustomize or kubectl kustomize not available; install to run Kubernetes manifest tests">/app/tests/integration/test_kubernetes_config.py:73: kustomize or kubectl kustomize not available; install to run Kubernetes manifest tests</skipped></testcase><testcase classname="tests.integration.test_kubernetes_config.TestKubernetesConfig" name="test_referenced_configmaps_exist[observability-service]" time="0.000"><skipped type="pytest.skip" message="kustomize or kubectl kustomize not available; install to run Kubernetes manifest tests">/app/tests/integration/test_kubernetes_config.py:73: kustomize or kubectl kustomize not available; install to run Kubernetes manifest tests</skipped></testcase><testcase classname="tests.integration.test_kubernetes_config.TestKubernetesConfig" name="test_referenced_configmaps_exist[postgres]" time="0.000"><skipped type="pytest.skip" message="kustomize or kubectl kustomize not available; install to run Kubernetes manifest tests">/app/tests/integration/test_kubernetes_config.py:73: kustomize or kubectl kustomize not available; install to run Kubernetes manifest tests</skipped></testcase><testcase classname="tests.integration.test_kubernetes_config.TestKubernetesConfig" name="test_referenced_configmaps_exist[prefect-integration]" time="0.000"><skipped type="pytest.skip" message="kustomize or kubectl kustomize not available; install to run Kubernetes manifest tests">/app/tests/integration/test_kubernetes_config.py:73: kustomize or kubectl kustomize not available; install to run Kubernetes manifest tests</skipped></testcase><testcase classname="tests.integration.test_kubernetes_config.TestKubernetesConfig" name="test_referenced_configmaps_exist[prefect-server]" time="0.000"><skipped type="pytest.skip" message="kustomize or kubectl kustomize not available; install to run Kubernetes manifest tests">/app/tests/integration/test_kubernetes_config.py:73: kustomize or kubectl kustomize not available; install to run Kubernetes manifest tests</skipped></testcase><testcase classname="tests.integration.test_kubernetes_config.TestKubernetesConfig" name="test_referenced_configmaps_exist[prefect-workers]" time="0.000"><skipped type="pytest.skip" message="kustomize or kubectl kustomize not available; install to run Kubernetes manifest tests">/app/tests/integration/test_kubernetes_config.py:73: kustomize or kubectl kustomize not available; install to run Kubernetes manifest tests</skipped></testcase><testcase classname="tests.integration.test_kubernetes_config.TestKubernetesConfig" name="test_referenced_configmaps_exist[prometheus]" time="0.000"><skipped type="pytest.skip" message="kustomize or kubectl kustomize not available; install to run Kubernetes manifest tests">/app/tests/integration/test_kubernetes_config.py:73: kustomize or kubectl kustomize not available; install to run Kubernetes manifest tests</skipped></testcase><testcase classname="tests.integration.test_kubernetes_config.TestKubernetesConfig" name="test_referenced_configmaps_exist[redis]" time="0.000"><skipped type="pytest.skip" message="kustomize or kubectl kustomize not available; install to run Kubernetes manifest tests">/app/tests/integration/test_kubernetes_config.py:73: kustomize or kubectl kustomize not available; install to run Kubernetes manifest tests</skipped></testcase><testcase classname="tests.integration.test_kubernetes_config.TestKubernetesConfig" name="test_referenced_configmaps_exist[redis-cache]" time="0.000"><skipped type="pytest.skip" message="kustomize or kubectl kustomize not available; install to run Kubernetes manifest tests">/app/tests/integration/test_kubernetes_config.py:73: kustomize or kubectl kustomize not available; install to run Kubernetes manifest tests</skipped></testcase><testcase classname="tests.integration.test_kubernetes_config.TestKubernetesConfig" name="test_referenced_configmaps_exist[redis-channels]" time="0.000"><skipped type="pytest.skip" message="kustomize or kubectl kustomize not available; install to run Kubernetes manifest tests">/app/tests/integration/test_kubernetes_config.py:73: kustomize or kubectl kustomize not available; install to run Kubernetes manifest tests</skipped></testcase><testcase classname="tests.integration.test_kubernetes_config.TestKubernetesConfig" name="test_referenced_configmaps_exist[redis-events]" time="0.000"><skipped type="pytest.skip" message="kustomize or kubectl kustomize not available; install to run Kubernetes manifest tests">/app/tests/integration/test_kubernetes_config.py:73: kustomize or kubectl kustomize not available; install to run Kubernetes manifest tests</skipped></testcase><testcase classname="tests.integration.test_kubernetes_config.TestKubernetesConfig" name="test_referenced_configmaps_exist[redis-queue]" time="0.000"><skipped type="pytest.skip" message="kustomize or kubectl kustomize not available; install to run Kubernetes manifest tests">/app/tests/integration/test_kubernetes_config.py:73: kustomize or kubectl kustomize not available; install to run Kubernetes manifest tests</skipped></testcase><testcase classname="tests.integration.test_kubernetes_config.TestKubernetesConfig" name="test_referenced_configmaps_exist[search-service]" time="0.000"><skipped type="pytest.skip" message="kustomize or kubectl kustomize not available; install to run Kubernetes manifest tests">/app/tests/integration/test_kubernetes_config.py:73: kustomize or kubectl kustomize not available; install to run Kubernetes manifest tests</skipped></testcase><testcase classname="tests.integration.test_kubernetes_config.TestKubernetesConfig" name="test_referenced_configmaps_exist[semantic-service]" time="0.000"><skipped type="pytest.skip" message="kustomize or kubectl kustomize not available; install to run Kubernetes manifest tests">/app/tests/integration/test_kubernetes_config.py:73: kustomize or kubectl kustomize not available; install to run Kubernetes manifest tests</skipped></testcase><testcase classname="tests.integration.test_kubernetes_config.TestKubernetesConfig" name="test_referenced_configmaps_exist[webhook-service]" time="0.000"><skipped type="pytest.skip" message="kustomize or kubectl kustomize not available; install to run Kubernetes manifest tests">/app/tests/integration/test_kubernetes_config.py:73: kustomize or kubectl kustomize not available; install to run Kubernetes manifest tests</skipped></testcase><testcase classname="tests.integration.test_kubernetes_config.TestKubernetesConfig" name="test_referenced_configmaps_exist[worker-service]" time="0.000"><skipped type="pytest.skip" message="kustomize or kubectl kustomize not available; install to run Kubernetes manifest tests">/app/tests/integration/test_kubernetes_config.py:73: kustomize or kubectl kustomize not available; install to run Kubernetes manifest tests</skipped></testcase><testcase classname="tests.integration.test_kubernetes_config.TestKubernetesConfig" name="test_referenced_secrets_exist[alertmanager]" time="0.000"><skipped type="pytest.skip" message="kustomize or kubectl kustomize not available; install to run Kubernetes manifest tests">/app/tests/integration/test_kubernetes_config.py:88: kustomize or kubectl kustomize not available; install to run Kubernetes manifest tests</skipped></testcase><testcase classname="tests.integration.test_kubernetes_config.TestKubernetesConfig" name="test_referenced_secrets_exist[api-gateway-traefik]" time="0.000"><skipped type="pytest.skip" message="kustomize or kubectl kustomize not available; install to run Kubernetes manifest tests">/app/tests/integration/test_kubernetes_config.py:88: kustomize or kubectl kustomize not available; install to run Kubernetes manifest tests</skipped></testcase><testcase classname="tests.integration.test_kubernetes_config.TestKubernetesConfig" name="test_referenced_secrets_exist[api-service]" time="0.000"><skipped type="pytest.skip" message="kustomize or kubectl kustomize not available; install to run Kubernetes manifest tests">/app/tests/integration/test_kubernetes_config.py:88: kustomize or kubectl kustomize not available; install to run Kubernetes manifest tests</skipped></testcase><testcase classname="tests.integration.test_kubernetes_config.TestKubernetesConfig" name="test_referenced_secrets_exist[compliance-service]" time="0.000"><skipped type="pytest.skip" message="kustomize or kubectl kustomize not available; install to run Kubernetes manifest tests">/app/tests/integration/test_kubernetes_config.py:88: kustomize or kubectl kustomize not available; install to run Kubernetes manifest tests</skipped></testcase><testcase classname="tests.integration.test_kubernetes_config.TestKubernetesConfig" name="test_referenced_secrets_exist[datacontract-service]" time="0.000"><skipped type="pytest.skip" message="kustomize or kubectl kustomize not available; install to run Kubernetes manifest tests">/app/tests/integration/test_kubernetes_config.py:88: kustomize or kubectl kustomize not available; install to run Kubernetes manifest tests</skipped></testcase><testcase classname="tests.integration.test_kubernetes_config.TestKubernetesConfig" name="test_referenced_secrets_exist[dq-service]" time="0.000"><skipped type="pytest.skip" message="kustomize or kubectl kustomize not available; install to run Kubernetes manifest tests">/app/tests/integration/test_kubernetes_config.py:88: kustomize or kubectl kustomize not available; install to run Kubernetes manifest tests</skipped></testcase><testcase classname="tests.integration.test_kubernetes_config.TestKubernetesConfig" name="test_referenced_secrets_exist[fuseki]" time="0.000"><skipped type="pytest.skip" message="kustomize or kubectl kustomize not available; install to run Kubernetes manifest tests">/app/tests/integration/test_kubernetes_config.py:88: kustomize or kubectl kustomize not available; install to run Kubernetes manifest tests</skipped></testcase><testcase classname="tests.integration.test_kubernetes_config.TestKubernetesConfig" name="test_referenced_secrets_exist[grafana]" time="0.000"><skipped type="pytest.skip" message="kustomize or kubectl kustomize not available; install to run Kubernetes manifest tests">/app/tests/integration/test_kubernetes_config.py:88: kustomize or kubectl kustomize not available; install to run Kubernetes manifest tests</skipped></testcase><testcase classname="tests.integration.test_kubernetes_config.TestKubernetesConfig" name="test_referenced_secrets_exist[jaeger]" time="0.000"><skipped type="pytest.skip" message="kustomize or kubectl kustomize not available; install to run Kubernetes manifest tests">/app/tests/integration/test_kubernetes_config.py:88: kustomize or kubectl kustomize not available; install to run Kubernetes manifest tests</skipped></testcase><testcase classname="tests.integration.test_kubernetes_config.TestKubernetesConfig" name="test_referenced_secrets_exist[logging-loki]" time="0.000"><skipped type="pytest.skip" message="kustomize or kubectl kustomize not available; install to run Kubernetes manifest tests">/app/tests/integration/test_kubernetes_config.py:88: kustomize or kubectl kustomize not available; install to run Kubernetes manifest tests</skipped></testcase><testcase classname="tests.integration.test_kubernetes_config.TestKubernetesConfig" name="test_referenced_secrets_exist[logging-promtail]" time="0.000"><skipped type="pytest.skip" message="kustomize or kubectl kustomize not available; install to run Kubernetes manifest tests">/app/tests/integration/test_kubernetes_config.py:88: kustomize or kubectl kustomize not available; install to run Kubernetes manifest tests</skipped></testcase><testcase classname="tests.integration.test_kubernetes_config.TestKubernetesConfig" name="test_referenced_secrets_exist[minio]" time="0.000"><skipped type="pytest.skip" message="kustomize or kubectl kustomize not available; install to run Kubernetes manifest tests">/app/tests/integration/test_kubernetes_config.py:88: kustomize or kubectl kustomize not available; install to run Kubernetes manifest tests</skipped></testcase><testcase classname="tests.integration.test_kubernetes_config.TestKubernetesConfig" name="test_referenced_secrets_exist[observability-service]" time="0.000"><skipped type="pytest.skip" message="kustomize or kubectl kustomize not available; install to run Kubernetes manifest tests">/app/tests/integration/test_kubernetes_config.py:88: kustomize or kubectl kustomize not available; install to run Kubernetes manifest tests</skipped></testcase><testcase classname="tests.integration.test_kubernetes_config.TestKubernetesConfig" name="test_referenced_secrets_exist[postgres]" time="0.000"><skipped type="pytest.skip" message="kustomize or kubectl kustomize not available; install to run Kubernetes manifest tests">/app/tests/integration/test_kubernetes_config.py:88: kustomize or kubectl kustomize not available; install to run Kubernetes manifest tests</skipped></testcase><testcase classname="tests.integration.test_kubernetes_config.TestKubernetesConfig" name="test_referenced_secrets_exist[prefect-integration]" time="0.000"><skipped type="pytest.skip" message="kustomize or kubectl kustomize not available; install to run Kubernetes manifest tests">/app/tests/integration/test_kubernetes_config.py:88: kustomize or kubectl kustomize not available; install to run Kubernetes manifest tests</skipped></testcase><testcase classname="tests.integration.test_kubernetes_config.TestKubernetesConfig" name="test_referenced_secrets_exist[prefect-server]" time="0.000"><skipped type="pytest.skip" message="kustomize or kubectl kustomize not available; install to run Kubernetes manifest tests">/app/tests/integration/test_kubernetes_config.py:88: kustomize or kubectl kustomize not available; install to run Kubernetes manifest tests</skipped></testcase><testcase classname="tests.integration.test_kubernetes_config.TestKubernetesConfig" name="test_referenced_secrets_exist[prefect-workers]" time="0.000"><skipped type="pytest.skip" message="kustomize or kubectl kustomize not available; install to run Kubernetes manifest tests">/app/tests/integration/test_kubernetes_config.py:88: kustomize or kubectl kustomize not available; install to run Kubernetes manifest tests</skipped></testcase><testcase classname="tests.integration.test_kubernetes_config.TestKubernetesConfig" name="test_referenced_secrets_exist[prometheus]" time="0.000"><skipped type="pytest.skip" message="kustomize or kubectl kustomize not available; install to run Kubernetes manifest tests">/app/tests/integration/test_kubernetes_config.py:88: kustomize or kubectl kustomize not available; install to run Kubernetes manifest tests</skipped></testcase><testcase classname="tests.integration.test_kubernetes_config.TestKubernetesConfig" name="test_referenced_secrets_exist[redis]" time="0.000"><skipped type="pytest.skip" message="kustomize or kubectl kustomize not available; install to run Kubernetes manifest tests">/app/tests/integration/test_kubernetes_config.py:88: kustomize or kubectl kustomize not available; install to run Kubernetes manifest tests</skipped></testcase><testcase classname="tests.integration.test_kubernetes_config.TestKubernetesConfig" name="test_referenced_secrets_exist[redis-cache]" time="0.000"><skipped type="pytest.skip" message="kustomize or kubectl kustomize not available; install to run Kubernetes manifest tests">/app/tests/integration/test_kubernetes_config.py:88: kustomize or kubectl kustomize not available; install to run Kubernetes manifest tests</skipped></testcase><testcase classname="tests.integration.test_kubernetes_config.TestKubernetesConfig" name="test_referenced_secrets_exist[redis-channels]" time="0.000"><skipped type="pytest.skip" message="kustomize or kubectl kustomize not available; install to run Kubernetes manifest tests">/app/tests/integration/test_kubernetes_config.py:88: kustomize or kubectl kustomize not available; install to run Kubernetes manifest tests</skipped></testcase><testcase classname="tests.integration.test_kubernetes_config.TestKubernetesConfig" name="test_referenced_secrets_exist[redis-events]" time="0.000"><skipped type="pytest.skip" message="kustomize or kubectl kustomize not available; install to run Kubernetes manifest tests">/app/tests/integration/test_kubernetes_config.py:88: kustomize or kubectl kustomize not available; install to run Kubernetes manifest tests</skipped></testcase><testcase classname="tests.integration.test_kubernetes_config.TestKubernetesConfig" name="test_referenced_secrets_exist[redis-queue]" time="0.000"><skipped type="pytest.skip" message="kustomize or kubectl kustomize not available; install to run Kubernetes manifest tests">/app/tests/integration/test_kubernetes_config.py:88: kustomize or kubectl kustomize not available; install to run Kubernetes manifest tests</skipped></testcase><testcase classname="tests.integration.test_kubernetes_config.TestKubernetesConfig" name="test_referenced_secrets_exist[search-service]" time="0.000"><skipped type="pytest.skip" message="kustomize or kubectl kustomize not available; install to run Kubernetes manifest tests">/app/tests/integration/test_kubernetes_config.py:88: kustomize or kubectl kustomize not available; install to run Kubernetes manifest tests</skipped></testcase><testcase classname="tests.integration.test_kubernetes_config.TestKubernetesConfig" name="test_referenced_secrets_exist[semantic-service]" time="0.000"><skipped type="pytest.skip" message="kustomize or kubectl kustomize not available; install to run Kubernetes manifest tests">/app/tests/integration/test_kubernetes_config.py:88: kustomize or kubectl kustomize not available; install to run Kubernetes manifest tests</skipped></testcase><testcase classname="tests.integration.test_kubernetes_config.TestKubernetesConfig" name="test_referenced_secrets_exist[webhook-service]" time="0.000"><skipped type="pytest.skip" message="kustomize or kubectl kustomize not available; install to run Kubernetes manifest tests">/app/tests/integration/test_kubernetes_config.py:88: kustomize or kubectl kustomize not available; install to run Kubernetes manifest tests</skipped></testcase><testcase classname="tests.integration.test_kubernetes_config.TestKubernetesConfig" name="test_referenced_secrets_exist[worker-service]" time="0.000"><skipped type="pytest.skip" message="kustomize or kubectl kustomize not available; install to run Kubernetes manifest tests">/app/tests/integration/test_kubernetes_config.py:88: kustomize or kubectl kustomize not available; install to run Kubernetes manifest tests</skipped></testcase><testcase classname="tests.integration.test_kubernetes_config.TestKubernetesConfig" name="test_configmaps_have_data_or_binary_data[alertmanager]" time="0.000"><skipped type="pytest.skip" message="kustomize or kubectl kustomize not available; install to run Kubernetes manifest tests">/app/tests/integration/test_kubernetes_config.py:103: kustomize or kubectl kustomize not available; install to run Kubernetes manifest tests</skipped></testcase><testcase classname="tests.integration.test_kubernetes_config.TestKubernetesConfig" name="test_configmaps_have_data_or_binary_data[api-gateway-traefik]" time="0.000"><skipped type="pytest.skip" message="kustomize or kubectl kustomize not available; install to run Kubernetes manifest tests">/app/tests/integration/test_kubernetes_config.py:103: kustomize or kubectl kustomize not available; install to run Kubernetes manifest tests</skipped></testcase><testcase classname="tests.integration.test_kubernetes_config.TestKubernetesConfig" name="test_configmaps_have_data_or_binary_data[api-service]" time="0.000"><skipped type="pytest.skip" message="kustomize or kubectl kustomize not available; install to run Kubernetes manifest tests">/app/tests/integration/test_kubernetes_config.py:103: kustomize or kubectl kustomize not available; install to run Kubernetes manifest tests</skipped></testcase><testcase classname="tests.integration.test_kubernetes_config.TestKubernetesConfig" name="test_configmaps_have_data_or_binary_data[compliance-service]" time="0.000"><skipped type="pytest.skip" message="kustomize or kubectl kustomize not available; install to run Kubernetes manifest tests">/app/tests/integration/test_kubernetes_config.py:103: kustomize or kubectl kustomize not available; install to run Kubernetes manifest tests</skipped></testcase><testcase classname="tests.integration.test_kubernetes_config.TestKubernetesConfig" name="test_configmaps_have_data_or_binary_data[datacontract-service]" time="0.000"><skipped type="pytest.skip" message="kustomize or kubectl kustomize not available; install to run Kubernetes manifest tests">/app/tests/integration/test_kubernetes_config.py:103: kustomize or kubectl kustomize not available; install to run Kubernetes manifest tests</skipped></testcase><testcase classname="tests.integration.test_kubernetes_config.TestKubernetesConfig" name="test_configmaps_have_data_or_binary_data[dq-service]" time="0.000"><skipped type="pytest.skip" message="kustomize or kubectl kustomize not available; install to run Kubernetes manifest tests">/app/tests/integration/test_kubernetes_config.py:103: kustomize or kubectl kustomize not available; install to run Kubernetes manifest tests</skipped></testcase><testcase classname="tests.integration.test_kubernetes_config.TestKubernetesConfig" name="test_configmaps_have_data_or_binary_data[fuseki]" time="0.000"><skipped type="pytest.skip" message="kustomize or kubectl kustomize not available; install to run Kubernetes manifest tests">/app/tests/integration/test_kubernetes_config.py:103: kustomize or kubectl kustomize not available; install to run Kubernetes manifest tests</skipped></testcase><testcase classname="tests.integration.test_kubernetes_config.TestKubernetesConfig" name="test_configmaps_have_data_or_binary_data[grafana]" time="0.000"><skipped type="pytest.skip" message="kustomize or kubectl kustomize not available; install to run Kubernetes manifest tests">/app/tests/integration/test_kubernetes_config.py:103: kustomize or kubectl kustomize not available; install to run Kubernetes manifest tests</skipped></testcase><testcase classname="tests.integration.test_kubernetes_config.TestKubernetesConfig" name="test_configmaps_have_data_or_binary_data[jaeger]" time="0.000"><skipped type="pytest.skip" message="kustomize or kubectl kustomize not available; install to run Kubernetes manifest tests">/app/tests/integration/test_kubernetes_config.py:103: kustomize or kubectl kustomize not available; install to run Kubernetes manifest tests</skipped></testcase><testcase classname="tests.integration.test_kubernetes_config.TestKubernetesConfig" name="test_configmaps_have_data_or_binary_data[logging-loki]" time="0.000"><skipped type="pytest.skip" message="kustomize or kubectl kustomize not available; install to run Kubernetes manifest tests">/app/tests/integration/test_kubernetes_config.py:103: kustomize or kubectl kustomize not available; install to run Kubernetes manifest tests</skipped></testcase><testcase classname="tests.integration.test_kubernetes_config.TestKubernetesConfig" name="test_configmaps_have_data_or_binary_data[logging-promtail]" time="0.000"><skipped type="pytest.skip" message="kustomize or kubectl kustomize not available; install to run Kubernetes manifest tests">/app/tests/integration/test_kubernetes_config.py:103: kustomize or kubectl kustomize not available; install to run Kubernetes manifest tests</skipped></testcase><testcase classname="tests.integration.test_kubernetes_config.TestKubernetesConfig" name="test_configmaps_have_data_or_binary_data[minio]" time="0.000"><skipped type="pytest.skip" message="kustomize or kubectl kustomize not available; install to run Kubernetes manifest tests">/app/tests/integration/test_kubernetes_config.py:103: kustomize or kubectl kustomize not available; install to run Kubernetes manifest tests</skipped></testcase><testcase classname="tests.integration.test_kubernetes_config.TestKubernetesConfig" name="test_configmaps_have_data_or_binary_data[observability-service]" time="0.000"><skipped type="pytest.skip" message="kustomize or kubectl kustomize not available; install to run Kubernetes manifest tests">/app/tests/integration/test_kubernetes_config.py:103: kustomize or kubectl kustomize not available; install to run Kubernetes manifest tests</skipped></testcase><testcase classname="tests.integration.test_kubernetes_config.TestKubernetesConfig" name="test_configmaps_have_data_or_binary_data[postgres]" time="0.000"><skipped type="pytest.skip" message="kustomize or kubectl kustomize not available; install to run Kubernetes manifest tests">/app/tests/integration/test_kubernetes_config.py:103: kustomize or kubectl kustomize not available; install to run Kubernetes manifest tests</skipped></testcase><testcase classname="tests.integration.test_kubernetes_config.TestKubernetesConfig" name="test_configmaps_have_data_or_binary_data[prefect-integration]" time="0.000"><skipped type="pytest.skip" message="kustomize or kubectl kustomize not available; install to run Kubernetes manifest tests">/app/tests/integration/test_kubernetes_config.py:103: kustomize or kubectl kustomize not available; install to run Kubernetes manifest tests</skipped></testcase><testcase classname="tests.integration.test_kubernetes_config.TestKubernetesConfig" name="test_configmaps_have_data_or_binary_data[prefect-server]" time="0.000"><skipped type="pytest.skip" message="kustomize or kubectl kustomize not available; install to run Kubernetes manifest tests">/app/tests/integration/test_kubernetes_config.py:103: kustomize or kubectl kustomize not available; install to run Kubernetes manifest tests</skipped></testcase><testcase classname="tests.integration.test_kubernetes_config.TestKubernetesConfig" name="test_configmaps_have_data_or_binary_data[prefect-workers]" time="0.000"><skipped type="pytest.skip" message="kustomize or kubectl kustomize not available; install to run Kubernetes manifest tests">/app/tests/integration/test_kubernetes_config.py:103: kustomize or kubectl kustomize not available; install to run Kubernetes manifest tests</skipped></testcase><testcase classname="tests.integration.test_kubernetes_config.TestKubernetesConfig" name="test_configmaps_have_data_or_binary_data[prometheus]" time="0.000"><skipped type="pytest.skip" message="kustomize or kubectl kustomize not available; install to run Kubernetes manifest tests">/app/tests/integration/test_kubernetes_config.py:103: kustomize or kubectl kustomize not available; install to run Kubernetes manifest tests</skipped></testcase><testcase classname="tests.integration.test_kubernetes_config.TestKubernetesConfig" name="test_configmaps_have_data_or_binary_data[redis]" time="0.000"><skipped type="pytest.skip" message="kustomize or kubectl kustomize not available; install to run Kubernetes manifest tests">/app/tests/integration/test_kubernetes_config.py:103: kustomize or kubectl kustomize not available; install to run Kubernetes manifest tests</skipped></testcase><testcase classname="tests.integration.test_kubernetes_config.TestKubernetesConfig" name="test_configmaps_have_data_or_binary_data[redis-cache]" time="0.000"><skipped type="pytest.skip" message="kustomize or kubectl kustomize not available; install to run Kubernetes manifest tests">/app/tests/integration/test_kubernetes_config.py:103: kustomize or kubectl kustomize not available; install to run Kubernetes manifest tests</skipped></testcase><testcase classname="tests.integration.test_kubernetes_config.TestKubernetesConfig" name="test_configmaps_have_data_or_binary_data[redis-channels]" time="0.000"><skipped type="pytest.skip" message="kustomize or kubectl kustomize not available; install to run Kubernetes manifest tests">/app/tests/integration/test_kubernetes_config.py:103: kustomize or kubectl kustomize not available; install to run Kubernetes manifest tests</skipped></testcase><testcase classname="tests.integration.test_kubernetes_config.TestKubernetesConfig" name="test_configmaps_have_data_or_binary_data[redis-events]" time="0.000"><skipped type="pytest.skip" message="kustomize or kubectl kustomize not available; install to run Kubernetes manifest tests">/app/tests/integration/test_kubernetes_config.py:103: kustomize or kubectl kustomize not available; install to run Kubernetes manifest tests</skipped></testcase><testcase classname="tests.integration.test_kubernetes_config.TestKubernetesConfig" name="test_configmaps_have_data_or_binary_data[redis-queue]" time="0.000"><skipped type="pytest.skip" message="kustomize or kubectl kustomize not available; install to run Kubernetes manifest tests">/app/tests/integration/test_kubernetes_config.py:103: kustomize or kubectl kustomize not available; install to run Kubernetes manifest tests</skipped></testcase><testcase classname="tests.integration.test_kubernetes_config.TestKubernetesConfig" name="test_configmaps_have_data_or_binary_data[search-service]" time="0.000"><skipped type="pytest.skip" message="kustomize or kubectl kustomize not available; install to run Kubernetes manifest tests">/app/tests/integration/test_kubernetes_config.py:103: kustomize or kubectl kustomize not available; install to run Kubernetes manifest tests</skipped></testcase><testcase classname="tests.integration.test_kubernetes_config.TestKubernetesConfig" name="test_configmaps_have_data_or_binary_data[semantic-service]" time="0.000"><skipped type="pytest.skip" message="kustomize or kubectl kustomize not available; install to run Kubernetes manifest tests">/app/tests/integration/test_kubernetes_config.py:103: kustomize or kubectl kustomize not available; install to run Kubernetes manifest tests</skipped></testcase><testcase classname="tests.integration.test_kubernetes_config.TestKubernetesConfig" name="test_configmaps_have_data_or_binary_data[webhook-service]" time="0.000"><skipped type="pytest.skip" message="kustomize or kubectl kustomize not available; install to run Kubernetes manifest tests">/app/tests/integration/test_kubernetes_config.py:103: kustomize or kubectl kustomize not available; install to run Kubernetes manifest tests</skipped></testcase><testcase classname="tests.integration.test_kubernetes_config.TestKubernetesConfig" name="test_configmaps_have_data_or_binary_data[worker-service]" time="0.000"><skipped type="pytest.skip" message="kustomize or kubectl kustomize not available; install to run Kubernetes manifest tests">/app/tests/integration/test_kubernetes_config.py:103: kustomize or kubectl kustomize not available; install to run Kubernetes manifest tests</skipped></testcase><testcase classname="tests.integration.test_kubernetes_config.TestKubernetesConfig" name="test_secrets_have_data_or_string_data_or_external[alertmanager]" time="0.000"><skipped type="pytest.skip" message="kustomize or kubectl kustomize not available; install to run Kubernetes manifest tests">/app/tests/integration/test_kubernetes_config.py:114: kustomize or kubectl kustomize not available; install to run Kubernetes manifest tests</skipped></testcase><testcase classname="tests.integration.test_kubernetes_config.TestKubernetesConfig" name="test_secrets_have_data_or_string_data_or_external[api-gateway-traefik]" time="0.000"><skipped type="pytest.skip" message="kustomize or kubectl kustomize not available; install to run Kubernetes manifest tests">/app/tests/integration/test_kubernetes_config.py:114: kustomize or kubectl kustomize not available; install to run Kubernetes manifest tests</skipped></testcase><testcase classname="tests.integration.test_kubernetes_config.TestKubernetesConfig" name="test_secrets_have_data_or_string_data_or_external[api-service]" time="0.000"><skipped type="pytest.skip" message="kustomize or kubectl kustomize not available; install to run Kubernetes manifest tests">/app/tests/integration/test_kubernetes_config.py:114: kustomize or kubectl kustomize not available; install to run Kubernetes manifest tests</skipped></testcase><testcase classname="tests.integration.test_kubernetes_config.TestKubernetesConfig" name="test_secrets_have_data_or_string_data_or_external[compliance-service]" time="0.000"><skipped type="pytest.skip" message="kustomize or kubectl kustomize not available; install to run Kubernetes manifest tests">/app/tests/integration/test_kubernetes_config.py:114: kustomize or kubectl kustomize not available; install to run Kubernetes manifest tests</skipped></testcase><testcase classname="tests.integration.test_kubernetes_config.TestKubernetesConfig" name="test_secrets_have_data_or_string_data_or_external[datacontract-service]" time="0.000"><skipped type="pytest.skip" message="kustomize or kubectl kustomize not available; install to run Kubernetes manifest tests">/app/tests/integration/test_kubernetes_config.py:114: kustomize or kubectl kustomize not available; install to run Kubernetes manifest tests</skipped></testcase><testcase classname="tests.integration.test_kubernetes_config.TestKubernetesConfig" name="test_secrets_have_data_or_string_data_or_external[dq-service]" time="0.000"><skipped type="pytest.skip" message="kustomize or kubectl kustomize not available; install to run Kubernetes manifest tests">/app/tests/integration/test_kubernetes_config.py:114: kustomize or kubectl kustomize not available; install to run Kubernetes manifest tests</skipped></testcase><testcase classname="tests.integration.test_kubernetes_config.TestKubernetesConfig" name="test_secrets_have_data_or_string_data_or_external[fuseki]" time="0.000"><skipped type="pytest.skip" message="kustomize or kubectl kustomize not available; install to run Kubernetes manifest tests">/app/tests/integration/test_kubernetes_config.py:114: kustomize or kubectl kustomize not available; install to run Kubernetes manifest tests</skipped></testcase><testcase classname="tests.integration.test_kubernetes_config.TestKubernetesConfig" name="test_secrets_have_data_or_string_data_or_external[grafana]" time="0.000"><skipped type="pytest.skip" message="kustomize or kubectl kustomize not available; install to run Kubernetes manifest tests">/app/tests/integration/test_kubernetes_config.py:114: kustomize or kubectl kustomize not available; install to run Kubernetes manifest tests</skipped></testcase><testcase classname="tests.integration.test_kubernetes_config.TestKubernetesConfig" name="test_secrets_have_data_or_string_data_or_external[jaeger]" time="0.000"><skipped type="pytest.skip" message="kustomize or kubectl kustomize not available; install to run Kubernetes manifest tests">/app/tests/integration/test_kubernetes_config.py:114: kustomize or kubectl kustomize not available; install to run Kubernetes manifest tests</skipped></testcase><testcase classname="tests.integration.test_kubernetes_config.TestKubernetesConfig" name="test_secrets_have_data_or_string_data_or_external[logging-loki]" time="0.000"><skipped type="pytest.skip" message="kustomize or kubectl kustomize not available; install to run Kubernetes manifest tests">/app/tests/integration/test_kubernetes_config.py:114: kustomize or kubectl kustomize not available; install to run Kubernetes manifest tests</skipped></testcase><testcase classname="tests.integration.test_kubernetes_config.TestKubernetesConfig" name="test_secrets_have_data_or_string_data_or_external[logging-promtail]" time="0.000"><skipped type="pytest.skip" message="kustomize or kubectl kustomize not available; install to run Kubernetes manifest tests">/app/tests/integration/test_kubernetes_config.py:114: kustomize or kubectl kustomize not available; install to run Kubernetes manifest tests</skipped></testcase><testcase classname="tests.integration.test_kubernetes_config.TestKubernetesConfig" name="test_secrets_have_data_or_string_data_or_external[minio]" time="0.000"><skipped type="pytest.skip" message="kustomize or kubectl kustomize not available; install to run Kubernetes manifest tests">/app/tests/integration/test_kubernetes_config.py:114: kustomize or kubectl kustomize not available; install to run Kubernetes manifest tests</skipped></testcase><testcase classname="tests.integration.test_kubernetes_config.TestKubernetesConfig" name="test_secrets_have_data_or_string_data_or_external[observability-service]" time="0.000"><skipped type="pytest.skip" message="kustomize or kubectl kustomize not available; install to run Kubernetes manifest tests">/app/tests/integration/test_kubernetes_config.py:114: kustomize or kubectl kustomize not available; install to run Kubernetes manifest tests</skipped></testcase><testcase classname="tests.integration.test_kubernetes_config.TestKubernetesConfig" name="test_secrets_have_data_or_string_data_or_external[postgres]" time="0.000"><skipped type="pytest.skip" message="kustomize or kubectl kustomize not available; install to run Kubernetes manifest tests">/app/tests/integration/test_kubernetes_config.py:114: kustomize or kubectl kustomize not available; install to run Kubernetes manifest tests</skipped></testcase><testcase classname="tests.integration.test_kubernetes_config.TestKubernetesConfig" name="test_secrets_have_data_or_string_data_or_external[prefect-integration]" time="0.000"><skipped type="pytest.skip" message="kustomize or kubectl kustomize not available; install to run Kubernetes manifest tests">/app/tests/integration/test_kubernetes_config.py:114: kustomize or kubectl kustomize not available; install to run Kubernetes manifest tests</skipped></testcase><testcase classname="tests.integration.test_kubernetes_config.TestKubernetesConfig" name="test_secrets_have_data_or_string_data_or_external[prefect-server]" time="0.000"><skipped type="pytest.skip" message="kustomize or kubectl kustomize not available; install to run Kubernetes manifest tests">/app/tests/integration/test_kubernetes_config.py:114: kustomize or kubectl kustomize not available; install to run Kubernetes manifest tests</skipped></testcase><testcase classname="tests.integration.test_kubernetes_config.TestKubernetesConfig" name="test_secrets_have_data_or_string_data_or_external[prefect-workers]" time="0.000"><skipped type="pytest.skip" message="kustomize or kubectl kustomize not available; install to run Kubernetes manifest tests">/app/tests/integration/test_kubernetes_config.py:114: kustomize or kubectl kustomize not available; install to run Kubernetes manifest tests</skipped></testcase><testcase classname="tests.integration.test_kubernetes_config.TestKubernetesConfig" name="test_secrets_have_data_or_string_data_or_external[prometheus]" time="0.000"><skipped type="pytest.skip" message="kustomize or kubectl kustomize not available; install to run Kubernetes manifest tests">/app/tests/integration/test_kubernetes_config.py:114: kustomize or kubectl kustomize not available; install to run Kubernetes manifest tests</skipped></testcase><testcase classname="tests.integration.test_kubernetes_config.TestKubernetesConfig" name="test_secrets_have_data_or_string_data_or_external[redis]" time="0.000"><skipped type="pytest.skip" message="kustomize or kubectl kustomize not available; install to run Kubernetes manifest tests">/app/tests/integration/test_kubernetes_config.py:114: kustomize or kubectl kustomize not available; install to run Kubernetes manifest tests</skipped></testcase><testcase classname="tests.integration.test_kubernetes_config.TestKubernetesConfig" name="test_secrets_have_data_or_string_data_or_external[redis-cache]" time="0.000"><skipped type="pytest.skip" message="kustomize or kubectl kustomize not available; install to run Kubernetes manifest tests">/app/tests/integration/test_kubernetes_config.py:114: kustomize or kubectl kustomize not available; install to run Kubernetes manifest tests</skipped></testcase><testcase classname="tests.integration.test_kubernetes_config.TestKubernetesConfig" name="test_secrets_have_data_or_string_data_or_external[redis-channels]" time="0.000"><skipped type="pytest.skip" message="kustomize or kubectl kustomize not available; install to run Kubernetes manifest tests">/app/tests/integration/test_kubernetes_config.py:114: kustomize or kubectl kustomize not available; install to run Kubernetes manifest tests</skipped></testcase><testcase classname="tests.integration.test_kubernetes_config.TestKubernetesConfig" name="test_secrets_have_data_or_string_data_or_external[redis-events]" time="0.000"><skipped type="pytest.skip" message="kustomize or kubectl kustomize not available; install to run Kubernetes manifest tests">/app/tests/integration/test_kubernetes_config.py:114: kustomize or kubectl kustomize not available; install to run Kubernetes manifest tests</skipped></testcase><testcase classname="tests.integration.test_kubernetes_config.TestKubernetesConfig" name="test_secrets_have_data_or_string_data_or_external[redis-queue]" time="0.000"><skipped type="pytest.skip" message="kustomize or kubectl kustomize not available; install to run Kubernetes manifest tests">/app/tests/integration/test_kubernetes_config.py:114: kustomize or kubectl kustomize not available; install to run Kubernetes manifest tests</skipped></testcase><testcase classname="tests.integration.test_kubernetes_config.TestKubernetesConfig" name="test_secrets_have_data_or_string_data_or_external[search-service]" time="0.000"><skipped type="pytest.skip" message="kustomize or kubectl kustomize not available; install to run Kubernetes manifest tests">/app/tests/integration/test_kubernetes_config.py:114: kustomize or kubectl kustomize not available; install to run Kubernetes manifest tests</skipped></testcase><testcase classname="tests.integration.test_kubernetes_config.TestKubernetesConfig" name="test_secrets_have_data_or_string_data_or_external[semantic-service]" time="0.000"><skipped type="pytest.skip" message="kustomize or kubectl kustomize not available; install to run Kubernetes manifest tests">/app/tests/integration/test_kubernetes_config.py:114: kustomize or kubectl kustomize not available; install to run Kubernetes manifest tests</skipped></testcase><testcase classname="tests.integration.test_kubernetes_config.TestKubernetesConfig" name="test_secrets_have_data_or_string_data_or_external[webhook-service]" time="0.000"><skipped type="pytest.skip" message="kustomize or kubectl kustomize not available; install to run Kubernetes manifest tests">/app/tests/integration/test_kubernetes_config.py:114: kustomize or kubectl kustomize not available; install to run Kubernetes manifest tests</skipped></testcase><testcase classname="tests.integration.test_kubernetes_config.TestKubernetesConfig" name="test_secrets_have_data_or_string_data_or_external[worker-service]" time="0.000"><skipped type="pytest.skip" message="kustomize or kubectl kustomize not available; install to run Kubernetes manifest tests">/app/tests/integration/test_kubernetes_config.py:114: kustomize or kubectl kustomize not available; install to run Kubernetes manifest tests</skipped></testcase><testcase classname="tests.integration.test_kubernetes_config.TestKubernetesConfig" name="test_pvc_referenced_by_workloads_exist[alertmanager]" time="0.000"><skipped type="pytest.skip" message="kustomize or kubectl kustomize not available; install to run Kubernetes manifest tests">/app/tests/integration/test_kubernetes_config.py:129: kustomize or kubectl kustomize not available; install to run Kubernetes manifest tests</skipped></testcase><testcase classname="tests.integration.test_kubernetes_config.TestKubernetesConfig" name="test_pvc_referenced_by_workloads_exist[api-gateway-traefik]" time="0.000"><skipped type="pytest.skip" message="kustomize or kubectl kustomize not available; install to run Kubernetes manifest tests">/app/tests/integration/test_kubernetes_config.py:129: kustomize or kubectl kustomize not available; install to run Kubernetes manifest tests</skipped></testcase><testcase classname="tests.integration.test_kubernetes_config.TestKubernetesConfig" name="test_pvc_referenced_by_workloads_exist[api-service]" time="0.000"><skipped type="pytest.skip" message="kustomize or kubectl kustomize not available; install to run Kubernetes manifest tests">/app/tests/integration/test_kubernetes_config.py:129: kustomize or kubectl kustomize not available; install to run Kubernetes manifest tests</skipped></testcase><testcase classname="tests.integration.test_kubernetes_config.TestKubernetesConfig" name="test_pvc_referenced_by_workloads_exist[compliance-service]" time="0.000"><skipped type="pytest.skip" message="kustomize or kubectl kustomize not available; install to run Kubernetes manifest tests">/app/tests/integration/test_kubernetes_config.py:129: kustomize or kubectl kustomize not available; install to run Kubernetes manifest tests</skipped></testcase><testcase classname="tests.integration.test_kubernetes_config.TestKubernetesConfig" name="test_pvc_referenced_by_workloads_exist[datacontract-service]" time="0.000"><skipped type="pytest.skip" message="kustomize or kubectl kustomize not available; install to run Kubernetes manifest tests">/app/tests/integration/test_kubernetes_config.py:129: kustomize or kubectl kustomize not available; install to run Kubernetes manifest tests</skipped></testcase><testcase classname="tests.integration.test_kubernetes_config.TestKubernetesConfig" name="test_pvc_referenced_by_workloads_exist[dq-service]" time="0.000"><skipped type="pytest.skip" message="kustomize or kubectl kustomize not available; install to run Kubernetes manifest tests">/app/tests/integration/test_kubernetes_config.py:129: kustomize or kubectl kustomize not available; install to run Kubernetes manifest tests</skipped></testcase><testcase classname="tests.integration.test_kubernetes_config.TestKubernetesConfig" name="test_pvc_referenced_by_workloads_exist[fuseki]" time="0.000"><skipped type="pytest.skip" message="kustomize or kubectl kustomize not available; install to run Kubernetes manifest tests">/app/tests/integration/test_kubernetes_config.py:129: kustomize or kubectl kustomize not available; install to run Kubernetes manifest tests</skipped></testcase><testcase classname="tests.integration.test_kubernetes_config.TestKubernetesConfig" name="test_pvc_referenced_by_workloads_exist[grafana]" time="0.000"><skipped type="pytest.skip" message="kustomize or kubectl kustomize not available; install to run Kubernetes manifest tests">/app/tests/integration/test_kubernetes_config.py:129: kustomize or kubectl kustomize not available; install to run Kubernetes manifest tests</skipped></testcase><testcase classname="tests.integration.test_kubernetes_config.TestKubernetesConfig" name="test_pvc_referenced_by_workloads_exist[jaeger]" time="0.000"><skipped type="pytest.skip" message="kustomize or kubectl kustomize not available; install to run Kubernetes manifest tests">/app/tests/integration/test_kubernetes_config.py:129: kustomize or kubectl kustomize not available; install to run Kubernetes manifest tests</skipped></testcase><testcase classname="tests.integration.test_kubernetes_config.TestKubernetesConfig" name="test_pvc_referenced_by_workloads_exist[logging-loki]" time="0.000"><skipped type="pytest.skip" message="kustomize or kubectl kustomize not available; install to run Kubernetes manifest tests">/app/tests/integration/test_kubernetes_config.py:129: kustomize or kubectl kustomize not available; install to run Kubernetes manifest tests</skipped></testcase><testcase classname="tests.integration.test_kubernetes_config.TestKubernetesConfig" name="test_pvc_referenced_by_workloads_exist[logging-promtail]" time="0.000"><skipped type="pytest.skip" message="kustomize or kubectl kustomize not available; install to run Kubernetes manifest tests">/app/tests/integration/test_kubernetes_config.py:129: kustomize or kubectl kustomize not available; install to run Kubernetes manifest tests</skipped></testcase><testcase classname="tests.integration.test_kubernetes_config.TestKubernetesConfig" name="test_pvc_referenced_by_workloads_exist[minio]" time="0.000"><skipped type="pytest.skip" message="kustomize or kubectl kustomize not available; install to run Kubernetes manifest tests">/app/tests/integration/test_kubernetes_config.py:129: kustomize or kubectl kustomize not available; install to run Kubernetes manifest tests</skipped></testcase><testcase classname="tests.integration.test_kubernetes_config.TestKubernetesConfig" name="test_pvc_referenced_by_workloads_exist[observability-service]" time="0.000"><skipped type="pytest.skip" message="kustomize or kubectl kustomize not available; install to run Kubernetes manifest tests">/app/tests/integration/test_kubernetes_config.py:129: kustomize or kubectl kustomize not available; install to run Kubernetes manifest tests</skipped></testcase><testcase classname="tests.integration.test_kubernetes_config.TestKubernetesConfig" name="test_pvc_referenced_by_workloads_exist[postgres]" time="0.000"><skipped type="pytest.skip" message="kustomize or kubectl kustomize not available; install to run Kubernetes manifest tests">/app/tests/integration/test_kubernetes_config.py:129: kustomize or kubectl kustomize not available; install to run Kubernetes manifest tests</skipped></testcase><testcase classname="tests.integration.test_kubernetes_config.TestKubernetesConfig" name="test_pvc_referenced_by_workloads_exist[prefect-integration]" time="0.000"><skipped type="pytest.skip" message="kustomize or kubectl kustomize not available; install to run Kubernetes manifest tests">/app/tests/integration/test_kubernetes_config.py:129: kustomize or kubectl kustomize not available; install to run Kubernetes manifest tests</skipped></testcase><testcase classname="tests.integration.test_kubernetes_config.TestKubernetesConfig" name="test_pvc_referenced_by_workloads_exist[prefect-server]" time="0.000"><skipped type="pytest.skip" message="kustomize or kubectl kustomize not available; install to run Kubernetes manifest tests">/app/tests/integration/test_kubernetes_config.py:129: kustomize or kubectl kustomize not available; install to run Kubernetes manifest tests</skipped></testcase><testcase classname="tests.integration.test_kubernetes_config.TestKubernetesConfig" name="test_pvc_referenced_by_workloads_exist[prefect-workers]" time="0.000"><skipped type="pytest.skip" message="kustomize or kubectl kustomize not available; install to run Kubernetes manifest tests">/app/tests/integration/test_kubernetes_config.py:129: kustomize or kubectl kustomize not available; install to run Kubernetes manifest tests</skipped></testcase><testcase classname="tests.integration.test_kubernetes_config.TestKubernetesConfig" name="test_pvc_referenced_by_workloads_exist[prometheus]" time="0.000"><skipped type="pytest.skip" message="kustomize or kubectl kustomize not available; install to run Kubernetes manifest tests">/app/tests/integration/test_kubernetes_config.py:129: kustomize or kubectl kustomize not available; install to run Kubernetes manifest tests</skipped></testcase><testcase classname="tests.integration.test_kubernetes_config.TestKubernetesConfig" name="test_pvc_referenced_by_workloads_exist[redis]" time="0.000"><skipped type="pytest.skip" message="kustomize or kubectl kustomize not available; install to run Kubernetes manifest tests">/app/tests/integration/test_kubernetes_config.py:129: kustomize or kubectl kustomize not available; install to run Kubernetes m
[...]
s]" time="0.000"><skipped type="pytest.skip" message="kustomize or kubectl kustomize not available; install to run Kubernetes manifest tests">/app/tests/integration/test_kubernetes_service_discovery.py:108: kustomize or kubectl kustomize not available; install to run Kubernetes manifest tests</skipped></testcase><testcase classname="tests.integration.test_kubernetes_service_discovery.TestKubernetesServiceDiscovery" name="test_statefulset_has_matching_service[redis-cache]" time="0.000"><skipped type="pytest.skip" message="kustomize or kubectl kustomize not available; install to run Kubernetes manifest tests">/app/tests/integration/test_kubernetes_service_discovery.py:108: kustomize or kubectl kustomize not available; install to run Kubernetes manifest tests</skipped></testcase><testcase classname="tests.integration.test_kubernetes_service_discovery.TestKubernetesServiceDiscovery" name="test_statefulset_has_matching_service[redis-channels]" time="0.000"><skipped type="pytest.skip" message="kustomize or kubectl kustomize not available; install to run Kubernetes manifest tests">/app/tests/integration/test_kubernetes_service_discovery.py:108: kustomize or kubectl kustomize not available; install to run Kubernetes manifest tests</skipped></testcase><testcase classname="tests.integration.test_kubernetes_service_discovery.TestKubernetesServiceDiscovery" name="test_statefulset_has_matching_service[redis-events]" time="0.000"><skipped type="pytest.skip" message="kustomize or kubectl kustomize not available; install to run Kubernetes manifest tests">/app/tests/integration/test_kubernetes_service_discovery.py:108: kustomize or kubectl kustomize not available; install to run Kubernetes manifest tests</skipped></testcase><testcase classname="tests.integration.test_kubernetes_service_discovery.TestKubernetesServiceDiscovery" name="test_statefulset_has_matching_service[redis-queue]" time="0.000"><skipped type="pytest.skip" message="kustomize or kubectl kustomize not available; install to run Kubernetes manifest tests">/app/tests/integration/test_kubernetes_service_discovery.py:108: kustomize or kubectl kustomize not available; install to run Kubernetes manifest tests</skipped></testcase><testcase classname="tests.integration.test_kubernetes_service_discovery.TestKubernetesServiceDiscovery" name="test_statefulset_has_matching_service[search-service]" time="0.000"><skipped type="pytest.skip" message="kustomize or kubectl kustomize not available; install to run Kubernetes manifest tests">/app/tests/integration/test_kubernetes_service_discovery.py:108: kustomize or kubectl kustomize not available; install to run Kubernetes manifest tests</skipped></testcase><testcase classname="tests.integration.test_kubernetes_service_discovery.TestKubernetesServiceDiscovery" name="test_statefulset_has_matching_service[semantic-service]" time="0.000"><skipped type="pytest.skip" message="kustomize or kubectl kustomize not available; install to run Kubernetes manifest tests">/app/tests/integration/test_kubernetes_service_discovery.py:108: kustomize or kubectl kustomize not available; install to run Kubernetes manifest tests</skipped></testcase><testcase classname="tests.integration.test_kubernetes_service_discovery.TestKubernetesServiceDiscovery" name="test_statefulset_has_matching_service[webhook-service]" time="0.000"><skipped type="pytest.skip" message="kustomize or kubectl kustomize not available; install to run Kubernetes manifest tests">/app/tests/integration/test_kubernetes_service_discovery.py:108: kustomize or kubectl kustomize not available; install to run Kubernetes manifest tests</skipped></testcase><testcase classname="tests.integration.test_kubernetes_service_discovery.TestKubernetesServiceDiscovery" name="test_statefulset_has_matching_service[worker-service]" time="0.000"><skipped type="pytest.skip" message="kustomize or kubectl kustomize not available; install to run Kubernetes manifest tests">/app/tests/integration/test_kubernetes_service_discovery.py:108: kustomize or kubectl kustomize not available; install to run Kubernetes manifest tests</skipped></testcase><testcase classname="tests.integration.test_kubernetes_service_discovery.TestKubernetesServiceDiscovery" name="test_ingress_backend_services_exist[alertmanager]" time="0.000"><skipped type="pytest.skip" message="kustomize or kubectl kustomize not available; install to run Kubernetes manifest tests">/app/tests/integration/test_kubernetes_service_discovery.py:140: kustomize or kubectl kustomize not available; install to run Kubernetes manifest tests</skipped></testcase><testcase classname="tests.integration.test_kubernetes_service_discovery.TestKubernetesServiceDiscovery" name="test_ingress_backend_services_exist[api-gateway-traefik]" time="0.000"><skipped type="pytest.skip" message="kustomize or kubectl kustomize not available; install to run Kubernetes manifest tests">/app/tests/integration/test_kubernetes_service_discovery.py:140: kustomize or kubectl kustomize not available; install to run Kubernetes manifest tests</skipped></testcase><testcase classname="tests.integration.test_kubernetes_service_discovery.TestKubernetesServiceDiscovery" name="test_ingress_backend_services_exist[api-service]" time="0.000"><skipped type="pytest.skip" message="kustomize or kubectl kustomize not available; install to run Kubernetes manifest tests">/app/tests/integration/test_kubernetes_service_discovery.py:140: kustomize or kubectl kustomize not available; install to run Kubernetes manifest tests</skipped></testcase><testcase classname="tests.integration.test_kubernetes_service_discovery.TestKubernetesServiceDiscovery" name="test_ingress_backend_services_exist[compliance-service]" time="0.000"><skipped type="pytest.skip" message="kustomize or kubectl kustomize not available; install to run Kubernetes manifest tests">/app/tests/integration/test_kubernetes_service_discovery.py:140: kustomize or kubectl kustomize not available; install to run Kubernetes manifest tests</skipped></testcase><testcase classname="tests.integration.test_kubernetes_service_discovery.TestKubernetesServiceDiscovery" name="test_ingress_backend_services_exist[datacontract-service]" time="0.000"><skipped type="pytest.skip" message="kustomize or kubectl kustomize not available; install to run Kubernetes manifest tests">/app/tests/integration/test_kubernetes_service_discovery.py:140: kustomize or kubectl kustomize not available; install to run Kubernetes manifest tests</skipped></testcase><testcase classname="tests.integration.test_kubernetes_service_discovery.TestKubernetesServiceDiscovery" name="test_ingress_backend_services_exist[dq-service]" time="0.000"><skipped type="pytest.skip" message="kustomize or kubectl kustomize not available; install to run Kubernetes manifest tests">/app/tests/integration/test_kubernetes_service_discovery.py:140: kustomize or kubectl kustomize not available; install to run Kubernetes manifest tests</skipped></testcase><testcase classname="tests.integration.test_kubernetes_service_discovery.TestKubernetesServiceDiscovery" name="test_ingress_backend_services_exist[fuseki]" time="0.000"><skipped type="pytest.skip" message="kustomize or kubectl kustomize not available; install to run Kubernetes manifest tests">/app/tests/integration/test_kubernetes_service_discovery.py:140: kustomize or kubectl kustomize not available; install to run Kubernetes manifest tests</skipped></testcase><testcase classname="tests.integration.test_kubernetes_service_discovery.TestKubernetesServiceDiscovery" name="test_ingress_backend_services_exist[grafana]" time="0.000"><skipped type="pytest.skip" message="kustomize or kubectl kustomize not available; install to run Kubernetes manifest tests">/app/tests/integration/test_kubernetes_service_discovery.py:140: kustomize or kubectl kustomize not available; install to run Kubernetes manifest tests</skipped></testcase><testcase classname="tests.integration.test_kubernetes_service_discovery.TestKubernetesServiceDiscovery" name="test_ingress_backend_services_exist[jaeger]" time="0.000"><skipped type="pytest.skip" message="kustomize or kubectl kustomize not available; install to run Kubernetes manifest tests">/app/tests/integration/test_kubernetes_service_discovery.py:140: kustomize or kubectl kustomize not available; install to run Kubernetes manifest tests</skipped></testcase><testcase classname="tests.integration.test_kubernetes_service_discovery.TestKubernetesServiceDiscovery" name="test_ingress_backend_services_exist[logging-loki]" time="0.000"><skipped type="pytest.skip" message="kustomize or kubectl kustomize not available; install to run Kubernetes manifest tests">/app/tests/integration/test_kubernetes_service_discovery.py:140: kustomize or kubectl kustomize not available; install to run Kubernetes manifest tests</skipped></testcase><testcase classname="tests.integration.test_kubernetes_service_discovery.TestKubernetesServiceDiscovery" name="test_ingress_backend_services_exist[logging-promtail]" time="0.000"><skipped type="pytest.skip" message="kustomize or kubectl kustomize not available; install to run Kubernetes manifest tests">/app/tests/integration/test_kubernetes_service_discovery.py:140: kustomize or kubectl kustomize not available; install to run Kubernetes manifest tests</skipped></testcase><testcase classname="tests.integration.test_kubernetes_service_discovery.TestKubernetesServiceDiscovery" name="test_ingress_backend_services_exist[minio]" time="0.000"><skipped type="pytest.skip" message="kustomize or kubectl kustomize not available; install to run Kubernetes manifest tests">/app/tests/integration/test_kubernetes_service_discovery.py:140: kustomize or kubectl kustomize not available; install to run Kubernetes manifest tests</skipped></testcase><testcase classname="tests.integration.test_kubernetes_service_discovery.TestKubernetesServiceDiscovery" name="test_ingress_backend_services_exist[observability-service]" time="0.000"><skipped type="pytest.skip" message="kustomize or kubectl kustomize not available; install to run Kubernetes manifest tests">/app/tests/integration/test_kubernetes_service_discovery.py:140: kustomize or kubectl kustomize not available; install to run Kubernetes manifest tests</skipped></testcase><testcase classname="tests.integration.test_kubernetes_service_discovery.TestKubernetesServiceDiscovery" name="test_ingress_backend_services_exist[postgres]" time="0.000"><skipped type="pytest.skip" message="kustomize or kubectl kustomize not available; install to run Kubernetes manifest tests">/app/tests/integration/test_kubernetes_service_discovery.py:140: kustomize or kubectl kustomize not available; install to run Kubernetes manifest tests</skipped></testcase><testcase classname="tests.integration.test_kubernetes_service_discovery.TestKubernetesServiceDiscovery" name="test_ingress_backend_services_exist[prefect-integration]" time="0.000"><skipped type="pytest.skip" message="kustomize or kubectl kustomize not available; install to run Kubernetes manifest tests">/app/tests/integration/test_kubernetes_service_discovery.py:140: kustomize or kubectl kustomize not available; install to run Kubernetes manifest tests</skipped></testcase><testcase classname="tests.integration.test_kubernetes_service_discovery.TestKubernetesServiceDiscovery" name="test_ingress_backend_services_exist[prefect-server]" time="0.000"><skipped type="pytest.skip" message="kustomize or kubectl kustomize not available; install to run Kubernetes manifest tests">/app/tests/integration/test_kubernetes_service_discovery.py:140: kustomize or kubectl kustomize not available; install to run Kubernetes manifest tests</skipped></testcase><testcase classname="tests.integration.test_kubernetes_service_discovery.TestKubernetesServiceDiscovery" name="test_ingress_backend_services_exist[prefect-workers]" time="0.000"><skipped type="pytest.skip" message="kustomize or kubectl kustomize not available; install to run Kubernetes manifest tests">/app/tests/integration/test_kubernetes_service_discovery.py:140: kustomize or kubectl kustomize not available; install to run Kubernetes manifest tests</skipped></testcase><testcase classname="tests.integration.test_kubernetes_service_discovery.TestKubernetesServiceDiscovery" name="test_ingress_backend_services_exist[prometheus]" time="0.000"><skipped type="pytest.skip" message="kustomize or kubectl kustomize not available; install to run Kubernetes manifest tests">/app/tests/integration/test_kubernetes_service_discovery.py:140: kustomize or kubectl kustomize not available; install to run Kubernetes manifest tests</skipped></testcase><testcase classname="tests.integration.test_kubernetes_service_discovery.TestKubernetesServiceDiscovery" name="test_ingress_backend_services_exist[redis]" time="0.000"><skipped type="pytest.skip" message="kustomize or kubectl kustomize not available; install to run Kubernetes manifest tests">/app/tests/integration/test_kubernetes_service_discovery.py:140: kustomize or kubectl kustomize not available; install to run Kubernetes manifest tests</skipped></testcase><testcase classname="tests.integration.test_kubernetes_service_discovery.TestKubernetesServiceDiscovery" name="test_ingress_backend_services_exist[redis-cache]" time="0.000"><skipped type="pytest.skip" message="kustomize or kubectl kustomize not available; install to run Kubernetes manifest tests">/app/tests/integration/test_kubernetes_service_discovery.py:140: kustomize or kubectl kustomize not available; install to run Kubernetes manifest tests</skipped></testcase><testcase classname="tests.integration.test_kubernetes_service_discovery.TestKubernetesServiceDiscovery" name="test_ingress_backend_services_exist[redis-channels]" time="0.000"><skipped type="pytest.skip" message="kustomize or kubectl kustomize not available; install to run Kubernetes manifest tests">/app/tests/integration/test_kubernetes_service_discovery.py:140: kustomize or kubectl kustomize not available; install to run Kubernetes manifest tests</skipped></testcase><testcase classname="tests.integration.test_kubernetes_service_discovery.TestKubernetesServiceDiscovery" name="test_ingress_backend_services_exist[redis-events]" time="0.000"><skipped type="pytest.skip" message="kustomize or kubectl kustomize not available; install to run Kubernetes manifest tests">/app/tests/integration/test_kubernetes_service_discovery.py:140: kustomize or kubectl kustomize not available; install to run Kubernetes manifest tests</skipped></testcase><testcase classname="tests.integration.test_kubernetes_service_discovery.TestKubernetesServiceDiscovery" name="test_ingress_backend_services_exist[redis-queue]" time="0.000"><skipped type="pytest.skip" message="kustomize or kubectl kustomize not available; install to run Kubernetes manifest tests">/app/tests/integration/test_kubernetes_service_discovery.py:140: kustomize or kubectl kustomize not available; install to run Kubernetes manifest tests</skipped></testcase><testcase classname="tests.integration.test_kubernetes_service_discovery.TestKubernetesServiceDiscovery" name="test_ingress_backend_services_exist[search-service]" time="0.000"><skipped type="pytest.skip" message="kustomize or kubectl kustomize not available; install to run Kubernetes manifest tests">/app/tests/integration/test_kubernetes_service_discovery.py:140: kustomize or kubectl kustomize not available; install to run Kubernetes manifest tests</skipped></testcase><testcase classname="tests.integration.test_kubernetes_service_discovery.TestKubernetesServiceDiscovery" name="test_ingress_backend_services_exist[semantic-service]" time="0.000"><skipped type="pytest.skip" message="kustomize or kubectl kustomize not available; install to run Kubernetes manifest tests">/app/tests/integration/test_kubernetes_service_discovery.py:140: kustomize or kubectl kustomize not available; install to run Kubernetes manifest tests</skipped></testcase><testcase classname="tests.integration.test_kubernetes_service_discovery.TestKubernetesServiceDiscovery" name="test_ingress_backend_services_exist[webhook-service]" time="0.000"><skipped type="pytest.skip" message="kustomize or kubectl kustomize not available; install to run Kubernetes manifest tests">/app/tests/integration/test_kubernetes_service_discovery.py:140: kustomize or kubectl kustomize not available; install to run Kubernetes manifest tests</skipped></testcase><testcase classname="tests.integration.test_kubernetes_service_discovery.TestKubernetesServiceDiscovery" name="test_ingress_backend_services_exist[worker-service]" time="0.000"><skipped type="pytest.skip" message="kustomize or kubectl kustomize not available; install to run Kubernetes manifest tests">/app/tests/integration/test_kubernetes_service_discovery.py:140: kustomize or kubectl kustomize not available; install to run Kubernetes manifest tests</skipped></testcase><testcase classname="tests.integration.test_traefik_routing.TestTraefikRouting" name="test_traefik_get_root_returns_frontend" time="0.000"><skipped type="pytest.skip" message="Docker CLI not available (run these tests on host with Docker)">/app/tests/integration/test_traefik_routing.py:120: Docker CLI not available (run these tests on host with Docker)</skipped></testcase><testcase classname="tests.integration.test_traefik_routing.TestTraefikRouting" name="test_traefik_get_api_v1_health_returns_api_gateway" time="0.000"><skipped type="pytest.skip" message="Docker CLI not available (run these tests on host with Docker)">/app/tests/integration/test_traefik_routing.py:137: Docker CLI not available (run these tests on host with Docker)</skipped></testcase><testcase classname="tests.integration.test_gateway_configurations.TestTraefikConfiguration" name="test_traefik_routes_file_exists" time="0.001" /><testcase classname="tests.integration.test_gateway_configurations.TestTraefikConfiguration" name="test_compliance_service_route_configured" time="0.001" /><testcase classname="tests.integration.test_gateway_configurations.TestTraefikConfiguration" name="test_dq_service_route_configured" time="0.001" /><testcase classname="tests.integration.test_gateway_configurations.TestTraefikConfiguration" name="test_service_definitions_exist" time="0.001" /><testcase classname="tests.integration.test_gateway_configurations.TestTraefikConfiguration" name="test_k8s_configmap_configured" time="0.001" /><testcase classname="tests.integration.test_gateway_configurations.TestKubernetesIngressRules" name="test_ingress_files_exist" time="0.003" /><testcase classname="tests.integration.test_gateway_configurations.TestKubernetesIngressRules" name="test_compliance_service_ingress" time="0.004" /><testcase classname="tests.integration.test_gateway_configurations.TestKubernetesIngressRules" name="test_dq_service_ingress" time="0.004" /><testcase classname="tests.integration.test_gateway_configurations.TestKubernetesIngressRules" name="test_all_ingress_files_valid_yaml" time="0.013" /><testcase classname="tests.integration.test_gateway_configurations.TestGatewayRouting" name="test_compliance_endpoint_routing" time="0.013" /><testcase classname="tests.integration.test_gateway_configurations.TestGatewayRouting" name="test_dq_endpoint_routing" time="0.011" /><testcase classname="tests.integration.test_gateway_configurations.TestGatewayRouting" name="test_old_patterns_not_routable" time="0.045" /><testcase classname="tests.integration.test_gateway_configurations.TestGatewayVerificationScript" name="test_verification_script_exists" time="0.001" /><testcase classname="tests.integration.test_gateway_configurations.TestGatewayVerificationScript" name="test_verification_script_runs" time="0.046" /><testcase classname="tests.integration.test_gateway_configurations.TestGatewayVerificationScript" name="test_routing_script_exists" time="0.001" /><testcase classname="tests.integration.test_gateway_configurations.TestGatewayVerificationScript" name="test_routing_script_runs" time="0.112" /></testsuite></testsuites>